TN:
SF:src/App.tsx
FN:21,App
FN:22,(anonymous_21)
FN:36,(anonymous_24)
FN:40,(anonymous_25)
FN:45,(anonymous_28)
FN:49,(anonymous_29)
FN:53,(anonymous_30)
FN:57,cleanup
FN:66,(anonymous_32)
FNF:9
FNH:0
FNDA:0,App
FNDA:0,(anonymous_21)
FNDA:0,(anonymous_24)
FNDA:0,(anonymous_25)
FNDA:0,(anonymous_28)
FNDA:0,(anonymous_29)
FNDA:0,(anonymous_30)
FNDA:0,cleanup
FNDA:0,(anonymous_32)
DA:1,0
DA:3,0
DA:4,0
DA:5,0
DA:6,0
DA:7,0
DA:8,0
DA:9,0
DA:10,0
DA:11,0
DA:12,0
DA:13,0
DA:15,0
DA:17,0
DA:21,0
DA:22,0
DA:23,0
DA:24,0
DA:26,0
DA:31,0
DA:32,0
DA:36,0
DA:37,0
DA:40,0
DA:41,0
DA:42,0
DA:45,0
DA:46,0
DA:49,0
DA:51,0
DA:53,0
DA:54,0
DA:57,0
DA:58,0
DA:62,0
DA:66,0
DA:72,0
LF:37
LH:0
BRDA:26,0,0,0
BRDA:23,1,0,0
BRDA:26,2,0,0
BRDA:26,2,1,0
BRDA:26,3,0,0
BRDA:26,3,1,0
BRDA:26,4,0,0
BRDA:26,4,1,0
BRDA:31,5,0,0
BRDA:31,6,0,0
BRDA:31,6,1,0
BRDA:31,7,0,0
BRDA:31,7,1,0
BRDA:32,8,0,0
BRDA:32,8,1,0
BRDA:32,9,0,0
BRDA:32,9,1,0
BRDA:41,10,0,0
BRF:18
BRH:0
end_of_record
TN:
SF:src/index.tsx
FNF:0
FNH:0
DA:1,0
DA:2,0
DA:3,0
DA:4,0
DA:5,0
DA:6,0
DA:8,0
DA:13,0
LF:8
LH:0
BRF:0
BRH:0
end_of_record
TN:
SF:src/localization.tsx
FNF:0
FNH:0
DA:1,0
DA:18,0
DA:20,0
LF:3
LH:0
BRF:0
BRH:0
end_of_record
TN:
SF:src/providers.ts
FNF:0
FNH:0
DA:1,0
DA:2,0
DA:3,0
DA:5,0
LF:4
LH:0
BRF:0
BRH:0
end_of_record
TN:
SF:src/react-app-env.d.ts
FNF:0
FNH:0
LF:0
LH:0
BRF:0
BRH:0
end_of_record
TN:
SF:src/serviceWorker.ts
FN:26,registerValidSW
FN:29,(anonymous_1)
FN:30,(anonymous_2)
FN:35,(anonymous_3)
FN:65,(anonymous_4)
FN:70,checkValidServiceWorker
FN:75,(anonymous_6)
FN:83,(anonymous_7)
FN:84,(anonymous_8)
FN:93,(anonymous_9)
FN:98,register
FN:109,(anonymous_11)
FN:118,(anonymous_12)
FN:132,unregister
FN:135,(anonymous_14)
FN:138,(anonymous_15)
FNF:16
FNH:0
FNDA:0,registerValidSW
FNDA:0,(anonymous_1)
FNDA:0,(anonymous_2)
FNDA:0,(anonymous_3)
FNDA:0,(anonymous_4)
FNDA:0,checkValidServiceWorker
FNDA:0,(anonymous_6)
FNDA:0,(anonymous_7)
FNDA:0,(anonymous_8)
FNDA:0,(anonymous_9)
FNDA:0,register
FNDA:0,(anonymous_11)
FNDA:0,(anonymous_12)
FNDA:0,unregister
FNDA:0,(anonymous_14)
FNDA:0,(anonymous_15)
DA:13,0
DA:27,0
DA:30,0
DA:31,0
DA:32,0
DA:33,0
DA:35,0
DA:36,0
DA:37,0
DA:41,0
DA:47,0
DA:48,0
DA:54,0
DA:57,0
DA:58,0
DA:66,0
DA:72,0
DA:77,0
DA:78,0
DA:83,0
DA:84,0
DA:85,0
DA:90,0
DA:94,0
DA:98,0
DA:99,0
DA:101,0
DA:102,0
DA:106,0
DA:109,0
DA:110,0
DA:112,0
DA:114,0
DA:118,0
DA:119,0
DA:126,0
DA:132,0
DA:133,0
DA:134,0
DA:136,0
DA:139,0
LF:41
LH:0
BRDA:14,0,0,0
BRDA:14,0,1,0
BRDA:14,0,2,0
BRDA:32,1,0,0
BRDA:36,2,0,0
BRDA:37,3,0,0
BRDA:37,3,1,0
BRDA:47,4,0,0
BRDA:47,5,0,0
BRDA:47,5,1,0
BRDA:57,6,0,0
BRDA:57,7,0,0
BRDA:57,7,1,0
BRDA:78,8,0,0
BRDA:78,8,1,0
BRDA:79,9,0,0
BRDA:79,9,1,0
BRDA:79,9,2,0
BRDA:99,10,0,0
BRDA:99,11,0,0
BRDA:99,11,1,0
BRDA:102,12,0,0
BRDA:112,13,0,0
BRDA:112,13,1,0
BRDA:133,14,0,0
BRF:25
BRH:0
end_of_record
TN:
SF:src/__test__/__mockData__/blogViews.ts
FNF:0
FNH:0
DA:3,1
LF:1
LH:1
BRF:0
BRH:0
end_of_record
TN:
SF:src/__test__/__mockData__/localStorage.ts
FN:1,(anonymous_0)
FN:5,(anonymous_1)
FN:9,(anonymous_2)
FN:13,(anonymous_3)
FN:17,(anonymous_4)
FN:21,(anonymous_5)
FNF:6
FNH:5
FNDA:3,(anonymous_0)
FNDA:7,(anonymous_1)
FNDA:6,(anonymous_2)
FNDA:14,(anonymous_3)
FNDA:1,(anonymous_4)
FNDA:0,(anonymous_5)
DA:1,3
DA:2,3
DA:4,3
DA:6,7
DA:10,6
DA:14,14
DA:18,1
DA:22,0
DA:27,3
LF:9
LH:8
BRF:0
BRH:0
end_of_record
TN:
SF:src/__test__/__mockData__/persons.ts
FNF:0
FNH:0
DA:3,16
DA:52,16
LF:2
LH:2
BRF:0
BRH:0
end_of_record
TN:
SF:src/__test__/__mockData__/setupStore.ts
FN:7,(anonymous_0)
FNF:1
FNH:1
FNDA:16,(anonymous_0)
DA:1,16
DA:2,16
DA:3,16
DA:4,16
DA:5,16
DA:7,16
DA:8,16
DA:9,16
DA:10,16
DA:11,16
LF:10
LH:10
BRF:0
BRH:0
end_of_record
TN:
SF:src/__test__/__mockData__/user.ts
FNF:0
FNH:0
DA:1,17
DA:4,17
LF:2
LH:2
BRF:0
BRH:0
end_of_record
TN:
SF:src/__test__/__mockData__/userTickets.ts
FNF:0
FNH:0
DA:3,16
LF:1
LH:1
BRF:0
BRH:0
end_of_record
TN:
SF:src/__test__/__mockFn__/useHistory.ts
FN:1,(anonymous_2)
FN:3,(anonymous_3)
FN:5,(anonymous_4)
FNF:3
FNH:1
FNDA:16,(anonymous_2)
FNDA:0,(anonymous_3)
FNDA:0,(anonymous_4)
DA:1,16
DA:2,16
DA:3,16
DA:5,0
LF:4
LH:3
BRF:0
BRH:0
end_of_record
TN:
SF:src/api/index.ts
FN:3,addMethod
FN:10,(anonymous_14)
FN:56,(anonymous_17)
FN:57,API
FNF:4
FNH:4
FNDA:68,addMethod
FNDA:18,(anonymous_14)
FNDA:17,(anonymous_17)
FNDA:17,API
DA:1,17
DA:4,68
DA:6,68
DA:10,68
DA:12,18
DA:13,18
DA:14,18
DA:15,0
DA:16,0
DA:17,0
DA:19,0
DA:24,0
DA:28,18
DA:29,0
DA:30,0
DA:31,0
DA:32,0
DA:33,0
DA:34,0
DA:36,18
DA:37,18
DA:38,18
DA:39,18
DA:40,0
DA:41,0
DA:43,0
DA:44,0
DA:46,0
DA:48,0
DA:50,0
DA:53,68
DA:56,17
DA:58,17
DA:59,17
DA:60,17
DA:61,17
DA:67,17
DA:69,17
LF:38
LH:20
BRDA:6,0,0,68
BRDA:6,0,1,0
BRDA:6,1,0,68
BRDA:6,1,1,0
BRDA:46,2,0,0
BRDA:46,2,1,0
BRDA:14,3,0,0
BRDA:14,4,0,18
BRDA:14,4,1,18
BRDA:15,5,0,0
BRDA:15,5,1,0
BRDA:19,6,0,0
BRDA:20,7,0,0
BRDA:20,7,1,0
BRDA:20,7,2,0
BRDA:28,8,0,0
BRDA:30,9,0,0
BRDA:30,9,1,0
BRDA:31,10,0,0
BRDA:31,10,1,0
BRDA:37,11,0,0
BRDA:37,11,1,18
BRDA:38,12,0,0
BRDA:40,13,0,0
BRDA:44,14,0,0
BRF:25
BRH:5
end_of_record
TN:
SF:src/bounties/BountyDescription.tsx
FN:71,(anonymous_10)
FN:72,(anonymous_11)
FN:73,(anonymous_12)
FN:86,(anonymous_13)
FN:87,(anonymous_14)
FN:88,(anonymous_15)
FN:109,(anonymous_16)
FN:117,(anonymous_17)
FN:123,(anonymous_18)
FN:135,(anonymous_19)
FN:138,(anonymous_20)
FN:140,(anonymous_21)
FN:168,(anonymous_22)
FN:223,(anonymous_23)
FN:244,(anonymous_24)
FNF:15
FNH:6
FNDA:2,(anonymous_10)
FNDA:2,(anonymous_11)
FNDA:2,(anonymous_12)
FNDA:0,(anonymous_13)
FNDA:0,(anonymous_14)
FNDA:0,(anonymous_15)
FNDA:0,(anonymous_16)
FNDA:2,(anonymous_17)
FNDA:1,(anonymous_18)
FNDA:1,(anonymous_19)
FNDA:0,(anonymous_20)
FNDA:0,(anonymous_21)
FNDA:0,(anonymous_22)
FNDA:0,(anonymous_23)
FNDA:0,(anonymous_24)
DA:1,1
DA:2,1
DA:3,1
DA:4,1
DA:5,1
DA:6,1
DA:7,1
DA:8,1
DA:9,1
DA:24,1
DA:34,1
DA:46,1
DA:71,2
DA:72,2
DA:73,2
DA:77,1
DA:84,1
DA:86,0
DA:87,0
DA:88,0
DA:106,1
DA:109,0
DA:117,1
DA:118,2
DA:119,2
DA:120,2
DA:121,2
DA:123,2
DA:124,1
DA:125,1
DA:126,1
DA:131,1
DA:135,2
DA:137,1
DA:138,0
DA:139,0
DA:140,0
DA:144,1
DA:147,2
DA:169,0
DA:223,0
DA:244,0
DA:261,1
LF:43
LH:33
BRDA:24,0,0,1
BRDA:24,0,1,1
BRDA:34,1,0,1
BRDA:34,1,1,1
BRDA:46,2,0,1
BRDA:46,2,1,1
BRDA:71,3,0,2
BRDA:71,3,1,2
BRDA:71,4,0,0
BRDA:71,4,1,2
BRDA:71,5,0,2
BRDA:71,5,1,2
BRDA:72,6,0,0
BRDA:72,6,1,2
BRDA:73,7,0,2
BRDA:73,7,1,0
BRDA:77,8,0,1
BRDA:77,8,1,1
BRDA:84,9,0,1
BRDA:84,9,1,1
BRDA:86,10,0,0
BRDA:86,10,1,0
BRDA:86,11,0,0
BRDA:86,11,1,0
BRDA:86,12,0,0
BRDA:86,12,1,0
BRDA:87,13,0,0
BRDA:87,13,1,0
BRDA:87,14,0,0
BRDA:87,14,1,0
BRDA:87,15,0,0
BRDA:87,15,1,0
BRDA:88,16,0,0
BRDA:88,16,1,0
BRDA:88,17,0,0
BRDA:88,17,1,0
BRDA:88,18,0,0
BRDA:88,18,1,0
BRDA:106,19,0,1
BRDA:106,19,1,1
BRDA:124,20,0,1
BRDA:125,21,0,0
BRDA:125,21,1,1
BRDA:125,22,0,1
BRDA:125,22,1,1
BRDA:127,23,0,0
BRDA:127,23,1,1
BRDA:127,24,0,1
BRDA:127,24,1,1
BRDA:131,25,0,1
BRDA:131,25,1,0
BRDA:131,25,2,0
BRDA:137,26,0,0
BRDA:138,27,0,0
BRDA:138,27,1,0
BRDA:138,28,0,0
BRDA:138,28,1,0
BRDA:139,29,0,0
BRDA:139,29,1,0
BRDA:140,30,0,0
BRDA:140,30,1,0
BRDA:140,31,0,0
BRDA:140,31,1,0
BRDA:160,32,0,0
BRDA:160,32,1,2
BRDA:160,33,0,2
BRDA:160,33,1,2
BRDA:166,34,0,2
BRDA:166,34,1,0
BRDA:166,34,2,0
BRDA:177,35,0,0
BRDA:177,35,1,0
BRDA:192,36,0,0
BRDA:192,36,1,2
BRDA:192,37,0,2
BRDA:192,37,1,2
BRDA:196,38,0,0
BRDA:196,38,1,2
BRDA:202,39,0,0
BRDA:202,39,1,2
BRDA:205,40,0,0
BRDA:205,40,1,2
BRDA:205,41,0,2
BRDA:205,41,1,2
BRDA:205,42,0,0
BRDA:205,42,1,2
BRDA:206,43,0,0
BRDA:206,43,1,2
BRDA:206,44,0,0
BRDA:206,44,1,2
BRDA:206,45,0,2
BRDA:206,45,1,2
BRDA:209,46,0,2
BRDA:209,46,1,0
BRDA:222,47,0,2
BRDA:222,47,1,0
BRDA:242,48,0,2
BRDA:242,48,1,1
BRDA:242,48,2,0
BRDA:243,49,0,0
BRDA:243,49,1,1
BRDA:243,50,0,1
BRDA:243,50,1,1
BRDA:244,51,0,0
BRDA:244,51,1,0
BRDA:244,52,0,0
BRDA:244,52,1,0
BRDA:247,53,0,0
BRDA:247,53,1,0
BRDA:247,54,0,0
BRDA:247,54,1,0
BRDA:247,55,0,0
BRDA:247,55,1,0
BRDA:248,56,0,0
BRDA:248,56,1,0
BRDA:248,57,0,0
BRDA:248,57,1,0
BRDA:248,58,0,0
BRDA:248,58,1,0
BRDA:249,59,0,0
BRDA:249,59,1,0
BRDA:249,60,0,0
BRDA:249,60,1,0
BRDA:249,61,0,0
BRDA:249,61,1,0
BRDA:252,62,0,0
BRDA:252,62,1,0
BRDA:252,63,0,0
BRDA:252,63,1,0
BRF:129
BRH:51
end_of_record
TN:
SF:src/bounties/BountyModalButtonSet.tsx
FN:15,(anonymous_5)
FN:49,(anonymous_6)
FN:83,(anonymous_7)
FNF:3
FNH:0
FNDA:0,(anonymous_5)
FNDA:0,(anonymous_6)
FNDA:0,(anonymous_7)
DA:1,0
DA:2,0
DA:3,0
DA:4,0
DA:5,0
DA:7,0
DA:15,0
DA:16,0
DA:17,0
DA:50,0
DA:84,0
DA:145,0
LF:12
LH:0
BRDA:7,0,0,0
BRDA:7,0,1,0
BRDA:23,1,0,0
BRDA:23,1,1,0
BRDA:24,2,0,0
BRDA:24,2,1,0
BRDA:24,3,0,0
BRDA:24,3,1,0
BRDA:46,4,0,0
BRDA:46,4,1,0
BRDA:46,5,0,0
BRDA:46,5,1,0
BRDA:46,6,0,0
BRDA:46,6,1,0
BRDA:80,7,0,0
BRDA:80,7,1,0
BRDA:84,8,0,0
BRDA:84,8,1,0
BRDA:84,9,0,0
BRDA:84,9,1,0
BRDA:103,10,0,0
BRDA:103,10,1,0
BRF:22
BRH:0
end_of_record
TN:
SF:src/bounties/BountyPrice.tsx
FN:53,(anonymous_10)
FN:86,(anonymous_11)
FN:90,(anonymous_12)
FN:93,(anonymous_13)
FNF:4
FNH:2
FNDA:0,(anonymous_10)
FNDA:1,(anonymous_11)
FNDA:1,(anonymous_12)
FNDA:0,(anonymous_13)
DA:1,1
DA:2,1
DA:3,1
DA:4,1
DA:5,1
DA:6,1
DA:15,1
DA:37,1
DA:48,1
DA:53,0
DA:67,1
DA:86,1
DA:87,1
DA:88,1
DA:90,1
DA:92,1
DA:93,0
DA:95,1
DA:98,1
DA:179,1
LF:20
LH:18
BRDA:15,0,0,1
BRDA:15,0,1,1
BRDA:37,1,0,1
BRDA:37,1,1,1
BRDA:48,2,0,1
BRDA:48,2,1,1
BRDA:53,3,0,0
BRDA:53,3,1,0
BRDA:92,4,0,0
BRDA:93,5,0,0
BRDA:93,5,1,0
BRDA:93,6,0,0
BRDA:93,6,1,0
BRDA:93,7,0,0
BRDA:93,7,1,0
BRDA:93,8,0,0
BRDA:93,8,1,0
BRDA:114,9,0,0
BRDA:114,9,1,1
BRDA:120,10,0,0
BRDA:120,10,1,0
BRDA:120,11,0,0
BRDA:120,11,1,0
BRDA:132,12,0,0
BRDA:132,12,1,1
BRDA:132,13,0,1
BRDA:132,13,1,1
BRDA:142,14,0,0
BRDA:142,14,1,1
BRDA:144,15,0,0
BRDA:144,15,1,0
BRDA:144,16,0,0
BRDA:144,16,1,0
BRDA:148,17,0,0
BRDA:148,17,1,1
BRDA:148,18,0,1
BRDA:148,18,1,1
BRDA:151,19,0,1
BRDA:151,19,1,0
BRDA:163,20,0,0
BRDA:163,20,1,0
BRF:41
BRH:15
end_of_record
TN:
SF:src/bounties/BountyProfileView.tsx
FN:81,(anonymous_4)
FN:100,(anonymous_5)
FN:110,(anonymous_6)
FN:121,(anonymous_7)
FN:162,(anonymous_8)
FN:184,(anonymous_9)
FNF:6
FNH:4
FNDA:1,(anonymous_4)
FNDA:1,(anonymous_5)
FNDA:1,(anonymous_6)
FNDA:1,(anonymous_7)
FNDA:0,(anonymous_8)
FNDA:0,(anonymous_9)
DA:1,1
DA:2,1
DA:3,1
DA:4,1
DA:5,1
DA:6,1
DA:7,1
DA:8,1
DA:17,1
DA:24,1
DA:34,1
DA:41,1
DA:61,1
DA:81,1
DA:85,1
DA:100,1
DA:110,1
DA:121,1
DA:122,1
DA:123,1
DA:124,1
DA:163,0
DA:164,0
DA:165,0
DA:185,0
DA:186,0
DA:187,0
DA:210,1
LF:28
LH:22
BRDA:17,0,0,1
BRDA:17,0,1,1
BRDA:24,1,0,1
BRDA:24,1,1,1
BRDA:34,2,0,1
BRDA:34,2,1,1
BRDA:41,3,0,1
BRDA:41,3,1,1
BRDA:61,4,0,1
BRDA:61,4,1,1
BRDA:85,5,0,1
BRDA:85,5,1,1
BRDA:128,6,0,0
BRDA:128,6,1,1
BRDA:128,7,0,1
BRDA:128,7,1,1
BRDA:140,8,0,1
BRDA:140,8,1,1
BRDA:151,9,0,0
BRDA:151,9,1,1
BRDA:151,10,0,1
BRDA:151,10,1,1
BRDA:154,11,0,0
BRDA:154,11,1,1
BRDA:154,12,0,1
BRDA:154,12,1,1
BRDA:159,13,0,0
BRDA:159,13,1,1
BRDA:163,14,0,0
BRDA:163,15,0,0
BRDA:163,15,1,0
BRDA:177,16,0,1
BRDA:177,16,1,0
BRDA:180,17,0,1
BRDA:180,17,1,1
BRDA:185,18,0,0
BRF:36
BRH:27
end_of_record
TN:
SF:src/bounties/__mock__/mockBounties.data.ts
FNF:0
FNH:0
DA:1,1
DA:161,1
DA:163,1
DA:182,1
DA:201,1
DA:319,1
LF:6
LH:6
BRF:0
BRH:0
end_of_record
TN:
SF:src/components/animated/FadeLeft.tsx
FN:5,(anonymous_23)
FN:5,(anonymous_24)
FN:15,FadeLeft
FN:33,open
FN:38,(anonymous_27)
FN:44,(anonymous_28)
FN:54,(anonymous_29)
FN:61,(anonymous_30)
FN:62,(anonymous_31)
FN:92,(anonymous_34)
FNF:10
FNH:8
FNDA:1,(anonymous_23)
FNDA:1,(anonymous_24)
FNDA:1,FadeLeft
FNDA:0,open
FNDA:1,(anonymous_27)
FNDA:1,(anonymous_28)
FNDA:1,(anonymous_29)
FNDA:1,(anonymous_30)
FNDA:2,(anonymous_31)
FNDA:0,(anonymous_34)
DA:2,3
DA:3,3
DA:5,3
DA:7,3
DA:10,3
DA:15,4
DA:28,11
DA:29,1
DA:30,1
DA:31,1
DA:34,0
DA:35,0
DA:38,1
DA:39,1
DA:40,1
DA:43,1
DA:45,1
DA:46,0
DA:48,1
DA:54,1
DA:55,1
DA:56,0
DA:57,0
DA:61,1
DA:62,1
DA:63,1
DA:64,1
DA:65,1
DA:67,1
DA:68,0
DA:70,0
DA:72,0
DA:74,0
DA:76,0
DA:81,1
DA:82,1
DA:85,0
DA:87,0
DA:88,0
DA:93,0
DA:94,0
DA:96,0
DA:97,0
DA:98,0
DA:108,0
LF:45
LH:26
BRDA:7,0,0,3
BRDA:7,0,1,3
BRDA:10,1,0,3
BRDA:10,1,1,3
BRDA:29,2,0,1
BRDA:29,2,1,0
BRDA:39,3,0,1
BRDA:39,3,1,0
BRDA:45,4,0,0
BRDA:45,4,1,1
BRDA:55,5,0,0
BRDA:63,6,0,0
BRDA:64,7,0,0
BRDA:64,7,1,1
BRDA:64,8,0,1
BRDA:64,8,1,1
BRDA:70,9,0,0
BRDA:81,10,0,1
BRDA:81,11,0,1
BRDA:81,11,1,1
BRDA:85,12,0,0
BRDA:85,12,1,0
BRDA:87,13,0,0
BRDA:89,14,0,0
BRDA:89,14,1,0
BRDA:96,15,0,0
BRDA:96,16,0,0
BRDA:96,16,1,0
BRDA:97,17,0,0
BRDA:97,17,1,0
BRDA:98,18,0,0
BRDA:114,19,0,0
BRDA:114,19,1,0
BRF:33
BRH:13
end_of_record
TN:
SF:src/components/auth/AuthQR.tsx
FN:25,makeQR
FN:31,AuthQR
FN:38,startPolling
FN:40,(anonymous_28)
FN:62,getChallenge
FN:72,(anonymous_34)
FN:74,cleanup
FNF:7
FNH:0
FNDA:0,makeQR
FNDA:0,AuthQR
FNDA:0,startPolling
FNDA:0,(anonymous_28)
FNDA:0,getChallenge
FNDA:0,(anonymous_34)
FNDA:0,cleanup
DA:1,0
DA:2,0
DA:3,0
DA:4,0
DA:6,0
DA:7,0
DA:8,0
DA:10,0
DA:11,0
DA:13,0
DA:24,0
DA:26,0
DA:32,0
DA:33,0
DA:34,0
DA:36,0
DA:39,0
DA:40,0
DA:42,0
DA:43,0
DA:44,0
DA:45,0
DA:46,0
DA:48,0
DA:49,0
DA:50,0
DA:51,0
DA:53,0
DA:54,0
DA:55,0
DA:58,0
DA:63,0
DA:64,0
DA:65,0
DA:66,0
DA:68,0
DA:69,0
DA:72,0
DA:73,0
DA:74,0
DA:75,0
DA:79,0
DA:90,0
LF:43
LH:0
BRDA:13,0,0,0
BRDA:13,0,1,0
BRDA:43,1,0,0
BRDA:43,2,0,0
BRDA:43,2,1,0
BRDA:43,3,0,0
BRDA:43,3,1,0
BRDA:43,4,0,0
BRDA:43,4,1,0
BRDA:50,5,0,0
BRDA:51,6,0,0
BRDA:54,7,0,0
BRDA:55,8,0,0
BRDA:63,9,0,0
BRDA:64,10,0,0
BRDA:68,11,0,0
BRDA:75,12,0,0
BRDA:81,13,0,0
BRDA:81,13,1,0
BRF:19
BRH:0
end_of_record
TN:
SF:src/components/auth/SignIn.tsx
FN:53,(anonymous_23)
FN:63,SignIn
FN:68,redirect
FN:77,(anonymous_26)
FN:83,(anonymous_29)
FN:87,(anonymous_30)
FN:109,(anonymous_31)
FN:111,(anonymous_32)
FN:115,(anonymous_33)
FN:119,(anonymous_34)
FN:124,(anonymous_35)
FN:129,(anonymous_36)
FN:153,(anonymous_39)
FN:171,(anonymous_42)
FN:186,(anonymous_43)
FN:200,(anonymous_44)
FN:220,(anonymous_45)
FNF:17
FNH:0
FNDA:0,(anonymous_23)
FNDA:0,SignIn
FNDA:0,redirect
FNDA:0,(anonymous_26)
FNDA:0,(anonymous_29)
FNDA:0,(anonymous_30)
FNDA:0,(anonymous_31)
FNDA:0,(anonymous_32)
FNDA:0,(anonymous_33)
FNDA:0,(anonymous_34)
FNDA:0,(anonymous_35)
FNDA:0,(anonymous_36)
FNDA:0,(anonymous_39)
FNDA:0,(anonymous_42)
FNDA:0,(anonymous_43)
FNDA:0,(anonymous_44)
FNDA:0,(anonymous_45)
DA:1,0
DA:2,0
DA:3,0
DA:4,0
DA:6,0
DA:7,0
DA:8,0
DA:9,0
DA:10,0
DA:11,0
DA:17,0
DA:32,0
DA:44,0
DA:52,0
DA:53,0
DA:63,0
DA:64,0
DA:65,0
DA:66,0
DA:69,0
DA:70,0
DA:71,0
DA:72,0
DA:75,0
DA:77,0
DA:78,0
DA:79,0
DA:83,0
DA:84,0
DA:87,0
DA:88,0
DA:89,0
DA:91,0
DA:92,0
DA:93,0
DA:94,0
DA:95,0
DA:97,0
DA:98,0
DA:99,0
DA:100,0
DA:101,0
DA:103,0
DA:104,0
DA:109,0
DA:110,0
DA:111,0
DA:112,0
DA:115,0
DA:116,0
DA:119,0
DA:120,0
DA:124,0
DA:129,0
DA:130,0
DA:131,0
DA:153,0
DA:154,0
DA:156,0
DA:171,0
DA:186,0
DA:201,0
DA:220,0
DA:236,0
LF:64
LH:0
BRDA:17,0,0,0
BRDA:17,0,1,0
BRDA:32,1,0,0
BRDA:32,1,1,0
BRDA:44,2,0,0
BRDA:44,2,1,0
BRDA:52,3,0,0
BRDA:52,3,1,0
BRDA:78,4,0,0
BRDA:91,5,0,0
BRDA:91,5,1,0
BRDA:93,6,0,0
BRDA:97,7,0,0
BRDA:97,8,0,0
BRDA:97,8,1,0
BRDA:98,9,0,0
BRDA:126,10,0,0
BRDA:126,10,1,0
BRDA:130,11,0,0
BRDA:138,12,0,0
BRDA:138,12,1,0
BRDA:143,13,0,0
BRDA:143,13,1,0
BRDA:148,14,0,0
BRDA:148,14,1,0
BRDA:151,15,0,0
BRDA:151,15,1,0
BRDA:154,16,0,0
BRDA:163,17,0,0
BRDA:163,17,1,0
BRDA:178,18,0,0
BRDA:178,18,1,0
BRDA:192,19,0,0
BRDA:192,19,1,0
BRF:34
BRH:0
end_of_record
TN:
SF:src/components/auth/SphinxAppLoginDeepLink.tsx
FN:29,makeQR
FN:35,SphinxAppLoginDeeplink
FN:42,startPolling
FN:44,(anonymous_26)
FN:64,getChallenge
FN:75,(anonymous_32)
FN:79,(anonymous_33)
FNF:7
FNH:5
FNDA:1,makeQR
FNDA:1,SphinxAppLoginDeeplink
FNDA:0,startPolling
FNDA:0,(anonymous_26)
FNDA:1,getChallenge
FNDA:1,(anonymous_32)
FNDA:1,(anonymous_33)
DA:1,1
DA:2,1
DA:3,1
DA:5,1
DA:6,1
DA:7,1
DA:9,1
DA:11,1
DA:19,1
DA:27,1
DA:30,1
DA:35,1
DA:36,1
DA:37,1
DA:38,1
DA:40,1
DA:43,0
DA:44,0
DA:46,0
DA:47,0
DA:48,0
DA:49,0
DA:50,0
DA:52,0
DA:53,0
DA:54,0
DA:56,0
DA:57,0
DA:58,0
DA:65,1
DA:66,0
DA:67,0
DA:68,0
DA:70,0
DA:71,0
DA:75,1
DA:76,1
DA:79,1
DA:80,1
DA:81,0
DA:82,0
DA:83,0
DA:87,1
LF:43
LH:22
BRDA:11,0,0,1
BRDA:11,0,1,1
BRDA:19,1,0,1
BRDA:19,1,1,1
BRDA:47,2,0,0
BRDA:47,3,0,0
BRDA:47,3,1,0
BRDA:53,4,0,0
BRDA:54,5,0,0
BRDA:57,6,0,0
BRDA:58,7,0,0
BRDA:65,8,0,1
BRDA:66,9,0,0
BRDA:70,10,0,0
BRDA:80,11,0,0
BRDA:80,12,0,1
BRDA:80,12,1,0
BRF:17
BRH:6
end_of_record
TN:
SF:src/components/common/BaseModal.tsx
FN:24,(anonymous_5)
FN:34,(anonymous_6)
FN:44,(anonymous_7)
FN:55,(anonymous_8)
FN:69,(anonymous_9)
FNF:5
FNH:0
FNDA:0,(anonymous_5)
FNDA:0,(anonymous_6)
FNDA:0,(anonymous_7)
FNDA:0,(anonymous_8)
FNDA:0,(anonymous_9)
DA:2,3
DA:3,3
DA:4,3
DA:5,3
DA:13,3
DA:23,3
DA:25,0
DA:26,0
DA:30,3
DA:34,0
DA:35,0
DA:36,0
DA:39,0
DA:44,3
DA:55,3
DA:69,0
LF:16
LH:9
BRDA:13,0,0,3
BRDA:13,0,1,3
BRDA:30,1,0,3
BRDA:30,1,1,3
BRDA:34,2,0,0
BRDA:34,2,1,0
BRDA:35,3,0,0
BRDA:67,4,0,0
BRDA:67,4,1,0
BRDA:69,5,0,0
BRDA:69,5,1,0
BRDA:69,6,0,0
BRDA:69,6,1,0
BRF:13
BRH:4
end_of_record
TN:
SF:src/components/common/Button.tsx
FN:37,(anonymous_4)
FN:46,Button
FNF:2
FNH:1
FNDA:0,(anonymous_4)
FNDA:1,Button
DA:1,4
DA:2,4
DA:3,4
DA:4,4
DA:6,4
DA:8,4
DA:36,4
DA:37,0
DA:46,4
DA:47,2
DA:49,1
LF:11
LH:10
BRDA:8,0,0,4
BRDA:8,0,1,4
BRDA:36,1,0,4
BRDA:36,1,1,4
BRDA:53,2,0,1
BRDA:53,2,1,0
BRDA:54,3,0,1
BRDA:54,3,1,0
BRDA:56,4,0,0
BRDA:56,4,1,1
BRDA:59,5,0,1
BRDA:59,5,1,0
BRDA:65,6,0,0
BRDA:65,6,1,1
BRDA:67,7,0,0
BRDA:67,7,1,1
BRDA:76,8,0,0
BRDA:76,8,1,0
BRDA:99,9,0,0
BRDA:99,9,1,0
BRDA:112,10,0,0
BRDA:112,10,1,0
BRDA:119,11,0,1
BRDA:119,11,1,0
BRDA:133,12,0,0
BRDA:133,12,1,0
BRDA:137,13,0,1
BRDA:137,13,1,0
BRDA:151,14,0,0
BRDA:151,14,1,0
BRDA:152,15,0,0
BRDA:152,15,1,0
BRDA:159,16,0,1
BRDA:159,16,1,0
BRDA:163,17,0,0
BRDA:163,17,1,0
BRDA:170,18,0,1
BRDA:170,18,1,0
BRDA:174,19,0,0
BRDA:174,19,1,0
BRDA:175,20,0,0
BRDA:175,20,1,0
BRDA:181,21,0,0
BRDA:181,21,1,1
BRDA:181,22,0,1
BRDA:181,22,1,1
BRDA:192,23,0,1
BRDA:192,23,1,0
BRDA:196,24,0,0
BRDA:196,24,1,0
BRF:50
BRH:18
end_of_record
TN:
SF:src/components/common/ButtonContainer.tsx
FN:16,(anonymous_2)
FN:17,(anonymous_3)
FN:18,(anonymous_4)
FN:39,(anonymous_5)
FN:42,(anonymous_6)
FN:54,(anonymous_7)
FNF:6
FNH:6
FNDA:1,(anonymous_2)
FNDA:1,(anonymous_3)
FNDA:1,(anonymous_4)
FNDA:1,(anonymous_5)
FNDA:1,(anonymous_6)
FNDA:1,(anonymous_7)
DA:1,4
DA:10,4
DA:16,1
DA:17,1
DA:18,1
DA:39,1
DA:42,1
DA:54,1
LF:8
LH:8
BRDA:10,0,0,4
BRDA:10,0,1,4
BRDA:16,1,0,0
BRDA:16,1,1,1
BRDA:16,2,0,1
BRDA:16,2,1,1
BRDA:17,3,0,1
BRDA:17,3,1,0
BRDA:17,4,0,0
BRDA:17,4,1,1
BRDA:17,5,0,1
BRDA:17,5,1,1
BRDA:17,6,0,0
BRDA:17,6,1,0
BRDA:17,7,0,0
BRDA:17,7,1,0
BRDA:18,8,0,1
BRDA:18,8,1,0
BRDA:18,9,0,0
BRDA:18,9,1,1
BRDA:18,10,0,1
BRDA:18,10,1,1
BRDA:18,11,0,0
BRDA:18,11,1,0
BRDA:18,12,0,0
BRDA:18,12,1,0
BRDA:39,13,0,1
BRDA:39,13,1,0
BRDA:39,14,0,0
BRDA:39,14,1,1
BRDA:39,15,0,1
BRDA:39,15,1,1
BRDA:39,16,0,0
BRDA:39,16,1,0
BRDA:39,17,0,0
BRDA:39,17,1,0
BRDA:42,18,0,1
BRDA:42,18,1,0
BRDA:42,19,0,0
BRDA:42,19,1,1
BRDA:42,20,0,1
BRDA:42,20,1,1
BRDA:42,21,0,0
BRDA:42,21,1,0
BRDA:42,22,0,0
BRDA:42,22,1,0
BRDA:54,23,0,1
BRDA:54,23,1,0
BRDA:54,24,0,0
BRDA:54,24,1,1
BRDA:54,25,0,1
BRDA:54,25,1,1
BRDA:54,26,0,0
BRDA:54,26,1,0
BRDA:54,27,0,0
BRDA:54,27,1,0
BRF:56
BRH:25
end_of_record
TN:
SF:src/components/common/CreatableMultiSelect.tsx
FN:15,(anonymous_4)
FN:16,(anonymous_5)
FN:61,(anonymous_6)
FN:62,(anonymous_7)
FN:65,Sel
FN:70,(anonymous_9)
FN:87,(anonymous_10)
FN:88,(anonymous_11)
FN:91,(anonymous_12)
FN:96,(anonymous_13)
FN:97,(anonymous_14)
FN:108,(anonymous_15)
FN:117,(anonymous_16)
FN:123,(anonymous_17)
FNF:14
FNH:0
FNDA:0,(anonymous_4)
FNDA:0,(anonymous_5)
FNDA:0,(anonymous_6)
FNDA:0,(anonymous_7)
FNDA:0,Sel
FNDA:0,(anonymous_9)
FNDA:0,(anonymous_10)
FNDA:0,(anonymous_11)
FNDA:0,(anonymous_12)
FNDA:0,(anonymous_13)
FNDA:0,(anonymous_14)
FNDA:0,(anonymous_15)
FNDA:0,(anonymous_16)
FNDA:0,(anonymous_17)
DA:1,3
DA:2,3
DA:3,3
DA:5,3
DA:6,3
DA:13,3
DA:15,0
DA:16,0
DA:61,0
DA:62,0
DA:65,3
DA:66,0
DA:67,0
DA:70,0
DA:78,0
DA:87,0
DA:89,0
DA:92,0
DA:96,0
DA:97,0
DA:108,0
DA:117,0
DA:123,0
LF:23
LH:7
BRDA:13,0,0,3
BRDA:13,0,1,3
BRDA:15,1,0,0
BRDA:15,1,1,0
BRDA:16,2,0,0
BRDA:16,2,1,0
BRDA:61,3,0,0
BRDA:61,3,1,0
BRDA:62,4,0,0
BRDA:62,4,1,0
BRDA:70,5,0,0
BRDA:70,5,1,0
BRDA:89,6,0,0
BRDA:92,7,0,0
BRF:14
BRH:2
end_of_record
TN:
SF:src/components/common/CustomAutocomplete.tsx
FN:19,(anonymous_8)
FN:26,(anonymous_9)
FN:27,(anonymous_10)
FN:33,(anonymous_11)
FN:38,(anonymous_12)
FN:39,(anonymous_13)
FN:46,(anonymous_14)
FN:47,(anonymous_15)
FN:54,(anonymous_16)
FN:82,(anonymous_17)
FN:89,(anonymous_18)
FN:94,(anonymous_19)
FN:97,(anonymous_20)
FN:102,(anonymous_21)
FN:121,(anonymous_22)
FN:140,(anonymous_23)
FNF:16
FNH:0
FNDA:0,(anonymous_8)
FNDA:0,(anonymous_9)
FNDA:0,(anonymous_10)
FNDA:0,(anonymous_11)
FNDA:0,(anonymous_12)
FNDA:0,(anonymous_13)
FNDA:0,(anonymous_14)
FNDA:0,(anonymous_15)
FNDA:0,(anonymous_16)
FNDA:0,(anonymous_17)
FNDA:0,(anonymous_18)
FNDA:0,(anonymous_19)
FNDA:0,(anonymous_20)
FNDA:0,(anonymous_21)
FNDA:0,(anonymous_22)
FNDA:0,(anonymous_23)
DA:1,0
DA:2,0
DA:3,0
DA:5,0
DA:6,0
DA:12,0
DA:19,0
DA:26,0
DA:27,0
DA:33,0
DA:38,0
DA:39,0
DA:46,0
DA:47,0
DA:54,0
DA:82,0
DA:89,0
DA:90,0
DA:91,0
DA:92,0
DA:94,0
DA:95,0
DA:96,0
DA:97,0
DA:99,0
DA:102,0
DA:103,0
DA:104,0
DA:108,0
DA:121,0
DA:141,0
DA:151,0
LF:32
LH:0
BRDA:12,0,0,0
BRDA:12,0,1,0
BRDA:19,1,0,0
BRDA:19,1,1,0
BRDA:19,2,0,0
BRDA:19,2,1,0
BRDA:19,3,0,0
BRDA:19,3,1,0
BRDA:26,4,0,0
BRDA:26,4,1,0
BRDA:26,5,0,0
BRDA:26,5,1,0
BRDA:26,6,0,0
BRDA:26,6,1,0
BRDA:27,7,0,0
BRDA:27,7,1,0
BRDA:27,8,0,0
BRDA:27,8,1,0
BRDA:27,9,0,0
BRDA:27,9,1,0
BRDA:27,10,0,0
BRDA:27,10,1,0
BRDA:27,11,0,0
BRDA:27,11,1,0
BRDA:27,12,0,0
BRDA:27,12,1,0
BRDA:27,13,0,0
BRDA:27,13,1,0
BRDA:33,14,0,0
BRDA:33,14,1,0
BRDA:33,15,0,0
BRDA:33,15,1,0
BRDA:33,16,0,0
BRDA:33,16,1,0
BRDA:38,17,0,0
BRDA:38,17,1,0
BRDA:38,18,0,0
BRDA:38,18,1,0
BRDA:38,19,0,0
BRDA:38,19,1,0
BRDA:39,20,0,0
BRDA:39,20,1,0
BRDA:39,21,0,0
BRDA:39,21,1,0
BRDA:39,22,0,0
BRDA:39,22,1,0
BRDA:46,23,0,0
BRDA:46,23,1,0
BRDA:46,24,0,0
BRDA:46,24,1,0
BRDA:46,25,0,0
BRDA:46,25,1,0
BRDA:47,26,0,0
BRDA:47,26,1,0
BRDA:47,27,0,0
BRDA:47,27,1,0
BRDA:47,28,0,0
BRDA:47,28,1,0
BRDA:54,29,0,0
BRDA:54,29,1,0
BRDA:54,30,0,0
BRDA:54,30,1,0
BRDA:54,31,0,0
BRDA:54,31,1,0
BRDA:82,32,0,0
BRDA:82,32,1,0
BRDA:82,33,0,0
BRDA:82,33,1,0
BRDA:82,34,0,0
BRDA:82,34,1,0
BRDA:96,35,0,0
BRDA:96,35,1,0
BRDA:96,36,0,0
BRDA:96,36,1,0
BRDA:97,37,0,0
BRDA:97,37,1,0
BRDA:97,38,0,0
BRDA:97,38,1,0
BRDA:97,39,0,0
BRDA:97,39,1,0
BRDA:97,40,0,0
BRDA:97,40,1,0
BRDA:103,41,0,0
BRDA:121,42,0,0
BRDA:121,42,1,0
BRDA:121,43,0,0
BRDA:121,43,1,0
BRDA:121,44,0,0
BRDA:121,44,1,0
BRDA:121,45,0,0
BRDA:121,45,1,0
BRDA:126,46,0,0
BRDA:126,46,1,0
BRDA:141,47,0,0
BRDA:141,47,1,0
BRDA:141,48,0,0
BRDA:141,48,1,0
BRF:97
BRH:0
end_of_record
TN:
SF:src/components/common/Divider.tsx
FN:9,Divider
FNF:1
FNH:1
FNDA:4,Divider
DA:1,4
DA:2,4
DA:4,4
DA:9,4
DA:10,4
LF:5
LH:5
BRDA:4,0,0,4
BRDA:4,0,1,4
BRF:2
BRH:2
end_of_record
TN:
SF:src/components/common/Elements.tsx
FN:50,Title
FN:53,Date
FN:56,Paragraph
FN:59,Link
FNF:4
FNH:4
FNDA:1,Title
FNDA:1,Date
FNDA:1,Paragraph
FNDA:1,Link
DA:2,4
DA:3,4
DA:4,4
DA:16,4
DA:27,4
DA:39,4
DA:51,1
DA:54,1
DA:57,1
DA:60,1
DA:63,4
LF:11
LH:11
BRDA:4,0,0,4
BRDA:4,0,1,4
BRDA:16,1,0,4
BRDA:16,1,1,4
BRDA:27,2,0,4
BRDA:27,2,1,4
BRDA:39,3,0,4
BRDA:39,3,1,4
BRF:8
BRH:8
end_of_record
TN:
SF:src/components/common/IconButton.tsx
FN:12,(anonymous_4)
FN:15,(anonymous_5)
FN:16,(anonymous_6)
FN:17,(anonymous_7)
FN:37,IconButton
FNF:5
FNH:0
FNDA:0,(anonymous_4)
FNDA:0,(anonymous_5)
FNDA:0,(anonymous_6)
FNDA:0,(anonymous_7)
FNDA:0,IconButton
DA:1,0
DA:2,0
DA:3,0
DA:4,0
DA:6,0
DA:11,0
DA:12,0
DA:15,0
DA:16,0
DA:17,0
DA:37,0
DA:38,0
DA:39,0
DA:56,0
LF:14
LH:0
BRDA:11,0,0,0
BRDA:11,0,1,0
BRDA:12,1,0,0
BRDA:12,1,1,0
BRDA:15,2,0,0
BRDA:15,2,1,0
BRDA:16,3,0,0
BRDA:16,3,1,0
BRDA:17,4,0,0
BRDA:17,4,1,0
BRDA:58,5,0,0
BRDA:58,5,1,0
BRDA:59,6,0,0
BRDA:59,6,1,0
BRDA:60,7,0,0
BRDA:60,7,1,0
BRDA:68,8,0,0
BRDA:68,8,1,0
BRF:18
BRH:0
end_of_record
TN:
SF:src/components/common/IconButton2.tsx
FN:32,(anonymous_4)
FN:35,(anonymous_5)
FN:41,(anonymous_6)
FN:84,hexToRgba
FN:87,(anonymous_8)
FN:106,IconButton
FNF:6
FNH:0
FNDA:0,(anonymous_4)
FNDA:0,(anonymous_5)
FNDA:0,(anonymous_6)
FNDA:0,hexToRgba
FNDA:0,(anonymous_8)
FNDA:0,IconButton
DA:1,3
DA:2,3
DA:3,3
DA:4,3
DA:13,3
DA:32,0
DA:35,0
DA:41,0
DA:50,3
DA:84,0
DA:85,0
DA:86,0
DA:87,0
DA:88,0
DA:91,0
DA:92,0
DA:100,0
DA:102,0
DA:106,3
DA:107,0
DA:109,0
DA:172,0
LF:22
LH:7
BRDA:13,0,0,3
BRDA:13,0,1,3
BRDA:32,1,0,0
BRDA:32,1,1,0
BRDA:35,2,0,0
BRDA:35,2,1,0
BRDA:41,3,0,0
BRDA:41,3,1,0
BRDA:50,4,0,3
BRDA:50,4,1,3
BRDA:84,5,0,0
BRDA:92,6,0,0
BRDA:92,6,1,0
BRDA:100,7,0,0
BRDA:100,7,1,0
BRDA:100,8,0,0
BRDA:100,8,1,0
BRDA:100,9,0,0
BRDA:100,9,1,0
BRDA:100,10,0,0
BRDA:100,10,1,0
BRDA:100,11,0,0
BRDA:100,11,1,0
BRDA:100,12,0,0
BRDA:100,12,1,0
BRDA:100,13,0,0
BRDA:100,13,1,0
BRDA:107,14,0,0
BRDA:107,14,1,0
BRDA:172,15,0,0
BRDA:172,15,1,0
BRDA:172,16,0,0
BRDA:172,16,1,0
BRDA:177,17,0,0
BRDA:177,17,1,0
BRDA:179,18,0,0
BRDA:179,18,1,0
BRDA:182,19,0,0
BRDA:182,19,1,0
BRDA:189,20,0,0
BRDA:189,20,1,0
BRDA:189,21,0,0
BRDA:189,21,1,0
BRDA:191,22,0,0
BRDA:191,22,1,0
BRDA:195,23,0,0
BRDA:195,23,1,0
BRDA:209,24,0,0
BRDA:209,24,1,0
BRDA:211,25,0,0
BRDA:211,25,1,0
BRDA:214,26,0,0
BRDA:214,26,1,0
BRDA:217,27,0,0
BRDA:217,27,1,0
BRDA:217,28,0,0
BRDA:217,28,1,0
BRDA:225,29,0,0
BRDA:225,29,1,0
BRDA:239,30,0,0
BRDA:239,30,1,0
BRDA:245,31,0,0
BRDA:245,31,1,0
BRDA:249,32,0,0
BRDA:249,32,1,0
BRDA:255,33,0,0
BRDA:255,33,1,0
BRDA:265,34,0,0
BRDA:265,34,1,0
BRDA:265,35,0,0
BRDA:265,35,1,0
BRDA:267,36,0,0
BRDA:267,36,1,0
BRDA:271,37,0,0
BRDA:271,37,1,0
BRDA:279,38,0,0
BRDA:279,38,1,0
BRF:77
BRH:4
end_of_record
TN:
SF:src/components/common/ImageButton.tsx
FN:19,(anonymous_4)
FN:21,(anonymous_5)
FN:22,(anonymous_6)
FN:65,(anonymous_7)
FNF:4
FNH:0
FNDA:0,(anonymous_4)
FNDA:0,(anonymous_5)
FNDA:0,(anonymous_6)
FNDA:0,(anonymous_7)
DA:1,3
DA:3,3
DA:4,3
DA:13,3
DA:19,0
DA:21,0
DA:22,0
DA:65,3
DA:116,3
LF:9
LH:6
BRDA:13,0,0,3
BRDA:13,0,1,3
BRDA:19,1,0,0
BRDA:19,1,1,0
BRDA:21,2,0,0
BRDA:21,2,1,0
BRDA:22,3,0,0
BRDA:22,3,1,0
BRDA:22,4,0,0
BRDA:22,4,1,0
BRDA:68,5,0,0
BRDA:68,5,1,0
BRDA:68,6,0,0
BRDA:68,6,1,0
BRDA:73,7,0,0
BRDA:73,7,1,0
BRDA:97,8,0,0
BRDA:97,8,1,0
BRF:18
BRH:2
end_of_record
TN:
SF:src/components/common/LazyImg.tsx
FN:10,(anonymous_11)
FN:13,(anonymous_12)
FN:22,(anonymous_13)
FN:24,(anonymous_14)
FN:36,(anonymous_15)
FN:42,(anonymous_16)
FN:53,(anonymous_17)
FN:54,(anonymous_18)
FN:57,(anonymous_19)
FN:65,(anonymous_20)
FN:67,(anonymous_21)
FN:79,(anonymous_22)
FN:84,(anonymous_23)
FN:87,(anonymous_24)
FN:91,(anonymous_25)
FNF:15
FNH:3
FNDA:0,(anonymous_11)
FNDA:1,(anonymous_12)
FNDA:1,(anonymous_13)
FNDA:0,(anonymous_14)
FNDA:1,(anonymous_15)
FNDA:0,(anonymous_16)
FNDA:0,(anonymous_17)
FNDA:0,(anonymous_18)
FNDA:0,(anonymous_19)
FNDA:0,(anonymous_20)
FNDA:0,(anonymous_21)
FNDA:0,(anonymous_22)
FNDA:0,(anonymous_23)
FNDA:0,(anonymous_24)
FNDA:0,(anonymous_25)
DA:1,3
DA:2,3
DA:3,3
DA:5,3
DA:9,3
DA:10,0
DA:13,3
DA:14,1
DA:15,1
DA:17,1
DA:18,1
DA:20,1
DA:22,1
DA:23,1
DA:25,0
DA:26,0
DA:27,0
DA:28,0
DA:35,1
DA:36,1
DA:37,1
DA:41,1
DA:42,0
DA:52,3
DA:53,0
DA:54,0
DA:57,3
DA:60,0
DA:61,0
DA:63,0
DA:65,0
DA:66,0
DA:68,0
DA:69,0
DA:70,0
DA:71,0
DA:78,0
DA:79,0
DA:80,0
DA:84,0
DA:85,0
DA:86,0
DA:87,0
DA:88,0
DA:90,0
DA:91,0
DA:93,0
DA:96,0
LF:48
LH:19
BRDA:5,0,0,3
BRDA:5,0,1,3
BRDA:9,1,0,3
BRDA:9,1,1,3
BRDA:10,2,0,0
BRDA:10,2,1,0
BRDA:14,3,0,1
BRDA:14,3,1,0
BRDA:26,4,0,0
BRDA:35,5,0,1
BRDA:35,5,1,1
BRDA:41,6,0,0
BRDA:41,6,1,1
BRDA:42,7,0,0
BRDA:42,7,1,0
BRDA:44,8,0,1
BRDA:44,8,1,0
BRDA:52,9,0,3
BRDA:52,9,1,3
BRDA:54,10,0,0
BRDA:54,10,1,0
BRDA:69,11,0,0
BRDA:78,12,0,0
BRDA:78,12,1,0
BRDA:85,13,0,0
BRDA:96,14,0,0
BRDA:96,14,1,0
BRF:27
BRH:11
end_of_record
TN:
SF:src/components/common/Modal.tsx
FN:59,(anonymous_4)
FN:70,(anonymous_5)
FN:81,(anonymous_6)
FN:107,(anonymous_7)
FN:111,Modal
FN:211,(anonymous_9)
FN:226,(anonymous_10)
FN:241,(anonymous_11)
FN:255,(anonymous_12)
FNF:9
FNH:1
FNDA:0,(anonymous_4)
FNDA:0,(anonymous_5)
FNDA:0,(anonymous_6)
FNDA:0,(anonymous_7)
FNDA:1,Modal
FNDA:0,(anonymous_9)
FNDA:0,(anonymous_10)
FNDA:0,(anonymous_11)
FNDA:0,(anonymous_12)
DA:1,3
DA:2,3
DA:4,3
DA:5,3
DA:6,3
DA:7,3
DA:13,3
DA:23,3
DA:33,3
DA:43,3
DA:53,3
DA:59,0
DA:64,3
DA:70,0
DA:75,3
DA:81,0
DA:86,3
DA:93,3
DA:100,3
DA:107,0
DA:111,3
DA:129,16
DA:131,1
DA:132,1
DA:141,1
DA:212,0
DA:213,0
DA:227,0
DA:228,0
DA:242,0
DA:243,0
DA:256,0
DA:257,0
LF:33
LH:21
BRDA:13,0,0,3
BRDA:13,0,1,3
BRDA:23,1,0,3
BRDA:23,1,1,3
BRDA:33,2,0,3
BRDA:33,2,1,3
BRDA:43,3,0,3
BRDA:43,3,1,3
BRDA:53,4,0,3
BRDA:53,4,1,3
BRDA:59,5,0,0
BRDA:59,5,1,0
BRDA:64,6,0,3
BRDA:64,6,1,3
BRDA:70,7,0,0
BRDA:70,7,1,0
BRDA:75,8,0,3
BRDA:75,8,1,3
BRDA:81,9,0,0
BRDA:81,9,1,0
BRDA:86,10,0,3
BRDA:86,10,1,3
BRDA:93,11,0,3
BRDA:93,11,1,3
BRDA:100,12,0,3
BRDA:100,12,1,3
BRDA:107,13,0,0
BRDA:107,13,1,0
BRDA:132,14,0,0
BRDA:132,14,1,1
BRDA:147,15,0,1
BRDA:147,15,1,1
BRDA:150,16,0,0
BRDA:150,16,1,1
BRDA:173,17,0,1
BRDA:173,17,1,0
BRDA:179,18,0,1
BRDA:179,18,1,0
BRDA:185,19,0,1
BRDA:185,19,1,0
BRDA:204,20,0,1
BRDA:204,20,1,0
BRDA:219,21,0,1
BRDA:219,21,1,0
BRDA:235,22,0,1
BRDA:235,22,1,0
BRDA:249,23,0,1
BRDA:249,23,1,0
BRF:48
BRH:31
end_of_record
TN:
SF:src/components/common/MultiSelect.tsx
FN:13,(anonymous_4)
FN:14,(anonymous_5)
FN:59,(anonymous_6)
FN:60,(anonymous_7)
FN:64,Sel
FN:69,(anonymous_9)
FN:83,(anonymous_10)
FNF:7
FNH:0
FNDA:0,(anonymous_4)
FNDA:0,(anonymous_5)
FNDA:0,(anonymous_6)
FNDA:0,(anonymous_7)
FNDA:0,Sel
FNDA:0,(anonymous_9)
FNDA:0,(anonymous_10)
DA:1,3
DA:2,3
DA:3,3
DA:5,3
DA:11,3
DA:13,0
DA:14,0
DA:59,0
DA:60,0
DA:64,3
DA:65,0
DA:66,0
DA:68,0
DA:69,0
DA:75,0
DA:83,0
LF:16
LH:6
BRDA:11,0,0,3
BRDA:11,0,1,3
BRDA:13,1,0,0
BRDA:13,1,1,0
BRDA:14,2,0,0
BRDA:14,2,1,0
BRDA:59,3,0,0
BRDA:59,3,1,0
BRDA:60,4,0,0
BRDA:60,4,1,0
BRDA:68,5,0,0
BRDA:68,5,1,0
BRF:12
BRH:2
end_of_record
TN:
SF:src/components/common/Portal.tsx
FN:4,(anonymous_0)
FNF:1
FNH:1
FNDA:1,(anonymous_0)
DA:2,3
DA:4,3
DA:5,1
DA:6,1
LF:4
LH:4
BRF:0
BRH:0
end_of_record
TN:
SF:src/components/common/PriceOuterContainer.tsx
FN:13,(anonymous_2)
FN:14,(anonymous_3)
FNF:2
FNH:2
FNDA:2,(anonymous_2)
FNDA:2,(anonymous_3)
DA:1,3
DA:8,3
DA:13,2
DA:14,2
LF:4
LH:4
BRDA:8,0,0,3
BRDA:8,0,1,3
BRDA:13,1,0,2
BRDA:13,1,1,0
BRDA:14,2,0,2
BRDA:14,2,1,0
BRF:6
BRH:4
end_of_record
TN:
SF:src/components/common/QR.tsx
FN:12,(anonymous_2)
FN:25,QR
FNF:2
FNH:1
FNDA:0,(anonymous_2)
FNDA:1,QR
DA:1,4
DA:2,4
DA:3,4
DA:4,4
DA:6,4
DA:11,4
DA:12,0
DA:19,4
DA:25,4
DA:26,1
DA:27,1
DA:30,1
DA:38,1
LF:13
LH:12
BRDA:11,0,0,4
BRDA:11,0,1,4
BRDA:19,1,0,4
BRDA:19,1,1,4
BRDA:30,2,0,1
BRDA:30,2,1,0
BRDA:66,3,0,1
BRDA:66,3,1,1
BRF:8
BRH:7
end_of_record
TN:
SF:src/components/common/SearchBar.tsx
FN:10,debounce
FN:12,(anonymous_12)
FN:29,(anonymous_13)
FN:30,(anonymous_14)
FN:43,(anonymous_15)
FN:51,(anonymous_16)
FN:53,(anonymous_17)
FN:55,(anonymous_18)
FN:59,(anonymous_19)
FN:64,(anonymous_20)
FN:69,(anonymous_21)
FN:72,(anonymous_22)
FN:74,(anonymous_23)
FN:76,(anonymous_24)
FN:79,(anonymous_25)
FN:85,(anonymous_26)
FN:87,(anonymous_27)
FN:98,SearchBar
FN:115,doDelayedValueUpdate
FN:119,erase
FN:139,(anonymous_31)
FN:140,(anonymous_32)
FN:144,(anonymous_33)
FN:155,(anonymous_34)
FNF:24
FNH:0
FNDA:0,debounce
FNDA:0,(anonymous_12)
FNDA:0,(anonymous_13)
FNDA:0,(anonymous_14)
FNDA:0,(anonymous_15)
FNDA:0,(anonymous_16)
FNDA:0,(anonymous_17)
FNDA:0,(anonymous_18)
FNDA:0,(anonymous_19)
FNDA:0,(anonymous_20)
FNDA:0,(anonymous_21)
FNDA:0,(anonymous_22)
FNDA:0,(anonymous_23)
FNDA:0,(anonymous_24)
FNDA:0,(anonymous_25)
FNDA:0,(anonymous_26)
FNDA:0,(anonymous_27)
FNDA:0,SearchBar
FNDA:0,doDelayedValueUpdate
FNDA:0,erase
FNDA:0,(anonymous_31)
FNDA:0,(anonymous_32)
FNDA:0,(anonymous_33)
FNDA:0,(anonymous_34)
DA:1,3
DA:2,3
DA:3,3
DA:4,3
DA:5,3
DA:6,3
DA:8,3
DA:11,0
DA:12,0
DA:13,0
DA:27,3
DA:29,0
DA:30,0
DA:43,0
DA:51,0
DA:53,0
DA:55,0
DA:59,0
DA:64,0
DA:69,0
DA:72,0
DA:74,0
DA:76,0
DA:79,0
DA:85,0
DA:87,0
DA:99,0
DA:100,0
DA:101,0
DA:102,0
DA:103,0
DA:104,0
DA:105,0
DA:106,0
DA:107,0
DA:108,0
DA:110,0
DA:111,0
DA:112,0
DA:113,0
DA:116,0
DA:120,0
DA:121,0
DA:124,0
DA:139,0
DA:141,0
DA:145,0
DA:146,0
DA:147,0
DA:155,0
DA:185,3
LF:51
LH:9
BRDA:27,0,0,3
BRDA:27,0,1,3
BRDA:29,1,0,0
BRDA:29,1,1,0
BRDA:30,2,0,0
BRDA:30,2,1,0
BRDA:43,3,0,0
BRDA:43,3,1,0
BRDA:51,4,0,0
BRDA:51,4,1,0
BRDA:53,5,0,0
BRDA:53,5,1,0
BRDA:55,6,0,0
BRDA:55,6,1,0
BRDA:59,7,0,0
BRDA:59,7,1,0
BRDA:64,8,0,0
BRDA:64,8,1,0
BRDA:69,9,0,0
BRDA:69,9,1,0
BRDA:69,10,0,0
BRDA:69,10,1,0
BRDA:72,11,0,0
BRDA:72,11,1,0
BRDA:74,12,0,0
BRDA:74,12,1,0
BRDA:76,13,0,0
BRDA:76,13,1,0
BRDA:79,14,0,0
BRDA:79,14,1,0
BRDA:85,15,0,0
BRDA:85,15,1,0
BRDA:87,16,0,0
BRDA:87,16,1,0
BRDA:107,17,0,0
BRDA:107,17,1,0
BRDA:112,18,0,0
BRDA:112,18,1,0
BRDA:113,19,0,0
BRDA:113,19,1,0
BRDA:141,20,0,0
BRDA:152,21,0,0
BRDA:152,21,1,0
BRF:43
BRH:2
end_of_record
TN:
SF:src/components/common/SearchTextInput.tsx
FN:9,debounce
FN:11,(anonymous_11)
FN:32,SearchTextInput
FN:39,doDelayedValueUpdate
FN:43,erase
FN:52,(anonymous_15)
FN:53,(anonymous_16)
FN:57,(anonymous_17)
FN:68,(anonymous_18)
FNF:9
FNH:0
FNDA:0,debounce
FNDA:0,(anonymous_11)
FNDA:0,SearchTextInput
FNDA:0,doDelayedValueUpdate
FNDA:0,erase
FNDA:0,(anonymous_15)
FNDA:0,(anonymous_16)
FNDA:0,(anonymous_17)
FNDA:0,(anonymous_18)
DA:1,3
DA:2,3
DA:3,3
DA:4,3
DA:6,3
DA:7,3
DA:10,0
DA:11,0
DA:12,0
DA:16,3
DA:33,0
DA:34,0
DA:35,0
DA:37,0
DA:40,0
DA:44,0
DA:45,0
DA:48,0
DA:52,0
DA:54,0
DA:58,0
DA:59,0
DA:60,0
DA:68,0
DA:99,3
LF:25
LH:8
BRDA:16,0,0,3
BRDA:16,0,1,3
BRDA:34,1,0,0
BRDA:34,1,1,0
BRDA:35,2,0,0
BRDA:35,2,1,0
BRDA:37,3,0,0
BRDA:37,3,1,0
BRDA:37,4,0,0
BRDA:37,4,1,0
BRDA:54,5,0,0
BRDA:65,6,0,0
BRDA:65,6,1,0
BRF:13
BRH:2
end_of_record
TN:
SF:src/components/common/SearchableSelect.tsx
FN:59,SearchableSelect
FN:63,(anonymous_5)
FNF:2
FNH:0
FNDA:0,SearchableSelect
FNDA:0,(anonymous_5)
DA:1,3
DA:2,3
DA:3,3
DA:6,3
DA:59,3
DA:60,0
DA:62,0
DA:63,0
DA:70,0
LF:9
LH:5
BRDA:6,0,0,3
BRDA:6,0,1,3
BRDA:62,1,0,0
BRDA:62,1,1,0
BRF:4
BRH:2
end_of_record
TN:
SF:src/components/common/Select.tsx
FN:12,(anonymous_4)
FN:13,(anonymous_5)
FN:14,(anonymous_6)
FN:20,(anonymous_7)
FN:21,(anonymous_8)
FN:24,(anonymous_9)
FN:27,(anonymous_10)
FN:28,(anonymous_11)
FN:31,Select
FN:36,(anonymous_13)
FN:81,(anonymous_14)
FN:84,(anonymous_15)
FN:89,(anonymous_16)
FNF:13
FNH:0
FNDA:0,(anonymous_4)
FNDA:0,(anonymous_5)
FNDA:0,(anonymous_6)
FNDA:0,(anonymous_7)
FNDA:0,(anonymous_8)
FNDA:0,(anonymous_9)
FNDA:0,(anonymous_10)
FNDA:0,(anonymous_11)
FNDA:0,Select
FNDA:0,(anonymous_13)
FNDA:0,(anonymous_14)
FNDA:0,(anonymous_15)
FNDA:0,(anonymous_16)
DA:1,3
DA:2,3
DA:3,3
DA:5,3
DA:11,3
DA:12,0
DA:13,0
DA:14,0
DA:20,0
DA:21,0
DA:24,0
DA:27,0
DA:28,0
DA:31,3
DA:32,0
DA:33,0
DA:35,0
DA:36,0
DA:73,0
DA:82,0
DA:85,0
DA:90,0
DA:91,0
LF:23
LH:6
BRDA:11,0,0,3
BRDA:11,0,1,3
BRDA:12,1,0,0
BRDA:12,1,1,0
BRDA:12,2,0,0
BRDA:12,2,1,0
BRDA:12,3,0,0
BRDA:12,3,1,0
BRDA:13,4,0,0
BRDA:13,4,1,0
BRDA:13,5,0,0
BRDA:13,5,1,0
BRDA:13,6,0,0
BRDA:13,6,1,0
BRDA:13,7,0,0
BRDA:13,7,1,0
BRDA:13,8,0,0
BRDA:13,8,1,0
BRDA:14,9,0,0
BRDA:14,9,1,0
BRDA:14,10,0,0
BRDA:14,10,1,0
BRDA:14,11,0,0
BRDA:14,11,1,0
BRDA:14,12,0,0
BRDA:14,12,1,0
BRDA:14,13,0,0
BRDA:14,13,1,0
BRDA:20,14,0,0
BRDA:20,14,1,0
BRDA:20,15,0,0
BRDA:20,15,1,0
BRDA:20,16,0,0
BRDA:20,16,1,0
BRDA:20,17,0,0
BRDA:20,17,1,0
BRDA:20,18,0,0
BRDA:20,18,1,0
BRDA:21,19,0,0
BRDA:21,19,1,0
BRDA:21,20,0,0
BRDA:21,20,1,0
BRDA:21,21,0,0
BRDA:21,21,1,0
BRDA:21,22,0,0
BRDA:21,22,1,0
BRDA:21,23,0,0
BRDA:21,23,1,0
BRDA:24,24,0,0
BRDA:24,24,1,0
BRDA:24,25,0,0
BRDA:24,25,1,0
BRDA:24,26,0,0
BRDA:24,26,1,0
BRDA:24,27,0,0
BRDA:24,27,1,0
BRDA:24,28,0,0
BRDA:24,28,1,0
BRDA:27,29,0,0
BRDA:27,29,1,0
BRDA:27,30,0,0
BRDA:27,30,1,0
BRDA:27,31,0,0
BRDA:27,31,1,0
BRDA:27,32,0,0
BRDA:27,32,1,0
BRDA:27,33,0,0
BRDA:27,33,1,0
BRDA:28,34,0,0
BRDA:28,34,1,0
BRDA:28,35,0,0
BRDA:28,35,1,0
BRDA:28,36,0,0
BRDA:28,36,1,0
BRDA:28,37,0,0
BRDA:28,37,1,0
BRDA:28,38,0,0
BRDA:28,38,1,0
BRDA:35,39,0,0
BRDA:35,39,1,0
BRDA:55,40,0,0
BRDA:55,40,1,0
BRDA:82,41,0,0
BRDA:85,42,0,0
BRDA:91,43,0,0
BRF:85
BRH:2
end_of_record
TN:
SF:src/components/common/TextInput.tsx
FN:16,TextInput
FN:36,(anonymous_3)
FNF:2
FNH:0
FNDA:0,TextInput
FNDA:0,(anonymous_3)
DA:1,3
DA:2,3
DA:4,3
DA:5,3
DA:7,3
DA:13,3
DA:16,3
DA:17,0
DA:18,0
DA:19,0
DA:20,0
DA:21,0
DA:22,0
DA:23,0
DA:24,0
DA:26,0
DA:27,0
DA:36,0
LF:18
LH:7
BRDA:7,0,0,3
BRDA:7,0,1,3
BRDA:13,1,0,3
BRDA:13,1,1,3
BRDA:34,2,0,0
BRDA:34,2,1,0
BRDA:35,3,0,0
BRDA:35,3,1,0
BRF:8
BRH:4
end_of_record
TN:
SF:src/components/common/index.tsx
FN:34,(anonymous_5)
FN:35,(anonymous_6)
FN:36,(anonymous_7)
FN:37,(anonymous_8)
FN:41,(anonymous_9)
FN:16,(anonymous_10)
FN:17,(anonymous_11)
FN:17,(anonymous_12)
FNF:8
FNH:3
FNDA:0,(anonymous_5)
FNDA:0,(anonymous_6)
FNDA:0,(anonymous_7)
FNDA:0,(anonymous_8)
FNDA:1,(anonymous_9)
FNDA:2,(anonymous_10)
FNDA:1,(anonymous_11)
FNDA:0,(anonymous_12)
DA:1,3
DA:2,3
DA:3,3
DA:4,3
DA:5,3
DA:6,3
DA:7,3
DA:8,3
DA:9,3
DA:10,3
DA:11,3
DA:12,3
DA:13,3
DA:14,3
DA:16,5
DA:17,4
DA:19,3
DA:20,3
DA:21,3
DA:22,3
DA:23,3
DA:24,3
DA:27,3
DA:28,3
DA:29,3
DA:30,3
DA:31,3
DA:32,3
DA:33,3
DA:34,3
DA:35,3
DA:36,3
DA:37,3
DA:38,3
DA:39,3
DA:40,3
DA:41,4
DA:42,3
DA:43,3
LF:39
LH:39
BRF:0
BRH:0
end_of_record
TN:
SF:src/components/common/useCreateModal.tsx
FN:5,getEmptyContext
FN:21,CreateModalPortal
FN:30,(anonymous_10)
FN:52,(anonymous_11)
FNF:4
FNH:1
FNDA:3,getEmptyContext
FNDA:0,CreateModalPortal
FNDA:0,(anonymous_10)
FNDA:0,(anonymous_11)
DA:2,3
DA:3,3
DA:5,3
DA:6,3
DA:21,3
DA:25,0
DA:26,0
DA:27,0
DA:31,0
DA:45,3
DA:52,3
LF:11
LH:7
BRDA:26,0,0,0
BRDA:31,1,0,0
BRDA:31,1,1,0
BRDA:31,2,0,0
BRDA:31,2,1,0
BRF:5
BRH:0
end_of_record
TN:
SF:src/components/common/withCreateModal.tsx
FN:6,(anonymous_9)
FN:11,(anonymous_10)
FN:12,(anonymous_11)
FN:24,(anonymous_12)
FN:25,(anonymous_13)
FN:29,applyInjectCb
FN:37,(anonymous_15)
FN:45,withCreateModal
FN:46,(anonymous_17)
FN:48,(anonymous_18)
FNF:10
FNH:0
FNDA:0,(anonymous_9)
FNDA:0,(anonymous_10)
FNDA:0,(anonymous_11)
FNDA:0,(anonymous_12)
FNDA:0,(anonymous_13)
FNDA:0,applyInjectCb
FNDA:0,(anonymous_15)
FNDA:0,withCreateModal
FNDA:0,(anonymous_17)
FNDA:0,(anonymous_18)
DA:2,3
DA:4,3
DA:6,3
DA:9,0
DA:11,0
DA:12,0
DA:13,0
DA:14,0
DA:15,0
DA:17,0
DA:18,0
DA:20,0
DA:24,0
DA:25,0
DA:28,0
DA:30,0
DA:35,0
DA:38,0
DA:45,3
DA:46,0
DA:48,0
DA:50,0
LF:22
LH:4
BRDA:14,0,0,0
BRDA:17,1,0,0
BRF:2
BRH:0
end_of_record
TN:
SF:src/components/common/AfterDeleteNotification/AfterDeleteNotification.tsx
FN:17,(anonymous_1)
FN:22,(anonymous_2)
FN:26,(anonymous_3)
FN:139,(anonymous_4)
FN:142,(anonymous_5)
FNF:5
FNH:0
FNDA:0,(anonymous_1)
FNDA:0,(anonymous_2)
FNDA:0,(anonymous_3)
FNDA:0,(anonymous_4)
FNDA:0,(anonymous_5)
DA:1,3
DA:3,3
DA:4,3
DA:5,3
DA:6,3
DA:7,3
DA:8,3
DA:9,3
DA:10,3
DA:17,3
DA:18,0
DA:19,0
DA:20,0
DA:22,0
DA:23,0
DA:26,0
DA:27,0
DA:30,0
DA:32,0
DA:139,3
DA:140,0
DA:142,0
DA:143,0
DA:148,0
LF:24
LH:11
BRDA:96,0,0,0
BRDA:96,0,1,0
BRF:2
BRH:0
end_of_record
TN:
SF:src/components/common/AfterDeleteNotification/AlreadyDeleted.tsx
FN:14,(anonymous_1)
FN:15,(anonymous_2)
FNF:2
FNH:0
FNDA:0,(anonymous_1)
FNDA:0,(anonymous_2)
DA:1,0
DA:3,0
DA:4,0
DA:5,0
DA:6,0
DA:7,0
DA:14,0
DA:15,0
DA:16,0
DA:19,0
LF:10
LH:0
BRF:0
BRH:0
end_of_record
TN:
SF:src/components/common/AfterDeleteNotification/image.tsx
FNF:0
FNH:0
DA:1,3
DA:3,3
LF:2
LH:2
BRF:0
BRH:0
end_of_record
TN:
SF:src/components/common/AfterDeleteNotification/index.ts
FNF:0
FNH:0
DA:1,3
LF:1
LH:1
BRF:0
BRH:0
end_of_record
TN:
SF:src/components/common/DeleteConfirmationModal/DeleteConfirmationModal.tsx
FN:14,(anonymous_1)
FN:20,(anonymous_2)
FN:25,(anonymous_3)
FN:52,(anonymous_4)
FN:55,(anonymous_5)
FNF:5
FNH:0
FNDA:0,(anonymous_1)
FNDA:0,(anonymous_2)
FNDA:0,(anonymous_3)
FNDA:0,(anonymous_4)
FNDA:0,(anonymous_5)
DA:1,3
DA:3,3
DA:4,3
DA:5,3
DA:6,3
DA:7,3
DA:14,3
DA:15,0
DA:16,0
DA:17,0
DA:18,0
DA:20,0
DA:21,0
DA:22,0
DA:25,0
DA:26,0
DA:27,0
DA:29,0
DA:52,3
DA:53,0
DA:55,0
DA:56,0
DA:61,0
LF:23
LH:8
BRDA:22,0,0,0
BRDA:22,0,1,0
BRDA:22,1,0,0
BRDA:22,1,1,0
BRF:4
BRH:0
end_of_record
TN:
SF:src/components/common/DeleteConfirmationModal/deleteIcon.tsx
FNF:0
FNH:0
DA:1,3
DA:3,3
LF:2
LH:2
BRF:0
BRH:0
end_of_record
TN:
SF:src/components/common/DeleteConfirmationModal/index.ts
FNF:0
FNH:0
DA:1,3
LF:1
LH:1
BRF:0
BRH:0
end_of_record
TN:
SF:src/components/form/schema.ts
FN:19,(anonymous_6)
FN:20,(anonymous_7)
FN:89,(anonymous_8)
FNF:3
FNH:2
FNDA:15,(anonymous_6)
FNDA:111,(anonymous_7)
FNDA:0,(anonymous_8)
DA:1,3
DA:2,3
DA:11,3
DA:12,3
DA:13,3
DA:17,3
DA:19,3
DA:20,111
DA:25,3
DA:26,3
DA:27,3
DA:28,3
DA:29,3
DA:32,3
DA:90,0
DA:302,3
DA:310,3
DA:364,3
DA:468,3
DA:488,3
DA:505,3
DA:561,3
DA:581,3
DA:601,3
DA:614,3
DA:672,3
DA:772,3
DA:786,3
DA:796,3
DA:802,3
DA:816,3
LF:31
LH:30
BRF:0
BRH:0
end_of_record
TN:
SF:src/components/form/style.ts
FN:12,(anonymous_2)
FN:13,(anonymous_3)
FN:22,(anonymous_4)
FN:23,(anonymous_5)
FN:47,(anonymous_6)
FN:49,(anonymous_7)
FN:70,(anonymous_8)
FN:79,(anonymous_9)
FN:93,(anonymous_10)
FN:102,(anonymous_11)
FN:131,(anonymous_12)
FN:147,(anonymous_13)
FN:159,(anonymous_14)
FN:168,(anonymous_15)
FN:171,(anonymous_16)
FN:176,(anonymous_17)
FN:178,(anonymous_18)
FN:184,(anonymous_19)
FN:233,(anonymous_20)
FN:234,(anonymous_21)
FN:235,(anonymous_22)
FN:236,(anonymous_23)
FN:246,(anonymous_24)
FN:249,(anonymous_25)
FN:250,(anonymous_26)
FN:253,(anonymous_27)
FN:254,(anonymous_28)
FN:257,(anonymous_29)
FN:260,(anonymous_30)
FN:279,(anonymous_31)
FN:289,(anonymous_32)
FN:297,(anonymous_33)
FN:298,(anonymous_34)
FN:299,(anonymous_35)
FN:309,(anonymous_36)
FN:310,(anonymous_37)
FN:313,(anonymous_38)
FN:316,(anonymous_39)
FN:337,(anonymous_40)
FNF:39
FNH:0
FNDA:0,(anonymous_2)
FNDA:0,(anonymous_3)
FNDA:0,(anonymous_4)
FNDA:0,(anonymous_5)
FNDA:0,(anonymous_6)
FNDA:0,(anonymous_7)
FNDA:0,(anonymous_8)
FNDA:0,(anonymous_9)
FNDA:0,(anonymous_10)
FNDA:0,(anonymous_11)
FNDA:0,(anonymous_12)
FNDA:0,(anonymous_13)
FNDA:0,(anonymous_14)
FNDA:0,(anonymous_15)
FNDA:0,(anonymous_16)
FNDA:0,(anonymous_17)
FNDA:0,(anonymous_18)
FNDA:0,(anonymous_19)
FNDA:0,(anonymous_20)
FNDA:0,(anonymous_21)
FNDA:0,(anonymous_22)
FNDA:0,(anonymous_23)
FNDA:0,(anonymous_24)
FNDA:0,(anonymous_25)
FNDA:0,(anonymous_26)
FNDA:0,(anonymous_27)
FNDA:0,(anonymous_28)
FNDA:0,(anonymous_29)
FNDA:0,(anonymous_30)
FNDA:0,(anonymous_31)
FNDA:0,(anonymous_32)
FNDA:0,(anonymous_33)
FNDA:0,(anonymous_34)
FNDA:0,(anonymous_35)
FNDA:0,(anonymous_36)
FNDA:0,(anonymous_37)
FNDA:0,(anonymous_38)
FNDA:0,(anonymous_39)
FNDA:0,(anonymous_40)
DA:1,0
DA:11,0
DA:12,0
DA:13,0
DA:21,0
DA:22,0
DA:23,0
DA:38,0
DA:47,0
DA:49,0
DA:52,0
DA:70,0
DA:79,0
DA:93,0
DA:102,0
DA:108,0
DA:121,0
DA:131,0
DA:147,0
DA:159,0
DA:169,0
DA:172,0
DA:176,0
DA:179,0
DA:185,0
DA:199,0
DA:211,0
DA:218,0
DA:228,0
DA:233,0
DA:234,0
DA:235,0
DA:236,0
DA:247,0
DA:249,0
DA:251,0
DA:253,0
DA:254,0
DA:258,0
DA:260,0
DA:279,0
DA:289,0
DA:297,0
DA:298,0
DA:299,0
DA:309,0
DA:310,0
DA:313,0
DA:316,0
DA:337,0
DA:345,0
LF:51
LH:0
BRDA:11,0,0,0
BRDA:11,0,1,0
BRDA:12,1,0,0
BRDA:12,1,1,0
BRDA:12,2,0,0
BRDA:12,2,1,0
BRDA:12,3,0,0
BRDA:12,3,1,0
BRDA:13,4,0,0
BRDA:13,4,1,0
BRDA:13,5,0,0
BRDA:13,5,1,0
BRDA:13,6,0,0
BRDA:13,6,1,0
BRDA:21,7,0,0
BRDA:21,7,1,0
BRDA:22,8,0,0
BRDA:22,8,1,0
BRDA:22,9,0,0
BRDA:22,9,1,0
BRDA:22,10,0,0
BRDA:22,10,1,0
BRDA:23,11,0,0
BRDA:23,11,1,0
BRDA:23,12,0,0
BRDA:23,12,1,0
BRDA:23,13,0,0
BRDA:23,13,1,0
BRDA:38,14,0,0
BRDA:38,14,1,0
BRDA:47,15,0,0
BRDA:47,15,1,0
BRDA:47,16,0,0
BRDA:47,16,1,0
BRDA:47,17,0,0
BRDA:47,17,1,0
BRDA:49,18,0,0
BRDA:49,18,1,0
BRDA:49,19,0,0
BRDA:49,19,1,0
BRDA:49,20,0,0
BRDA:49,20,1,0
BRDA:52,21,0,0
BRDA:52,21,1,0
BRDA:70,22,0,0
BRDA:70,22,1,0
BRDA:79,23,0,0
BRDA:79,23,1,0
BRDA:93,24,0,0
BRDA:93,24,1,0
BRDA:102,25,0,0
BRDA:102,25,1,0
BRDA:102,26,0,0
BRDA:102,26,1,0
BRDA:102,27,0,0
BRDA:102,27,1,0
BRDA:108,28,0,0
BRDA:108,28,1,0
BRDA:121,29,0,0
BRDA:121,29,1,0
BRDA:131,30,0,0
BRDA:131,30,1,0
BRDA:131,31,0,0
BRDA:131,31,1,0
BRDA:131,32,0,0
BRDA:131,32,1,0
BRDA:147,33,0,0
BRDA:147,33,1,0
BRDA:147,34,0,0
BRDA:147,34,1,0
BRDA:147,35,0,0
BRDA:147,35,1,0
BRDA:159,36,0,0
BRDA:159,36,1,0
BRDA:159,37,0,0
BRDA:159,37,1,0
BRDA:159,38,0,0
BRDA:159,38,1,0
BRDA:169,39,0,0
BRDA:169,39,1,0
BRDA:169,40,0,0
BRDA:169,40,1,0
BRDA:169,41,0,0
BRDA:169,41,1,0
BRDA:169,42,0,0
BRDA:169,42,1,0
BRDA:169,43,0,0
BRDA:169,43,1,0
BRDA:169,44,0,0
BRDA:169,44,1,0
BRDA:169,45,0,0
BRDA:169,45,1,0
BRDA:172,46,0,0
BRDA:172,46,1,0
BRDA:172,47,0,0
BRDA:172,47,1,0
BRDA:172,48,0,0
BRDA:172,48,1,0
BRDA:176,49,0,0
BRDA:176,49,1,0
BRDA:176,50,0,0
BRDA:176,50,1,0
BRDA:176,51,0,0
BRDA:176,51,1,0
BRDA:179,52,0,0
BRDA:179,52,1,0
BRDA:179,53,0,0
BRDA:179,53,1,0
BRDA:179,54,0,0
BRDA:179,54,1,0
BRDA:185,55,0,0
BRDA:185,55,1,0
BRDA:185,56,0,0
BRDA:185,56,1,0
BRDA:185,57,0,0
BRDA:185,57,1,0
BRDA:199,58,0,0
BRDA:199,58,1,0
BRDA:211,59,0,0
BRDA:211,59,1,0
BRDA:218,60,0,0
BRDA:218,60,1,0
BRDA:228,61,0,0
BRDA:228,61,1,0
BRDA:233,62,0,0
BRDA:233,62,1,0
BRDA:234,63,0,0
BRDA:234,63,1,0
BRDA:235,64,0,0
BRDA:235,64,1,0
BRDA:236,65,0,0
BRDA:236,65,1,0
BRDA:247,66,0,0
BRDA:247,66,1,0
BRDA:249,67,0,0
BRDA:249,67,1,0
BRDA:251,68,0,0
BRDA:251,68,1,0
BRDA:253,69,0,0
BRDA:253,69,1,0
BRDA:254,70,0,0
BRDA:254,70,1,0
BRDA:258,71,0,0
BRDA:258,71,1,0
BRDA:260,72,0,0
BRDA:260,72,1,0
BRDA:279,73,0,0
BRDA:279,73,1,0
BRDA:289,74,0,0
BRDA:289,74,1,0
BRDA:297,75,0,0
BRDA:297,75,1,0
BRDA:298,76,0,0
BRDA:298,76,1,0
BRDA:299,77,0,0
BRDA:299,77,1,0
BRDA:309,78,0,0
BRDA:309,78,1,0
BRDA:310,79,0,0
BRDA:310,79,1,0
BRDA:313,80,0,0
BRDA:313,80,1,0
BRDA:316,81,0,0
BRDA:316,81,1,0
BRDA:337,82,0,0
BRDA:337,82,1,0
BRDA:345,83,0,0
BRDA:345,83,1,0
BRF:168
BRH:0
end_of_record
TN:
SF:src/components/form/utils.ts
FN:54,validator
FN:56,(anonymous_7)
FNF:2
FNH:0
FNDA:0,validator
FNDA:0,(anonymous_7)
DA:1,0
DA:54,0
DA:55,0
DA:56,0
DA:57,0
DA:58,0
DA:61,0
LF:7
LH:0
BRDA:57,0,0,0
BRF:1
BRH:0
end_of_record
TN:
SF:src/components/form/about/index.tsx
FN:15,Form
FN:36,(anonymous_10)
FN:37,(anonymous_11)
FN:53,reloadForm
FN:55,(anonymous_13)
FN:60,(anonymous_14)
FN:65,(anonymous_15)
FN:81,(anonymous_16)
FN:87,(anonymous_17)
FN:91,(anonymous_18)
FN:106,(anonymous_19)
FN:110,(anonymous_20)
FN:118,(anonymous_21)
FN:134,(anonymous_22)
FN:147,(anonymous_23)
FN:148,(anonymous_24)
FN:158,(anonymous_25)
FN:161,(anonymous_26)
FN:164,(anonymous_27)
FN:168,(anonymous_28)
FN:169,(anonymous_29)
FN:189,(anonymous_30)
FN:190,(anonymous_31)
FN:200,(anonymous_32)
FN:203,(anonymous_33)
FN:206,(anonymous_34)
FN:210,(anonymous_35)
FN:211,(anonymous_36)
FN:233,(anonymous_37)
FN:243,(anonymous_38)
FN:246,(anonymous_39)
FN:249,(anonymous_40)
FN:254,(anonymous_41)
FN:258,(anonymous_42)
FN:284,(anonymous_43)
FN:294,(anonymous_44)
FN:307,(anonymous_45)
FN:329,(anonymous_46)
FN:355,(anonymous_47)
FN:367,(anonymous_48)
FN:393,(anonymous_49)
FN:402,(anonymous_50)
FNF:42
FNH:0
FNDA:0,Form
FNDA:0,(anonymous_10)
FNDA:0,(anonymous_11)
FNDA:0,reloadForm
FNDA:0,(anonymous_13)
FNDA:0,(anonymous_14)
FNDA:0,(anonymous_15)
FNDA:0,(anonymous_16)
FNDA:0,(anonymous_17)
FNDA:0,(anonymous_18)
FNDA:0,(anonymous_19)
FNDA:0,(anonymous_20)
FNDA:0,(anonymous_21)
FNDA:0,(anonymous_22)
FNDA:0,(anonymous_23)
FNDA:0,(anonymous_24)
FNDA:0,(anonymous_25)
FNDA:0,(anonymous_26)
FNDA:0,(anonymous_27)
FNDA:0,(anonymous_28)
FNDA:0,(anonymous_29)
FNDA:0,(anonymous_30)
FNDA:0,(anonymous_31)
FNDA:0,(anonymous_32)
FNDA:0,(anonymous_33)
FNDA:0,(anonymous_34)
FNDA:0,(anonymous_35)
FNDA:0,(anonymous_36)
FNDA:0,(anonymous_37)
FNDA:0,(anonymous_38)
FNDA:0,(anonymous_39)
FNDA:0,(anonymous_40)
FNDA:0,(anonymous_41)
FNDA:0,(anonymous_42)
FNDA:0,(anonymous_43)
FNDA:0,(anonymous_44)
FNDA:0,(anonymous_45)
FNDA:0,(anonymous_46)
FNDA:0,(anonymous_47)
FNDA:0,(anonymous_48)
FNDA:0,(anonymous_49)
FNDA:0,(anonymous_50)
DA:1,0
DA:2,0
DA:3,0
DA:4,0
DA:5,0
DA:6,0
DA:7,0
DA:8,0
DA:9,0
DA:10,0
DA:11,0
DA:12,0
DA:16,0
DA:17,0
DA:18,0
DA:19,0
DA:20,0
DA:21,0
DA:22,0
DA:23,0
DA:24,0
DA:25,0
DA:26,0
DA:27,0
DA:28,0
DA:30,0
DA:32,0
DA:34,0
DA:36,0
DA:37,0
DA:38,0
DA:39,0
DA:40,0
DA:41,0
DA:42,0
DA:43,0
DA:44,0
DA:45,0
DA:47,0
DA:54,0
DA:55,0
DA:56,0
DA:60,0
DA:61,0
DA:62,0
DA:63,0
DA:64,0
DA:65,0
DA:66,0
DA:67,0
DA:69,0
DA:70,0
DA:71,0
DA:73,0
DA:81,0
DA:82,0
DA:83,0
DA:87,0
DA:88,0
DA:91,0
DA:94,0
DA:97,0
DA:99,0
DA:102,0
DA:104,0
DA:106,0
DA:109,0
DA:110,0
DA:113,0
DA:115,0
DA:117,0
DA:119,0
DA:127,0
DA:134,0
DA:147,0
DA:148,0
DA:159,0
DA:162,0
DA:165,0
DA:168,0
DA:169,0
DA:189,0
DA:190,0
DA:201,0
DA:204,0
DA:207,0
DA:210,0
DA:211,0
DA:233,0
DA:244,0
DA:247,0
DA:250,0
DA:255,0
DA:256,0
DA:259,0
DA:260,0
DA:285,0
DA:295,0
DA:308,0
DA:310,0
DA:312,0
DA:313,0
DA:317,0
DA:330,0
DA:355,0
DA:367,0
DA:394,0
DA:395,0
DA:402,0
DA:414,0
LF:110
LH:0
BRDA:32,0,0,0
BRDA:32,0,1,0
BRDA:32,1,0,0
BRDA:32,1,1,0
BRDA:34,2,0,0
BRDA:34,2,1,0
BRDA:37,3,0,0
BRDA:37,3,1,0
BRDA:37,4,0,0
BRDA:37,4,1,0
BRDA:38,5,0,0
BRDA:38,5,1,0
BRDA:38,6,0,0
BRDA:38,6,1,0
BRDA:39,7,0,0
BRDA:39,7,1,0
BRDA:39,8,0,0
BRDA:39,8,1,0
BRDA:43,9,0,0
BRDA:48,10,0,0
BRDA:48,10,1,0
BRDA:48,11,0,0
BRDA:48,11,1,0
BRDA:61,12,0,0
BRDA:61,12,1,0
BRDA:61,13,0,0
BRDA:61,13,1,0
BRDA:62,14,0,0
BRDA:62,14,1,0
BRDA:63,15,0,0
BRDA:64,16,0,0
BRDA:69,17,0,0
BRDA:69,18,0,0
BRDA:69,18,1,0
BRDA:70,19,0,0
BRDA:82,20,0,0
BRDA:82,21,0,0
BRDA:82,21,1,0
BRDA:91,22,0,0
BRDA:91,22,1,0
BRDA:91,23,0,0
BRDA:91,23,1,0
BRDA:91,24,0,0
BRDA:91,24,1,0
BRDA:94,25,0,0
BRDA:94,25,1,0
BRDA:97,26,0,0
BRDA:97,27,0,0
BRDA:97,27,1,0
BRDA:99,28,0,0
BRDA:99,28,1,0
BRDA:102,29,0,0
BRDA:102,29,1,0
BRDA:104,30,0,0
BRDA:104,30,1,0
BRDA:106,31,0,0
BRDA:106,31,1,0
BRDA:106,32,0,0
BRDA:106,32,1,0
BRDA:106,33,0,0
BRDA:106,33,1,0
BRDA:109,34,0,0
BRDA:109,34,1,0
BRDA:109,35,0,0
BRDA:109,35,1,0
BRDA:110,36,0,0
BRDA:110,36,1,0
BRDA:113,37,0,0
BRDA:117,38,0,0
BRDA:117,38,1,0
BRDA:117,39,0,0
BRDA:117,39,1,0
BRDA:117,40,0,0
BRDA:117,40,1,0
BRDA:129,41,0,0
BRDA:129,41,1,0
BRDA:136,42,0,0
BRDA:136,42,1,0
BRDA:136,43,0,0
BRDA:136,43,1,0
BRDA:159,44,0,0
BRDA:172,45,0,0
BRDA:172,45,1,0
BRDA:172,45,2,0
BRDA:177,46,0,0
BRDA:177,46,1,0
BRDA:177,47,0,0
BRDA:177,47,1,0
BRDA:201,48,0,0
BRDA:214,49,0,0
BRDA:214,49,1,0
BRDA:214,49,2,0
BRDA:218,50,0,0
BRDA:218,50,1,0
BRDA:218,51,0,0
BRDA:218,51,1,0
BRDA:244,52,0,0
BRDA:263,53,0,0
BRDA:263,53,1,0
BRDA:263,53,2,0
BRDA:265,54,0,0
BRDA:265,54,1,0
BRDA:265,55,0,0
BRDA:265,55,1,0
BRDA:278,56,0,0
BRDA:278,56,1,0
BRDA:278,56,2,0
BRDA:279,57,0,0
BRDA:279,57,1,0
BRDA:279,58,0,0
BRDA:279,58,1,0
BRDA:279,59,0,0
BRDA:279,59,1,0
BRDA:281,60,0,0
BRDA:281,60,1,0
BRDA:281,61,0,0
BRDA:281,61,1,0
BRDA:281,62,0,0
BRDA:281,62,1,0
BRDA:281,63,0,0
BRDA:281,63,1,0
BRDA:283,64,0,0
BRDA:283,64,1,0
BRDA:285,65,0,0
BRDA:295,66,0,0
BRDA:301,67,0,0
BRDA:301,67,1,0
BRDA:306,68,0,0
BRDA:306,68,1,0
BRDA:308,69,0,0
BRDA:313,70,0,0
BRDA:314,71,0,0
BRDA:314,71,1,0
BRDA:326,72,0,0
BRDA:326,72,1,0
BRDA:328,73,0,0
BRDA:328,73,1,0
BRDA:330,74,0,0
BRDA:343,75,0,0
BRDA:343,75,1,0
BRDA:343,75,2,0
BRDA:343,75,3,0
BRDA:343,76,0,0
BRDA:343,76,1,0
BRDA:343,77,0,0
BRDA:343,77,1,0
BRDA:357,78,0,0
BRDA:357,78,1,0
BRDA:360,79,0,0
BRDA:360,79,1,0
BRF:150
BRH:0
end_of_record
TN:
SF:src/components/form/bounty/index.tsx
FN:30,Form
FN:62,(anonymous_23)
FN:66,(anonymous_24)
FN:70,(anonymous_25)
FN:92,(anonymous_26)
FN:93,(anonymous_27)
FN:103,(anonymous_30)
FN:104,(anonymous_31)
FN:120,reloadForm
FN:122,(anonymous_33)
FN:126,(anonymous_34)
FN:131,(anonymous_35)
FN:147,(anonymous_36)
FN:153,(anonymous_37)
FN:158,(anonymous_38)
FN:163,(anonymous_39)
FN:183,(anonymous_40)
FN:190,(anonymous_41)
FN:206,(anonymous_42)
FN:211,(anonymous_43)
FN:219,(anonymous_44)
FN:223,(anonymous_45)
FN:224,(anonymous_46)
FN:238,(anonymous_47)
FN:241,(anonymous_48)
FN:244,(anonymous_49)
FN:248,(anonymous_50)
FN:252,(anonymous_51)
FN:271,(anonymous_52)
FN:272,(anonymous_53)
FN:293,(anonymous_54)
FN:297,(anonymous_55)
FN:300,(anonymous_56)
FN:304,(anonymous_57)
FN:308,(anonymous_58)
FN:353,(anonymous_59)
FN:406,(anonymous_60)
FN:443,(anonymous_61)
FN:444,(anonymous_62)
FN:458,(anonymous_63)
FN:461,(anonymous_64)
FN:464,(anonymous_65)
FN:468,(anonymous_66)
FN:472,(anonymous_67)
FN:502,(anonymous_68)
FN:503,(anonymous_69)
FN:516,(anonymous_70)
FN:520,(anonymous_71)
FN:523,(anonymous_72)
FN:527,(anonymous_73)
FN:531,(anonymous_74)
FN:568,(anonymous_75)
FN:610,(anonymous_76)
FN:626,(anonymous_77)
FN:636,(anonymous_78)
FN:639,(anonymous_79)
FN:642,(anonymous_80)
FN:647,(anonymous_81)
FN:651,(anonymous_82)
FN:686,(anonymous_83)
FN:707,(anonymous_84)
FN:719,(anonymous_85)
FN:725,(anonymous_88)
FNF:63
FNH:0
FNDA:0,Form
FNDA:0,(anonymous_23)
FNDA:0,(anonymous_24)
FNDA:0,(anonymous_25)
FNDA:0,(anonymous_26)
FNDA:0,(anonymous_27)
FNDA:0,(anonymous_30)
FNDA:0,(anonymous_31)
FNDA:0,reloadForm
FNDA:0,(anonymous_33)
FNDA:0,(anonymous_34)
FNDA:0,(anonymous_35)
FNDA:0,(anonymous_36)
FNDA:0,(anonymous_37)
FNDA:0,(anonymous_38)
FNDA:0,(anonymous_39)
FNDA:0,(anonymous_40)
FNDA:0,(anonymous_41)
FNDA:0,(anonymous_42)
FNDA:0,(anonymous_43)
FNDA:0,(anonymous_44)
FNDA:0,(anonymous_45)
FNDA:0,(anonymous_46)
FNDA:0,(anonymous_47)
FNDA:0,(anonymous_48)
FNDA:0,(anonymous_49)
FNDA:0,(anonymous_50)
FNDA:0,(anonymous_51)
FNDA:0,(anonymous_52)
FNDA:0,(anonymous_53)
FNDA:0,(anonymous_54)
FNDA:0,(anonymous_55)
FNDA:0,(anonymous_56)
FNDA:0,(anonymous_57)
FNDA:0,(anonymous_58)
FNDA:0,(anonymous_59)
FNDA:0,(anonymous_60)
FNDA:0,(anonymous_61)
FNDA:0,(anonymous_62)
FNDA:0,(anonymous_63)
FNDA:0,(anonymous_64)
FNDA:0,(anonymous_65)
FNDA:0,(anonymous_66)
FNDA:0,(anonymous_67)
FNDA:0,(anonymous_68)
FNDA:0,(anonymous_69)
FNDA:0,(anonymous_70)
FNDA:0,(anonymous_71)
FNDA:0,(anonymous_72)
FNDA:0,(anonymous_73)
FNDA:0,(anonymous_74)
FNDA:0,(anonymous_75)
FNDA:0,(anonymous_76)
FNDA:0,(anonymous_77)
FNDA:0,(anonymous_78)
FNDA:0,(anonymous_79)
FNDA:0,(anonymous_80)
FNDA:0,(anonymous_81)
FNDA:0,(anonymous_82)
FNDA:0,(anonymous_83)
FNDA:0,(anonymous_84)
FNDA:0,(anonymous_85)
FNDA:0,(anonymous_88)
DA:1,0
DA:2,0
DA:3,0
DA:4,0
DA:6,0
DA:7,0
DA:8,0
DA:9,0
DA:10,0
DA:11,0
DA:12,0
DA:13,0
DA:14,0
DA:15,0
DA:16,0
DA:27,0
DA:30,0
DA:38,0
DA:39,0
DA:40,0
DA:42,0
DA:43,0
DA:44,0
DA:45,0
DA:46,0
DA:47,0
DA:48,0
DA:49,0
DA:50,0
DA:51,0
DA:52,0
DA:54,0
DA:55,0
DA:57,0
DA:58,0
DA:60,0
DA:62,0
DA:63,0
DA:66,0
DA:67,0
DA:70,0
DA:71,0
DA:73,0
DA:74,0
DA:76,0
DA:77,0
DA:79,0
DA:80,0
DA:82,0
DA:83,0
DA:85,0
DA:86,0
DA:88,0
DA:92,0
DA:93,0
DA:95,0
DA:96,0
DA:98,0
DA:103,0
DA:104,0
DA:105,0
DA:106,0
DA:107,0
DA:108,0
DA:109,0
DA:110,0
DA:111,0
DA:112,0
DA:114,0
DA:121,0
DA:122,0
DA:123,0
DA:126,0
DA:127,0
DA:128,0
DA:129,0
DA:130,0
DA:131,0
DA:132,0
DA:133,0
DA:135,0
DA:136,0
DA:137,0
DA:139,0
DA:147,0
DA:148,0
DA:149,0
DA:153,0
DA:154,0
DA:157,0
DA:158,0
DA:159,0
DA:163,0
DA:166,0
DA:169,0
DA:171,0
DA:174,0
DA:176,0
DA:179,0
DA:182,0
DA:183,0
DA:185,0
DA:187,0
DA:189,0
DA:191,0
DA:199,0
DA:206,0
DA:207,0
DA:211,0
DA:212,0
DA:215,0
DA:219,0
DA:223,0
DA:224,0
DA:239,0
DA:242,0
DA:245,0
DA:249,0
DA:250,0
DA:253,0
DA:254,0
DA:271,0
DA:274,0
DA:280,0
DA:294,0
DA:298,0
DA:301,0
DA:305,0
DA:306,0
DA:309,0
DA:310,0
DA:327,0
DA:353,0
DA:407,0
DA:408,0
DA:409,0
DA:443,0
DA:444,0
DA:459,0
DA:462,0
DA:465,0
DA:469,0
DA:470,0
DA:473,0
DA:474,0
DA:502,0
DA:503,0
DA:517,0
DA:521,0
DA:524,0
DA:528,0
DA:529,0
DA:532,0
DA:533,0
DA:569,0
DA:570,0
DA:571,0
DA:573,0
DA:574,0
DA:576,0
DA:579,0
DA:580,0
DA:611,0
DA:612,0
DA:626,0
DA:637,0
DA:640,0
DA:643,0
DA:648,0
DA:649,0
DA:652,0
DA:653,0
DA:686,0
DA:708,0
DA:719,0
DA:720,0
DA:722,0
DA:724,0
DA:725,0
DA:726,0
DA:727,0
DA:745,0
LF:182
LH:0
BRDA:58,0,0,0
BRDA:58,0,1,0
BRDA:58,1,0,0
BRDA:58,1,1,0
BRDA:60,2,0,0
BRDA:60,2,1,0
BRDA:63,3,0,0
BRDA:63,3,1,0
BRDA:67,4,0,0
BRDA:67,4,1,0
BRDA:71,5,0,0
BRDA:71,5,1,0
BRDA:71,5,2,0
BRDA:71,5,3,0
BRDA:71,5,4,0
BRDA:71,5,5,0
BRDA:104,6,0,0
BRDA:104,6,1,0
BRDA:104,7,0,0
BRDA:104,7,1,0
BRDA:105,8,0,0
BRDA:105,8,1,0
BRDA:105,9,0,0
BRDA:105,9,1,0
BRDA:106,10,0,0
BRDA:106,10,1,0
BRDA:106,11,0,0
BRDA:106,11,1,0
BRDA:110,12,0,0
BRDA:115,13,0,0
BRDA:115,13,1,0
BRDA:115,14,0,0
BRDA:115,14,1,0
BRDA:127,15,0,0
BRDA:127,15,1,0
BRDA:127,16,0,0
BRDA:127,16,1,0
BRDA:128,17,0,0
BRDA:128,17,1,0
BRDA:129,18,0,0
BRDA:130,19,0,0
BRDA:135,20,0,0
BRDA:135,21,0,0
BRDA:135,21,1,0
BRDA:136,22,0,0
BRDA:148,23,0,0
BRDA:148,24,0,0
BRDA:148,24,1,0
BRDA:157,25,0,0
BRDA:158,26,0,0
BRDA:158,26,1,0
BRDA:158,27,0,0
BRDA:158,27,1,0
BRDA:159,28,0,0
BRDA:163,29,0,0
BRDA:163,29,1,0
BRDA:163,30,0,0
BRDA:163,30,1,0
BRDA:163,31,0,0
BRDA:163,31,1,0
BRDA:166,32,0,0
BRDA:166,32,1,0
BRDA:169,33,0,0
BRDA:169,34,0,0
BRDA:169,34,1,0
BRDA:171,35,0,0
BRDA:171,35,1,0
BRDA:174,36,0,0
BRDA:174,36,1,0
BRDA:176,37,0,0
BRDA:176,37,1,0
BRDA:179,38,0,0
BRDA:179,38,1,0
BRDA:179,38,2,0
BRDA:179,38,3,0
BRDA:182,39,0,0
BRDA:182,39,1,0
BRDA:182,40,0,0
BRDA:182,40,1,0
BRDA:183,41,0,0
BRDA:183,41,1,0
BRDA:185,42,0,0
BRDA:189,43,0,0
BRDA:189,43,1,0
BRDA:189,44,0,0
BRDA:189,44,1,0
BRDA:189,45,0,0
BRDA:189,45,1,0
BRDA:201,46,0,0
BRDA:201,46,1,0
BRDA:207,47,0,0
BRDA:207,47,1,0
BRDA:208,48,0,0
BRDA:208,48,1,0
BRDA:212,49,0,0
BRDA:212,49,1,0
BRDA:212,50,0,0
BRDA:212,50,1,0
BRDA:212,51,0,0
BRDA:212,51,1,0
BRDA:215,52,0,0
BRDA:215,52,1,0
BRDA:215,52,2,0
BRDA:219,53,0,0
BRDA:230,54,0,0
BRDA:230,54,1,0
BRDA:239,55,0,0
BRDA:257,56,0,0
BRDA:257,56,1,0
BRDA:257,56,2,0
BRDA:259,57,0,0
BRDA:259,57,1,0
BRDA:259,58,0,0
BRDA:259,58,1,0
BRDA:268,59,0,0
BRDA:268,59,1,0
BRDA:274,60,0,0
BRDA:274,60,1,0
BRDA:274,61,0,0
BRDA:274,61,1,0
BRDA:294,62,0,0
BRDA:314,63,0,0
BRDA:314,63,1,0
BRDA:314,63,2,0
BRDA:335,64,0,0
BRDA:335,64,1,0
BRDA:335,65,0,0
BRDA:335,65,1,0
BRDA:337,66,0,0
BRDA:337,66,1,0
BRDA:337,67,0,0
BRDA:337,67,1,0
BRDA:337,68,0,0
BRDA:337,68,1,0
BRDA:337,69,0,0
BRDA:337,69,1,0
BRDA:351,70,0,0
BRDA:351,70,1,0
BRDA:351,70,2,0
BRDA:353,71,0,0
BRDA:353,71,1,0
BRDA:353,72,0,0
BRDA:353,72,1,0
BRDA:357,73,0,0
BRDA:357,73,1,0
BRDA:382,74,0,0
BRDA:382,74,1,0
BRDA:399,75,0,0
BRDA:399,75,1,0
BRDA:403,76,0,0
BRDA:403,76,1,0
BRDA:438,77,0,0
BRDA:438,77,1,0
BRDA:450,78,0,0
BRDA:450,78,1,0
BRDA:459,79,0,0
BRDA:478,80,0,0
BRDA:478,80,1,0
BRDA:478,80,2,0
BRDA:481,81,0,0
BRDA:481,81,1,0
BRDA:481,82,0,0
BRDA:481,82,1,0
BRDA:488,83,0,0
BRDA:488,83,1,0
BRDA:488,84,0,0
BRDA:488,84,1,0
BRDA:493,85,0,0
BRDA:493,85,1,0
BRDA:517,86,0,0
BRDA:537,87,0,0
BRDA:537,87,1,0
BRDA:537,87,2,0
BRDA:540,88,0,0
BRDA:540,88,1,0
BRDA:540,89,0,0
BRDA:540,89,1,0
BRDA:551,90,0,0
BRDA:551,90,1,0
BRDA:551,91,0,0
BRDA:551,91,1,0
BRDA:555,92,0,0
BRDA:555,92,1,0
BRDA:556,93,0,0
BRDA:556,93,1,0
BRDA:557,94,0,0
BRDA:557,94,1,0
BRDA:557,95,0,0
BRDA:557,95,1,0
BRDA:560,96,0,0
BRDA:560,96,1,0
BRDA:565,97,0,0
BRDA:565,97,1,0
BRDA:569,98,0,0
BRDA:569,98,1,0
BRDA:569,99,0,0
BRDA:569,99,1,0
BRDA:570,100,0,0
BRDA:573,101,0,0
BRDA:573,101,1,0
BRDA:579,102,0,0
BRDA:586,103,0,0
BRDA:586,103,1,0
BRDA:587,104,0,0
BRDA:587,104,1,0
BRDA:593,105,0,0
BRDA:593,105,1,0
BRDA:595,106,0,0
BRDA:595,106,1,0
BRDA:602,107,0,0
BRDA:602,107,1,0
BRDA:624,108,0,0
BRDA:624,108,1,0
BRDA:637,109,0,0
BRDA:657,110,0,0
BRDA:657,110,1,0
BRDA:657,110,2,0
BRDA:660,111,0,0
BRDA:660,111,1,0
BRDA:660,112,0,0
BRDA:660,112,1,0
BRDA:701,113,0,0
BRDA:701,113,1,0
BRDA:701,113,2,0
BRDA:702,114,0,0
BRDA:702,114,1,0
BRDA:702,115,0,0
BRDA:702,115,1,0
BRDA:702,116,0,0
BRDA:702,116,1,0
BRDA:706,117,0,0
BRDA:706,117,1,0
BRDA:708,118,0,0
BRDA:715,119,0,0
BRDA:715,119,1,0
BRDA:718,120,0,0
BRDA:718,120,1,0
BRDA:720,121,0,0
BRDA:726,122,0,0
BRDA:726,122,1,0
BRDA:727,123,0,0
BRDA:727,123,1,0
BRF:242
BRH:0
end_of_record
TN:
SF:src/components/form/inputs/CheckboxInput.tsx
FN:7,CheckBox
FN:16,(anonymous_7)
FN:27,(anonymous_8)
FNF:3
FNH:0
FNDA:0,CheckBox
FNDA:0,(anonymous_7)
FNDA:0,(anonymous_8)
DA:1,0
DA:2,0
DA:3,0
DA:5,0
DA:7,0
DA:8,0
DA:9,0
DA:10,0
DA:11,0
DA:12,0
DA:13,0
DA:15,0
DA:16,0
DA:18,0
DA:21,0
DA:28,0
LF:16
LH:0
BRDA:18,0,0,0
BRDA:18,1,0,0
BRDA:18,1,1,0
BRDA:34,2,0,0
BRDA:34,2,1,0
BRF:5
BRH:0
end_of_record
TN:
SF:src/components/form/inputs/CreatableMultiSelectInput.tsx
FN:28,(anonymous_8)
FN:35,CreatableMultiSelectInput
FN:65,(anonymous_10)
FNF:3
FNH:0
FNDA:0,(anonymous_8)
FNDA:0,CreatableMultiSelectInput
FNDA:0,(anonymous_10)
DA:1,3
DA:2,3
DA:3,3
DA:4,3
DA:5,3
DA:7,3
DA:13,3
DA:20,3
DA:28,0
DA:32,3
DA:35,3
DA:36,0
DA:37,0
DA:38,0
DA:39,0
DA:40,0
DA:41,0
DA:42,0
DA:43,0
DA:45,0
DA:46,0
DA:47,0
DA:49,0
DA:51,0
DA:66,0
DA:67,0
LF:26
LH:10
BRDA:13,0,0,3
BRDA:13,0,1,3
BRDA:20,1,0,3
BRDA:20,1,1,3
BRDA:28,2,0,0
BRDA:28,2,1,0
BRDA:28,3,0,0
BRDA:28,3,1,0
BRDA:28,4,0,0
BRDA:28,4,1,0
BRDA:32,5,0,3
BRDA:32,5,1,3
BRDA:46,6,0,0
BRDA:56,7,0,0
BRDA:56,7,1,0
BRDA:56,8,0,0
BRDA:56,8,1,0
BRDA:56,9,0,0
BRDA:56,9,1,0
BRDA:57,10,0,0
BRDA:57,10,1,0
BRDA:57,11,0,0
BRDA:57,11,1,0
BRDA:71,12,0,0
BRDA:71,12,1,0
BRDA:78,13,0,0
BRDA:78,13,1,0
BRDA:80,14,0,0
BRDA:80,14,1,0
BRDA:80,15,0,0
BRDA:80,15,1,0
BRDA:81,16,0,0
BRDA:81,16,1,0
BRF:33
BRH:6
end_of_record
TN:
SF:src/components/form/inputs/CreatableMultiSelectInputNew.tsx
FN:38,(anonymous_11)
FN:42,(anonymous_12)
FN:45,(anonymous_13)
FN:46,(anonymous_14)
FN:55,(anonymous_15)
FN:58,(anonymous_16)
FN:79,(anonymous_17)
FN:80,(anonymous_18)
FN:91,(anonymous_19)
FN:96,CreatableMultiSelectInputNew
FN:102,(anonymous_21)
FN:102,(anonymous_22)
FN:103,(anonymous_23)
FN:108,(anonymous_24)
FN:127,(anonymous_25)
FN:138,(anonymous_26)
FN:139,(anonymous_27)
FN:142,(anonymous_28)
FN:199,(anonymous_29)
FN:211,(anonymous_30)
FN:224,(anonymous_31)
FN:228,(anonymous_32)
FNF:22
FNH:0
FNDA:0,(anonymous_11)
FNDA:0,(anonymous_12)
FNDA:0,(anonymous_13)
FNDA:0,(anonymous_14)
FNDA:0,(anonymous_15)
FNDA:0,(anonymous_16)
FNDA:0,(anonymous_17)
FNDA:0,(anonymous_18)
FNDA:0,(anonymous_19)
FNDA:0,CreatableMultiSelectInputNew
FNDA:0,(anonymous_21)
FNDA:0,(anonymous_22)
FNDA:0,(anonymous_23)
FNDA:0,(anonymous_24)
FNDA:0,(anonymous_25)
FNDA:0,(anonymous_26)
FNDA:0,(anonymous_27)
FNDA:0,(anonymous_28)
FNDA:0,(anonymous_29)
FNDA:0,(anonymous_30)
FNDA:0,(anonymous_31)
FNDA:0,(anonymous_32)
DA:1,3
DA:2,3
DA:3,3
DA:4,3
DA:5,3
DA:6,3
DA:11,3
DA:26,3
DA:38,0
DA:42,0
DA:45,0
DA:46,0
DA:55,0
DA:58,0
DA:64,3
DA:73,3
DA:79,0
DA:80,0
DA:91,0
DA:94,3
DA:96,3
DA:97,0
DA:98,0
DA:99,0
DA:101,0
DA:102,0
DA:103,0
DA:104,0
DA:105,0
DA:106,0
DA:108,0
DA:109,0
DA:110,0
DA:111,0
DA:112,0
DA:115,0
DA:116,0
DA:122,0
DA:123,0
DA:124,0
DA:126,0
DA:127,0
DA:128,0
DA:129,0
DA:132,0
DA:133,0
DA:134,0
DA:138,0
DA:139,0
DA:142,0
DA:143,0
DA:144,0
DA:145,0
DA:146,0
DA:148,0
DA:149,0
DA:152,0
DA:200,0
DA:212,0
DA:224,0
DA:229,0
LF:61
LH:12
BRDA:26,0,0,3
BRDA:26,0,1,3
BRDA:38,1,0,0
BRDA:38,1,1,0
BRDA:38,2,0,0
BRDA:38,2,1,0
BRDA:38,3,0,0
BRDA:38,3,1,0
BRDA:38,4,0,0
BRDA:38,4,1,0
BRDA:38,5,0,0
BRDA:38,5,1,0
BRDA:38,6,0,0
BRDA:38,6,1,0
BRDA:38,7,0,0
BRDA:38,7,1,0
BRDA:42,8,0,0
BRDA:42,8,1,0
BRDA:42,9,0,0
BRDA:42,9,1,0
BRDA:42,10,0,0
BRDA:42,10,1,0
BRDA:42,11,0,0
BRDA:42,11,1,0
BRDA:42,12,0,0
BRDA:42,12,1,0
BRDA:42,13,0,0
BRDA:42,13,1,0
BRDA:42,14,0,0
BRDA:42,14,1,0
BRDA:45,15,0,0
BRDA:45,15,1,0
BRDA:45,16,0,0
BRDA:45,16,1,0
BRDA:45,17,0,0
BRDA:45,17,1,0
BRDA:45,18,0,0
BRDA:45,18,1,0
BRDA:45,19,0,0
BRDA:45,19,1,0
BRDA:45,20,0,0
BRDA:45,20,1,0
BRDA:45,21,0,0
BRDA:45,21,1,0
BRDA:46,22,0,0
BRDA:46,22,1,0
BRDA:46,23,0,0
BRDA:46,23,1,0
BRDA:46,24,0,0
BRDA:46,24,1,0
BRDA:46,25,0,0
BRDA:46,25,1,0
BRDA:46,26,0,0
BRDA:46,26,1,0
BRDA:46,27,0,0
BRDA:46,27,1,0
BRDA:46,28,0,0
BRDA:46,28,1,0
BRDA:55,29,0,0
BRDA:55,29,1,0
BRDA:55,30,0,0
BRDA:55,30,1,0
BRDA:55,31,0,0
BRDA:55,31,1,0
BRDA:55,32,0,0
BRDA:55,32,1,0
BRDA:55,33,0,0
BRDA:55,33,1,0
BRDA:55,34,0,0
BRDA:55,34,1,0
BRDA:55,35,0,0
BRDA:55,35,1,0
BRDA:58,36,0,0
BRDA:58,36,1,0
BRDA:58,37,0,0
BRDA:58,37,1,0
BRDA:58,38,0,0
BRDA:58,38,1,0
BRDA:58,39,0,0
BRDA:58,39,1,0
BRDA:58,40,0,0
BRDA:58,40,1,0
BRDA:58,41,0,0
BRDA:58,41,1,0
BRDA:58,42,0,0
BRDA:58,42,1,0
BRDA:64,43,0,3
BRDA:64,43,1,3
BRDA:73,44,0,3
BRDA:73,44,1,3
BRDA:79,45,0,0
BRDA:79,45,1,0
BRDA:79,46,0,0
BRDA:79,46,1,0
BRDA:79,47,0,0
BRDA:79,47,1,0
BRDA:79,48,0,0
BRDA:79,48,1,0
BRDA:79,49,0,0
BRDA:79,49,1,0
BRDA:80,50,0,0
BRDA:80,50,1,0
BRDA:80,51,0,0
BRDA:80,51,1,0
BRDA:80,52,0,0
BRDA:80,52,1,0
BRDA:80,53,0,0
BRDA:80,53,1,0
BRDA:80,54,0,0
BRDA:80,54,1,0
BRDA:91,55,0,0
BRDA:91,55,1,0
BRDA:91,56,0,0
BRDA:91,56,1,0
BRDA:91,57,0,0
BRDA:91,57,1,0
BRDA:91,58,0,0
BRDA:91,58,1,0
BRDA:91,59,0,0
BRDA:91,59,1,0
BRDA:98,60,0,0
BRDA:106,61,0,0
BRDA:106,61,1,0
BRDA:106,61,2,0
BRDA:111,62,0,0
BRDA:115,63,0,0
BRDA:115,64,0,0
BRDA:115,64,1,0
BRDA:123,65,0,0
BRDA:123,65,1,0
BRDA:143,66,0,0
BRDA:176,67,0,0
BRDA:176,67,1,0
BRDA:176,68,0,0
BRDA:176,68,1,0
BRDA:176,69,0,0
BRDA:176,69,1,0
BRDA:177,70,0,0
BRDA:177,70,1,0
BRDA:177,71,0,0
BRDA:177,71,1,0
BRDA:177,72,0,0
BRDA:177,72,1,0
BRDA:178,73,0,0
BRDA:178,73,1,0
BRDA:183,74,0,0
BRDA:183,74,1,0
BRDA:219,75,0,0
BRDA:219,75,1,0
BRDA:219,76,0,0
BRDA:219,76,1,0
BRDA:222,77,0,0
BRDA:222,77,1,0
BRDA:222,77,2,0
BRDA:224,78,0,0
BRDA:224,78,1,0
BRDA:224,79,0,0
BRDA:224,79,1,0
BRF:158
BRH:6
end_of_record
TN:
SF:src/components/form/inputs/GalleryInput.tsx
FN:60,GalleryInput
FN:66,addImg
FN:72,uploadBase64Pic
FN:99,dropzoneUpload
FN:101,(anonymous_34)
FN:102,(anonymous_35)
FN:119,(anonymous_36)
FN:119,(anonymous_37)
FN:127,deleteImg
FN:137,(anonymous_42)
FN:139,(anonymous_43)
FN:157,(anonymous_44)
FN:190,(anonymous_45)
FNF:13
FNH:0
FNDA:0,GalleryInput
FNDA:0,addImg
FNDA:0,uploadBase64Pic
FNDA:0,dropzoneUpload
FNDA:0,(anonymous_34)
FNDA:0,(anonymous_35)
FNDA:0,(anonymous_36)
FNDA:0,(anonymous_37)
FNDA:0,deleteImg
FNDA:0,(anonymous_42)
FNDA:0,(anonymous_43)
FNDA:0,(anonymous_44)
FNDA:0,(anonymous_45)
DA:1,3
DA:2,3
DA:3,3
DA:4,3
DA:5,3
DA:6,3
DA:8,3
DA:9,3
DA:10,3
DA:13,3
DA:19,3
DA:20,3
DA:27,3
DA:41,3
DA:46,3
DA:53,3
DA:60,0
DA:61,0
DA:62,0
DA:63,0
DA:64,0
DA:65,0
DA:67,0
DA:68,0
DA:69,0
DA:74,0
DA:75,0
DA:76,0
DA:77,0
DA:88,0
DA:90,0
DA:92,0
DA:95,0
DA:100,0
DA:101,0
DA:102,0
DA:103,0
DA:104,0
DA:106,0
DA:107,0
DA:111,0
DA:112,0
DA:115,0
DA:117,0
DA:118,0
DA:119,0
DA:120,0
DA:121,0
DA:124,0
DA:128,0
DA:129,0
DA:130,0
DA:133,0
DA:137,0
DA:139,0
DA:157,0
DA:190,0
DA:197,3
LF:58
LH:17
BRDA:13,0,0,3
BRDA:13,0,1,3
BRDA:19,1,0,3
BRDA:19,1,1,3
BRDA:20,2,0,3
BRDA:20,2,1,3
BRDA:27,3,0,3
BRDA:27,3,1,3
BRDA:41,4,0,3
BRDA:41,4,1,3
BRDA:46,5,0,3
BRDA:46,5,1,3
BRDA:53,6,0,3
BRDA:53,6,1,3
BRDA:65,7,0,0
BRDA:65,7,1,0
BRDA:75,8,0,0
BRDA:76,9,0,0
BRDA:76,9,1,0
BRDA:90,10,0,0
BRDA:90,11,0,0
BRDA:90,11,1,0
BRDA:90,11,2,0
BRDA:100,12,0,0
BRDA:103,13,0,0
BRDA:106,14,0,0
BRDA:120,15,0,0
BRDA:136,16,0,0
BRDA:136,16,1,0
BRDA:179,17,0,0
BRDA:179,17,1,0
BRF:31
BRH:14
end_of_record
TN:
SF:src/components/form/inputs/ImgInput.tsx
FN:50,(anonymous_23)
FN:66,ImageInput
FN:73,uploadBase64Pic
FN:103,dropzoneUpload
FN:105,(anonymous_31)
FN:106,(anonymous_32)
FN:122,(anonymous_33)
FN:122,(anonymous_34)
FN:140,(anonymous_36)
FN:216,(anonymous_37)
FNF:10
FNH:0
FNDA:0,(anonymous_23)
FNDA:0,ImageInput
FNDA:0,uploadBase64Pic
FNDA:0,dropzoneUpload
FNDA:0,(anonymous_31)
FNDA:0,(anonymous_32)
FNDA:0,(anonymous_33)
FNDA:0,(anonymous_34)
FNDA:0,(anonymous_36)
FNDA:0,(anonymous_37)
DA:1,3
DA:2,3
DA:3,3
DA:4,3
DA:5,3
DA:6,3
DA:7,3
DA:9,3
DA:10,3
DA:11,3
DA:12,3
DA:14,3
DA:16,3
DA:22,3
DA:31,3
DA:42,3
DA:51,0
DA:56,3
DA:66,0
DA:67,0
DA:68,0
DA:69,0
DA:70,0
DA:71,0
DA:75,0
DA:76,0
DA:77,0
DA:78,0
DA:80,0
DA:81,0
DA:92,0
DA:94,0
DA:95,0
DA:96,0
DA:99,0
DA:104,0
DA:105,0
DA:106,0
DA:107,0
DA:108,0
DA:110,0
DA:111,0
DA:115,0
DA:116,0
DA:119,0
DA:120,0
DA:121,0
DA:122,0
DA:123,0
DA:124,0
DA:126,0
DA:129,0
DA:135,0
DA:137,0
DA:140,0
DA:216,0
DA:225,3
LF:57
LH:18
BRDA:16,0,0,3
BRDA:16,0,1,3
BRDA:22,1,0,3
BRDA:22,1,1,3
BRDA:31,2,0,3
BRDA:31,2,1,3
BRDA:42,3,0,3
BRDA:42,3,1,3
BRDA:51,4,0,0
BRDA:51,4,1,0
BRDA:51,5,0,0
BRDA:51,5,1,0
BRDA:51,6,0,0
BRDA:51,6,1,0
BRDA:51,7,0,0
BRDA:51,7,1,0
BRDA:51,8,0,0
BRDA:51,8,1,0
BRDA:56,9,0,3
BRDA:56,9,1,3
BRDA:76,10,0,0
BRDA:80,11,0,0
BRDA:80,11,1,0
BRDA:94,12,0,0
BRDA:94,13,0,0
BRDA:94,13,1,0
BRDA:94,13,2,0
BRDA:104,14,0,0
BRDA:107,15,0,0
BRDA:110,16,0,0
BRDA:123,17,0,0
BRDA:129,18,0,0
BRDA:129,18,1,0
BRDA:135,19,0,0
BRDA:135,19,1,0
BRDA:142,20,0,0
BRDA:142,20,1,0
BRDA:146,21,0,0
BRDA:146,21,1,0
BRDA:150,22,0,0
BRDA:150,22,1,0
BRDA:150,23,0,0
BRDA:150,23,1,0
BRDA:150,24,0,0
BRDA:150,24,1,0
BRDA:186,25,0,0
BRDA:186,25,1,0
BRDA:190,26,0,0
BRDA:190,26,1,0
BRDA:190,27,0,0
BRDA:190,27,1,0
BRDA:190,28,0,0
BRDA:190,28,1,0
BRDA:205,29,0,0
BRDA:205,29,1,0
BRDA:220,30,0,0
BRDA:220,30,1,0
BRF:57
BRH:10
end_of_record
TN:
SF:src/components/form/inputs/LoomVideoInput.tsx
FN:5,LoomVideoInput
FN:10,(anonymous_2)
FNF:2
FNH:0
FNDA:0,LoomVideoInput
FNDA:0,(anonymous_2)
DA:1,3
DA:2,3
DA:5,3
DA:6,0
DA:11,0
LF:5
LH:3
BRF:0
BRH:0
end_of_record
TN:
SF:src/components/form/inputs/LoomVideoInputNew.tsx
FN:18,(anonymous_8)
FN:32,(anonymous_9)
FN:36,LoomVideoInputNew
FN:51,(anonymous_11)
FNF:4
FNH:0
FNDA:0,(anonymous_8)
FNDA:0,(anonymous_9)
FNDA:0,LoomVideoInputNew
FNDA:0,(anonymous_11)
DA:1,3
DA:2,3
DA:3,3
DA:4,3
DA:5,3
DA:13,3
DA:18,0
DA:32,0
DA:36,3
DA:37,0
DA:38,0
DA:39,0
DA:40,0
DA:41,0
DA:43,0
DA:45,0
DA:47,0
DA:52,0
LF:18
LH:7
BRDA:13,0,0,3
BRDA:13,0,1,3
BRDA:18,1,0,0
BRDA:18,1,1,0
BRDA:32,2,0,0
BRDA:32,2,1,0
BRDA:41,3,0,0
BRDA:41,3,1,0
BRDA:60,4,0,0
BRDA:60,4,1,0
BRF:10
BRH:2
end_of_record
TN:
SF:src/components/form/inputs/MultiSelectInput.tsx
FN:28,(anonymous_8)
FN:35,MultiSelectInput
FN:65,(anonymous_10)
FNF:3
FNH:0
FNDA:0,(anonymous_8)
FNDA:0,MultiSelectInput
FNDA:0,(anonymous_10)
DA:1,3
DA:2,3
DA:3,3
DA:4,3
DA:5,3
DA:7,3
DA:13,3
DA:20,3
DA:28,0
DA:32,3
DA:35,3
DA:36,0
DA:37,0
DA:38,0
DA:39,0
DA:40,0
DA:41,0
DA:42,0
DA:43,0
DA:45,0
DA:46,0
DA:47,0
DA:49,0
DA:51,0
DA:66,0
DA:67,0
LF:26
LH:10
BRDA:13,0,0,3
BRDA:13,0,1,3
BRDA:20,1,0,3
BRDA:20,1,1,3
BRDA:28,2,0,0
BRDA:28,2,1,0
BRDA:28,3,0,0
BRDA:28,3,1,0
BRDA:28,4,0,0
BRDA:28,4,1,0
BRDA:32,5,0,3
BRDA:32,5,1,3
BRDA:46,6,0,0
BRDA:56,7,0,0
BRDA:56,7,1,0
BRDA:56,8,0,0
BRDA:56,8,1,0
BRDA:56,9,0,0
BRDA:56,9,1,0
BRDA:57,10,0,0
BRDA:57,10,1,0
BRDA:57,11,0,0
BRDA:57,11,1,0
BRDA:71,12,0,0
BRDA:71,12,1,0
BRDA:78,13,0,0
BRDA:78,13,1,0
BRDA:80,14,0,0
BRDA:80,14,1,0
BRDA:80,15,0,0
BRDA:80,15,1,0
BRDA:81,16,0,0
BRDA:81,16,1,0
BRF:33
BRH:6
end_of_record
TN:
SF:src/components/form/inputs/NumberInput.tsx
FN:14,(anonymous_8)
FN:21,(anonymous_9)
FN:22,(anonymous_10)
FN:34,(anonymous_11)
FN:35,(anonymous_12)
FN:45,(anonymous_13)
FN:54,NumberInput
FN:75,(anonymous_15)
FN:88,(anonymous_16)
FN:93,(anonymous_17)
FN:100,(anonymous_18)
FNF:11
FNH:0
FNDA:0,(anonymous_8)
FNDA:0,(anonymous_9)
FNDA:0,(anonymous_10)
FNDA:0,(anonymous_11)
FNDA:0,(anonymous_12)
FNDA:0,(anonymous_13)
FNDA:0,NumberInput
FNDA:0,(anonymous_15)
FNDA:0,(anonymous_16)
FNDA:0,(anonymous_17)
FNDA:0,(anonymous_18)
DA:1,3
DA:2,3
DA:3,3
DA:4,3
DA:6,3
DA:12,3
DA:14,0
DA:21,0
DA:22,0
DA:34,0
DA:35,0
DA:42,3
DA:45,0
DA:51,3
DA:54,3
DA:55,0
DA:56,0
DA:57,0
DA:58,0
DA:59,0
DA:60,0
DA:61,0
DA:62,0
DA:63,0
DA:64,0
DA:66,0
DA:67,0
DA:68,0
DA:69,0
DA:71,0
DA:76,0
DA:90,0
DA:91,0
DA:95,0
DA:96,0
DA:97,0
DA:98,0
DA:102,0
DA:103,0
DA:104,0
LF:40
LH:9
BRDA:12,0,0,3
BRDA:12,0,1,3
BRDA:14,1,0,0
BRDA:14,1,1,0
BRDA:21,2,0,0
BRDA:21,2,1,0
BRDA:22,3,0,0
BRDA:22,3,1,0
BRDA:34,4,0,0
BRDA:34,4,1,0
BRDA:35,5,0,0
BRDA:35,5,1,0
BRDA:42,6,0,3
BRDA:42,6,1,3
BRDA:45,7,0,0
BRDA:45,7,1,0
BRDA:51,8,0,3
BRDA:51,8,1,3
BRDA:67,9,0,0
BRDA:78,10,0,0
BRDA:78,10,1,0
BRDA:78,11,0,0
BRDA:78,11,1,0
BRDA:78,12,0,0
BRDA:78,12,1,0
BRDA:78,13,0,0
BRDA:78,13,1,0
BRDA:90,14,0,0
BRDA:95,15,0,0
BRDA:96,16,0,0
BRDA:102,17,0,0
BRDA:109,18,0,0
BRDA:109,18,1,0
BRDA:110,19,0,0
BRDA:110,19,1,0
BRDA:113,20,0,0
BRDA:113,20,1,0
BRDA:113,21,0,0
BRDA:113,21,1,0
BRDA:114,22,0,0
BRDA:114,22,1,0
BRF:41
BRH:6
end_of_record
TN:
SF:src/components/form/inputs/NumberInputNew.tsx
FN:19,(anonymous_8)
FN:20,(anonymous_9)
FN:30,(anonymous_10)
FN:33,(anonymous_11)
FN:44,(anonymous_12)
FN:45,(anonymous_13)
FN:49,NumberInputNew
FN:66,(anonymous_15)
FN:76,(anonymous_16)
FN:90,(anonymous_17)
FN:96,(anonymous_18)
FNF:11
FNH:0
FNDA:0,(anonymous_8)
FNDA:0,(anonymous_9)
FNDA:0,(anonymous_10)
FNDA:0,(anonymous_11)
FNDA:0,(anonymous_12)
FNDA:0,(anonymous_13)
FNDA:0,NumberInputNew
FNDA:0,(anonymous_15)
FNDA:0,(anonymous_16)
FNDA:0,(anonymous_17)
FNDA:0,(anonymous_18)
DA:1,3
DA:2,3
DA:3,3
DA:5,3
DA:12,3
DA:19,0
DA:20,0
DA:30,0
DA:33,0
DA:44,0
DA:45,0
DA:49,3
DA:50,0
DA:51,0
DA:52,0
DA:53,0
DA:54,0
DA:55,0
DA:56,0
DA:58,0
DA:59,0
DA:61,0
DA:62,0
DA:63,0
DA:64,0
DA:66,0
DA:67,0
DA:68,0
DA:72,0
DA:77,0
DA:91,0
DA:92,0
DA:93,0
DA:97,0
DA:98,0
LF:35
LH:6
BRDA:12,0,0,3
BRDA:12,0,1,3
BRDA:19,1,0,0
BRDA:19,1,1,0
BRDA:20,2,0,0
BRDA:20,2,1,0
BRDA:30,3,0,0
BRDA:30,3,1,0
BRDA:33,4,0,0
BRDA:33,4,1,0
BRDA:44,5,0,0
BRDA:44,5,1,0
BRDA:45,6,0,0
BRDA:45,6,1,0
BRDA:59,7,0,0
BRDA:67,8,0,0
BRDA:73,9,0,0
BRDA:73,9,1,0
BRDA:79,10,0,0
BRDA:79,10,1,0
BRDA:79,11,0,0
BRDA:79,11,1,0
BRDA:79,12,0,0
BRDA:79,12,1,0
BRDA:79,13,0,0
BRDA:79,13,1,0
BRDA:92,14,0,0
BRF:27
BRH:2
end_of_record
TN:
SF:src/components/form/inputs/NumberSatsInput.tsx
FN:19,(anonymous_8)
FN:20,(anonymous_9)
FN:30,(anonymous_10)
FN:33,(anonymous_11)
FN:44,(anonymous_12)
FN:45,(anonymous_13)
FN:49,NumberInputNew
FN:72,(anonymous_15)
FN:87,(anonymous_16)
FN:93,(anonymous_17)
FNF:10
FNH:0
FNDA:0,(anonymous_8)
FNDA:0,(anonymous_9)
FNDA:0,(anonymous_10)
FNDA:0,(anonymous_11)
FNDA:0,(anonymous_12)
FNDA:0,(anonymous_13)
FNDA:0,NumberInputNew
FNDA:0,(anonymous_15)
FNDA:0,(anonymous_16)
FNDA:0,(anonymous_17)
DA:1,3
DA:2,3
DA:3,3
DA:4,3
DA:12,3
DA:19,0
DA:20,0
DA:30,0
DA:33,0
DA:44,0
DA:45,0
DA:49,3
DA:50,0
DA:51,0
DA:52,0
DA:53,0
DA:54,0
DA:55,0
DA:57,0
DA:59,0
DA:60,0
DA:65,0
DA:67,0
DA:68,0
DA:69,0
DA:70,0
DA:72,0
DA:73,0
DA:74,0
DA:78,0
DA:88,0
DA:89,0
DA:90,0
DA:94,0
DA:95,0
DA:96,0
DA:97,0
DA:98,0
LF:38
LH:6
BRDA:12,0,0,3
BRDA:12,0,1,3
BRDA:19,1,0,0
BRDA:19,1,1,0
BRDA:20,2,0,0
BRDA:20,2,1,0
BRDA:30,3,0,0
BRDA:30,3,1,0
BRDA:33,4,0,0
BRDA:33,4,1,0
BRDA:44,5,0,0
BRDA:44,5,1,0
BRDA:45,6,0,0
BRDA:45,6,1,0
BRDA:59,7,0,0
BRDA:59,7,1,0
BRDA:60,8,0,0
BRDA:60,8,1,0
BRDA:61,9,0,0
BRDA:61,9,1,0
BRDA:65,10,0,0
BRDA:73,11,0,0
BRDA:79,12,0,0
BRDA:79,12,1,0
BRDA:89,13,0,0
BRDA:94,14,0,0
BRDA:94,14,1,0
BRDA:94,15,0,0
BRDA:94,15,1,0
BRF:29
BRH:2
end_of_record
TN:
SF:src/components/form/inputs/SearchTextInput.tsx
FN:11,(anonymous_2)
FN:12,(anonymous_3)
FN:32,(anonymous_4)
FN:40,SearchTextInput
FN:59,(anonymous_6)
FNF:5
FNH:0
FNDA:0,(anonymous_2)
FNDA:0,(anonymous_3)
FNDA:0,(anonymous_4)
FNDA:0,SearchTextInput
FNDA:0,(anonymous_6)
DA:1,3
DA:2,3
DA:3,3
DA:4,3
DA:10,3
DA:11,0
DA:12,0
DA:24,3
DA:32,0
DA:36,3
DA:40,3
DA:41,0
DA:42,0
DA:43,0
DA:44,0
DA:45,0
DA:46,0
DA:47,0
DA:49,0
DA:51,0
DA:59,0
LF:21
LH:8
BRDA:10,0,0,3
BRDA:10,0,1,3
BRDA:11,1,0,0
BRDA:11,1,1,0
BRDA:12,2,0,0
BRDA:12,2,1,0
BRDA:24,3,0,3
BRDA:24,3,1,3
BRDA:32,4,0,0
BRDA:32,4,1,0
BRDA:36,5,0,3
BRDA:36,5,1,3
BRDA:57,6,0,0
BRDA:57,6,1,0
BRDA:58,7,0,0
BRDA:58,7,1,0
BRDA:62,8,0,0
BRDA:62,8,1,0
BRDA:64,9,0,0
BRDA:64,9,1,0
BRF:20
BRH:6
end_of_record
TN:
SF:src/components/form/inputs/SearchableSelectInput.tsx
FN:30,(anonymous_21)
FN:37,SearchableSelectInput
FN:57,(anonymous_23)
FN:58,(anonymous_24)
FN:65,(anonymous_27)
FN:78,(anonymous_28)
FN:114,(anonymous_29)
FN:118,(anonymous_30)
FNF:8
FNH:0
FNDA:0,(anonymous_21)
FNDA:0,SearchableSelectInput
FNDA:0,(anonymous_23)
FNDA:0,(anonymous_24)
FNDA:0,(anonymous_27)
FNDA:0,(anonymous_28)
FNDA:0,(anonymous_29)
FNDA:0,(anonymous_30)
DA:1,3
DA:2,3
DA:3,3
DA:4,3
DA:5,3
DA:6,3
DA:7,3
DA:9,3
DA:15,3
DA:22,3
DA:30,0
DA:34,3
DA:37,0
DA:38,0
DA:39,0
DA:40,0
DA:41,0
DA:42,0
DA:43,0
DA:44,0
DA:45,0
DA:47,0
DA:49,0
DA:50,0
DA:52,0
DA:53,0
DA:54,0
DA:55,0
DA:57,0
DA:58,0
DA:59,0
DA:60,0
DA:62,0
DA:63,0
DA:64,0
DA:65,0
DA:72,0
DA:74,0
DA:75,0
DA:77,0
DA:78,0
DA:87,0
DA:91,0
DA:93,0
DA:98,0
DA:115,0
DA:116,0
DA:119,0
DA:138,3
LF:49
LH:12
BRDA:15,0,0,3
BRDA:15,0,1,3
BRDA:22,1,0,3
BRDA:22,1,1,3
BRDA:30,2,0,0
BRDA:30,2,1,0
BRDA:30,3,0,0
BRDA:30,3,1,0
BRDA:30,4,0,0
BRDA:30,4,1,0
BRDA:30,5,0,0
BRDA:30,5,1,0
BRDA:30,6,0,0
BRDA:30,6,1,0
BRDA:34,7,0,3
BRDA:34,7,1,3
BRDA:59,8,0,0
BRDA:62,9,0,0
BRDA:62,10,0,0
BRDA:62,10,1,0
BRDA:64,11,0,0
BRDA:64,12,0,0
BRDA:64,12,1,0
BRDA:74,13,0,0
BRDA:77,14,0,0
BRDA:77,15,0,0
BRDA:77,15,1,0
BRDA:105,16,0,0
BRDA:105,16,1,0
BRDA:119,17,0,0
BRDA:122,18,0,0
BRDA:122,18,1,0
BRDA:129,19,0,0
BRDA:129,19,1,0
BRDA:131,20,0,0
BRDA:131,20,1,0
BRDA:131,21,0,0
BRDA:131,21,1,0
BRDA:132,22,0,0
BRDA:132,22,1,0
BRF:40
BRH:6
end_of_record
TN:
SF:src/components/form/inputs/SelectInput.tsx
FN:28,(anonymous_8)
FN:38,(anonymous_9)
FN:49,(anonymous_10)
FN:50,(anonymous_11)
FN:61,(anonymous_12)
FN:65,(anonymous_13)
FN:68,SelectInput
FN:104,(anonymous_15)
FNF:8
FNH:0
FNDA:0,(anonymous_8)
FNDA:0,(anonymous_9)
FNDA:0,(anonymous_10)
FNDA:0,(anonymous_11)
FNDA:0,(anonymous_12)
FNDA:0,(anonymous_13)
FNDA:0,SelectInput
FNDA:0,(anonymous_15)
DA:1,3
DA:2,3
DA:3,3
DA:4,3
DA:5,3
DA:7,3
DA:13,3
DA:20,3
DA:28,0
DA:32,3
DA:37,3
DA:38,0
DA:49,0
DA:50,0
DA:61,0
DA:65,0
DA:68,3
DA:69,0
DA:70,0
DA:71,0
DA:72,0
DA:73,0
DA:74,0
DA:75,0
DA:76,0
DA:78,0
DA:79,0
DA:80,0
DA:81,0
DA:82,0
DA:105,0
DA:106,0
LF:32
LH:11
BRDA:13,0,0,3
BRDA:13,0,1,3
BRDA:20,1,0,3
BRDA:20,1,1,3
BRDA:28,2,0,0
BRDA:28,2,1,0
BRDA:28,3,0,0
BRDA:28,3,1,0
BRDA:28,4,0,0
BRDA:28,4,1,0
BRDA:28,5,0,0
BRDA:28,5,1,0
BRDA:28,6,0,0
BRDA:28,6,1,0
BRDA:32,7,0,3
BRDA:32,7,1,3
BRDA:37,8,0,3
BRDA:37,8,1,3
BRDA:38,9,0,0
BRDA:38,9,1,0
BRDA:49,10,0,0
BRDA:49,10,1,0
BRDA:49,11,0,0
BRDA:49,11,1,0
BRDA:49,12,0,0
BRDA:49,12,1,0
BRDA:49,13,0,0
BRDA:49,13,1,0
BRDA:49,14,0,0
BRDA:49,14,1,0
BRDA:50,15,0,0
BRDA:50,15,1,0
BRDA:50,16,0,0
BRDA:50,16,1,0
BRDA:50,17,0,0
BRDA:50,17,1,0
BRDA:50,18,0,0
BRDA:50,18,1,0
BRDA:50,19,0,0
BRDA:50,19,1,0
BRDA:61,20,0,0
BRDA:61,20,1,0
BRDA:61,21,0,0
BRDA:61,21,1,0
BRDA:61,22,0,0
BRDA:61,22,1,0
BRDA:61,23,0,0
BRDA:61,23,1,0
BRDA:61,24,0,0
BRDA:61,24,1,0
BRDA:65,25,0,0
BRDA:65,25,1,0
BRDA:80,26,0,0
BRDA:87,27,0,0
BRDA:87,27,1,0
BRDA:87,28,0,0
BRDA:87,28,1,0
BRDA:109,29,0,0
BRDA:109,29,1,0
BRDA:116,30,0,0
BRDA:116,30,1,0
BRDA:118,31,0,0
BRDA:118,31,1,0
BRDA:118,32,0,0
BRDA:118,32,1,0
BRDA:119,33,0,0
BRDA:119,33,1,0
BRF:67
BRH:8
end_of_record
TN:
SF:src/components/form/inputs/SwitchInput.tsx
FN:13,(anonymous_8)
FN:36,SwitchInput
FN:48,(anonymous_10)
FN:63,(anonymous_11)
FNF:4
FNH:0
FNDA:0,(anonymous_8)
FNDA:0,SwitchInput
FNDA:0,(anonymous_10)
FNDA:0,(anonymous_11)
DA:1,3
DA:2,3
DA:3,3
DA:4,3
DA:6,3
DA:12,3
DA:13,0
DA:20,3
DA:36,3
DA:37,0
DA:38,0
DA:39,0
DA:40,0
DA:41,0
DA:42,0
DA:43,0
DA:44,0
DA:45,0
DA:46,0
DA:48,0
DA:50,0
DA:53,0
DA:55,0
DA:64,0
LF:24
LH:8
BRDA:12,0,0,3
BRDA:12,0,1,3
BRDA:13,1,0,0
BRDA:13,1,1,0
BRDA:13,2,0,0
BRDA:13,2,1,0
BRDA:13,3,0,0
BRDA:13,3,1,0
BRDA:13,4,0,0
BRDA:13,4,1,0
BRDA:13,5,0,0
BRDA:13,5,1,0
BRDA:20,6,0,3
BRDA:20,6,1,3
BRDA:46,7,0,0
BRDA:46,7,1,0
BRDA:50,8,0,0
BRDA:50,9,0,0
BRDA:50,9,1,0
BRDA:76,10,0,0
BRDA:76,10,1,0
BRDA:78,11,0,0
BRDA:78,11,1,0
BRDA:78,12,0,0
BRDA:78,12,1,0
BRDA:79,13,0,0
BRDA:79,13,1,0
BRF:27
BRH:4
end_of_record
TN:
SF:src/components/form/inputs/TextAreaInput.tsx
FN:25,(anonymous_8)
FN:32,(anonymous_9)
FN:33,(anonymous_10)
FN:45,(anonymous_11)
FN:46,(anonymous_12)
FN:54,(anonymous_13)
FN:68,(anonymous_14)
FN:75,TextAreaInput
FN:95,(anonymous_16)
FN:112,(anonymous_17)
FN:113,(anonymous_18)
FN:117,(anonymous_19)
FNF:12
FNH:0
FNDA:0,(anonymous_8)
FNDA:0,(anonymous_9)
FNDA:0,(anonymous_10)
FNDA:0,(anonymous_11)
FNDA:0,(anonymous_12)
FNDA:0,(anonymous_13)
FNDA:0,(anonymous_14)
FNDA:0,TextAreaInput
FNDA:0,(anonymous_16)
FNDA:0,(anonymous_17)
FNDA:0,(anonymous_18)
FNDA:0,(anonymous_19)
DA:1,3
DA:2,3
DA:3,3
DA:4,3
DA:6,3
DA:8,3
DA:23,3
DA:25,0
DA:32,0
DA:33,0
DA:45,0
DA:46,0
DA:53,3
DA:54,0
DA:61,3
DA:68,0
DA:72,3
DA:75,3
DA:76,0
DA:77,0
DA:78,0
DA:79,0
DA:80,0
DA:81,0
DA:82,0
DA:83,0
DA:84,0
DA:85,0
DA:87,0
DA:88,0
DA:89,0
DA:90,0
DA:91,0
DA:96,0
DA:112,0
DA:114,0
DA:115,0
DA:118,0
DA:119,0
LF:39
LH:11
BRDA:23,0,0,3
BRDA:23,0,1,3
BRDA:25,1,0,0
BRDA:25,1,1,0
BRDA:25,2,0,0
BRDA:25,2,1,0
BRDA:25,3,0,0
BRDA:25,3,1,0
BRDA:25,4,0,0
BRDA:25,4,1,0
BRDA:25,5,0,0
BRDA:25,5,1,0
BRDA:32,6,0,0
BRDA:32,6,1,0
BRDA:32,7,0,0
BRDA:32,7,1,0
BRDA:32,8,0,0
BRDA:32,8,1,0
BRDA:32,9,0,0
BRDA:32,9,1,0
BRDA:32,10,0,0
BRDA:32,10,1,0
BRDA:33,11,0,0
BRDA:33,11,1,0
BRDA:33,12,0,0
BRDA:33,12,1,0
BRDA:33,13,0,0
BRDA:33,13,1,0
BRDA:33,14,0,0
BRDA:33,14,1,0
BRDA:33,15,0,0
BRDA:33,15,1,0
BRDA:45,16,0,0
BRDA:45,16,1,0
BRDA:45,17,0,0
BRDA:45,17,1,0
BRDA:45,18,0,0
BRDA:45,18,1,0
BRDA:45,19,0,0
BRDA:45,19,1,0
BRDA:45,20,0,0
BRDA:45,20,1,0
BRDA:46,21,0,0
BRDA:46,21,1,0
BRDA:46,22,0,0
BRDA:46,22,1,0
BRDA:46,23,0,0
BRDA:46,23,1,0
BRDA:46,24,0,0
BRDA:46,24,1,0
BRDA:46,25,0,0
BRDA:46,25,1,0
BRDA:53,26,0,3
BRDA:53,26,1,3
BRDA:54,27,0,0
BRDA:54,27,1,0
BRDA:54,28,0,0
BRDA:54,28,1,0
BRDA:54,29,0,0
BRDA:54,29,1,0
BRDA:54,30,0,0
[...]
FNDA:1,(anonymous_121)
FNDA:0,(anonymous_124)
FNDA:0,(anonymous_127)
FNDA:0,(anonymous_130)
FNDA:0,(anonymous_133)
FNDA:0,(anonymous_134)
FNDA:0,(anonymous_137)
FNDA:0,(anonymous_140)
FNDA:0,(anonymous_143)
FNDA:1,(anonymous_144)
FNDA:3,(anonymous_145)
FNDA:0,(anonymous_146)
FNDA:0,(anonymous_147)
FNDA:0,(anonymous_148)
FNDA:0,(anonymous_149)
FNDA:1,(anonymous_150)
FNDA:16,(anonymous_153)
FNDA:0,(anonymous_156)
FNDA:0,(anonymous_159)
FNDA:0,(anonymous_162)
FNDA:0,(anonymous_165)
FNDA:0,(anonymous_166)
FNDA:0,(anonymous_169)
FNDA:0,(anonymous_172)
FNDA:0,(anonymous_175)
FNDA:0,(anonymous_178)
FNDA:1,(anonymous_181)
FNDA:0,(anonymous_184)
FNDA:1,(anonymous_187)
FNDA:0,(anonymous_190)
FNDA:1,(anonymous_191)
FNDA:1,(anonymous_194)
FNDA:1,(anonymous_197)
FNDA:0,(anonymous_200)
FNDA:0,(anonymous_203)
FNDA:0,(anonymous_204)
FNDA:0,(anonymous_207)
FNDA:0,(anonymous_208)
FNDA:0,(anonymous_211)
FNDA:0,(anonymous_214)
FNDA:0,(anonymous_215)
FNDA:0,(anonymous_216)
FNDA:0,(anonymous_217)
FNDA:0,(anonymous_220)
FNDA:0,(anonymous_223)
FNDA:0,(anonymous_224)
FNDA:0,(anonymous_225)
FNDA:0,(anonymous_226)
FNDA:0,(anonymous_229)
FNDA:0,(anonymous_232)
FNDA:0,(anonymous_235)
FNDA:0,(anonymous_236)
FNDA:0,(anonymous_237)
FNDA:0,(anonymous_240)
FNDA:0,(anonymous_243)
FNDA:0,(anonymous_246)
FNDA:0,(anonymous_249)
FNDA:0,(anonymous_252)
FNDA:0,(anonymous_255)
FNDA:0,(anonymous_258)
FNDA:0,(anonymous_261)
FNDA:0,(anonymous_264)
FNDA:0,(anonymous_267)
FNDA:0,(anonymous_270)
FNDA:0,(anonymous_271)
FNDA:0,(anonymous_274)
FNDA:0,(anonymous_277)
FNDA:0,(anonymous_280)
FNDA:0,(anonymous_283)
FNDA:0,(anonymous_286)
FNDA:0,(anonymous_289)
FNDA:0,(anonymous_292)
FNDA:0,(anonymous_295)
FNDA:0,(anonymous_298)
FNDA:0,(anonymous_301)
FNDA:0,(anonymous_304)
FNDA:0,(anonymous_307)
FNDA:0,(anonymous_310)
FNDA:0,(anonymous_313)
FNDA:0,(anonymous_316)
FNDA:0,(anonymous_319)
FNDA:0,(anonymous_322)
FNDA:0,(anonymous_325)
FNDA:0,(anonymous_326)
DA:1,18
DA:2,18
DA:3,18
DA:4,18
DA:5,18
DA:7,18
DA:8,18
DA:9,18
DA:10,18
DA:11,18
DA:13,18
DA:14,18
DA:17,0
DA:274,18
DA:280,18
DA:282,20
DA:283,20
DA:286,20
DA:289,18
DA:290,0
DA:293,0
DA:294,0
DA:295,0
DA:296,0
DA:297,0
DA:298,0
DA:299,0
DA:303,0
DA:305,0
DA:310,0
DA:312,0
DA:315,0
DA:319,0
DA:322,20
DA:323,20
DA:325,18
DA:326,0
DA:327,0
DA:329,0
DA:331,0
DA:332,0
DA:333,0
DA:334,0
DA:335,0
DA:340,0
DA:343,0
DA:345,0
DA:347,0
DA:348,0
DA:350,0
DA:352,0
DA:353,0
DA:355,0
DA:357,0
DA:358,0
DA:360,0
DA:365,0
DA:368,0
DA:370,0
DA:374,0
DA:375,0
DA:378,18
DA:379,0
DA:381,0
DA:383,0
DA:385,0
DA:386,0
DA:389,0
DA:392,0
DA:393,0
DA:394,0
DA:400,0
DA:402,0
DA:404,0
DA:408,18
DA:409,0
DA:411,0
DA:412,0
DA:414,0
DA:424,0
DA:427,18
DA:428,0
DA:429,0
DA:430,0
DA:433,18
DA:434,0
DA:437,0
DA:438,0
DA:439,0
DA:440,0
DA:443,0
DA:444,0
DA:447,18
DA:448,0
DA:449,0
DA:452,18
DA:453,0
DA:454,0
DA:457,0
DA:458,0
DA:461,18
DA:463,0
DA:464,0
DA:465,0
DA:467,0
DA:469,0
DA:473,18
DA:474,1
DA:475,1
DA:476,1
DA:479,18
DA:480,0
DA:481,0
DA:482,0
DA:484,0
DA:488,0
DA:491,18
DA:492,0
DA:493,0
DA:494,0
DA:495,0
DA:498,18
DA:500,0
DA:501,0
DA:502,0
DA:503,0
DA:505,0
DA:509,18
DA:516,0
DA:519,0
DA:520,0
DA:521,0
DA:522,0
DA:525,0
DA:532,0
DA:534,0
DA:535,0
DA:539,0
DA:547,0
DA:548,0
DA:551,0
DA:561,0
DA:564,0
DA:575,0
DA:577,0
DA:579,0
DA:583,18
DA:585,0
DA:587,0
DA:591,0
DA:593,0
DA:594,0
DA:596,0
DA:600,18
DA:602,0
DA:604,0
DA:608,0
DA:610,0
DA:612,0
DA:616,18
DA:617,0
DA:620,0
DA:623,18
DA:624,1
DA:625,0
DA:628,0
DA:630,0
DA:635,0
DA:638,0
DA:644,0
DA:646,0
DA:649,0
DA:652,18
DA:653,2
DA:660,2
DA:662,2
DA:665,18
DA:666,0
DA:667,0
DA:671,0
DA:672,0
DA:675,18
DA:676,1
DA:680,20
DA:682,18
DA:683,0
DA:690,0
DA:693,18
DA:694,16
DA:697,18
DA:698,0
DA:699,0
DA:701,0
DA:702,0
DA:703,0
DA:705,0
DA:710,0
DA:711,0
DA:712,0
DA:715,0
DA:718,0
DA:723,0
DA:727,0
DA:730,36
DA:731,0
DA:732,0
DA:736,0
DA:737,0
DA:740,18
DA:741,0
DA:742,0
DA:743,0
DA:744,0
DA:747,0
DA:751,20
DA:753,18
DA:754,0
DA:756,0
DA:761,0
DA:762,0
DA:765,0
DA:766,0
DA:767,0
DA:770,0
DA:773,0
DA:777,0
DA:779,0
DA:780,0
DA:785,0
DA:788,36
DA:789,0
DA:793,20
DA:794,36
DA:795,2
DA:799,20
DA:801,36
DA:802,0
DA:805,20
DA:807,18
DA:808,2
DA:817,2
DA:819,1
DA:823,2
DA:830,2
DA:831,2
DA:833,2
DA:834,2
DA:835,3
DA:836,3
DA:837,3
DA:838,3
DA:840,3
DA:841,0
DA:844,3
DA:845,3
DA:848,3
DA:857,2
DA:858,1
DA:859,1
DA:862,1
DA:865,1
DA:869,1
DA:871,2
DA:873,0
DA:874,0
DA:878,20
DA:880,36
DA:881,16
DA:884,18
DA:885,0
DA:887,0
DA:892,0
DA:893,0
DA:895,0
DA:896,0
DA:897,0
DA:898,0
DA:899,0
DA:900,0
DA:902,0
DA:903,0
DA:906,0
DA:907,0
DA:910,0
DA:918,0
DA:920,0
DA:921,0
DA:925,20
DA:926,36
DA:927,0
DA:930,18
DA:931,0
DA:933,0
DA:938,0
DA:939,0
DA:941,0
DA:942,0
DA:943,0
DA:944,0
DA:945,0
DA:946,0
DA:948,0
DA:949,0
DA:952,0
DA:953,0
DA:956,0
DA:964,0
DA:966,0
DA:968,0
DA:969,0
DA:973,18
DA:975,1
DA:976,1
DA:978,1
DA:979,1
DA:980,1
DA:981,1
DA:982,1
DA:983,1
DA:985,1
DA:986,0
DA:989,1
DA:990,1
DA:993,1
DA:1001,1
DA:1003,0
DA:1004,0
DA:1008,18
DA:1010,0
DA:1011,0
DA:1013,0
DA:1014,0
DA:1018,18
DA:1020,0
DA:1021,0
DA:1023,0
DA:1024,0
DA:1025,0
DA:1026,0
DA:1027,0
DA:1028,0
DA:1030,0
DA:1031,0
DA:1034,0
DA:1035,0
DA:1038,0
DA:1046,0
DA:1048,0
DA:1049,0
DA:1053,18
DA:1054,0
DA:1056,0
DA:1057,0
DA:1059,0
DA:1060,0
DA:1061,0
DA:1062,0
DA:1063,0
DA:1064,0
DA:1066,0
DA:1067,0
DA:1070,0
DA:1071,0
DA:1074,0
DA:1083,0
DA:1084,0
DA:1085,0
DA:1088,0
DA:1091,0
DA:1096,0
DA:1098,0
DA:1100,0
DA:1101,0
DA:1105,18
DA:1107,0
DA:1108,0
DA:1110,0
DA:1111,0
DA:1115,18
DA:1117,0
DA:1120,0
DA:1122,0
DA:1123,0
DA:1128,20
DA:1130,18
DA:1131,0
DA:1133,0
DA:1138,0
DA:1139,0
DA:1142,0
DA:1143,0
DA:1144,0
DA:1147,0
DA:1150,0
DA:1155,0
DA:1157,0
DA:1158,0
DA:1162,18
DA:1169,1
DA:1170,0
DA:1172,0
DA:1174,0
DA:1178,1
DA:1179,0
DA:1180,0
DA:1183,1
DA:1184,1
DA:1186,1
DA:1187,1
DA:1188,1
DA:1189,3
DA:1190,2
DA:1191,2
DA:1193,1
DA:1195,1
DA:1198,0
DA:1202,20
DA:1204,18
DA:1205,0
DA:1212,0
DA:1215,18
DA:1216,0
DA:1220,36
DA:1221,1
DA:1222,0
DA:1225,18
DA:1226,16
DA:1227,0
DA:1228,0
DA:1231,18
DA:1232,0
DA:1233,0
DA:1238,18
DA:1239,0
DA:1240,0
DA:1241,0
DA:1244,0
DA:1246,0
DA:1247,0
DA:1248,0
DA:1249,0
DA:1251,0
DA:1254,0
DA:1258,0
DA:1259,0
DA:1260,0
DA:1264,18
DA:1266,0
DA:1267,0
DA:1268,0
DA:1270,0
DA:1272,0
DA:1276,18
DA:1278,0
DA:1279,0
DA:1280,0
DA:1282,0
DA:1284,0
DA:1288,18
DA:1290,0
DA:1291,0
DA:1293,0
DA:1303,0
DA:1305,0
DA:1306,0
DA:1307,0
DA:1310,0
DA:1312,0
DA:1314,0
DA:1318,18
DA:1321,0
DA:1324,0
DA:1326,0
DA:1327,0
DA:1329,0
DA:1331,0
DA:1333,0
DA:1335,0
DA:1339,18
DA:1341,0
DA:1342,0
DA:1343,0
DA:1345,0
DA:1346,0
DA:1347,0
DA:1349,0
DA:1350,0
DA:1351,0
DA:1353,0
DA:1354,0
DA:1356,0
DA:1358,0
DA:1362,18
DA:1363,1
DA:1364,1
DA:1365,1
DA:1367,1
DA:1370,2
DA:1371,0
DA:1372,0
DA:1374,0
DA:1375,0
DA:1376,0
DA:1377,0
DA:1380,1
DA:1381,1
DA:1382,1
DA:1385,0
DA:1386,0
DA:1387,0
DA:1388,0
DA:1393,0
DA:1394,0
DA:1395,0
DA:1397,0
DA:1405,0
DA:1409,18
DA:1410,0
DA:1411,0
DA:1412,0
DA:1414,0
DA:1426,0
DA:1429,18
DA:1430,1
DA:1431,1
DA:1432,0
DA:1433,0
DA:1436,1
DA:1437,1
DA:1439,0
DA:1440,0
DA:1441,0
DA:1444,0
DA:1448,1
DA:1450,1
DA:1462,1
DA:1463,0
DA:1465,0
DA:1467,1
DA:1471,18
DA:1472,1
DA:1473,1
DA:1474,1
DA:1475,1
DA:1479,0
DA:1481,0
DA:1489,0
DA:1490,0
DA:1492,0
DA:1494,0
DA:1500,18
DA:1501,1
DA:1503,1
DA:1504,1
DA:1505,1
DA:1506,0
DA:1507,0
DA:1510,2
DA:1511,0
DA:1523,0
DA:1526,1
DA:1527,1
DA:1528,1
DA:1531,0
DA:1544,0
DA:1548,18
DA:1550,1
DA:1551,0
DA:1553,1
DA:1557,18
DA:1563,0
DA:1564,0
DA:1565,0
DA:1566,0
DA:1567,0
DA:1569,0
DA:1571,0
DA:1572,0
DA:1573,0
DA:1574,0
DA:1576,0
DA:1580,0
DA:1585,18
DA:1590,0
DA:1591,0
DA:1592,0
DA:1593,0
DA:1594,0
DA:1596,0
DA:1598,0
DA:1599,0
DA:1600,0
DA:1601,0
DA:1603,0
DA:1607,0
DA:1611,18
DA:1612,0
DA:1614,0
DA:1616,0
DA:1617,0
DA:1619,0
DA:1620,0
DA:1634,0
DA:1635,0
DA:1638,0
DA:1645,0
DA:1649,18
DA:1651,0
DA:1652,0
DA:1654,0
DA:1655,0
DA:1660,20
DA:1662,36
DA:1663,0
DA:1668,20
DA:1670,36
DA:1671,0
DA:1676,20
DA:1678,36
DA:1679,0
DA:1682,36
DA:1684,0
DA:1685,0
DA:1686,0
DA:1695,0
DA:1696,0
DA:1697,0
DA:1699,0
DA:1700,0
DA:1702,0
DA:1703,0
DA:1707,36
DA:1709,0
DA:1710,0
DA:1711,0
DA:1713,0
DA:1714,0
DA:1720,20
DA:1722,36
DA:1723,0
DA:1728,20
DA:1730,36
DA:1731,0
DA:1735,20
DA:1737,36
DA:1738,0
DA:1741,18
DA:1754,0
DA:1773,0
DA:1775,0
DA:1776,0
DA:1780,18
DA:1787,0
DA:1799,0
DA:1801,0
DA:1805,36
DA:1810,0
DA:1811,0
DA:1812,0
DA:1824,0
DA:1826,0
DA:1827,0
DA:1832,20
DA:1834,36
DA:1835,0
DA:1839,20
DA:1841,36
DA:1842,0
DA:1845,36
DA:1847,0
DA:1848,0
DA:1850,0
DA:1858,0
DA:1859,0
DA:1860,0
DA:1862,0
DA:1863,0
DA:1867,36
DA:1869,0
DA:1870,0
DA:1872,0
DA:1880,0
DA:1881,0
DA:1882,0
DA:1884,0
DA:1885,0
DA:1889,18
DA:1891,0
DA:1892,0
DA:1894,0
DA:1902,0
DA:1903,0
DA:1905,0
DA:1906,0
DA:1910,36
DA:1912,0
DA:1913,0
DA:1914,0
DA:1926,0
DA:1928,0
DA:1929,0
DA:1933,18
DA:1934,0
DA:1935,0
DA:1936,0
DA:1945,0
DA:1948,18
DA:1950,0
DA:1951,0
DA:1952,0
DA:1965,0
DA:1967,0
DA:1968,0
DA:1972,18
DA:1974,0
DA:1979,0
DA:1981,0
DA:1982,0
DA:1986,18
DA:1988,0
DA:1993,0
DA:1995,0
DA:1996,0
DA:2000,18
DA:2002,0
DA:2003,0
DA:2004,0
DA:2013,0
DA:2014,0
DA:2016,0
DA:2017,0
DA:2021,36
DA:2026,0
DA:2027,0
DA:2028,0
DA:2040,0
DA:2042,0
DA:2043,0
DA:2047,36
DA:2049,0
DA:2050,0
DA:2051,0
DA:2063,0
DA:2065,0
DA:2066,0
DA:2071,20
DA:2073,36
DA:2074,0
DA:2077,18
DA:2079,0
DA:2080,0
DA:2081,0
DA:2090,0
DA:2091,0
DA:2093,0
DA:2095,0
DA:2096,0
DA:2100,18
DA:2102,0
DA:2103,0
DA:2104,0
DA:2113,0
DA:2115,0
DA:2116,0
DA:2120,18
DA:2122,0
DA:2123,0
DA:2124,0
DA:2134,0
DA:2136,0
DA:2137,0
DA:2141,18
DA:2143,0
DA:2144,0
DA:2145,0
DA:2154,0
DA:2156,0
DA:2157,0
DA:2161,18
DA:2163,0
DA:2164,0
DA:2165,0
DA:2174,0
DA:2176,0
DA:2177,0
DA:2181,18
DA:2188,0
DA:2189,0
DA:2191,0
DA:2201,0
DA:2203,0
DA:2204,0
DA:2208,18
DA:2210,0
DA:2211,0
DA:2212,0
DA:2224,0
DA:2225,0
DA:2227,0
DA:2228,0
DA:2232,18
DA:2234,0
DA:2235,0
DA:2236,0
DA:2245,0
DA:2247,0
DA:2248,0
DA:2252,18
DA:2254,0
DA:2261,0
DA:2263,0
DA:2264,0
DA:2271,18
DA:2273,0
DA:2280,0
DA:2282,0
DA:2283,0
DA:2291,18
DA:2297,0
DA:2298,0
DA:2302,0
DA:2304,0
DA:2313,0
DA:2315,0
DA:2316,0
DA:2323,18
DA:2325,0
DA:2326,0
DA:2328,0
DA:2336,0
DA:2338,0
DA:2342,18
DA:2344,0
DA:2345,0
DA:2347,0
DA:2355,0
DA:2357,0
DA:2361,18
DA:2363,0
DA:2364,0
DA:2365,0
DA:2374,0
DA:2376,0
DA:2380,18
DA:2382,0
DA:2383,0
DA:2384,0
DA:2393,0
DA:2395,0
DA:2399,18
DA:2401,0
DA:2402,0
DA:2404,0
DA:2409,0
DA:2419,0
DA:2421,0
DA:2422,0
DA:2426,18
DA:2428,0
DA:2429,0
DA:2431,0
DA:2436,0
DA:2446,0
DA:2448,0
DA:2449,0
DA:2453,18
DA:2455,0
DA:2456,0
DA:2458,0
DA:2463,0
DA:2473,0
DA:2475,0
DA:2476,0
DA:2479,18
DA:2481,18
LF:875
LH:237
BRDA:295,0,0,0
BRDA:295,1,0,0
BRDA:295,1,1,0
BRDA:298,2,0,0
BRDA:331,3,0,0
BRDA:333,4,0,0
BRDA:343,5,0,0
BRDA:343,5,1,0
BRDA:345,6,0,0
BRDA:350,7,0,0
BRDA:355,8,0,0
BRDA:355,9,0,0
BRDA:355,9,1,0
BRDA:360,10,0,0
BRDA:361,11,0,0
BRDA:361,11,1,0
BRDA:361,11,2,0
BRDA:368,12,0,0
BRDA:368,13,0,0
BRDA:368,13,1,0
BRDA:368,14,0,0
BRDA:368,14,1,0
BRDA:379,15,0,0
BRDA:386,16,0,0
BRDA:386,16,1,0
BRDA:386,17,0,0
BRDA:386,17,1,0
BRDA:386,18,0,0
BRDA:386,18,1,0
BRDA:386,19,0,0
BRDA:386,19,1,0
BRDA:386,20,0,0
BRDA:386,20,1,0
BRDA:409,21,0,0
BRDA:412,22,0,0
BRDA:412,22,1,0
BRDA:428,23,0,0
BRDA:434,24,0,0
BRDA:439,25,0,0
BRDA:448,26,0,0
BRDA:453,27,0,0
BRDA:454,28,0,0
BRDA:454,28,1,0
BRDA:457,29,0,0
BRDA:457,30,0,0
BRDA:457,30,1,0
BRDA:457,30,2,0
BRDA:457,30,3,0
BRDA:464,31,0,0
BRDA:475,32,0,0
BRDA:475,33,0,0
BRDA:475,33,1,1
BRDA:475,34,0,1
BRDA:475,34,1,1
BRDA:475,35,0,0
BRDA:475,35,1,1
BRDA:475,36,0,1
BRDA:475,36,1,1
BRDA:475,37,0,0
BRDA:475,37,1,1
BRDA:475,38,0,1
BRDA:475,38,1,1
BRDA:480,39,0,0
BRDA:481,40,0,0
BRDA:482,41,0,0
BRDA:488,42,0,0
BRDA:488,42,1,0
BRDA:488,43,0,0
BRDA:488,43,1,0
BRDA:492,44,0,0
BRDA:493,45,0,0
BRDA:494,46,0,0
BRDA:501,47,0,0
BRDA:502,48,0,0
BRDA:520,49,0,0
BRDA:534,50,0,0
BRDA:548,51,0,0
BRDA:548,51,1,0
BRDA:548,51,2,0
BRDA:556,52,0,0
BRDA:556,52,1,0
BRDA:569,53,0,0
BRDA:569,53,1,0
BRDA:570,54,0,0
BRDA:570,54,1,0
BRDA:617,55,0,0
BRDA:649,56,0,0
BRDA:628,57,0,0
BRDA:656,58,0,2
BRDA:656,58,1,0
BRDA:656,59,0,0
BRDA:656,59,1,2
BRDA:656,60,0,2
BRDA:656,60,1,2
BRDA:657,61,0,2
BRDA:657,61,1,0
BRDA:657,62,0,0
BRDA:657,62,1,2
BRDA:657,63,0,2
BRDA:657,63,1,2
BRDA:685,64,0,0
BRDA:685,64,1,0
BRDA:701,65,0,0
BRDA:702,66,0,0
BRDA:702,66,1,0
BRDA:702,67,0,0
BRDA:702,67,1,0
BRDA:703,68,0,0
BRDA:710,69,0,0
BRDA:710,69,1,0
BRDA:710,70,0,0
BRDA:710,70,1,0
BRDA:741,71,0,0
BRDA:741,72,0,0
BRDA:741,72,1,0
BRDA:741,73,0,0
BRDA:741,73,1,0
BRDA:765,74,0,0
BRDA:765,74,1,0
BRDA:765,75,0,0
BRDA:765,75,1,0
BRDA:789,76,0,0
BRDA:789,76,1,0
BRDA:811,77,0,2
BRDA:811,77,1,0
BRDA:811,78,0,2
BRDA:811,78,1,2
BRDA:817,79,0,1
BRDA:826,80,0,1
BRDA:826,80,1,1
BRDA:833,81,0,2
BRDA:840,82,0,0
BRDA:844,83,0,3
BRDA:849,84,0,3
BRDA:849,84,1,3
BRDA:850,85,0,3
BRDA:850,85,1,0
BRDA:857,86,0,1
BRDA:857,86,1,1
BRDA:857,87,0,2
BRDA:857,87,1,2
BRDA:895,88,0,0
BRDA:895,89,0,0
BRDA:895,89,1,0
BRDA:902,90,0,0
BRDA:906,91,0,0
BRDA:911,92,0,0
BRDA:911,92,1,0
BRDA:912,93,0,0
BRDA:912,93,1,0
BRDA:941,94,0,0
BRDA:941,95,0,0
BRDA:941,95,1,0
BRDA:948,96,0,0
BRDA:952,97,0,0
BRDA:957,98,0,0
BRDA:957,98,1,0
BRDA:958,99,0,0
BRDA:958,99,1,0
BRDA:978,100,0,1
BRDA:978,101,0,1
BRDA:978,101,1,1
BRDA:985,102,0,0
BRDA:989,103,0,1
BRDA:994,104,0,1
BRDA:994,104,1,1
BRDA:995,105,0,1
BRDA:995,105,1,0
BRDA:1023,106,0,0
BRDA:1023,107,0,0
BRDA:1023,107,1,0
BRDA:1030,108,0,0
BRDA:1034,109,0,0
BRDA:1039,110,0,0
BRDA:1039,110,1,0
BRDA:1040,111,0,0
BRDA:1040,111,1,0
BRDA:1059,112,0,0
BRDA:1059,113,0,0
BRDA:1059,113,1,0
BRDA:1066,114,0,0
BRDA:1070,115,0,0
BRDA:1075,116,0,0
BRDA:1075,116,1,0
BRDA:1076,117,0,0
BRDA:1076,117,1,0
BRDA:1083,118,0,0
BRDA:1083,118,1,0
BRDA:1083,119,0,0
BRDA:1083,119,1,0
BRDA:1120,120,0,0
BRDA:1142,121,0,0
BRDA:1142,121,1,0
BRDA:1142,122,0,0
BRDA:1142,122,1,0
BRDA:1169,123,0,0
BRDA:1169,124,0,1
BRDA:1169,124,1,1
BRDA:1170,125,0,0
BRDA:1170,125,1,0
BRDA:1178,126,0,0
BRDA:1178,127,0,1
BRDA:1178,127,1,1
BRDA:1183,128,0,1
BRDA:1183,129,0,0
BRDA:1183,129,1,1
BRDA:1183,130,0,1
BRDA:1183,130,1,1
BRDA:1187,131,0,1
BRDA:1189,132,0,2
BRDA:1189,133,0,3
BRDA:1189,133,1,3
BRDA:1189,133,2,3
BRDA:1207,134,0,0
BRDA:1207,134,1,0
BRDA:1221,135,0,1
BRDA:1226,136,0,16
BRDA:1232,137,0,0
BRDA:1239,138,0,0
BRDA:1239,138,1,0
BRDA:1240,139,0,0
BRDA:1247,140,0,0
BRDA:1247,140,1,0
BRDA:1247,141,0,0
BRDA:1247,141,1,0
BRDA:1248,142,0,0
BRDA:1248,142,1,0
BRDA:1267,143,0,0
BRDA:1268,144,0,0
BRDA:1279,145,0,0
BRDA:1280,146,0,0
BRDA:1290,147,0,0
BRDA:1305,148,0,0
BRDA:1343,149,0,0
BRDA:1343,150,0,0
BRDA:1343,150,1,0
BRDA:1343,151,0,0
BRDA:1343,151,1,0
BRDA:1346,152,0,0
BRDA:1347,153,0,0
BRDA:1380,154,0,1
BRDA:1363,155,0,0
BRDA:1365,156,0,0
BRDA:1367,157,0,0
BRDA:1370,158,0,1
BRDA:1372,159,0,0
BRDA:1374,160,0,0
BRDA:1381,161,0,0
BRDA:1382,162,0,1
BRDA:1385,163,0,0
BRDA:1387,164,0,0
BRDA:1387,165,0,0
BRDA:1387,165,1,0
BRDA:1410,166,0,0
BRDA:1412,167,0,0
BRDA:1431,168,0,0
BRDA:1431,169,0,1
BRDA:1431,169,1,1
BRDA:1436,170,0,1
BRDA:1436,170,1,0
BRDA:1436,171,0,1
BRDA:1436,171,1,0
BRDA:1448,172,0,1
BRDA:1448,172,1,0
BRDA:1448,173,0,1
BRDA:1448,173,1,0
BRDA:1457,174,0,1
BRDA:1457,174,1,0
BRDA:1457,175,0,1
BRDA:1457,175,1,0
BRDA:1462,176,0,0
BRDA:1492,177,0,0
BRDA:1473,178,0,1
BRDA:1485,179,0,0
BRDA:1485,179,1,0
BRDA:1485,180,0,0
BRDA:1485,180,1,0
BRDA:1489,181,0,0
BRDA:1504,182,0,1
BRDA:1504,182,1,0
BRDA:1505,183,0,0
BRDA:1510,184,0,1
BRDA:1526,185,0,1
BRDA:1526,186,0,1
BRDA:1526,186,1,1
BRDA:1580,187,0,0
BRDA:1563,188,0,0
BRDA:1565,189,0,0
BRDA:1565,189,1,0
BRDA:1565,190,0,0
BRDA:1565,190,1,0
BRDA:1566,191,0,0
BRDA:1566,191,1,0
BRDA:1567,192,0,0
BRDA:1567,192,1,0
BRDA:1567,193,0,0
BRDA:1567,193,1,0
BRDA:1569,194,0,0
BRDA:1569,195,0,0
BRDA:1569,195,1,0
BRDA:1569,195,2,0
BRDA:1569,195,3,0
BRDA:1607,196,0,0
BRDA:1590,197,0,0
BRDA:1592,198,0,0
BRDA:1592,198,1,0
BRDA:1592,199,0,0
BRDA:1592,199,1,0
BRDA:1593,200,0,0
BRDA:1593,200,1,0
BRDA:1594,201,0,0
BRDA:1594,201,1,0
BRDA:1594,202,0,0
BRDA:1594,202,1,0
BRDA:1596,203,0,0
BRDA:1596,204,0,0
BRDA:1596,204,1,0
BRDA:1596,204,2,0
BRDA:1596,204,3,0
BRDA:1598,205,0,0
BRDA:1598,205,1,0
BRDA:1598,206,0,0
BRDA:1598,206,1,0
BRDA:1614,207,0,0
BRDA:1617,208,0,0
BRDA:1619,209,0,0
BRDA:1619,209,1,0
BRDA:1634,210,0,0
BRDA:1684,211,0,0
BRDA:1695,212,0,0
BRDA:1766,213,0,0
BRDA:1766,213,1,0
BRDA:1766,214,0,0
BRDA:1766,214,1,0
BRDA:1810,215,0,0
BRDA:1860,216,0,0
BRDA:1848,217,0,0
BRDA:1848,218,0,0
BRDA:1848,218,1,0
BRDA:1848,219,0,0
BRDA:1848,219,1,0
BRDA:1848,220,0,0
BRDA:1848,220,1,0
BRDA:1882,221,0,0
BRDA:1870,222,0,0
BRDA:1870,223,0,0
BRDA:1870,223,1,0
BRDA:1870,224,0,0
BRDA:1870,224,1,0
BRDA:1870,225,0,0
BRDA:1870,225,1,0
BRDA:1903,226,0,0
BRDA:1892,227,0,0
BRDA:1892,228,0,0
BRDA:1892,228,1,0
BRDA:1892,229,0,0
BRDA:1892,229,1,0
BRDA:1892,230,0,0
BRDA:1892,230,1,0
BRDA:1912,231,0,0
BRDA:1934,232,0,0
BRDA:1950,233,0,0
BRDA:2002,234,0,0
BRDA:2026,235,0,0
BRDA:2049,236,0,0
BRDA:2079,237,0,0
BRDA:2102,238,0,0
BRDA:2122,239,0,0
BRDA:2143,240,0,0
BRDA:2163,241,0,0
BRDA:2188,242,0,0
BRDA:2210,243,0,0
BRDA:2234,244,0,0
BRDA:2297,245,0,0
BRDA:2325,246,0,0
BRDA:2344,247,0,0
BRDA:2363,248,0,0
BRDA:2382,249,0,0
BRDA:2401,250,0,0
BRDA:2428,251,0,0
BRDA:2455,252,0,0
BRF:381
BRH:71
end_of_record
TN:
SF:src/store/modals.ts
FN:3,(anonymous_0)
FN:4,ModalsVisibilityStore
FN:9,(anonymous_2)
FN:14,(anonymous_3)
FNF:4
FNH:2
FNDA:4,(anonymous_0)
FNDA:4,ModalsVisibilityStore
FNDA:0,(anonymous_2)
FNDA:0,(anonymous_3)
DA:1,4
DA:3,4
DA:5,4
DA:8,4
DA:9,4
DA:10,0
DA:13,4
DA:14,4
DA:15,0
DA:17,4
DA:19,4
LF:11
LH:9
BRF:0
BRH:0
end_of_record
TN:
SF:src/store/ui.ts
FN:15,(anonymous_4)
FN:44,(anonymous_5)
FN:47,UiStore
FN:51,(anonymous_7)
FN:56,(anonymous_8)
FN:61,(anonymous_9)
FN:66,(anonymous_10)
FN:71,(anonymous_11)
FN:76,(anonymous_12)
FN:81,(anonymous_13)
FN:86,(anonymous_14)
FN:91,(anonymous_15)
FN:96,(anonymous_16)
FN:101,(anonymous_17)
FN:107,(anonymous_18)
FN:114,(anonymous_19)
FN:119,(anonymous_20)
FN:126,(anonymous_21)
FN:131,(anonymous_22)
FN:136,(anonymous_23)
FN:141,(anonymous_24)
FN:146,(anonymous_25)
FN:151,(anonymous_26)
FN:156,(anonymous_27)
FN:161,(anonymous_28)
FN:166,(anonymous_29)
FN:172,(anonymous_30)
FN:183,(anonymous_31)
FN:187,(anonymous_32)
FN:197,(anonymous_33)
FN:202,(anonymous_34)
FNF:31
FNH:8
FNDA:162,(anonymous_4)
FNDA:18,(anonymous_5)
FNDA:18,UiStore
FNDA:0,(anonymous_7)
FNDA:0,(anonymous_8)
FNDA:0,(anonymous_9)
FNDA:0,(anonymous_10)
FNDA:0,(anonymous_11)
FNDA:0,(anonymous_12)
FNDA:0,(anonymous_13)
FNDA:2,(anonymous_14)
FNDA:0,(anonymous_15)
FNDA:0,(anonymous_16)
FNDA:16,(anonymous_17)
FNDA:0,(anonymous_18)
FNDA:0,(anonymous_19)
FNDA:0,(anonymous_20)
FNDA:0,(anonymous_21)
FNDA:0,(anonymous_22)
FNDA:0,(anonymous_23)
FNDA:0,(anonymous_24)
FNDA:0,(anonymous_25)
FNDA:0,(anonymous_26)
FNDA:0,(anonymous_27)
FNDA:0,(anonymous_28)
FNDA:0,(anonymous_29)
FNDA:5,(anonymous_30)
FNDA:18,(anonymous_31)
FNDA:18,(anonymous_32)
FNDA:0,(anonymous_33)
FNDA:0,(anonymous_34)
DA:1,18
DA:2,18
DA:4,18
DA:5,18
DA:6,18
DA:14,18
DA:15,162
DA:44,18
DA:45,18
DA:48,18
DA:51,18
DA:52,0
DA:55,18
DA:56,18
DA:57,0
DA:60,18
DA:61,18
DA:62,0
DA:65,18
DA:66,18
DA:67,0
DA:70,18
DA:71,18
DA:72,0
DA:75,18
DA:76,18
DA:77,0
DA:80,18
DA:81,18
DA:82,0
DA:85,18
DA:86,18
DA:87,2
DA:90,18
DA:91,18
DA:92,0
DA:95,18
DA:96,18
DA:97,0
DA:100,18
DA:101,18
DA:102,16
DA:103,16
DA:106,18
DA:107,18
DA:108,0
DA:113,18
DA:114,18
DA:115,0
DA:118,18
DA:119,18
DA:120,0
DA:125,18
DA:126,18
DA:127,0
DA:130,18
DA:131,18
DA:132,0
DA:135,18
DA:136,18
DA:137,0
DA:140,18
DA:141,18
DA:142,0
DA:145,18
DA:146,18
DA:147,0
DA:150,18
DA:151,18
DA:152,0
DA:155,18
DA:156,18
DA:157,0
DA:160,18
DA:161,18
DA:162,0
DA:165,18
DA:166,18
DA:167,0
DA:170,18
DA:172,18
DA:174,5
DA:180,5
DA:184,18
DA:187,18
DA:188,18
DA:189,18
DA:190,18
DA:191,18
DA:193,18
DA:196,18
DA:197,18
DA:198,0
DA:201,18
DA:202,18
DA:203,0
DA:205,18
DA:207,18
DA:224,18
DA:241,18
LF:100
LH:77
BRDA:102,0,0,16
BRDA:103,1,0,16
BRDA:103,1,1,0
BRDA:108,2,0,0
BRDA:115,3,0,0
BRDA:174,4,0,3
BRDA:174,4,1,2
BRDA:174,5,0,5
BRDA:174,5,1,3
BRDA:177,6,0,3
BRDA:177,6,1,0
BRDA:188,7,0,18
BRDA:189,8,0,0
BRDA:189,9,0,18
BRDA:189,9,1,0
BRDA:190,10,0,0
BRDA:191,11,0,0
BRF:17
BRH:9
end_of_record
