TN:
SF:src/App.tsx
FN:20,App
FN:21,(anonymous_21)
FN:35,(anonymous_24)
FN:39,(anonymous_25)
FN:44,(anonymous_28)
FN:48,(anonymous_29)
FN:52,(anonymous_30)
FN:56,cleanup
FN:64,(anonymous_32)
FNF:9
FNH:0
FNDA:0,App
FNDA:0,(anonymous_21)
FNDA:0,(anonymous_24)
FNDA:0,(anonymous_25)
FNDA:0,(anonymous_28)
FNDA:0,(anonymous_29)
FNDA:0,(anonymous_30)
FNDA:0,cleanup
FNDA:0,(anonymous_32)
DA:1,0
DA:3,0
DA:4,0
DA:5,0
DA:6,0
DA:7,0
DA:8,0
DA:9,0
DA:10,0
DA:11,0
DA:12,0
DA:14,0
DA:16,0
DA:20,0
DA:21,0
DA:22,0
DA:23,0
DA:25,0
DA:30,0
DA:31,0
DA:35,0
DA:36,0
DA:39,0
DA:40,0
DA:41,0
DA:44,0
DA:45,0
DA:48,0
DA:50,0
DA:52,0
DA:53,0
DA:56,0
DA:57,0
DA:61,0
DA:64,0
DA:70,0
LF:36
LH:0
BRDA:25,0,0,0
BRDA:22,1,0,0
BRDA:25,2,0,0
BRDA:25,2,1,0
BRDA:25,3,0,0
BRDA:25,3,1,0
BRDA:25,4,0,0
BRDA:25,4,1,0
BRDA:30,5,0,0
BRDA:30,6,0,0
BRDA:30,6,1,0
BRDA:30,7,0,0
BRDA:30,7,1,0
BRDA:31,8,0,0
BRDA:31,8,1,0
BRDA:31,9,0,0
BRDA:31,9,1,0
BRDA:40,10,0,0
BRF:18
BRH:0
end_of_record
TN:
SF:src/index.tsx
FNF:0
FNH:0
DA:1,0
DA:2,0
DA:3,0
DA:4,0
DA:5,0
DA:6,0
DA:8,0
DA:13,0
LF:8
LH:0
BRF:0
BRH:0
end_of_record
TN:
SF:src/localization.tsx
FNF:0
FNH:0
DA:1,0
DA:18,0
DA:20,0
LF:3
LH:0
BRF:0
BRH:0
end_of_record
TN:
SF:src/providers.ts
FNF:0
FNH:0
DA:1,0
DA:2,0
DA:3,0
DA:5,0
LF:4
LH:0
BRF:0
BRH:0
end_of_record
TN:
SF:src/react-app-env.d.ts
FNF:0
FNH:0
LF:0
LH:0
BRF:0
BRH:0
end_of_record
TN:
SF:src/serviceWorker.ts
FN:26,registerValidSW
FN:29,(anonymous_1)
FN:30,(anonymous_2)
FN:35,(anonymous_3)
FN:65,(anonymous_4)
FN:70,checkValidServiceWorker
FN:75,(anonymous_6)
FN:83,(anonymous_7)
FN:84,(anonymous_8)
FN:93,(anonymous_9)
FN:98,register
FN:109,(anonymous_11)
FN:118,(anonymous_12)
FN:132,unregister
FN:135,(anonymous_14)
FN:138,(anonymous_15)
FNF:16
FNH:0
FNDA:0,registerValidSW
FNDA:0,(anonymous_1)
FNDA:0,(anonymous_2)
FNDA:0,(anonymous_3)
FNDA:0,(anonymous_4)
FNDA:0,checkValidServiceWorker
FNDA:0,(anonymous_6)
FNDA:0,(anonymous_7)
FNDA:0,(anonymous_8)
FNDA:0,(anonymous_9)
FNDA:0,register
FNDA:0,(anonymous_11)
FNDA:0,(anonymous_12)
FNDA:0,unregister
FNDA:0,(anonymous_14)
FNDA:0,(anonymous_15)
DA:13,0
DA:27,0
DA:30,0
DA:31,0
DA:32,0
DA:33,0
DA:35,0
DA:36,0
DA:37,0
DA:41,0
DA:47,0
DA:48,0
DA:54,0
DA:57,0
DA:58,0
DA:66,0
DA:72,0
DA:77,0
DA:78,0
DA:83,0
DA:84,0
DA:85,0
DA:90,0
DA:94,0
DA:98,0
DA:99,0
DA:101,0
DA:102,0
DA:106,0
DA:109,0
DA:110,0
DA:112,0
DA:114,0
DA:118,0
DA:119,0
DA:126,0
DA:132,0
DA:133,0
DA:134,0
DA:136,0
DA:139,0
LF:41
LH:0
BRDA:14,0,0,0
BRDA:14,0,1,0
BRDA:14,0,2,0
BRDA:32,1,0,0
BRDA:36,2,0,0
BRDA:37,3,0,0
BRDA:37,3,1,0
BRDA:47,4,0,0
BRDA:47,5,0,0
BRDA:47,5,1,0
BRDA:57,6,0,0
BRDA:57,7,0,0
BRDA:57,7,1,0
BRDA:78,8,0,0
BRDA:78,8,1,0
BRDA:79,9,0,0
BRDA:79,9,1,0
BRDA:79,9,2,0
BRDA:99,10,0,0
BRDA:99,11,0,0
BRDA:99,11,1,0
BRDA:102,12,0,0
BRDA:112,13,0,0
BRDA:112,13,1,0
BRDA:133,14,0,0
BRF:25
BRH:0
end_of_record
TN:
SF:src/__test__/__mockData__/blogViews.ts
FNF:0
FNH:0
DA:3,1
LF:1
LH:1
BRF:0
BRH:0
end_of_record
TN:
SF:src/__test__/__mockData__/fileMock.js
FNF:0
FNH:0
DA:1,0
LF:1
LH:0
BRF:0
BRH:0
end_of_record
TN:
SF:src/__test__/__mockData__/localStorage.ts
FN:1,(anonymous_0)
FN:5,(anonymous_1)
FN:9,(anonymous_2)
FN:13,(anonymous_3)
FN:17,(anonymous_4)
FN:21,(anonymous_5)
FNF:6
FNH:5
FNDA:2,(anonymous_0)
FNDA:5,(anonymous_1)
FNDA:6,(anonymous_2)
FNDA:4,(anonymous_3)
FNDA:1,(anonymous_4)
FNDA:0,(anonymous_5)
DA:1,2
DA:2,2
DA:4,2
DA:6,5
DA:10,6
DA:14,4
DA:18,1
DA:22,0
DA:27,2
LF:9
LH:8
BRF:0
BRH:0
end_of_record
TN:
SF:src/__test__/__mockData__/persons.ts
FNF:0
FNH:0
DA:3,8
DA:52,8
LF:2
LH:2
BRF:0
BRH:0
end_of_record
TN:
SF:src/__test__/__mockData__/setupStore.ts
FN:7,(anonymous_0)
FNF:1
FNH:1
FNDA:8,(anonymous_0)
DA:1,8
DA:2,8
DA:3,8
DA:4,8
DA:5,8
DA:7,8
DA:8,8
DA:9,8
DA:10,8
DA:11,8
LF:10
LH:10
BRF:0
BRH:0
end_of_record
TN:
SF:src/__test__/__mockData__/styleMock.js
FNF:0
FNH:0
DA:1,0
LF:1
LH:0
BRF:0
BRH:0
end_of_record
TN:
SF:src/__test__/__mockData__/user.ts
FNF:0
FNH:0
DA:1,9
DA:4,9
LF:2
LH:2
BRF:0
BRH:0
end_of_record
TN:
SF:src/__test__/__mockData__/userTickets.ts
FNF:0
FNH:0
DA:3,8
LF:1
LH:1
BRF:0
BRH:0
end_of_record
TN:
SF:src/__test__/__mockFn__/useHistory.ts
FN:1,(anonymous_2)
FN:3,(anonymous_3)
FN:5,(anonymous_4)
FNF:3
FNH:1
FNDA:8,(anonymous_2)
FNDA:0,(anonymous_3)
FNDA:0,(anonymous_4)
DA:1,8
DA:2,8
DA:3,8
DA:5,0
LF:4
LH:3
BRF:0
BRH:0
end_of_record
TN:
SF:src/api/index.ts
FN:3,addMethod
FN:10,(anonymous_14)
FN:56,(anonymous_17)
FN:57,API
FNF:4
FNH:4
FNDA:36,addMethod
FNDA:9,(anonymous_14)
FNDA:9,(anonymous_17)
FNDA:9,API
DA:1,9
DA:4,36
DA:6,36
DA:10,36
DA:12,9
DA:13,9
DA:14,9
DA:15,0
DA:16,0
DA:17,0
DA:19,0
DA:24,0
DA:28,9
DA:29,0
DA:30,0
DA:31,0
DA:32,0
DA:33,0
DA:34,0
DA:36,9
DA:37,9
DA:38,9
DA:39,9
DA:40,0
DA:41,0
DA:43,0
DA:44,0
DA:46,0
DA:48,0
DA:50,0
DA:53,36
DA:56,9
DA:58,9
DA:59,9
DA:60,9
DA:61,9
DA:67,9
DA:69,9
LF:38
LH:20
BRDA:6,0,0,36
BRDA:6,0,1,0
BRDA:6,1,0,36
BRDA:6,1,1,0
BRDA:46,2,0,0
BRDA:46,2,1,0
BRDA:14,3,0,0
BRDA:14,4,0,9
BRDA:14,4,1,9
BRDA:15,5,0,0
BRDA:15,5,1,0
BRDA:19,6,0,0
BRDA:20,7,0,0
BRDA:20,7,1,0
BRDA:20,7,2,0
BRDA:28,8,0,0
BRDA:30,9,0,0
BRDA:30,9,1,0
BRDA:31,10,0,0
BRDA:31,10,1,0
BRDA:37,11,0,0
BRDA:37,11,1,9
BRDA:38,12,0,0
BRDA:40,13,0,0
BRDA:44,14,0,0
BRF:25
BRH:5
end_of_record
TN:
SF:src/bots/Body.tsx
FN:77,(anonymous_23)
FN:79,(anonymous_24)
FN:80,(anonymous_25)
FN:85,(anonymous_26)
FN:103,(anonymous_27)
FN:115,BotBody
FN:128,addToast
FN:137,removeToast
FN:146,selectBot
FN:150,(anonymous_32)
FN:160,(anonymous_33)
FN:172,createOrSaveBot
FN:173,(anonymous_39)
FN:201,deleteBot
FN:216,(anonymous_43)
FN:234,redirect
FN:249,(anonymous_45)
FN:260,(anonymous_46)
FN:262,renderDesktop
FN:275,(anonymous_48)
FN:300,(anonymous_49)
FN:308,(anonymous_50)
FN:326,(anonymous_51)
FN:341,(anonymous_52)
FN:360,(anonymous_53)
FN:366,(anonymous_54)
FN:379,(anonymous_55)
FN:388,(anonymous_56)
FN:391,(anonymous_57)
FN:394,(anonymous_58)
FN:402,renderMobile
FN:410,(anonymous_60)
FN:432,(anonymous_61)
FN:447,(anonymous_62)
FN:456,(anonymous_63)
FN:478,(anonymous_64)
FN:489,(anonymous_65)
FN:492,(anonymous_66)
FN:498,(anonymous_67)
FN:505,(anonymous_68)
FN:508,(anonymous_69)
FN:511,(anonymous_70)
FN:514,(anonymous_71)
FN:532,(anonymous_72)
FN:557,(anonymous_73)
FN:579,(anonymous_74)
FN:591,(anonymous_75)
FN:598,(anonymous_76)
FN:615,(anonymous_77)
FN:630,(anonymous_78)
FNF:50
FNH:0
FNDA:0,(anonymous_23)
FNDA:0,(anonymous_24)
FNDA:0,(anonymous_25)
FNDA:0,(anonymous_26)
FNDA:0,(anonymous_27)
FNDA:0,BotBody
FNDA:0,addToast
FNDA:0,removeToast
FNDA:0,selectBot
FNDA:0,(anonymous_32)
FNDA:0,(anonymous_33)
FNDA:0,createOrSaveBot
FNDA:0,(anonymous_39)
FNDA:0,deleteBot
FNDA:0,(anonymous_43)
FNDA:0,redirect
FNDA:0,(anonymous_45)
FNDA:0,(anonymous_46)
FNDA:0,renderDesktop
FNDA:0,(anonymous_48)
FNDA:0,(anonymous_49)
FNDA:0,(anonymous_50)
FNDA:0,(anonymous_51)
FNDA:0,(anonymous_52)
FNDA:0,(anonymous_53)
FNDA:0,(anonymous_54)
FNDA:0,(anonymous_55)
FNDA:0,(anonymous_56)
FNDA:0,(anonymous_57)
FNDA:0,(anonymous_58)
FNDA:0,renderMobile
FNDA:0,(anonymous_60)
FNDA:0,(anonymous_61)
FNDA:0,(anonymous_62)
FNDA:0,(anonymous_63)
FNDA:0,(anonymous_64)
FNDA:0,(anonymous_65)
FNDA:0,(anonymous_66)
FNDA:0,(anonymous_67)
FNDA:0,(anonymous_68)
FNDA:0,(anonymous_69)
FNDA:0,(anonymous_70)
FNDA:0,(anonymous_71)
FNDA:0,(anonymous_72)
FNDA:0,(anonymous_73)
FNDA:0,(anonymous_74)
FNDA:0,(anonymous_75)
FNDA:0,(anonymous_76)
FNDA:0,(anonymous_77)
FNDA:0,(anonymous_78)
DA:1,0
DA:2,0
DA:3,0
DA:4,0
DA:5,0
DA:6,0
DA:7,0
DA:8,0
DA:9,0
DA:10,0
DA:11,0
DA:12,0
DA:13,0
DA:14,0
DA:15,0
DA:16,0
DA:17,0
DA:18,0
DA:21,0
DA:22,0
DA:24,0
DA:40,0
DA:49,0
DA:65,0
DA:72,0
DA:77,0
DA:79,0
DA:80,0
DA:85,0
DA:88,0
DA:102,0
DA:103,0
DA:115,0
DA:116,0
DA:117,0
DA:118,0
DA:119,0
DA:120,0
DA:121,0
DA:122,0
DA:123,0
DA:124,0
DA:126,0
DA:129,0
DA:138,0
DA:141,0
DA:142,0
DA:144,0
DA:148,0
DA:149,0
DA:150,0
DA:151,0
DA:152,0
DA:155,0
DA:156,0
DA:160,0
DA:161,0
DA:163,0
DA:164,0
DA:165,0
DA:168,0
DA:169,0
DA:170,0
DA:173,0
DA:174,0
DA:176,0
DA:178,0
DA:180,0
DA:182,0
DA:183,0
DA:187,0
DA:188,0
DA:189,0
DA:190,0
DA:192,0
DA:194,0
DA:195,0
DA:198,0
DA:203,0
DA:204,0
DA:205,0
DA:208,0
DA:211,0
DA:212,0
DA:213,0
DA:216,0
DA:217,0
DA:220,0
DA:227,0
DA:228,0
DA:235,0
DA:236,0
DA:237,0
DA:238,0
DA:241,0
DA:243,0
DA:244,0
DA:245,0
DA:247,0
DA:249,0
DA:252,0
DA:253,0
DA:260,0
DA:263,0
DA:275,0
DA:301,0
DA:302,0
DA:304,0
DA:309,0
DA:326,0
DA:342,0
DA:360,0
DA:367,0
DA:379,0
DA:388,0
DA:391,0
DA:394,0
DA:403,0
DA:410,0
DA:432,0
DA:448,0
DA:449,0
DA:451,0
DA:457,0
DA:458,0
DA:459,0
DA:479,0
DA:489,0
DA:492,0
DA:498,0
DA:505,0
DA:508,0
DA:511,0
DA:514,0
DA:522,0
DA:524,0
DA:527,0
DA:528,0
DA:530,0
DA:532,0
DA:538,0
DA:544,0
DA:550,0
DA:558,0
DA:580,0
DA:581,0
DA:591,0
DA:599,0
DA:600,0
DA:616,0
DA:617,0
DA:631,0
DA:632,0
DA:644,0
LF:154
LH:0
BRDA:24,0,0,0
BRDA:24,0,1,0
BRDA:40,1,0,0
BRDA:40,1,1,0
BRDA:49,2,0,0
BRDA:49,2,1,0
BRDA:65,3,0,0
BRDA:65,3,1,0
BRDA:72,4,0,0
BRDA:72,4,1,0
BRDA:77,5,0,0
BRDA:77,5,1,0
BRDA:79,6,0,0
BRDA:79,6,1,0
BRDA:80,7,0,0
BRDA:80,7,1,0
BRDA:85,8,0,0
BRDA:85,8,1,0
BRDA:88,9,0,0
BRDA:88,9,1,0
BRDA:102,10,0,0
BRDA:102,10,1,0
BRDA:144,11,0,0
BRDA:144,11,1,0
BRDA:148,12,0,0
BRDA:148,12,1,0
BRDA:149,13,0,0
BRDA:149,13,1,0
BRDA:164,14,0,0
BRDA:173,15,0,0
BRDA:173,15,1,0
BRDA:176,16,0,0
BRDA:176,16,1,0
BRDA:180,17,0,0
BRDA:188,18,0,0
BRDA:204,19,0,0
BRDA:227,20,0,0
BRDA:241,21,0,0
BRDA:241,21,1,0
BRDA:247,22,0,0
BRDA:249,23,0,0
BRDA:249,23,1,0
BRDA:249,23,2,0
BRDA:252,24,0,0
BRDA:260,25,0,0
BRDA:260,25,1,0
BRDA:270,26,0,0
BRDA:270,26,1,0
BRDA:299,27,0,0
BRDA:299,27,1,0
BRDA:320,28,0,0
BRDA:320,28,1,0
BRDA:382,29,0,0
BRDA:382,29,1,0
BRDA:387,30,0,0
BRDA:387,30,1,0
BRDA:405,31,0,0
BRDA:405,31,1,0
BRDA:433,32,0,0
BRDA:433,32,1,0
BRDA:436,33,0,0
BRDA:436,33,1,0
BRDA:446,34,0,0
BRDA:446,34,1,0
BRDA:507,35,0,0
BRDA:507,35,1,0
BRDA:522,36,0,0
BRDA:522,36,1,0
BRDA:527,37,0,0
BRDA:531,38,0,0
BRDA:531,38,1,0
BRDA:533,39,0,0
BRDA:533,39,1,0
BRDA:534,40,0,0
BRDA:534,40,1,0
BRDA:538,41,0,0
BRDA:538,41,1,0
BRDA:538,42,0,0
BRDA:538,42,1,0
BRDA:538,43,0,0
BRDA:538,43,1,0
BRDA:544,44,0,0
BRDA:544,44,1,0
BRDA:544,45,0,0
BRDA:544,45,1,0
BRDA:544,46,0,0
BRDA:544,46,1,0
BRDA:608,47,0,0
BRDA:608,47,1,0
BRDA:608,48,0,0
BRDA:608,48,1,0
BRDA:608,49,0,0
BRDA:608,49,1,0
BRDA:619,50,0,0
BRDA:619,50,1,0
BRDA:621,51,0,0
BRDA:621,51,1,0
BRDA:629,52,0,0
BRDA:629,52,1,0
BRDA:629,53,0,0
BRDA:629,53,1,0
BRF:101
BRH:0
end_of_record
TN:
SF:src/bots/Bot.tsx
FN:92,(anonymous_2)
FN:101,Bot
FN:107,renderBotCard
FN:111,(anonymous_5)
FN:135,(anonymous_6)
FNF:5
FNH:0
FNDA:0,(anonymous_2)
FNDA:0,Bot
FNDA:0,renderBotCard
FNDA:0,(anonymous_5)
FNDA:0,(anonymous_6)
DA:1,0
DA:2,0
DA:4,0
DA:6,0
DA:14,0
DA:29,0
DA:33,0
DA:38,0
DA:56,0
DA:68,0
DA:78,0
DA:91,0
DA:92,0
DA:101,0
DA:102,0
DA:104,0
DA:105,0
DA:108,0
DA:109,0
DA:111,0
DA:134,0
DA:135,0
DA:150,0
LF:23
LH:0
BRDA:6,0,0,0
BRDA:6,0,1,0
BRDA:14,1,0,0
BRDA:14,1,1,0
BRDA:29,2,0,0
BRDA:29,2,1,0
BRDA:33,3,0,0
BRDA:33,3,1,0
BRDA:38,4,0,0
BRDA:38,4,1,0
BRDA:56,5,0,0
BRDA:56,5,1,0
BRDA:68,6,0,0
BRDA:68,6,1,0
BRDA:78,7,0,0
BRDA:78,7,1,0
BRDA:91,8,0,0
BRDA:91,8,1,0
BRDA:108,9,0,0
BRDA:113,10,0,0
BRDA:113,10,1,0
BRDA:117,11,0,0
BRDA:117,11,1,0
BRDA:117,12,0,0
BRDA:117,12,1,0
BRDA:119,13,0,0
BRDA:119,13,1,0
BRDA:120,14,0,0
BRDA:120,14,1,0
BRDA:122,15,0,0
BRDA:122,15,1,0
BRDA:139,16,0,0
BRDA:139,16,1,0
BRF:33
BRH:0
end_of_record
TN:
SF:src/bots/BotView.tsx
FN:97,(anonymous_4)
FN:147,BotView
FN:155,(anonymous_6)
FN:161,(anonymous_7)
FN:187,(anonymous_8)
FN:197,(anonymous_9)
FN:206,renderMobileView
FN:245,renderDesktopView
FN:260,(anonymous_12)
FN:267,(anonymous_13)
FNF:10
FNH:0
FNDA:0,(anonymous_4)
FNDA:0,BotView
FNDA:0,(anonymous_6)
FNDA:0,(anonymous_7)
FNDA:0,(anonymous_8)
FNDA:0,(anonymous_9)
FNDA:0,renderMobileView
FNDA:0,renderDesktopView
FNDA:0,(anonymous_12)
FNDA:0,(anonymous_13)
DA:1,0
DA:2,0
DA:3,0
DA:4,0
DA:5,0
DA:7,0
DA:8,0
DA:9,0
DA:10,0
DA:13,0
DA:20,0
DA:30,0
DA:38,0
DA:49,0
DA:57,0
DA:72,0
DA:74,0
DA:79,0
DA:96,0
DA:97,0
DA:109,0
DA:131,0
DA:148,0
DA:150,0
DA:152,0
DA:155,0
DA:157,0
DA:158,0
DA:161,0
DA:163,0
DA:165,0
DA:168,0
DA:187,0
DA:197,0
DA:207,0
DA:246,0
DA:260,0
DA:267,0
DA:323,0
DA:326,0
LF:40
LH:0
BRDA:13,0,0,0
BRDA:13,0,1,0
BRDA:20,1,0,0
BRDA:20,1,1,0
BRDA:30,2,0,0
BRDA:30,2,1,0
BRDA:38,3,0,0
BRDA:38,3,1,0
BRDA:49,4,0,0
BRDA:49,4,1,0
BRDA:57,5,0,0
BRDA:57,5,1,0
BRDA:72,6,0,0
BRDA:72,6,1,0
BRDA:74,7,0,0
BRDA:74,7,1,0
BRDA:79,8,0,0
BRDA:79,8,1,0
BRDA:96,9,0,0
BRDA:96,9,1,0
BRDA:109,10,0,0
BRDA:109,10,1,0
BRDA:131,11,0,0
BRDA:131,11,1,0
BRDA:155,12,0,0
BRDA:155,12,1,0
BRDA:155,12,2,0
BRDA:158,13,0,0
BRDA:158,13,1,0
BRDA:161,14,0,0
BRDA:161,14,1,0
BRDA:161,14,2,0
BRDA:165,15,0,0
BRDA:169,16,0,0
BRDA:169,16,1,0
BRDA:170,17,0,0
BRDA:170,17,1,0
BRDA:189,18,0,0
BRDA:189,18,1,0
BRDA:193,19,0,0
BRDA:193,19,1,0
BRDA:193,19,2,0
BRDA:323,20,0,0
BRDA:323,20,1,0
BRF:44
BRH:0
end_of_record
TN:
SF:src/bots/utils/BotBar.tsx
FN:5,BotBar
FN:9,addToast
FN:18,removeToast
FN:22,copyToClipboard
FN:44,(anonymous_10)
FNF:5
FNH:0
FNDA:0,BotBar
FNDA:0,addToast
FNDA:0,removeToast
FNDA:0,copyToClipboard
FNDA:0,(anonymous_10)
DA:1,0
DA:2,0
DA:3,0
DA:5,0
DA:6,0
DA:7,0
DA:10,0
DA:19,0
DA:23,0
DA:24,0
DA:25,0
DA:26,0
DA:27,0
DA:28,0
DA:29,0
DA:32,0
DA:44,0
LF:17
LH:0
BRF:0
BRH:0
end_of_record
TN:
SF:src/bots/utils/BotSecret.tsx
FN:48,BotSecret
FN:54,addToast
FN:63,removeToast
FN:67,copyToClipboard
FN:77,makeToken
FN:123,(anonymous_13)
FNF:6
FNH:0
FNDA:0,BotSecret
FNDA:0,addToast
FNDA:0,removeToast
FNDA:0,copyToClipboard
FNDA:0,makeToken
FNDA:0,(anonymous_13)
DA:1,0
DA:2,0
DA:3,0
DA:4,0
DA:6,0
DA:7,0
DA:9,0
DA:17,0
DA:34,0
DA:49,0
DA:50,0
DA:51,0
DA:52,0
DA:55,0
DA:64,0
DA:68,0
DA:69,0
DA:70,0
DA:71,0
DA:72,0
DA:73,0
DA:74,0
DA:78,0
DA:79,0
DA:82,0
DA:84,0
DA:123,0
DA:132,0
LF:28
LH:0
BRDA:9,0,0,0
BRDA:9,0,1,0
BRDA:17,1,0,0
BRDA:17,1,1,0
BRDA:34,2,0,0
BRDA:34,2,1,0
BRDA:50,3,0,0
BRDA:50,3,1,0
BRDA:78,4,0,0
BRDA:78,4,1,0
BRDA:78,5,0,0
BRDA:78,5,1,0
BRDA:90,6,0,0
BRDA:90,6,1,0
BRDA:91,7,0,0
BRDA:91,7,1,0
BRDA:94,8,0,0
BRDA:94,8,1,0
BRF:18
BRH:0
end_of_record
TN:
SF:src/bounties/BountyDescription.tsx
FN:71,(anonymous_10)
FN:72,(anonymous_11)
FN:73,(anonymous_12)
FN:86,(anonymous_13)
FN:87,(anonymous_14)
FN:88,(anonymous_15)
FN:109,(anonymous_16)
FN:117,(anonymous_17)
FN:123,(anonymous_18)
FN:135,(anonymous_19)
FN:138,(anonymous_20)
FN:140,(anonymous_21)
FN:217,(anonymous_22)
FN:238,(anonymous_23)
FNF:14
FNH:0
FNDA:0,(anonymous_10)
FNDA:0,(anonymous_11)
FNDA:0,(anonymous_12)
FNDA:0,(anonymous_13)
FNDA:0,(anonymous_14)
FNDA:0,(anonymous_15)
FNDA:0,(anonymous_16)
FNDA:0,(anonymous_17)
FNDA:0,(anonymous_18)
FNDA:0,(anonymous_19)
FNDA:0,(anonymous_20)
FNDA:0,(anonymous_21)
FNDA:0,(anonymous_22)
FNDA:0,(anonymous_23)
DA:1,0
DA:2,0
DA:3,0
DA:4,0
DA:5,0
DA:6,0
DA:7,0
DA:8,0
DA:9,0
DA:24,0
DA:34,0
DA:46,0
DA:71,0
DA:72,0
DA:73,0
DA:77,0
DA:84,0
DA:86,0
DA:87,0
DA:88,0
DA:106,0
DA:109,0
DA:117,0
DA:118,0
DA:119,0
DA:120,0
DA:121,0
DA:123,0
DA:124,0
DA:125,0
DA:126,0
DA:131,0
DA:135,0
DA:137,0
DA:138,0
DA:139,0
DA:140,0
DA:144,0
DA:147,0
DA:217,0
DA:238,0
DA:255,0
LF:42
LH:0
BRDA:24,0,0,0
BRDA:24,0,1,0
BRDA:34,1,0,0
BRDA:34,1,1,0
BRDA:46,2,0,0
BRDA:46,2,1,0
BRDA:71,3,0,0
BRDA:71,3,1,0
BRDA:71,4,0,0
BRDA:71,4,1,0
BRDA:71,5,0,0
BRDA:71,5,1,0
BRDA:72,6,0,0
BRDA:72,6,1,0
BRDA:73,7,0,0
BRDA:73,7,1,0
BRDA:77,8,0,0
BRDA:77,8,1,0
BRDA:84,9,0,0
BRDA:84,9,1,0
BRDA:86,10,0,0
BRDA:86,10,1,0
BRDA:86,11,0,0
BRDA:86,11,1,0
BRDA:86,12,0,0
BRDA:86,12,1,0
BRDA:87,13,0,0
BRDA:87,13,1,0
BRDA:87,14,0,0
BRDA:87,14,1,0
BRDA:87,15,0,0
BRDA:87,15,1,0
BRDA:88,16,0,0
BRDA:88,16,1,0
BRDA:88,17,0,0
BRDA:88,17,1,0
BRDA:88,18,0,0
BRDA:88,18,1,0
BRDA:106,19,0,0
BRDA:106,19,1,0
BRDA:124,20,0,0
BRDA:125,21,0,0
BRDA:125,21,1,0
BRDA:125,22,0,0
BRDA:125,22,1,0
BRDA:127,23,0,0
BRDA:127,23,1,0
BRDA:127,24,0,0
BRDA:127,24,1,0
BRDA:131,25,0,0
BRDA:131,25,1,0
BRDA:131,25,2,0
BRDA:137,26,0,0
BRDA:138,27,0,0
BRDA:138,27,1,0
BRDA:138,28,0,0
BRDA:138,28,1,0
BRDA:139,29,0,0
BRDA:139,29,1,0
BRDA:140,30,0,0
BRDA:140,30,1,0
BRDA:140,31,0,0
BRDA:140,31,1,0
BRDA:160,32,0,0
BRDA:160,32,1,0
BRDA:160,33,0,0
BRDA:160,33,1,0
BRDA:166,34,0,0
BRDA:166,34,1,0
BRDA:166,34,2,0
BRDA:171,35,0,0
BRDA:171,35,1,0
BRDA:186,36,0,0
BRDA:186,36,1,0
BRDA:186,37,0,0
BRDA:186,37,1,0
BRDA:190,38,0,0
BRDA:190,38,1,0
BRDA:196,39,0,0
BRDA:196,39,1,0
BRDA:199,40,0,0
BRDA:199,40,1,0
BRDA:199,41,0,0
BRDA:199,41,1,0
BRDA:199,42,0,0
BRDA:199,42,1,0
BRDA:200,43,0,0
BRDA:200,43,1,0
BRDA:200,44,0,0
BRDA:200,44,1,0
BRDA:200,45,0,0
BRDA:200,45,1,0
BRDA:203,46,0,0
BRDA:203,46,1,0
BRDA:216,47,0,0
BRDA:216,47,1,0
BRDA:236,48,0,0
BRDA:236,48,1,0
BRDA:236,48,2,0
BRDA:237,49,0,0
BRDA:237,49,1,0
BRDA:237,50,0,0
BRDA:237,50,1,0
BRDA:238,51,0,0
BRDA:238,51,1,0
BRDA:238,52,0,0
BRDA:238,52,1,0
BRDA:241,53,0,0
BRDA:241,53,1,0
BRDA:241,54,0,0
BRDA:241,54,1,0
BRDA:241,55,0,0
BRDA:241,55,1,0
BRDA:242,56,0,0
BRDA:242,56,1,0
BRDA:242,57,0,0
BRDA:242,57,1,0
BRDA:242,58,0,0
BRDA:242,58,1,0
BRDA:243,59,0,0
BRDA:243,59,1,0
BRDA:243,60,0,0
BRDA:243,60,1,0
BRDA:243,61,0,0
BRDA:243,61,1,0
BRDA:246,62,0,0
BRDA:246,62,1,0
BRDA:246,63,0,0
BRDA:246,63,1,0
BRF:129
BRH:0
end_of_record
TN:
SF:src/bounties/BountyModalButtonSet.tsx
FN:15,(anonymous_5)
FN:49,(anonymous_6)
FN:83,(anonymous_7)
FNF:3
FNH:0
FNDA:0,(anonymous_5)
FNDA:0,(anonymous_6)
FNDA:0,(anonymous_7)
DA:1,0
DA:2,0
DA:3,0
DA:4,0
DA:5,0
DA:7,0
DA:15,0
DA:16,0
DA:17,0
DA:50,0
DA:84,0
DA:145,0
LF:12
LH:0
BRDA:7,0,0,0
BRDA:7,0,1,0
BRDA:23,1,0,0
BRDA:23,1,1,0
BRDA:24,2,0,0
BRDA:24,2,1,0
BRDA:24,3,0,0
BRDA:24,3,1,0
BRDA:46,4,0,0
BRDA:46,4,1,0
BRDA:46,5,0,0
BRDA:46,5,1,0
BRDA:46,6,0,0
BRDA:46,6,1,0
BRDA:80,7,0,0
BRDA:80,7,1,0
BRDA:84,8,0,0
BRDA:84,8,1,0
BRDA:84,9,0,0
BRDA:84,9,1,0
BRDA:103,10,0,0
BRDA:103,10,1,0
BRF:22
BRH:0
end_of_record
TN:
SF:src/bounties/BountyPrice.tsx
FN:53,(anonymous_10)
FN:86,(anonymous_11)
FN:90,(anonymous_12)
FN:93,(anonymous_13)
FNF:4
FNH:0
FNDA:0,(anonymous_10)
FNDA:0,(anonymous_11)
FNDA:0,(anonymous_12)
FNDA:0,(anonymous_13)
DA:1,0
DA:2,0
DA:3,0
DA:4,0
DA:5,0
DA:6,0
DA:15,0
DA:37,0
DA:48,0
DA:53,0
DA:67,0
DA:86,0
DA:87,0
DA:88,0
DA:90,0
DA:92,0
DA:93,0
DA:95,0
DA:98,0
DA:179,0
LF:20
LH:0
BRDA:15,0,0,0
BRDA:15,0,1,0
BRDA:37,1,0,0
BRDA:37,1,1,0
BRDA:48,2,0,0
BRDA:48,2,1,0
BRDA:53,3,0,0
BRDA:53,3,1,0
BRDA:92,4,0,0
BRDA:93,5,0,0
BRDA:93,5,1,0
BRDA:93,6,0,0
BRDA:93,6,1,0
BRDA:93,7,0,0
BRDA:93,7,1,0
BRDA:93,8,0,0
BRDA:93,8,1,0
BRDA:114,9,0,0
BRDA:114,9,1,0
BRDA:120,10,0,0
BRDA:120,10,1,0
BRDA:120,11,0,0
BRDA:120,11,1,0
BRDA:132,12,0,0
BRDA:132,12,1,0
BRDA:132,13,0,0
BRDA:132,13,1,0
BRDA:142,14,0,0
BRDA:142,14,1,0
BRDA:144,15,0,0
BRDA:144,15,1,0
BRDA:144,16,0,0
BRDA:144,16,1,0
BRDA:148,17,0,0
BRDA:148,17,1,0
BRDA:148,18,0,0
BRDA:148,18,1,0
BRDA:151,19,0,0
BRDA:151,19,1,0
BRDA:163,20,0,0
BRDA:163,20,1,0
BRF:41
BRH:0
end_of_record
TN:
SF:src/bounties/BountyProfileView.tsx
FN:81,(anonymous_4)
FN:100,(anonymous_5)
FN:110,(anonymous_6)
FN:121,(anonymous_7)
FN:162,(anonymous_8)
FN:184,(anonymous_9)
FNF:6
FNH:0
FNDA:0,(anonymous_4)
FNDA:0,(anonymous_5)
FNDA:0,(anonymous_6)
FNDA:0,(anonymous_7)
FNDA:0,(anonymous_8)
FNDA:0,(anonymous_9)
DA:1,0
DA:2,0
DA:3,0
DA:4,0
DA:5,0
DA:6,0
DA:7,0
DA:8,0
DA:17,0
DA:24,0
DA:34,0
DA:41,0
DA:61,0
DA:81,0
DA:85,0
DA:100,0
DA:110,0
DA:121,0
DA:122,0
DA:123,0
DA:124,0
DA:163,0
DA:164,0
DA:165,0
DA:185,0
DA:186,0
DA:187,0
DA:210,0
LF:28
LH:0
BRDA:17,0,0,0
BRDA:17,0,1,0
BRDA:24,1,0,0
BRDA:24,1,1,0
BRDA:34,2,0,0
BRDA:34,2,1,0
BRDA:41,3,0,0
BRDA:41,3,1,0
BRDA:61,4,0,0
BRDA:61,4,1,0
BRDA:85,5,0,0
BRDA:85,5,1,0
BRDA:128,6,0,0
BRDA:128,6,1,0
BRDA:128,7,0,0
BRDA:128,7,1,0
BRDA:140,8,0,0
BRDA:140,8,1,0
BRDA:151,9,0,0
BRDA:151,9,1,0
BRDA:151,10,0,0
BRDA:151,10,1,0
BRDA:154,11,0,0
BRDA:154,11,1,0
BRDA:154,12,0,0
BRDA:154,12,1,0
BRDA:159,13,0,0
BRDA:159,13,1,0
BRDA:163,14,0,0
BRDA:163,15,0,0
BRDA:163,15,1,0
BRDA:177,16,0,0
BRDA:177,16,1,0
BRDA:180,17,0,0
BRDA:180,17,1,0
BRDA:185,18,0,0
BRF:36
BRH:0
end_of_record
TN:
SF:src/components/animated/FadeLeft.tsx
FN:5,(anonymous_23)
FN:5,(anonymous_24)
FN:15,FadeLeft
FN:33,open
FN:38,(anonymous_27)
FN:44,(anonymous_28)
FN:54,(anonymous_29)
FN:61,(anonymous_30)
FN:62,(anonymous_31)
FN:92,(anonymous_34)
FNF:10
FNH:0
FNDA:0,(anonymous_23)
FNDA:0,(anonymous_24)
FNDA:0,FadeLeft
FNDA:0,open
FNDA:0,(anonymous_27)
FNDA:0,(anonymous_28)
FNDA:0,(anonymous_29)
FNDA:0,(anonymous_30)
FNDA:0,(anonymous_31)
FNDA:0,(anonymous_34)
DA:2,2
DA:3,2
DA:5,2
DA:7,2
DA:10,2
DA:15,2
DA:28,0
DA:29,0
DA:30,0
DA:31,0
DA:34,0
DA:35,0
DA:38,0
DA:39,0
DA:40,0
DA:43,0
DA:45,0
DA:46,0
DA:48,0
DA:54,0
DA:55,0
DA:56,0
DA:57,0
DA:61,0
DA:62,0
DA:63,0
DA:64,0
DA:65,0
DA:67,0
DA:68,0
DA:70,0
DA:72,0
DA:74,0
DA:76,0
DA:81,0
DA:82,0
DA:85,0
DA:87,0
DA:88,0
DA:93,0
DA:94,0
DA:96,0
DA:97,0
DA:98,0
DA:108,0
LF:45
LH:6
BRDA:7,0,0,2
BRDA:7,0,1,2
BRDA:10,1,0,2
BRDA:10,1,1,2
BRDA:29,2,0,0
BRDA:29,2,1,0
BRDA:39,3,0,0
BRDA:39,3,1,0
BRDA:45,4,0,0
BRDA:45,4,1,0
BRDA:55,5,0,0
BRDA:63,6,0,0
BRDA:64,7,0,0
BRDA:64,7,1,0
BRDA:64,8,0,0
BRDA:64,8,1,0
BRDA:70,9,0,0
BRDA:81,10,0,0
BRDA:81,11,0,0
BRDA:81,11,1,0
BRDA:85,12,0,0
BRDA:85,12,1,0
BRDA:87,13,0,0
BRDA:89,14,0,0
BRDA:89,14,1,0
BRDA:96,15,0,0
BRDA:96,16,0,0
BRDA:96,16,1,0
BRDA:97,17,0,0
BRDA:97,17,1,0
BRDA:98,18,0,0
BRDA:114,19,0,0
BRDA:114,19,1,0
BRF:33
BRH:4
end_of_record
TN:
SF:src/components/common/BaseModal.tsx
FN:24,(anonymous_5)
FN:34,(anonymous_6)
FN:44,(anonymous_7)
FN:55,(anonymous_8)
FN:69,(anonymous_9)
FNF:5
FNH:0
FNDA:0,(anonymous_5)
FNDA:0,(anonymous_6)
FNDA:0,(anonymous_7)
FNDA:0,(anonymous_8)
FNDA:0,(anonymous_9)
DA:2,2
DA:3,2
DA:4,2
DA:5,2
DA:13,2
DA:23,2
DA:25,0
DA:26,0
DA:30,2
DA:34,0
DA:35,0
DA:36,0
DA:39,0
DA:44,2
DA:55,2
DA:69,0
LF:16
LH:9
BRDA:13,0,0,2
BRDA:13,0,1,2
BRDA:30,1,0,2
BRDA:30,1,1,2
BRDA:34,2,0,0
BRDA:34,2,1,0
BRDA:35,3,0,0
BRDA:67,4,0,0
BRDA:67,4,1,0
BRDA:69,5,0,0
BRDA:69,5,1,0
BRDA:69,6,0,0
BRDA:69,6,1,0
BRF:13
BRH:4
end_of_record
TN:
SF:src/components/common/Button.tsx
FN:37,(anonymous_4)
FN:46,Button
FNF:2
FNH:1
FNDA:0,(anonymous_4)
FNDA:1,Button
DA:1,3
DA:2,3
DA:3,3
DA:4,3
DA:6,3
DA:8,3
DA:36,3
DA:37,0
DA:46,3
DA:47,2
DA:49,1
LF:11
LH:10
BRDA:8,0,0,3
BRDA:8,0,1,3
BRDA:36,1,0,3
BRDA:36,1,1,3
BRDA:53,2,0,1
BRDA:53,2,1,0
BRDA:54,3,0,1
BRDA:54,3,1,0
BRDA:56,4,0,0
BRDA:56,4,1,1
BRDA:59,5,0,1
BRDA:59,5,1,0
BRDA:65,6,0,0
BRDA:65,6,1,1
BRDA:67,7,0,0
BRDA:67,7,1,1
BRDA:76,8,0,0
BRDA:76,8,1,0
BRDA:99,9,0,0
BRDA:99,9,1,0
BRDA:112,10,0,0
BRDA:112,10,1,0
BRDA:119,11,0,1
BRDA:119,11,1,0
BRDA:133,12,0,0
BRDA:133,12,1,0
BRDA:137,13,0,1
BRDA:137,13,1,0
BRDA:151,14,0,0
BRDA:151,14,1,0
BRDA:152,15,0,0
BRDA:152,15,1,0
BRDA:159,16,0,1
BRDA:159,16,1,0
BRDA:163,17,0,0
BRDA:163,17,1,0
BRDA:170,18,0,1
BRDA:170,18,1,0
BRDA:174,19,0,0
BRDA:174,19,1,0
BRDA:175,20,0,0
BRDA:175,20,1,0
BRDA:181,21,0,0
BRDA:181,21,1,1
BRDA:181,22,0,1
BRDA:181,22,1,1
BRDA:192,23,0,1
BRDA:192,23,1,0
BRDA:196,24,0,0
BRDA:196,24,1,0
BRF:50
BRH:18
end_of_record
TN:
SF:src/components/common/ButtonContainer.tsx
FN:16,(anonymous_2)
FN:17,(anonymous_3)
FN:18,(anonymous_4)
FN:39,(anonymous_5)
FN:42,(anonymous_6)
FN:54,(anonymous_7)
FNF:6
FNH:0
FNDA:0,(anonymous_2)
FNDA:0,(anonymous_3)
FNDA:0,(anonymous_4)
FNDA:0,(anonymous_5)
FNDA:0,(anonymous_6)
FNDA:0,(anonymous_7)
DA:1,2
DA:10,2
DA:16,0
DA:17,0
DA:18,0
DA:39,0
DA:42,0
DA:54,0
LF:8
LH:2
BRDA:10,0,0,2
BRDA:10,0,1,2
BRDA:16,1,0,0
BRDA:16,1,1,0
BRDA:16,2,0,0
BRDA:16,2,1,0
BRDA:17,3,0,0
BRDA:17,3,1,0
BRDA:17,4,0,0
BRDA:17,4,1,0
BRDA:17,5,0,0
BRDA:17,5,1,0
BRDA:17,6,0,0
BRDA:17,6,1,0
BRDA:17,7,0,0
BRDA:17,7,1,0
BRDA:18,8,0,0
BRDA:18,8,1,0
BRDA:18,9,0,0
BRDA:18,9,1,0
BRDA:18,10,0,0
BRDA:18,10,1,0
BRDA:18,11,0,0
BRDA:18,11,1,0
BRDA:18,12,0,0
BRDA:18,12,1,0
BRDA:39,13,0,0
BRDA:39,13,1,0
BRDA:39,14,0,0
BRDA:39,14,1,0
BRDA:39,15,0,0
BRDA:39,15,1,0
BRDA:39,16,0,0
BRDA:39,16,1,0
BRDA:39,17,0,0
BRDA:39,17,1,0
BRDA:42,18,0,0
BRDA:42,18,1,0
BRDA:42,19,0,0
BRDA:42,19,1,0
BRDA:42,20,0,0
BRDA:42,20,1,0
BRDA:42,21,0,0
BRDA:42,21,1,0
BRDA:42,22,0,0
BRDA:42,22,1,0
BRDA:54,23,0,0
BRDA:54,23,1,0
BRDA:54,24,0,0
BRDA:54,24,1,0
BRDA:54,25,0,0
BRDA:54,25,1,0
BRDA:54,26,0,0
BRDA:54,26,1,0
BRDA:54,27,0,0
BRDA:54,27,1,0
BRF:56
BRH:2
end_of_record
TN:
SF:src/components/common/CreatableMultiSelect.tsx
FN:15,(anonymous_4)
FN:16,(anonymous_5)
FN:61,(anonymous_6)
FN:62,(anonymous_7)
FN:65,Sel
FN:70,(anonymous_9)
FN:87,(anonymous_10)
FN:88,(anonymous_11)
FN:91,(anonymous_12)
FN:96,(anonymous_13)
FN:97,(anonymous_14)
FN:108,(anonymous_15)
FN:117,(anonymous_16)
FN:123,(anonymous_17)
FNF:14
FNH:0
FNDA:0,(anonymous_4)
FNDA:0,(anonymous_5)
FNDA:0,(anonymous_6)
FNDA:0,(anonymous_7)
FNDA:0,Sel
FNDA:0,(anonymous_9)
FNDA:0,(anonymous_10)
FNDA:0,(anonymous_11)
FNDA:0,(anonymous_12)
FNDA:0,(anonymous_13)
FNDA:0,(anonymous_14)
FNDA:0,(anonymous_15)
FNDA:0,(anonymous_16)
FNDA:0,(anonymous_17)
DA:1,2
DA:2,2
DA:3,2
DA:5,2
DA:6,2
DA:13,2
DA:15,0
DA:16,0
DA:61,0
DA:62,0
DA:65,2
DA:66,0
DA:67,0
DA:70,0
DA:78,0
DA:87,0
DA:89,0
DA:92,0
DA:96,0
DA:97,0
DA:108,0
DA:117,0
DA:123,0
LF:23
LH:7
BRDA:13,0,0,2
BRDA:13,0,1,2
BRDA:15,1,0,0
BRDA:15,1,1,0
BRDA:16,2,0,0
BRDA:16,2,1,0
BRDA:61,3,0,0
BRDA:61,3,1,0
BRDA:62,4,0,0
BRDA:62,4,1,0
BRDA:70,5,0,0
BRDA:70,5,1,0
BRDA:89,6,0,0
BRDA:92,7,0,0
BRF:14
BRH:2
end_of_record
TN:
SF:src/components/common/CustomAutocomplete.tsx
FN:19,(anonymous_8)
FN:26,(anonymous_9)
FN:27,(anonymous_10)
FN:33,(anonymous_11)
FN:38,(anonymous_12)
FN:39,(anonymous_13)
FN:46,(anonymous_14)
FN:47,(anonymous_15)
FN:54,(anonymous_16)
FN:82,(anonymous_17)
FN:89,(anonymous_18)
FN:94,(anonymous_19)
FN:97,(anonymous_20)
FN:102,(anonymous_21)
FN:121,(anonymous_22)
FN:140,(anonymous_23)
FNF:16
FNH:0
FNDA:0,(anonymous_8)
FNDA:0,(anonymous_9)
FNDA:0,(anonymous_10)
FNDA:0,(anonymous_11)
FNDA:0,(anonymous_12)
FNDA:0,(anonymous_13)
FNDA:0,(anonymous_14)
FNDA:0,(anonymous_15)
FNDA:0,(anonymous_16)
FNDA:0,(anonymous_17)
FNDA:0,(anonymous_18)
FNDA:0,(anonymous_19)
FNDA:0,(anonymous_20)
FNDA:0,(anonymous_21)
FNDA:0,(anonymous_22)
FNDA:0,(anonymous_23)
DA:1,0
DA:2,0
DA:3,0
DA:5,0
DA:6,0
DA:12,0
DA:19,0
DA:26,0
DA:27,0
DA:33,0
DA:38,0
DA:39,0
DA:46,0
DA:47,0
DA:54,0
DA:82,0
DA:89,0
DA:90,0
DA:91,0
DA:92,0
DA:94,0
DA:95,0
DA:96,0
DA:97,0
DA:99,0
DA:102,0
DA:103,0
DA:104,0
DA:108,0
DA:121,0
DA:141,0
DA:151,0
LF:32
LH:0
BRDA:12,0,0,0
BRDA:12,0,1,0
BRDA:19,1,0,0
BRDA:19,1,1,0
BRDA:19,2,0,0
BRDA:19,2,1,0
BRDA:19,3,0,0
BRDA:19,3,1,0
BRDA:26,4,0,0
BRDA:26,4,1,0
BRDA:26,5,0,0
BRDA:26,5,1,0
BRDA:26,6,0,0
BRDA:26,6,1,0
BRDA:27,7,0,0
BRDA:27,7,1,0
BRDA:27,8,0,0
BRDA:27,8,1,0
BRDA:27,9,0,0
BRDA:27,9,1,0
BRDA:27,10,0,0
BRDA:27,10,1,0
BRDA:27,11,0,0
BRDA:27,11,1,0
BRDA:27,12,0,0
BRDA:27,12,1,0
BRDA:27,13,0,0
BRDA:27,13,1,0
BRDA:33,14,0,0
BRDA:33,14,1,0
BRDA:33,15,0,0
BRDA:33,15,1,0
BRDA:33,16,0,0
BRDA:33,16,1,0
BRDA:38,17,0,0
BRDA:38,17,1,0
BRDA:38,18,0,0
BRDA:38,18,1,0
BRDA:38,19,0,0
BRDA:38,19,1,0
BRDA:39,20,0,0
BRDA:39,20,1,0
BRDA:39,21,0,0
BRDA:39,21,1,0
BRDA:39,22,0,0
BRDA:39,22,1,0
BRDA:46,23,0,0
BRDA:46,23,1,0
BRDA:46,24,0,0
BRDA:46,24,1,0
BRDA:46,25,0,0
BRDA:46,25,1,0
BRDA:47,26,0,0
BRDA:47,26,1,0
BRDA:47,27,0,0
BRDA:47,27,1,0
BRDA:47,28,0,0
BRDA:47,28,1,0
BRDA:54,29,0,0
BRDA:54,29,1,0
BRDA:54,30,0,0
BRDA:54,30,1,0
BRDA:54,31,0,0
BRDA:54,31,1,0
BRDA:82,32,0,0
BRDA:82,32,1,0
BRDA:82,33,0,0
BRDA:82,33,1,0
BRDA:82,34,0,0
BRDA:82,34,1,0
BRDA:96,35,0,0
BRDA:96,35,1,0
BRDA:96,36,0,0
BRDA:96,36,1,0
BRDA:97,37,0,0
BRDA:97,37,1,0
BRDA:97,38,0,0
BRDA:97,38,1,0
BRDA:97,39,0,0
BRDA:97,39,1,0
BRDA:97,40,0,0
BRDA:97,40,1,0
BRDA:103,41,0,0
BRDA:121,42,0,0
BRDA:121,42,1,0
BRDA:121,43,0,0
BRDA:121,43,1,0
BRDA:121,44,0,0
BRDA:121,44,1,0
BRDA:121,45,0,0
BRDA:121,45,1,0
BRDA:126,46,0,0
BRDA:126,46,1,0
BRDA:141,47,0,0
BRDA:141,47,1,0
BRDA:141,48,0,0
BRDA:141,48,1,0
BRF:97
BRH:0
end_of_record
TN:
SF:src/components/common/Divider.tsx
FN:9,Divider
FNF:1
FNH:1
FNDA:3,Divider
DA:1,2
DA:2,2
DA:4,2
DA:9,2
DA:10,3
LF:5
LH:5
BRDA:4,0,0,2
BRDA:4,0,1,2
BRF:2
BRH:2
end_of_record
TN:
SF:src/components/common/Elements.tsx
FN:50,Title
FN:53,Date
FN:56,Paragraph
FN:59,Link
FNF:4
FNH:0
FNDA:0,Title
FNDA:0,Date
FNDA:0,Paragraph
FNDA:0,Link
DA:2,2
DA:3,2
DA:4,2
DA:16,2
DA:27,2
DA:39,2
DA:51,0
DA:54,0
DA:57,0
DA:60,0
DA:63,2
LF:11
LH:7
BRDA:4,0,0,2
BRDA:4,0,1,2
BRDA:16,1,0,2
BRDA:16,1,1,2
BRDA:27,2,0,2
BRDA:27,2,1,2
BRDA:39,3,0,2
BRDA:39,3,1,2
BRF:8
BRH:8
end_of_record
TN:
SF:src/components/common/IconButton.tsx
FN:12,(anonymous_4)
FN:15,(anonymous_5)
FN:16,(anonymous_6)
FN:17,(anonymous_7)
FN:37,IconButton
FNF:5
FNH:0
FNDA:0,(anonymous_4)
FNDA:0,(anonymous_5)
FNDA:0,(anonymous_6)
FNDA:0,(anonymous_7)
FNDA:0,IconButton
DA:1,0
DA:2,0
DA:3,0
DA:4,0
DA:6,0
DA:11,0
DA:12,0
DA:15,0
DA:16,0
DA:17,0
DA:37,0
DA:38,0
DA:39,0
DA:56,0
LF:14
LH:0
BRDA:11,0,0,0
BRDA:11,0,1,0
BRDA:12,1,0,0
BRDA:12,1,1,0
BRDA:15,2,0,0
BRDA:15,2,1,0
BRDA:16,3,0,0
BRDA:16,3,1,0
BRDA:17,4,0,0
BRDA:17,4,1,0
BRDA:58,5,0,0
BRDA:58,5,1,0
BRDA:59,6,0,0
BRDA:59,6,1,0
BRDA:60,7,0,0
BRDA:60,7,1,0
BRDA:68,8,0,0
BRDA:68,8,1,0
BRF:18
BRH:0
end_of_record
TN:
SF:src/components/common/IconButton2.tsx
FN:32,(anonymous_4)
FN:35,(anonymous_5)
FN:41,(anonymous_6)
FN:84,hexToRgba
FN:87,(anonymous_8)
FN:106,IconButton
FNF:6
FNH:0
FNDA:0,(anonymous_4)
FNDA:0,(anonymous_5)
FNDA:0,(anonymous_6)
FNDA:0,hexToRgba
FNDA:0,(anonymous_8)
FNDA:0,IconButton
DA:1,2
DA:2,2
DA:3,2
DA:4,2
DA:13,2
DA:32,0
DA:35,0
DA:41,0
DA:50,2
DA:84,0
DA:85,0
DA:86,0
DA:87,0
DA:88,0
DA:91,0
DA:92,0
DA:100,0
DA:102,0
DA:106,2
DA:107,0
DA:109,0
DA:172,0
LF:22
LH:7
BRDA:13,0,0,2
BRDA:13,0,1,2
BRDA:32,1,0,0
BRDA:32,1,1,0
BRDA:35,2,0,0
BRDA:35,2,1,0
BRDA:41,3,0,0
BRDA:41,3,1,0
BRDA:50,4,0,2
BRDA:50,4,1,2
BRDA:84,5,0,0
BRDA:92,6,0,0
BRDA:92,6,1,0
BRDA:100,7,0,0
BRDA:100,7,1,0
BRDA:100,8,0,0
BRDA:100,8,1,0
BRDA:100,9,0,0
BRDA:100,9,1,0
BRDA:100,10,0,0
BRDA:100,10,1,0
BRDA:100,11,0,0
BRDA:100,11,1,0
BRDA:100,12,0,0
BRDA:100,12,1,0
BRDA:100,13,0,0
BRDA:100,13,1,0
BRDA:107,14,0,0
BRDA:107,14,1,0
BRDA:172,15,0,0
BRDA:172,15,1,0
BRDA:172,16,0,0
BRDA:172,16,1,0
BRDA:177,17,0,0
BRDA:177,17,1,0
BRDA:179,18,0,0
BRDA:179,18,1,0
BRDA:182,19,0,0
BRDA:182,19,1,0
BRDA:189,20,0,0
BRDA:189,20,1,0
BRDA:189,21,0,0
BRDA:189,21,1,0
BRDA:191,22,0,0
BRDA:191,22,1,0
BRDA:195,23,0,0
BRDA:195,23,1,0
BRDA:209,24,0,0
BRDA:209,24,1,0
BRDA:211,25,0,0
BRDA:211,25,1,0
BRDA:214,26,0,0
BRDA:214,26,1,0
BRDA:217,27,0,0
BRDA:217,27,1,0
BRDA:217,28,0,0
BRDA:217,28,1,0
BRDA:225,29,0,0
BRDA:225,29,1,0
BRDA:239,30,0,0
BRDA:239,30,1,0
BRDA:245,31,0,0
BRDA:245,31,1,0
BRDA:249,32,0,0
BRDA:249,32,1,0
BRDA:255,33,0,0
BRDA:255,33,1,0
BRDA:265,34,0,0
BRDA:265,34,1,0
BRDA:265,35,0,0
BRDA:265,35,1,0
BRDA:267,36,0,0
BRDA:267,36,1,0
BRDA:271,37,0,0
BRDA:271,37,1,0
BRDA:279,38,0,0
BRDA:279,38,1,0
BRF:77
BRH:4
end_of_record
TN:
SF:src/components/common/ImageButton.tsx
FN:18,(anonymous_4)
FN:21,(anonymous_5)
FN:22,(anonymous_6)
FN:68,(anonymous_7)
FNF:4
FNH:0
FNDA:0,(anonymous_4)
FNDA:0,(anonymous_5)
FNDA:0,(anonymous_6)
FNDA:0,(anonymous_7)
DA:1,2
DA:3,2
DA:4,2
DA:11,2
DA:18,0
DA:21,0
DA:22,0
DA:68,2
DA:119,2
LF:9
LH:6
BRDA:11,0,0,2
BRDA:11,0,1,2
BRDA:18,1,0,0
BRDA:18,1,1,0
BRDA:21,2,0,0
BRDA:21,2,1,0
BRDA:22,3,0,0
BRDA:22,3,1,0
BRDA:22,4,0,0
BRDA:22,4,1,0
BRDA:71,5,0,0
BRDA:71,5,1,0
BRDA:71,6,0,0
BRDA:71,6,1,0
BRDA:76,7,0,0
BRDA:76,7,1,0
BRDA:100,8,0,0
BRDA:100,8,1,0
BRF:18
BRH:2
end_of_record
TN:
SF:src/components/common/LazyImg.tsx
FN:10,(anonymous_11)
FN:13,(anonymous_12)
FN:22,(anonymous_13)
FN:24,(anonymous_14)
FN:36,(anonymous_15)
FN:42,(anonymous_16)
FN:53,(anonymous_17)
FN:54,(anonymous_18)
FN:57,(anonymous_19)
FN:65,(anonymous_20)
FN:67,(anonymous_21)
FN:79,(anonymous_22)
FN:84,(anonymous_23)
FN:87,(anonymous_24)
FN:91,(anonymous_25)
FNF:15
FNH:0
FNDA:0,(anonymous_11)
FNDA:0,(anonymous_12)
FNDA:0,(anonymous_13)
FNDA:0,(anonymous_14)
FNDA:0,(anonymous_15)
FNDA:0,(anonymous_16)
FNDA:0,(anonymous_17)
FNDA:0,(anonymous_18)
FNDA:0,(anonymous_19)
FNDA:0,(anonymous_20)
FNDA:0,(anonymous_21)
FNDA:0,(anonymous_22)
FNDA:0,(anonymous_23)
FNDA:0,(anonymous_24)
FNDA:0,(anonymous_25)
DA:1,2
DA:2,2
DA:3,2
DA:5,2
DA:9,2
DA:10,0
DA:13,2
DA:14,0
DA:15,0
DA:17,0
DA:18,0
DA:20,0
DA:22,0
DA:23,0
DA:25,0
DA:26,0
DA:27,0
DA:28,0
DA:35,0
DA:36,0
DA:37,0
DA:41,0
DA:42,0
DA:52,2
DA:53,0
DA:54,0
DA:57,2
DA:60,0
DA:61,0
DA:63,0
DA:65,0
DA:66,0
DA:68,0
DA:69,0
DA:70,0
DA:71,0
DA:78,0
DA:79,0
DA:80,0
DA:84,0
DA:85,0
DA:86,0
DA:87,0
DA:88,0
DA:90,0
DA:91,0
DA:93,0
DA:96,0
LF:48
LH:8
BRDA:5,0,0,2
BRDA:5,0,1,2
BRDA:9,1,0,2
BRDA:9,1,1,2
BRDA:10,2,0,0
BRDA:10,2,1,0
BRDA:14,3,0,0
BRDA:14,3,1,0
BRDA:26,4,0,0
BRDA:35,5,0,0
BRDA:35,5,1,0
BRDA:41,6,0,0
BRDA:41,6,1,0
BRDA:42,7,0,0
BRDA:42,7,1,0
BRDA:44,8,0,0
BRDA:44,8,1,0
BRDA:52,9,0,2
BRDA:52,9,1,2
BRDA:54,10,0,0
BRDA:54,10,1,0
BRDA:69,11,0,0
BRDA:78,12,0,0
BRDA:78,12,1,0
BRDA:85,13,0,0
BRDA:96,14,0,0
BRDA:96,14,1,0
BRF:27
BRH:6
end_of_record
TN:
SF:src/components/common/Modal.tsx
FN:59,(anonymous_4)
FN:70,(anonymous_5)
FN:81,(anonymous_6)
FN:107,(anonymous_7)
FN:111,Modal
FN:210,(anonymous_9)
FN:225,(anonymous_10)
FN:240,(anonymous_11)
FN:254,(anonymous_12)
FNF:9
FNH:0
FNDA:0,(anonymous_4)
FNDA:0,(anonymous_5)
FNDA:0,(anonymous_6)
FNDA:0,(anonymous_7)
FNDA:0,Modal
FNDA:0,(anonymous_9)
FNDA:0,(anonymous_10)
FNDA:0,(anonymous_11)
FNDA:0,(anonymous_12)
DA:1,2
DA:2,2
DA:4,2
DA:5,2
DA:6,2
DA:7,2
DA:13,2
DA:23,2
DA:33,2
DA:43,2
DA:53,2
DA:59,0
DA:64,2
DA:70,0
DA:75,2
DA:81,0
DA:86,2
DA:93,2
DA:100,2
DA:107,0
DA:111,2
DA:129,0
DA:131,0
DA:132,0
DA:141,0
DA:211,0
DA:212,0
DA:226,0
DA:227,0
DA:241,0
DA:242,0
DA:255,0
DA:256,0
LF:33
LH:17
BRDA:13,0,0,2
BRDA:13,0,1,2
BRDA:23,1,0,2
BRDA:23,1,1,2
BRDA:33,2,0,2
BRDA:33,2,1,2
BRDA:43,3,0,2
BRDA:43,3,1,2
BRDA:53,4,0,2
BRDA:53,4,1,2
BRDA:59,5,0,0
BRDA:59,5,1,0
BRDA:64,6,0,2
BRDA:64,6,1,2
BRDA:70,7,0,0
BRDA:70,7,1,0
BRDA:75,8,0,2
BRDA:75,8,1,2
BRDA:81,9,0,0
BRDA:81,9,1,0
BRDA:86,10,0,2
BRDA:86,10,1,2
BRDA:93,11,0,2
BRDA:93,11,1,2
BRDA:100,12,0,2
BRDA:100,12,1,2
BRDA:107,13,0,0
BRDA:107,13,1,0
BRDA:132,14,0,0
BRDA:132,14,1,0
BRDA:147,15,0,0
BRDA:147,15,1,0
BRDA:150,16,0,0
BRDA:150,16,1,0
BRDA:172,17,0,0
BRDA:172,17,1,0
BRDA:178,18,0,0
BRDA:178,18,1,0
BRDA:184,19,0,0
BRDA:184,19,1,0
BRDA:203,20,0,0
BRDA:203,20,1,0
BRDA:218,21,0,0
BRDA:218,21,1,0
BRDA:234,22,0,0
BRDA:234,22,1,0
BRDA:248,23,0,0
BRDA:248,23,1,0
BRF:48
BRH:20
end_of_record
TN:
SF:src/components/common/MultiSelect.tsx
FN:13,(anonymous_4)
FN:14,(anonymous_5)
FN:59,(anonymous_6)
FN:60,(anonymous_7)
FN:64,Sel
FN:69,(anonymous_9)
FN:83,(anonymous_10)
FNF:7
FNH:0
FNDA:0,(anonymous_4)
FNDA:0,(anonymous_5)
FNDA:0,(anonymous_6)
FNDA:0,(anonymous_7)
FNDA:0,Sel
FNDA:0,(anonymous_9)
FNDA:0,(anonymous_10)
DA:1,2
DA:2,2
DA:3,2
DA:5,2
DA:11,2
DA:13,0
DA:14,0
DA:59,0
DA:60,0
DA:64,2
DA:65,0
DA:66,0
DA:68,0
DA:69,0
DA:75,0
DA:83,0
LF:16
LH:6
BRDA:11,0,0,2
BRDA:11,0,1,2
BRDA:13,1,0,0
BRDA:13,1,1,0
BRDA:14,2,0,0
BRDA:14,2,1,0
BRDA:59,3,0,0
BRDA:59,3,1,0
BRDA:60,4,0,0
BRDA:60,4,1,0
BRDA:68,5,0,0
BRDA:68,5,1,0
BRF:12
BRH:2
end_of_record
TN:
SF:src/components/common/Portal.tsx
FN:4,(anonymous_0)
FNF:1
FNH:0
FNDA:0,(anonymous_0)
DA:2,2
DA:4,2
DA:5,0
DA:6,0
LF:4
LH:2
BRF:0
BRH:0
end_of_record
TN:
SF:src/components/common/PriceOuterContainer.tsx
FN:13,(anonymous_2)
FN:14,(anonymous_3)
FNF:2
FNH:2
FNDA:1,(anonymous_2)
FNDA:1,(anonymous_3)
DA:1,2
DA:8,2
DA:13,1
DA:14,1
LF:4
LH:4
BRDA:8,0,0,2
BRDA:8,0,1,2
BRDA:13,1,0,1
BRDA:13,1,1,0
BRDA:14,2,0,1
BRDA:14,2,1,0
BRF:6
BRH:4
end_of_record
TN:
SF:src/components/common/SearchBar.tsx
FN:10,debounce
FN:12,(anonymous_12)
FN:29,(anonymous_13)
FN:30,(anonymous_14)
FN:43,(anonymous_15)
FN:51,(anonymous_16)
FN:53,(anonymous_17)
FN:55,(anonymous_18)
FN:59,(anonymous_19)
FN:64,(anonymous_20)
FN:69,(anonymous_21)
FN:72,(anonymous_22)
FN:74,(anonymous_23)
FN:76,(anonymous_24)
FN:79,(anonymous_25)
FN:85,(anonymous_26)
FN:87,(anonymous_27)
FN:98,SearchBar
FN:115,doDelayedValueUpdate
FN:119,erase
FN:139,(anonymous_31)
FN:140,(anonymous_32)
FN:144,(anonymous_33)
FN:155,(anonymous_34)
FNF:24
FNH:0
FNDA:0,debounce
FNDA:0,(anonymous_12)
FNDA:0,(anonymous_13)
FNDA:0,(anonymous_14)
FNDA:0,(anonymous_15)
FNDA:0,(anonymous_16)
FNDA:0,(anonymous_17)
FNDA:0,(anonymous_18)
FNDA:0,(anonymous_19)
FNDA:0,(anonymous_20)
FNDA:0,(anonymous_21)
FNDA:0,(anonymous_22)
FNDA:0,(anonymous_23)
FNDA:0,(anonymous_24)
FNDA:0,(anonymous_25)
FNDA:0,(anonymous_26)
FNDA:0,(anonymous_27)
FNDA:0,SearchBar
FNDA:0,doDelayedValueUpdate
FNDA:0,erase
FNDA:0,(anonymous_31)
FNDA:0,(anonymous_32)
FNDA:0,(anonymous_33)
FNDA:0,(anonymous_34)
DA:1,2
DA:2,2
DA:3,2
DA:4,2
DA:5,2
DA:6,2
DA:8,2
DA:11,0
DA:12,0
DA:13,0
DA:27,2
DA:29,0
DA:30,0
DA:43,0
DA:51,0
DA:53,0
DA:55,0
DA:59,0
DA:64,0
DA:69,0
DA:72,0
DA:74,0
DA:76,0
DA:79,0
DA:85,0
DA:87,0
DA:99,0
DA:100,0
DA:101,0
DA:102,0
DA:103,0
DA:104,0
DA:105,0
DA:106,0
DA:107,0
DA:108,0
DA:110,0
DA:111,0
DA:112,0
DA:113,0
DA:116,0
DA:120,0
DA:121,0
DA:124,0
DA:139,0
DA:141,0
DA:145,0
DA:146,0
DA:147,0
DA:155,0
DA:185,2
LF:51
LH:9
BRDA:27,0,0,2
BRDA:27,0,1,2
BRDA:29,1,0,0
BRDA:29,1,1,0
BRDA:30,2,0,0
BRDA:30,2,1,0
BRDA:43,3,0,0
BRDA:43,3,1,0
BRDA:51,4,0,0
BRDA:51,4,1,0
BRDA:53,5,0,0
BRDA:53,5,1,0
BRDA:55,6,0,0
BRDA:55,6,1,0
BRDA:59,7,0,0
BRDA:59,7,1,0
BRDA:64,8,0,0
BRDA:64,8,1,0
BRDA:69,9,0,0
BRDA:69,9,1,0
BRDA:69,10,0,0
BRDA:69,10,1,0
BRDA:72,11,0,0
BRDA:72,11,1,0
BRDA:74,12,0,0
BRDA:74,12,1,0
BRDA:76,13,0,0
BRDA:76,13,1,0
BRDA:79,14,0,0
BRDA:79,14,1,0
BRDA:85,15,0,0
BRDA:85,15,1,0
BRDA:87,16,0,0
BRDA:87,16,1,0
BRDA:107,17,0,0
BRDA:107,17,1,0
BRDA:112,18,0,0
BRDA:112,18,1,0
BRDA:113,19,0,0
BRDA:113,19,1,0
BRDA:141,20,0,0
BRDA:152,21,0,0
BRDA:152,21,1,0
BRF:43
BRH:2
end_of_record
TN:
SF:src/components/common/SearchTextInput.tsx
FN:9,debounce
FN:11,(anonymous_11)
FN:32,SearchTextInput
FN:39,doDelayedValueUpdate
FN:43,erase
FN:52,(anonymous_15)
FN:53,(anonymous_16)
FN:57,(anonymous_17)
FN:68,(anonymous_18)
FNF:9
FNH:0
FNDA:0,debounce
FNDA:0,(anonymous_11)
FNDA:0,SearchTextInput
FNDA:0,doDelayedValueUpdate
FNDA:0,erase
FNDA:0,(anonymous_15)
FNDA:0,(anonymous_16)
FNDA:0,(anonymous_17)
FNDA:0,(anonymous_18)
DA:1,2
DA:2,2
DA:3,2
DA:4,2
DA:6,2
DA:7,2
DA:10,0
DA:11,0
DA:12,0
DA:16,2
DA:33,0
DA:34,0
DA:35,0
DA:37,0
DA:40,0
DA:44,0
DA:45,0
DA:48,0
DA:52,0
DA:54,0
DA:58,0
DA:59,0
DA:60,0
DA:68,0
DA:99,2
LF:25
LH:8
BRDA:16,0,0,2
BRDA:16,0,1,2
BRDA:34,1,0,0
BRDA:34,1,1,0
BRDA:35,2,0,0
BRDA:35,2,1,0
BRDA:37,3,0,0
BRDA:37,3,1,0
BRDA:37,4,0,0
BRDA:37,4,1,0
BRDA:54,5,0,0
BRDA:65,6,0,0
BRDA:65,6,1,0
BRF:13
BRH:2
end_of_record
TN:
SF:src/components/common/SearchableSelect.tsx
FN:59,SearchableSelect
FN:63,(anonymous_5)
FNF:2
FNH:0
FNDA:0,SearchableSelect
FNDA:0,(anonymous_5)
DA:1,2
DA:2,2
DA:3,2
DA:6,2
DA:59,2
DA:60,0
DA:62,0
DA:63,0
DA:70,0
LF:9
LH:5
BRDA:6,0,0,2
BRDA:6,0,1,2
BRDA:62,1,0,0
BRDA:62,1,1,0
BRF:4
BRH:2
end_of_record
TN:
SF:src/components/common/Select.tsx
FN:12,(anonymous_4)
FN:13,(anonymous_5)
FN:14,(anonymous_6)
FN:20,(anonymous_7)
FN:21,(anonymous_8)
FN:24,(anonymous_9)
FN:27,(anonymous_10)
FN:28,(anonymous_11)
FN:31,Select
FN:36,(anonymous_13)
FN:81,(anonymous_14)
FN:84,(anonymous_15)
FN:89,(anonymous_16)
FNF:13
FNH:0
FNDA:0,(anonymous_4)
FNDA:0,(anonymous_5)
FNDA:0,(anonymous_6)
FNDA:0,(anonymous_7)
FNDA:0,(anonymous_8)
FNDA:0,(anonymous_9)
FNDA:0,(anonymous_10)
FNDA:0,(anonymous_11)
FNDA:0,Select
FNDA:0,(anonymous_13)
FNDA:0,(anonymous_14)
FNDA:0,(anonymous_15)
FNDA:0,(anonymous_16)
DA:1,2
DA:2,2
DA:3,2
DA:5,2
DA:11,2
DA:12,0
DA:13,0
DA:14,0
DA:20,0
DA:21,0
DA:24,0
DA:27,0
DA:28,0
DA:31,2
DA:32,0
DA:33,0
DA:35,0
DA:36,0
DA:73,0
DA:82,0
DA:85,0
DA:90,0
DA:91,0
LF:23
LH:6
BRDA:11,0,0,2
BRDA:11,0,1,2
BRDA:12,1,0,0
BRDA:12,1,1,0
BRDA:12,2,0,0
BRDA:12,2,1,0
BRDA:12,3,0,0
BRDA:12,3,1,0
BRDA:13,4,0,0
BRDA:13,4,1,0
BRDA:13,5,0,0
BRDA:13,5,1,0
BRDA:13,6,0,0
BRDA:13,6,1,0
BRDA:13,7,0,0
BRDA:13,7,1,0
BRDA:13,8,0,0
BRDA:13,8,1,0
BRDA:14,9,0,0
BRDA:14,9,1,0
BRDA:14,10,0,0
BRDA:14,10,1,0
BRDA:14,11,0,0
BRDA:14,11,1,0
BRDA:14,12,0,0
BRDA:14,12,1,0
BRDA:14,13,0,0
BRDA:14,13,1,0
BRDA:20,14,0,0
BRDA:20,14,1,0
BRDA:20,15,0,0
BRDA:20,15,1,0
BRDA:20,16,0,0
BRDA:20,16,1,0
BRDA:20,17,0,0
BRDA:20,17,1,0
BRDA:20,18,0,0
BRDA:20,18,1,0
BRDA:21,19,0,0
BRDA:21,19,1,0
BRDA:21,20,0,0
BRDA:21,20,1,0
BRDA:21,21,0,0
BRDA:21,21,1,0
BRDA:21,22,0,0
BRDA:21,22,1,0
BRDA:21,23,0,0
BRDA:21,23,1,0
BRDA:24,24,0,0
BRDA:24,24,1,0
BRDA:24,25,0,0
BRDA:24,25,1,0
BRDA:24,26,0,0
BRDA:24,26,1,0
BRDA:24,27,0,0
BRDA:24,27,1,0
BRDA:24,28,0,0
BRDA:24,28,1,0
BRDA:27,29,0,0
BRDA:27,29,1,0
BRDA:27,30,0,0
BRDA:27,30,1,0
BRDA:27,31,0,0
BRDA:27,31,1,0
BRDA:27,32,0,0
BRDA:27,32,1,0
BRDA:27,33,0,0
BRDA:27,33,1,0
BRDA:28,34,0,0
BRDA:28,34,1,0
BRDA:28,35,0,0
BRDA:28,35,1,0
BRDA:28,36,0,0
BRDA:28,36,1,0
BRDA:28,37,0,0
BRDA:28,37,1,0
BRDA:28,38,0,0
BRDA:28,38,1,0
BRDA:35,39,0,0
BRDA:35,39,1,0
BRDA:55,40,0,0
BRDA:55,40,1,0
BRDA:82,41,0,0
BRDA:85,42,0,0
BRDA:91,43,0,0
BRF:85
BRH:2
end_of_record
TN:
SF:src/components/common/TextInput.tsx
FN:16,TextInput
FN:36,(anonymous_3)
FNF:2
FNH:0
FNDA:0,TextInput
FNDA:0,(anonymous_3)
DA:1,2
DA:2,2
DA:4,2
DA:5,2
DA:7,2
DA:13,2
DA:16,2
DA:17,0
DA:18,0
DA:19,0
DA:20,0
DA:21,0
DA:22,0
DA:23,0
DA:24,0
DA:26,0
DA:27,0
DA:36,0
LF:18
LH:7
BRDA:7,0,0,2
BRDA:7,0,1,2
BRDA:13,1,0,2
BRDA:13,1,1,2
BRDA:34,2,0,0
BRDA:34,2,1,0
BRDA:35,3,0,0
BRDA:35,3,1,0
BRF:8
BRH:4
end_of_record
TN:
SF:src/components/common/index.tsx
FN:33,(anonymous_5)
FN:34,(anonymous_6)
FN:35,(anonymous_7)
FN:36,(anonymous_8)
FN:40,(anonymous_9)
FN:15,(anonymous_10)
FN:16,(anonymous_11)
FN:16,(anonymous_12)
FNF:8
FNH:1
FNDA:0,(anonymous_5)
FNDA:0,(anonymous_6)
FNDA:0,(anonymous_7)
FNDA:0,(anonymous_8)
FNDA:0,(anonymous_9)
FNDA:1,(anonymous_10)
FNDA:0,(anonymous_11)
FNDA:0,(anonymous_12)
DA:1,2
DA:2,2
DA:3,2
DA:4,2
DA:5,2
DA:6,2
DA:7,2
DA:8,2
DA:9,2
DA:10,2
DA:11,2
DA:12,2
DA:13,2
DA:15,3
DA:16,2
DA:18,2
DA:19,2
DA:20,2
DA:21,2
DA:22,2
DA:23,2
DA:26,2
DA:27,2
DA:28,2
DA:29,2
DA:30,2
DA:31,2
DA:32,2
DA:33,2
DA:34,2
DA:35,2
DA:36,2
DA:37,2
DA:38,2
DA:39,2
DA:40,2
DA:41,2
LF:37
LH:37
BRF:0
BRH:0
end_of_record
TN:
SF:src/components/common/useCreateModal.tsx
FN:5,getEmptyContext
FN:21,CreateModalPortal
FN:30,(anonymous_10)
FN:52,(anonymous_11)
FNF:4
FNH:1
FNDA:2,getEmptyContext
FNDA:0,CreateModalPortal
FNDA:0,(anonymous_10)
FNDA:0,(anonymous_11)
DA:2,2
DA:3,2
DA:5,2
DA:6,2
DA:21,2
DA:25,0
DA:26,0
DA:27,0
DA:31,0
DA:45,2
DA:52,2
LF:11
LH:7
BRDA:26,0,0,0
BRDA:31,1,0,0
BRDA:31,1,1,0
BRDA:31,2,0,0
BRDA:31,2,1,0
BRF:5
BRH:0
end_of_record
TN:
SF:src/components/common/withCreateModal.tsx
FN:6,(anonymous_9)
FN:11,(anonymous_10)
FN:12,(anonymous_11)
FN:24,(anonymous_12)
FN:25,(anonymous_13)
FN:29,applyInjectCb
FN:37,(anonymous_15)
FN:45,withCreateModal
FN:46,(anonymous_17)
FN:48,(anonymous_18)
FNF:10
FNH:0
FNDA:0,(anonymous_9)
FNDA:0,(anonymous_10)
FNDA:0,(anonymous_11)
FNDA:0,(anonymous_12)
FNDA:0,(anonymous_13)
FNDA:0,applyInjectCb
FNDA:0,(anonymous_15)
FNDA:0,withCreateModal
FNDA:0,(anonymous_17)
FNDA:0,(anonymous_18)
DA:2,2
DA:4,2
DA:6,2
DA:9,0
DA:11,0
DA:12,0
DA:13,0
DA:14,0
DA:15,0
DA:17,0
DA:18,0
DA:20,0
DA:24,0
DA:25,0
DA:28,0
DA:30,0
DA:35,0
DA:38,0
DA:45,2
DA:46,0
DA:48,0
DA:50,0
LF:22
LH:4
BRDA:14,0,0,0
BRDA:17,1,0,0
BRF:2
BRH:0
end_of_record
TN:
SF:src/components/common/AfterDeleteNotification/AfterDeleteNotification.tsx
FN:17,(anonymous_1)
FN:22,(anonymous_2)
FN:26,(anonymous_3)
FN:139,(anonymous_4)
FN:142,(anonymous_5)
FNF:5
FNH:0
FNDA:0,(anonymous_1)
FNDA:0,(anonymous_2)
FNDA:0,(anonymous_3)
FNDA:0,(anonymous_4)
FNDA:0,(anonymous_5)
DA:1,2
DA:3,2
DA:4,2
DA:5,2
DA:6,2
DA:7,2
DA:8,2
DA:9,2
DA:10,2
DA:17,2
DA:18,0
DA:19,0
DA:20,0
DA:22,0
DA:23,0
DA:26,0
DA:27,0
DA:30,0
DA:32,0
DA:139,2
DA:140,0
DA:142,0
DA:143,0
DA:148,0
LF:24
LH:11
BRDA:96,0,0,0
BRDA:96,0,1,0
BRF:2
BRH:0
end_of_record
TN:
SF:src/components/common/AfterDeleteNotification/AlreadyDeleted.tsx
FN:14,(anonymous_1)
FN:15,(anonymous_2)
FNF:2
FNH:0
FNDA:0,(anonymous_1)
FNDA:0,(anonymous_2)
DA:1,0
DA:3,0
DA:4,0
DA:5,0
DA:6,0
DA:7,0
DA:14,0
DA:15,0
DA:16,0
DA:19,0
LF:10
LH:0
BRF:0
BRH:0
end_of_record
TN:
SF:src/components/common/AfterDeleteNotification/image.tsx
FNF:0
FNH:0
DA:1,2
DA:3,2
LF:2
LH:2
BRF:0
BRH:0
end_of_record
TN:
SF:src/components/common/AfterDeleteNotification/index.ts
FNF:0
FNH:0
DA:1,2
LF:1
LH:1
BRF:0
BRH:0
end_of_record
TN:
SF:src/components/common/DeleteConfirmationModal/DeleteConfirmationModal.tsx
FN:14,(anonymous_1)
FN:20,(anonymous_2)
FN:25,(anonymous_3)
FN:52,(anonymous_4)
FN:55,(anonymous_5)
FNF:5
FNH:0
FNDA:0,(anonymous_1)
FNDA:0,(anonymous_2)
FNDA:0,(anonymous_3)
FNDA:0,(anonymous_4)
FNDA:0,(anonymous_5)
DA:1,2
DA:3,2
DA:4,2
DA:5,2
DA:6,2
DA:7,2
DA:14,2
DA:15,0
DA:16,0
DA:17,0
DA:18,0
DA:20,0
DA:21,0
DA:22,0
DA:25,0
DA:26,0
DA:27,0
DA:29,0
DA:52,2
DA:53,0
DA:55,0
DA:56,0
DA:61,0
LF:23
LH:8
BRDA:22,0,0,0
BRDA:22,0,1,0
BRDA:22,1,0,0
BRDA:22,1,1,0
BRF:4
BRH:0
end_of_record
TN:
SF:src/components/common/DeleteConfirmationModal/deleteIcon.tsx
FNF:0
FNH:0
DA:1,2
DA:3,2
LF:2
LH:2
BRF:0
BRH:0
end_of_record
TN:
SF:src/components/common/DeleteConfirmationModal/index.ts
FNF:0
FNH:0
DA:1,2
LF:1
LH:1
BRF:0
BRH:0
end_of_record
TN:
SF:src/components/form/schema.ts
FN:19,(anonymous_6)
FN:20,(anonymous_7)
FN:89,(anonymous_8)
FNF:3
FNH:2
FNDA:10,(anonymous_6)
FNDA:74,(anonymous_7)
FNDA:0,(anonymous_8)
DA:1,2
DA:2,2
DA:11,2
DA:12,2
DA:13,2
DA:17,2
DA:19,2
DA:20,74
DA:25,2
DA:26,2
DA:27,2
DA:28,2
DA:29,2
DA:32,2
DA:90,0
DA:302,2
DA:310,2
DA:364,2
DA:468,2
DA:488,2
DA:505,2
DA:561,2
DA:581,2
DA:601,2
DA:614,2
DA:672,2
DA:772,2
DA:786,2
DA:796,2
DA:802,2
DA:816,2
LF:31
LH:30
BRF:0
BRH:0
end_of_record
TN:
SF:src/components/form/style.ts
FN:12,(anonymous_2)
FN:13,(anonymous_3)
FN:22,(anonymous_4)
FN:23,(anonymous_5)
FN:47,(anonymous_6)
FN:49,(anonymous_7)
FN:70,(anonymous_8)
FN:79,(anonymous_9)
FN:93,(anonymous_10)
FN:102,(anonymous_11)
FN:131,(anonymous_12)
FN:147,(anonymous_13)
FN:159,(anonymous_14)
FN:168,(anonymous_15)
FN:171,(anonymous_16)
FN:176,(anonymous_17)
FN:178,(anonymous_18)
FN:184,(anonymous_19)
FN:233,(anonymous_20)
FN:234,(anonymous_21)
FN:235,(anonymous_22)
FN:236,(anonymous_23)
FN:246,(anonymous_24)
FN:249,(anonymous_25)
FN:250,(anonymous_26)
FN:253,(anonymous_27)
FN:254,(anonymous_28)
FN:257,(anonymous_29)
FN:260,(anonymous_30)
FN:279,(anonymous_31)
FN:289,(anonymous_32)
FN:297,(anonymous_33)
FN:298,(anonymous_34)
FN:299,(anonymous_35)
FN:309,(anonymous_36)
FN:310,(anonymous_37)
FN:313,(anonymous_38)
FN:316,(anonymous_39)
FN:337,(anonymous_40)
FNF:39
FNH:0
FNDA:0,(anonymous_2)
FNDA:0,(anonymous_3)
FNDA:0,(anonymous_4)
FNDA:0,(anonymous_5)
FNDA:0,(anonymous_6)
FNDA:0,(anonymous_7)
FNDA:0,(anonymous_8)
FNDA:0,(anonymous_9)
FNDA:0,(anonymous_10)
FNDA:0,(anonymous_11)
FNDA:0,(anonymous_12)
FNDA:0,(anonymous_13)
FNDA:0,(anonymous_14)
FNDA:0,(anonymous_15)
FNDA:0,(anonymous_16)
FNDA:0,(anonymous_17)
FNDA:0,(anonymous_18)
FNDA:0,(anonymous_19)
FNDA:0,(anonymous_20)
FNDA:0,(anonymous_21)
FNDA:0,(anonymous_22)
FNDA:0,(anonymous_23)
FNDA:0,(anonymous_24)
FNDA:0,(anonymous_25)
FNDA:0,(anonymous_26)
FNDA:0,(anonymous_27)
FNDA:0,(anonymous_28)
FNDA:0,(anonymous_29)
FNDA:0,(anonymous_30)
FNDA:0,(anonymous_31)
FNDA:0,(anonymous_32)
FNDA:0,(anonymous_33)
FNDA:0,(anonymous_34)
FNDA:0,(anonymous_35)
FNDA:0,(anonymous_36)
FNDA:0,(anonymous_37)
FNDA:0,(anonymous_38)
FNDA:0,(anonymous_39)
FNDA:0,(anonymous_40)
DA:1,0
DA:11,0
DA:12,0
DA:13,0
DA:21,0
DA:22,0
DA:23,0
DA:38,0
DA:47,0
DA:49,0
DA:52,0
DA:70,0
DA:79,0
DA:93,0
DA:102,0
DA:108,0
DA:121,0
DA:131,0
DA:147,0
DA:159,0
DA:169,0
DA:172,0
DA:176,0
DA:179,0
DA:185,0
DA:199,0
DA:211,0
DA:218,0
DA:228,0
DA:233,0
DA:234,0
DA:235,0
DA:236,0
DA:247,0
DA:249,0
DA:251,0
DA:253,0
DA:254,0
DA:258,0
DA:260,0
DA:279,0
DA:289,0
DA:297,0
DA:298,0
DA:299,0
DA:309,0
DA:310,0
DA:313,0
DA:316,0
DA:337,0
DA:345,0
LF:51
LH:0
BRDA:11,0,0,0
BRDA:11,0,1,0
BRDA:12,1,0,0
BRDA:12,1,1,0
BRDA:12,2,0,0
BRDA:12,2,1,0
BRDA:12,3,0,0
BRDA:12,3,1,0
BRDA:13,4,0,0
BRDA:13,4,1,0
BRDA:13,5,0,0
BRDA:13,5,1,0
BRDA:13,6,0,0
BRDA:13,6,1,0
BRDA:21,7,0,0
BRDA:21,7,1,0
BRDA:22,8,0,0
BRDA:22,8,1,0
BRDA:22,9,0,0
BRDA:22,9,1,0
BRDA:22,10,0,0
BRDA:22,10,1,0
BRDA:23,11,0,0
BRDA:23,11,1,0
BRDA:23,12,0,0
BRDA:23,12,1,0
BRDA:23,13,0,0
BRDA:23,13,1,0
BRDA:38,14,0,0
BRDA:38,14,1,0
BRDA:47,15,0,0
BRDA:47,15,1,0
BRDA:47,16,0,0
BRDA:47,16,1,0
BRDA:47,17,0,0
BRDA:47,17,1,0
BRDA:49,18,0,0
BRDA:49,18,1,0
BRDA:49,19,0,0
BRDA:49,19,1,0
BRDA:49,20,0,0
BRDA:49,20,1,0
BRDA:52,21,0,0
BRDA:52,21,1,0
BRDA:70,22,0,0
BRDA:70,22,1,0
BRDA:79,23,0,0
BRDA:79,23,1,0
BRDA:93,24,0,0
BRDA:93,24,1,0
BRDA:102,25,0,0
BRDA:102,25,1,0
BRDA:102,26,0,0
BRDA:102,26,1,0
BRDA:102,27,0,0
BRDA:102,27,1,0
BRDA:108,28,0,0
BRDA:108,28,1,0
BRDA:121,29,0,0
BRDA:121,29,1,0
BRDA:131,30,0,0
BRDA:131,30,1,0
BRDA:131,31,0,0
BRDA:131,31,1,0
BRDA:131,32,0,0
BRDA:131,32,1,0
BRDA:147,33,0,0
BRDA:147,33,1,0
BRDA:147,34,0,0
BRDA:147,34,1,0
BRDA:147,35,0,0
BRDA:147,35,1,0
BRDA:159,36,0,0
BRDA:159,36,1,0
BRDA:159,37,0,0
BRDA:159,37,1,0
BRDA:159,38,0,0
BRDA:159,38,1,0
BRDA:169,39,0,0
BRDA:169,39,1,0
BRDA:169,40,0,0
BRDA:169,40,1,0
BRDA:169,41,0,0
BRDA:169,41,1,0
BRDA:169,42,0,0
BRDA:169,42,1,0
BRDA:169,43,0,0
BRDA:169,43,1,0
BRDA:169,44,0,0
BRDA:169,44,1,0
BRDA:169,45,0,0
BRDA:169,45,1,0
BRDA:172,46,0,0
BRDA:172,46,1,0
BRDA:172,47,0,0
BRDA:172,47,1,0
BRDA:172,48,0,0
BRDA:172,48,1,0
BRDA:176,49,0,0
BRDA:176,49,1,0
BRDA:176,50,0,0
BRDA:176,50,1,0
BRDA:176,51,0,0
BRDA:176,51,1,0
BRDA:179,52,0,0
BRDA:179,52,1,0
BRDA:179,53,0,0
BRDA:179,53,1,0
BRDA:179,54,0,0
BRDA:179,54,1,0
BRDA:185,55,0,0
BRDA:185,55,1,0
BRDA:185,56,0,0
BRDA:185,56,1,0
BRDA:185,57,0,0
BRDA:185,57,1,0
BRDA:199,58,0,0
BRDA:199,58,1,0
BRDA:211,59,0,0
BRDA:211,59,1,0
BRDA:218,60,0,0
BRDA:218,60,1,0
BRDA:228,61,0,0
BRDA:228,61,1,0
BRDA:233,62,0,0
BRDA:233,62,1,0
BRDA:234,63,0,0
BRDA:234,63,1,0
BRDA:235,64,0,0
BRDA:235,64,1,0
BRDA:236,65,0,0
BRDA:236,65,1,0
BRDA:247,66,0,0
BRDA:247,66,1,0
BRDA:249,67,0,0
BRDA:249,67,1,0
BRDA:251,68,0,0
BRDA:251,68,1,0
BRDA:253,69,0,0
BRDA:253,69,1,0
BRDA:254,70,0,0
BRDA:254,70,1,0
BRDA:258,71,0,0
BRDA:258,71,1,0
BRDA:260,72,0,0
BRDA:260,72,1,0
BRDA:279,73,0,0
BRDA:279,73,1,0
BRDA:289,74,0,0
BRDA:289,74,1,0
BRDA:297,75,0,0
BRDA:297,75,1,0
BRDA:298,76,0,0
BRDA:298,76,1,0
BRDA:299,77,0,0
BRDA:299,77,1,0
BRDA:309,78,0,0
BRDA:309,78,1,0
BRDA:310,79,0,0
BRDA:310,79,1,0
BRDA:313,80,0,0
BRDA:313,80,1,0
BRDA:316,81,0,0
BRDA:316,81,1,0
BRDA:337,82,0,0
BRDA:337,82,1,0
BRDA:345,83,0,0
BRDA:345,83,1,0
BRF:168
BRH:0
end_of_record
TN:
SF:src/components/form/utils.ts
FN:54,validator
FN:56,(anonymous_7)
FNF:2
FNH:0
FNDA:0,validator
FNDA:0,(anonymous_7)
DA:1,0
DA:54,0
DA:55,0
DA:56,0
DA:57,0
DA:58,0
DA:61,0
LF:7
LH:0
BRDA:57,0,0,0
BRF:1
BRH:0
end_of_record
TN:
SF:src/components/form/about/index.tsx
FN:15,Form
FN:36,(anonymous_10)
FN:37,(anonymous_11)
FN:53,reloadForm
FN:55,(anonymous_13)
FN:60,(anonymous_14)
FN:65,(anonymous_15)
FN:81,(anonymous_16)
FN:87,(anonymous_17)
FN:91,(anonymous_18)
FN:106,(anonymous_19)
FN:110,(anonymous_20)
FN:118,(anonymous_21)
FN:134,(anonymous_22)
FN:147,(anonymous_23)
FN:148,(anonymous_24)
FN:158,(anonymous_25)
FN:161,(anonymous_26)
FN:164,(anonymous_27)
FN:168,(anonymous_28)
FN:169,(anonymous_29)
FN:189,(anonymous_30)
FN:190,(anonymous_31)
FN:200,(anonymous_32)
FN:203,(anonymous_33)
FN:206,(anonymous_34)
FN:210,(anonymous_35)
FN:211,(anonymous_36)
FN:233,(anonymous_37)
FN:243,(anonymous_38)
FN:246,(anonymous_39)
FN:249,(anonymous_40)
FN:254,(anonymous_41)
FN:258,(anonymous_42)
FN:284,(anonymous_43)
FN:294,(anonymous_44)
FN:307,(anonymous_45)
FN:329,(anonymous_46)
FN:355,(anonymous_47)
FN:367,(anonymous_48)
FN:393,(anonymous_49)
FN:402,(anonymous_50)
FNF:42
FNH:0
FNDA:0,Form
FNDA:0,(anonymous_10)
FNDA:0,(anonymous_11)
FNDA:0,reloadForm
FNDA:0,(anonymous_13)
FNDA:0,(anonymous_14)
FNDA:0,(anonymous_15)
FNDA:0,(anonymous_16)
FNDA:0,(anonymous_17)
FNDA:0,(anonymous_18)
FNDA:0,(anonymous_19)
FNDA:0,(anonymous_20)
FNDA:0,(anonymous_21)
FNDA:0,(anonymous_22)
FNDA:0,(anonymous_23)
FNDA:0,(anonymous_24)
FNDA:0,(anonymous_25)
FNDA:0,(anonymous_26)
FNDA:0,(anonymous_27)
FNDA:0,(anonymous_28)
FNDA:0,(anonymous_29)
FNDA:0,(anonymous_30)
FNDA:0,(anonymous_31)
FNDA:0,(anonymous_32)
FNDA:0,(anonymous_33)
FNDA:0,(anonymous_34)
FNDA:0,(anonymous_35)
FNDA:0,(anonymous_36)
FNDA:0,(anonymous_37)
FNDA:0,(anonymous_38)
FNDA:0,(anonymous_39)
FNDA:0,(anonymous_40)
FNDA:0,(anonymous_41)
FNDA:0,(anonymous_42)
FNDA:0,(anonymous_43)
FNDA:0,(anonymous_44)
FNDA:0,(anonymous_45)
FNDA:0,(anonymous_46)
FNDA:0,(anonymous_47)
FNDA:0,(anonymous_48)
FNDA:0,(anonymous_49)
FNDA:0,(anonymous_50)
DA:1,0
DA:2,0
DA:3,0
DA:4,0
DA:5,0
DA:6,0
DA:7,0
DA:8,0
DA:9,0
DA:10,0
DA:11,0
DA:12,0
DA:16,0
DA:17,0
DA:18,0
DA:19,0
DA:20,0
DA:21,0
DA:22,0
DA:23,0
DA:24,0
DA:25,0
DA:26,0
DA:27,0
DA:28,0
DA:30,0
DA:32,0
DA:34,0
DA:36,0
DA:37,0
DA:38,0
DA:39,0
DA:40,0
DA:41,0
DA:42,0
DA:43,0
DA:44,0
DA:45,0
DA:47,0
DA:54,0
DA:55,0
DA:56,0
DA:60,0
DA:61,0
DA:62,0
DA:63,0
DA:64,0
DA:65,0
DA:66,0
DA:67,0
DA:69,0
DA:70,0
DA:71,0
DA:73,0
DA:81,0
DA:82,0
DA:83,0
DA:87,0
DA:88,0
DA:91,0
DA:94,0
DA:97,0
DA:99,0
DA:102,0
DA:104,0
DA:106,0
DA:109,0
DA:110,0
DA:113,0
DA:115,0
DA:117,0
DA:119,0
DA:127,0
DA:134,0
DA:147,0
DA:148,0
DA:159,0
DA:162,0
DA:165,0
DA:168,0
DA:169,0
DA:189,0
DA:190,0
DA:201,0
DA:204,0
DA:207,0
DA:210,0
DA:211,0
DA:233,0
DA:244,0
DA:247,0
DA:250,0
DA:255,0
DA:256,0
DA:259,0
DA:260,0
DA:285,0
DA:295,0
DA:308,0
DA:310,0
DA:312,0
DA:313,0
DA:317,0
DA:330,0
DA:355,0
DA:367,0
DA:394,0
DA:395,0
DA:402,0
DA:414,0
LF:110
LH:0
BRDA:32,0,0,0
BRDA:32,0,1,0
BRDA:32,1,0,0
BRDA:32,1,1,0
BRDA:34,2,0,0
BRDA:34,2,1,0
BRDA:37,3,0,0
BRDA:37,3,1,0
BRDA:37,4,0,0
BRDA:37,4,1,0
BRDA:38,5,0,0
BRDA:38,5,1,0
BRDA:38,6,0,0
BRDA:38,6,1,0
BRDA:39,7,0,0
BRDA:39,7,1,0
BRDA:39,8,0,0
BRDA:39,8,1,0
BRDA:43,9,0,0
BRDA:48,10,0,0
BRDA:48,10,1,0
BRDA:48,11,0,0
BRDA:48,11,1,0
BRDA:61,12,0,0
BRDA:61,12,1,0
BRDA:61,13,0,0
BRDA:61,13,1,0
BRDA:62,14,0,0
BRDA:62,14,1,0
BRDA:63,15,0,0
BRDA:64,16,0,0
BRDA:69,17,0,0
BRDA:69,18,0,0
BRDA:69,18,1,0
BRDA:70,19,0,0
BRDA:82,20,0,0
BRDA:82,21,0,0
BRDA:82,21,1,0
BRDA:91,22,0,0
BRDA:91,22,1,0
BRDA:91,23,0,0
BRDA:91,23,1,0
BRDA:91,24,0,0
BRDA:91,24,1,0
BRDA:94,25,0,0
BRDA:94,25,1,0
BRDA:97,26,0,0
BRDA:97,27,0,0
BRDA:97,27,1,0
BRDA:99,28,0,0
BRDA:99,28,1,0
BRDA:102,29,0,0
BRDA:102,29,1,0
BRDA:104,30,0,0
BRDA:104,30,1,0
BRDA:106,31,0,0
BRDA:106,31,1,0
BRDA:106,32,0,0
BRDA:106,32,1,0
BRDA:106,33,0,0
BRDA:106,33,1,0
BRDA:109,34,0,0
BRDA:109,34,1,0
BRDA:109,35,0,0
BRDA:109,35,1,0
BRDA:110,36,0,0
BRDA:110,36,1,0
BRDA:113,37,0,0
BRDA:117,38,0,0
BRDA:117,38,1,0
BRDA:117,39,0,0
BRDA:117,39,1,0
BRDA:117,40,0,0
BRDA:117,40,1,0
BRDA:129,41,0,0
BRDA:129,41,1,0
BRDA:136,42,0,0
BRDA:136,42,1,0
BRDA:136,43,0,0
BRDA:136,43,1,0
BRDA:159,44,0,0
BRDA:172,45,0,0
BRDA:172,45,1,0
BRDA:172,45,2,0
BRDA:177,46,0,0
BRDA:177,46,1,0
BRDA:177,47,0,0
BRDA:177,47,1,0
BRDA:201,48,0,0
BRDA:214,49,0,0
BRDA:214,49,1,0
BRDA:214,49,2,0
BRDA:218,50,0,0
BRDA:218,50,1,0
BRDA:218,51,0,0
BRDA:218,51,1,0
BRDA:244,52,0,0
BRDA:263,53,0,0
BRDA:263,53,1,0
BRDA:263,53,2,0
BRDA:265,54,0,0
BRDA:265,54,1,0
BRDA:265,55,0,0
BRDA:265,55,1,0
BRDA:278,56,0,0
BRDA:278,56,1,0
BRDA:278,56,2,0
BRDA:279,57,0,0
BRDA:279,57,1,0
BRDA:279,58,0,0
BRDA:279,58,1,0
BRDA:279,59,0,0
BRDA:279,59,1,0
BRDA:281,60,0,0
BRDA:281,60,1,0
BRDA:281,61,0,0
BRDA:281,61,1,0
BRDA:281,62,0,0
BRDA:281,62,1,0
BRDA:281,63,0,0
BRDA:281,63,1,0
BRDA:283,64,0,0
BRDA:283,64,1,0
BRDA:285,65,0,0
BRDA:295,66,0,0
BRDA:301,67,0,0
BRDA:301,67,1,0
BRDA:306,68,0,0
BRDA:306,68,1,0
BRDA:308,69,0,0
BRDA:313,70,0,0
BRDA:314,71,0,0
BRDA:314,71,1,0
BRDA:326,72,0,0
BRDA:326,72,1,0
BRDA:328,73,0,0
BRDA:328,73,1,0
BRDA:330,74,0,0
BRDA:343,75,0,0
BRDA:343,75,1,0
BRDA:343,75,2,0
BRDA:343,75,3,0
BRDA:343,76,0,0
BRDA:343,76,1,0
BRDA:343,77,0,0
BRDA:343,77,1,0
BRDA:357,78,0,0
BRDA:357,78,1,0
BRDA:360,79,0,0
BRDA:360,79,1,0
BRF:150
BRH:0
end_of_record
TN:
SF:src/components/form/bounty/index.tsx
FN:30,Form
FN:62,(anonymous_23)
FN:66,(anonymous_24)
FN:70,(anonymous_25)
FN:92,(anonymous_26)
FN:93,(anonymous_27)
FN:103,(anonymous_30)
FN:104,(anonymous_31)
FN:120,reloadForm
FN:122,(anonymous_33)
FN:126,(anonymous_34)
FN:131,(anonymous_35)
FN:147,(anonymous_36)
FN:153,(anonymous_37)
FN:158,(anonymous_38)
FN:163,(anonymous_39)
FN:183,(anonymous_40)
FN:190,(anonymous_41)
FN:206,(anonymous_42)
FN:211,(anonymous_43)
FN:219,(anonymous_44)
FN:223,(anonymous_45)
FN:224,(anonymous_46)
FN:238,(anonymous_47)
FN:241,(anonymous_48)
FN:244,(anonymous_49)
FN:248,(anonymous_50)
FN:252,(anonymous_51)
FN:271,(anonymous_52)
FN:272,(anonymous_53)
FN:293,(anonymous_54)
FN:297,(anonymous_55)
FN:300,(anonymous_56)
FN:304,(anonymous_57)
FN:308,(anonymous_58)
FN:353,(anonymous_59)
FN:406,(anonymous_60)
FN:443,(anonymous_61)
FN:444,(anonymous_62)
FN:458,(anonymous_63)
FN:461,(anonymous_64)
FN:464,(anonymous_65)
FN:468,(anonymous_66)
FN:472,(anonymous_67)
FN:502,(anonymous_68)
FN:503,(anonymous_69)
FN:516,(anonymous_70)
FN:520,(anonymous_71)
FN:523,(anonymous_72)
FN:527,(anonymous_73)
FN:531,(anonymous_74)
FN:568,(anonymous_75)
FN:610,(anonymous_76)
FN:626,(anonymous_77)
FN:636,(anonymous_78)
FN:639,(anonymous_79)
FN:642,(anonymous_80)
FN:647,(anonymous_81)
FN:651,(anonymous_82)
FN:686,(anonymous_83)
FN:707,(anonymous_84)
FN:719,(anonymous_85)
FN:725,(anonymous_88)
FNF:63
FNH:0
FNDA:0,Form
FNDA:0,(anonymous_23)
FNDA:0,(anonymous_24)
FNDA:0,(anonymous_25)
FNDA:0,(anonymous_26)
FNDA:0,(anonymous_27)
FNDA:0,(anonymous_30)
FNDA:0,(anonymous_31)
FNDA:0,reloadForm
FNDA:0,(anonymous_33)
FNDA:0,(anonymous_34)
FNDA:0,(anonymous_35)
FNDA:0,(anonymous_36)
FNDA:0,(anonymous_37)
FNDA:0,(anonymous_38)
FNDA:0,(anonymous_39)
FNDA:0,(anonymous_40)
FNDA:0,(anonymous_41)
FNDA:0,(anonymous_42)
FNDA:0,(anonymous_43)
FNDA:0,(anonymous_44)
FNDA:0,(anonymous_45)
FNDA:0,(anonymous_46)
FNDA:0,(anonymous_47)
FNDA:0,(anonymous_48)
FNDA:0,(anonymous_49)
FNDA:0,(anonymous_50)
FNDA:0,(anonymous_51)
FNDA:0,(anonymous_52)
FNDA:0,(anonymous_53)
FNDA:0,(anonymous_54)
FNDA:0,(anonymous_55)
FNDA:0,(anonymous_56)
FNDA:0,(anonymous_57)
FNDA:0,(anonymous_58)
FNDA:0,(anonymous_59)
FNDA:0,(anonymous_60)
FNDA:0,(anonymous_61)
FNDA:0,(anonymous_62)
FNDA:0,(anonymous_63)
FNDA:0,(anonymous_64)
FNDA:0,(anonymous_65)
FNDA:0,(anonymous_66)
FNDA:0,(anonymous_67)
FNDA:0,(anonymous_68)
FNDA:0,(anonymous_69)
FNDA:0,(anonymous_70)
FNDA:0,(anonymous_71)
FNDA:0,(anonymous_72)
FNDA:0,(anonymous_73)
FNDA:0,(anonymous_74)
FNDA:0,(anonymous_75)
FNDA:0,(anonymous_76)
FNDA:0,(anonymous_77)
FNDA:0,(anonymous_78)
FNDA:0,(anonymous_79)
FNDA:0,(anonymous_80)
FNDA:0,(anonymous_81)
FNDA:0,(anonymous_82)
FNDA:0,(anonymous_83)
FNDA:0,(anonymous_84)
FNDA:0,(anonymous_85)
FNDA:0,(anonymous_88)
DA:1,0
DA:2,0
DA:3,0
DA:4,0
DA:6,0
DA:7,0
DA:8,0
DA:9,0
DA:10,0
DA:11,0
DA:12,0
DA:13,0
DA:14,0
DA:15,0
DA:16,0
DA:27,0
DA:30,0
DA:38,0
DA:39,0
DA:40,0
DA:42,0
DA:43,0
DA:44,0
DA:45,0
DA:46,0
DA:47,0
DA:48,0
DA:49,0
DA:50,0
DA:51,0
DA:52,0
DA:54,0
DA:55,0
DA:57,0
DA:58,0
DA:60,0
DA:62,0
DA:63,0
DA:66,0
DA:67,0
DA:70,0
DA:71,0
DA:73,0
DA:74,0
DA:76,0
DA:77,0
DA:79,0
DA:80,0
DA:82,0
DA:83,0
DA:85,0
DA:86,0
DA:88,0
DA:92,0
DA:93,0
DA:95,0
DA:96,0
DA:98,0
DA:103,0
DA:104,0
DA:105,0
DA:106,0
DA:107,0
DA:108,0
DA:109,0
DA:110,0
DA:111,0
DA:112,0
DA:114,0
DA:121,0
DA:122,0
DA:123,0
DA:126,0
DA:127,0
DA:128,0
DA:129,0
DA:130,0
DA:131,0
DA:132,0
DA:133,0
DA:135,0
DA:136,0
DA:137,0
DA:139,0
DA:147,0
DA:148,0
DA:149,0
DA:153,0
DA:154,0
DA:157,0
DA:158,0
DA:159,0
DA:163,0
DA:166,0
DA:169,0
DA:171,0
DA:174,0
DA:176,0
DA:179,0
DA:182,0
DA:183,0
DA:185,0
DA:187,0
DA:189,0
DA:191,0
DA:199,0
DA:206,0
DA:207,0
DA:211,0
DA:212,0
DA:215,0
DA:219,0
DA:223,0
DA:224,0
DA:239,0
DA:242,0
DA:245,0
DA:249,0
DA:250,0
DA:253,0
DA:254,0
DA:271,0
DA:274,0
DA:280,0
DA:294,0
DA:298,0
DA:301,0
DA:305,0
DA:306,0
DA:309,0
DA:310,0
DA:327,0
DA:353,0
DA:407,0
DA:408,0
DA:409,0
DA:443,0
DA:444,0
DA:459,0
DA:462,0
DA:465,0
DA:469,0
DA:470,0
DA:473,0
DA:474,0
DA:502,0
DA:503,0
DA:517,0
DA:521,0
DA:524,0
DA:528,0
DA:529,0
DA:532,0
DA:533,0
DA:569,0
DA:570,0
DA:571,0
DA:573,0
DA:574,0
DA:576,0
DA:579,0
DA:580,0
DA:611,0
DA:612,0
DA:626,0
DA:637,0
DA:640,0
DA:643,0
DA:648,0
DA:649,0
DA:652,0
DA:653,0
DA:686,0
DA:708,0
DA:719,0
DA:720,0
DA:722,0
DA:724,0
DA:725,0
DA:726,0
DA:727,0
DA:745,0
LF:182
LH:0
BRDA:58,0,0,0
BRDA:58,0,1,0
BRDA:58,1,0,0
BRDA:58,1,1,0
BRDA:60,2,0,0
BRDA:60,2,1,0
BRDA:63,3,0,0
BRDA:63,3,1,0
BRDA:67,4,0,0
BRDA:67,4,1,0
BRDA:71,5,0,0
BRDA:71,5,1,0
BRDA:71,5,2,0
BRDA:71,5,3,0
BRDA:71,5,4,0
BRDA:71,5,5,0
BRDA:104,6,0,0
BRDA:104,6,1,0
BRDA:104,7,0,0
BRDA:104,7,1,0
BRDA:105,8,0,0
BRDA:105,8,1,0
BRDA:105,9,0,0
BRDA:105,9,1,0
BRDA:106,10,0,0
BRDA:106,10,1,0
BRDA:106,11,0,0
BRDA:106,11,1,0
BRDA:110,12,0,0
BRDA:115,13,0,0
BRDA:115,13,1,0
BRDA:115,14,0,0
BRDA:115,14,1,0
BRDA:127,15,0,0
BRDA:127,15,1,0
BRDA:127,16,0,0
BRDA:127,16,1,0
BRDA:128,17,0,0
BRDA:128,17,1,0
BRDA:129,18,0,0
BRDA:130,19,0,0
BRDA:135,20,0,0
BRDA:135,21,0,0
BRDA:135,21,1,0
BRDA:136,22,0,0
BRDA:148,23,0,0
BRDA:148,24,0,0
BRDA:148,24,1,0
BRDA:157,25,0,0
BRDA:158,26,0,0
BRDA:158,26,1,0
BRDA:158,27,0,0
BRDA:158,27,1,0
BRDA:159,28,0,0
BRDA:163,29,0,0
BRDA:163,29,1,0
BRDA:163,30,0,0
BRDA:163,30,1,0
BRDA:163,31,0,0
BRDA:163,31,1,0
BRDA:166,32,0,0
BRDA:166,32,1,0
BRDA:169,33,0,0
BRDA:169,34,0,0
BRDA:169,34,1,0
BRDA:171,35,0,0
BRDA:171,35,1,0
BRDA:174,36,0,0
BRDA:174,36,1,0
BRDA:176,37,0,0
BRDA:176,37,1,0
BRDA:179,38,0,0
BRDA:179,38,1,0
BRDA:179,38,2,0
BRDA:179,38,3,0
BRDA:182,39,0,0
BRDA:182,39,1,0
BRDA:182,40,0,0
BRDA:182,40,1,0
BRDA:183,41,0,0
BRDA:183,41,1,0
BRDA:185,42,0,0
BRDA:189,43,0,0
BRDA:189,43,1,0
BRDA:189,44,0,0
BRDA:189,44,1,0
BRDA:189,45,0,0
BRDA:189,45,1,0
BRDA:201,46,0,0
BRDA:201,46,1,0
BRDA:207,47,0,0
BRDA:207,47,1,0
BRDA:208,48,0,0
BRDA:208,48,1,0
BRDA:212,49,0,0
BRDA:212,49,1,0
BRDA:212,50,0,0
BRDA:212,50,1,0
BRDA:212,51,0,0
BRDA:212,51,1,0
BRDA:215,52,0,0
BRDA:215,52,1,0
BRDA:215,52,2,0
BRDA:219,53,0,0
BRDA:230,54,0,0
BRDA:230,54,1,0
BRDA:239,55,0,0
BRDA:257,56,0,0
BRDA:257,56,1,0
BRDA:257,56,2,0
BRDA:259,57,0,0
BRDA:259,57,1,0
BRDA:259,58,0,0
BRDA:259,58,1,0
BRDA:268,59,0,0
BRDA:268,59,1,0
BRDA:274,60,0,0
BRDA:274,60,1,0
BRDA:274,61,0,0
BRDA:274,61,1,0
BRDA:294,62,0,0
BRDA:314,63,0,0
BRDA:314,63,1,0
BRDA:314,63,2,0
BRDA:335,64,0,0
BRDA:335,64,1,0
BRDA:335,65,0,0
BRDA:335,65,1,0
BRDA:337,66,0,0
BRDA:337,66,1,0
BRDA:337,67,0,0
BRDA:337,67,1,0
BRDA:337,68,0,0
BRDA:337,68,1,0
BRDA:337,69,0,0
BRDA:337,69,1,0
BRDA:351,70,0,0
BRDA:351,70,1,0
BRDA:351,70,2,0
BRDA:353,71,0,0
BRDA:353,71,1,0
BRDA:353,72,0,0
BRDA:353,72,1,0
BRDA:357,73,0,0
BRDA:357,73,1,0
BRDA:382,74,0,0
BRDA:382,74,1,0
BRDA:399,75,0,0
BRDA:399,75,1,0
BRDA:403,76,0,0
BRDA:403,76,1,0
BRDA:438,77,0,0
BRDA:438,77,1,0
BRDA:450,78,0,0
BRDA:450,78,1,0
BRDA:459,79,0,0
BRDA:478,80,0,0
BRDA:478,80,1,0
BRDA:478,80,2,0
BRDA:481,81,0,0
BRDA:481,81,1,0
BRDA:481,82,0,0
BRDA:481,82,1,0
BRDA:488,83,0,0
BRDA:488,83,1,0
BRDA:488,84,0,0
BRDA:488,84,1,0
BRDA:493,85,0,0
BRDA:493,85,1,0
BRDA:517,86,0,0
BRDA:537,87,0,0
BRDA:537,87,1,0
BRDA:537,87,2,0
BRDA:540,88,0,0
BRDA:540,88,1,0
BRDA:540,89,0,0
BRDA:540,89,1,0
BRDA:551,90,0,0
BRDA:551,90,1,0
BRDA:551,91,0,0
BRDA:551,91,1,0
BRDA:555,92,0,0
BRDA:555,92,1,0
BRDA:556,93,0,0
BRDA:556,93,1,0
BRDA:557,94,0,0
BRDA:557,94,1,0
BRDA:557,95,0,0
BRDA:557,95,1,0
BRDA:560,96,0,0
BRDA:560,96,1,0
BRDA:565,97,0,0
BRDA:565,97,1,0
BRDA:569,98,0,0
BRDA:569,98,1,0
BRDA:569,99,0,0
BRDA:569,99,1,0
BRDA:570,100,0,0
BRDA:573,101,0,0
BRDA:573,101,1,0
BRDA:579,102,0,0
BRDA:586,103,0,0
BRDA:586,103,1,0
BRDA:587,104,0,0
BRDA:587,104,1,0
BRDA:593,105,0,0
BRDA:593,105,1,0
BRDA:595,106,0,0
BRDA:595,106,1,0
BRDA:602,107,0,0
BRDA:602,107,1,0
BRDA:624,108,0,0
BRDA:624,108,1,0
BRDA:637,109,0,0
BRDA:657,110,0,0
BRDA:657,110,1,0
BRDA:657,110,2,0
BRDA:660,111,0,0
BRDA:660,111,1,0
BRDA:660,112,0,0
BRDA:660,112,1,0
BRDA:701,113,0,0
BRDA:701,113,1,0
BRDA:701,113,2,0
BRDA:702,114,0,0
BRDA:702,114,1,0
BRDA:702,115,0,0
BRDA:702,115,1,0
BRDA:702,116,0,0
BRDA:702,116,1,0
BRDA:706,117,0,0
BRDA:706,117,1,0
BRDA:708,118,0,0
BRDA:715,119,0,0
BRDA:715,119,1,0
BRDA:718,120,0,0
BRDA:718,120,1,0
BRDA:720,121,0,0
BRDA:726,122,0,0
BRDA:726,122,1,0
BRDA:727,123,0,0
BRDA:727,123,1,0
BRF:242
BRH:0
end_of_record
TN:
SF:src/components/form/inputs/CheckboxInput.tsx
FN:7,CheckBox
FN:16,(anonymous_7)
FN:27,(anonymous_8)
FNF:3
FNH:0
FNDA:0,CheckBox
FNDA:0,(anonymous_7)
FNDA:0,(anonymous_8)
DA:1,0
DA:2,0
DA:3,0
DA:5,0
DA:7,0
DA:8,0
DA:9,0
DA:10,0
DA:11,0
DA:12,0
DA:13,0
DA:15,0
DA:16,0
DA:18,0
DA:21,0
DA:28,0
LF:16
LH:0
BRDA:18,0,0,0
BRDA:18,1,0,0
BRDA:18,1,1,0
BRDA:34,2,0,0
BRDA:34,2,1,0
BRF:5
BRH:0
end_of_record
TN:
SF:src/components/form/inputs/CreatableMultiSelectInput.tsx
FN:28,(anonymous_8)
FN:35,CreatableMultiSelectInput
FN:65,(anonymous_10)
FNF:3
FNH:0
FNDA:0,(anonymous_8)
FNDA:0,CreatableMultiSelectInput
FNDA:0,(anonymous_10)
DA:1,2
DA:2,2
DA:3,2
DA:4,2
DA:5,2
DA:7,2
DA:13,2
DA:20,2
DA:28,0
DA:32,2
DA:35,2
DA:36,0
DA:37,0
DA:38,0
DA:39,0
DA:40,0
DA:41,0
DA:42,0
DA:43,0
DA:45,0
DA:46,0
DA:47,0
DA:49,0
DA:51,0
DA:66,0
DA:67,0
LF:26
LH:10
BRDA:13,0,0,2
BRDA:13,0,1,2
BRDA:20,1,0,2
BRDA:20,1,1,2
BRDA:28,2,0,0
BRDA:28,2,1,0
BRDA:28,3,0,0
BRDA:28,3,1,0
BRDA:28,4,0,0
BRDA:28,4,1,0
BRDA:32,5,0,2
BRDA:32,5,1,2
BRDA:46,6,0,0
BRDA:56,7,0,0
BRDA:56,7,1,0
BRDA:56,8,0,0
BRDA:56,8,1,0
BRDA:56,9,0,0
BRDA:56,9,1,0
BRDA:57,10,0,0
BRDA:57,10,1,0
BRDA:57,11,0,0
BRDA:57,11,1,0
BRDA:71,12,0,0
BRDA:71,12,1,0
BRDA:78,13,0,0
BRDA:78,13,1,0
BRDA:80,14,0,0
BRDA:80,14,1,0
BRDA:80,15,0,0
BRDA:80,15,1,0
BRDA:81,16,0,0
BRDA:81,16,1,0
BRF:33
BRH:6
end_of_record
TN:
SF:src/components/form/inputs/CreatableMultiSelectInputNew.tsx
FN:38,(anonymous_11)
FN:42,(anonymous_12)
FN:45,(anonymous_13)
FN:46,(anonymous_14)
FN:55,(anonymous_15)
FN:58,(anonymous_16)
FN:79,(anonymous_17)
FN:80,(anonymous_18)
FN:91,(anonymous_19)
FN:96,CreatableMultiSelectInputNew
FN:102,(anonymous_21)
FN:102,(anonymous_22)
FN:103,(anonymous_23)
FN:108,(anonymous_24)
FN:127,(anonymous_25)
FN:138,(anonymous_26)
FN:139,(anonymous_27)
FN:142,(anonymous_28)
FN:199,(anonymous_29)
FN:211,(anonymous_30)
FN:224,(anonymous_31)
FN:228,(anonymous_32)
FNF:22
FNH:0
FNDA:0,(anonymous_11)
FNDA:0,(anonymous_12)
FNDA:0,(anonymous_13)
FNDA:0,(anonymous_14)
FNDA:0,(anonymous_15)
FNDA:0,(anonymous_16)
FNDA:0,(anonymous_17)
FNDA:0,(anonymous_18)
FNDA:0,(anonymous_19)
FNDA:0,CreatableMultiSelectInputNew
FNDA:0,(anonymous_21)
FNDA:0,(anonymous_22)
FNDA:0,(anonymous_23)
FNDA:0,(anonymous_24)
FNDA:0,(anonymous_25)
FNDA:0,(anonymous_26)
FNDA:0,(anonymous_27)
FNDA:0,(anonymous_28)
FNDA:0,(anonymous_29)
FNDA:0,(anonymous_30)
FNDA:0,(anonymous_31)
FNDA:0,(anonymous_32)
DA:1,2
DA:2,2
DA:3,2
DA:4,2
DA:5,2
DA:6,2
DA:11,2
DA:26,2
DA:38,0
DA:42,0
DA:45,0
DA:46,0
DA:55,0
DA:58,0
DA:64,2
DA:73,2
DA:79,0
DA:80,0
DA:91,0
DA:94,2
DA:96,2
DA:97,0
DA:98,0
DA:99,0
DA:101,0
DA:102,0
DA:103,0
DA:104,0
DA:105,0
DA:106,0
DA:108,0
DA:109,0
DA:110,0
DA:111,0
DA:112,0
DA:115,0
DA:116,0
DA:122,0
DA:123,0
DA:124,0
DA:126,0
DA:127,0
DA:128,0
DA:129,0
DA:132,0
DA:133,0
DA:134,0
DA:138,0
DA:139,0
DA:142,0
DA:143,0
DA:144,0
DA:145,0
DA:146,0
DA:148,0
DA:149,0
DA:152,0
DA:200,0
DA:212,0
DA:224,0
DA:229,0
LF:61
LH:12
BRDA:26,0,0,2
BRDA:26,0,1,2
BRDA:38,1,0,0
BRDA:38,1,1,0
BRDA:38,2,0,0
BRDA:38,2,1,0
BRDA:38,3,0,0
BRDA:38,3,1,0
BRDA:38,4,0,0
BRDA:38,4,1,0
BRDA:38,5,0,0
BRDA:38,5,1,0
BRDA:38,6,0,0
BRDA:38,6,1,0
BRDA:38,7,0,0
BRDA:38,7,1,0
BRDA:42,8,0,0
BRDA:42,8,1,0
BRDA:42,9,0,0
BRDA:42,9,1,0
BRDA:42,10,0,0
BRDA:42,10,1,0
BRDA:42,11,0,0
BRDA:42,11,1,0
BRDA:42,12,0,0
BRDA:42,12,1,0
BRDA:42,13,0,0
BRDA:42,13,1,0
BRDA:42,14,0,0
BRDA:42,14,1,0
BRDA:45,15,0,0
BRDA:45,15,1,0
BRDA:45,16,0,0
BRDA:45,16,1,0
BRDA:45,17,0,0
BRDA:45,17,1,0
BRDA:45,18,0,0
BRDA:45,18,1,0
BRDA:45,19,0,0
BRDA:45,19,1,0
BRDA:45,20,0,0
BRDA:45,20,1,0
BRDA:45,21,0,0
BRDA:45,21,1,0
BRDA:46,22,0,0
BRDA:46,22,1,0
BRDA:46,23,0,0
BRDA:46,23,1,0
BRDA:46,24,0,0
BRDA:46,24,1,0
BRDA:46,25,0,0
BRDA:46,25,1,0
BRDA:46,26,0,0
BRDA:46,26,1,0
BRDA:46,27,0,0
BRDA:46,27,1,0
BRDA:46,28,0,0
BRDA:46,28,1,0
BRDA:55,29,0,0
BRDA:55,29,1,0
BRDA:55,30,0,0
BRDA:55,30,1,0
BRDA:55,31,0,0
BRDA:55,31,1,0
BRDA:55,32,0,0
BRDA:55,32,1,0
BRDA:55,33,0,0
BRDA:55,33,1,0
BRDA:55,34,0,0
BRDA:55,34,1,0
BRDA:55,35,0,0
BRDA:55,35,1,0
BRDA:58,36,0,0
BRDA:58,36,1,0
BRDA:58,37,0,0
BRDA:58,37,1,0
BRDA:58,38,0,0
BRDA:58,38,1,0
BRDA:58,39,0,0
BRDA:58,39,1,0
BRDA:58,40,0,0
BRDA:58,40,1,0
BRDA:58,41,0,0
BRDA:58,41,1,0
BRDA:58,42,0,0
BRDA:58,42,1,0
BRDA:64,43,0,2
BRDA:64,43,1,2
BRDA:73,44,0,2
BRDA:73,44,1,2
BRDA:79,45,0,0
BRDA:79,45,1,0
BRDA:79,46,0,0
BRDA:79,46,1,0
BRDA:79,47,0,0
BRDA:79,47,1,0
BRDA:79,48,0,0
BRDA:79,48,1,0
BRDA:79,49,0,0
BRDA:79,49,1,0
BRDA:80,50,0,0
BRDA:80,50,1,0
BRDA:80,51,0,0
BRDA:80,51,1,0
BRDA:80,52,0,0
BRDA:80,52,1,0
BRDA:80,53,0,0
BRDA:80,53,1,0
BRDA:80,54,0,0
BRDA:80,54,1,0
BRDA:91,55,0,0
BRDA:91,55,1,0
BRDA:91,56,0,0
BRDA:91,56,1,0
BRDA:91,57,0,0
BRDA:91,57,1,0
BRDA:91,58,0,0
BRDA:91,58,1,0
BRDA:91,59,0,0
BRDA:91,59,1,0
BRDA:98,60,0,0
BRDA:106,61,0,0
BRDA:106,61,1,0
BRDA:106,61,2,0
BRDA:111,62,0,0
BRDA:115,63,0,0
BRDA:115,64,0,0
BRDA:115,64,1,0
BRDA:123,65,0,0
BRDA:123,65,1,0
BRDA:143,66,0,0
BRDA:176,67,0,0
BRDA:176,67,1,0
BRDA:176,68,0,0
BRDA:176,68,1,0
BRDA:176,69,0,0
BRDA:176,69,1,0
BRDA:177,70,0,0
BRDA:177,70,1,0
BRDA:177,71,0,0
BRDA:177,71,1,0
BRDA:177,72,0,0
BRDA:177,72,1,0
BRDA:178,73,0,0
BRDA:178,73,1,0
BRDA:183,74,0,0
BRDA:183,74,1,0
BRDA:219,75,0,0
BRDA:219,75,1,0
BRDA:219,76,0,0
BRDA:219,76,1,0
BRDA:222,77,0,0
BRDA:222,77,1,0
BRDA:222,77,2,0
BRDA:224,78,0,0
BRDA:224,78,1,0
BRDA:224,79,0,0
BRDA:224,79,1,0
BRF:158
BRH:6
end_of_record
TN:
SF:src/components/form/inputs/GalleryInput.tsx
FN:60,GalleryInput
FN:66,addImg
FN:72,uploadBase64Pic
FN:99,dropzoneUpload
FN:101,(anonymous_34)
FN:102,(anonymous_35)
FN:119,(anonymous_36)
FN:119,(anonymous_37)
FN:127,deleteImg
FN:137,(anonymous_42)
FN:139,(anonymous_43)
FN:157,(anonymous_44)
FN:190,(anonymous_45)
FNF:13
FNH:0
FNDA:0,GalleryInput
FNDA:0,addImg
FNDA:0,uploadBase64Pic
FNDA:0,dropzoneUpload
FNDA:0,(anonymous_34)
FNDA:0,(anonymous_35)
FNDA:0,(anonymous_36)
FNDA:0,(anonymous_37)
FNDA:0,deleteImg
FNDA:0,(anonymous_42)
FNDA:0,(anonymous_43)
FNDA:0,(anonymous_44)
FNDA:0,(anonymous_45)
DA:1,2
DA:2,2
DA:3,2
DA:4,2
DA:5,2
DA:6,2
DA:8,2
DA:9,2
DA:10,2
DA:13,2
DA:19,2
DA:20,2
DA:27,2
DA:41,2
DA:46,2
DA:53,2
DA:60,0
DA:61,0
DA:62,0
DA:63,0
DA:64,0
DA:65,0
DA:67,0
DA:68,0
DA:69,0
DA:74,0
DA:75,0
DA:76,0
DA:77,0
DA:88,0
DA:90,0
DA:92,0
DA:95,0
DA:100,0
DA:101,0
DA:102,0
DA:103,0
DA:104,0
DA:106,0
DA:107,0
DA:111,0
DA:112,0
DA:115,0
DA:117,0
DA:118,0
DA:119,0
DA:120,0
DA:121,0
DA:124,0
DA:128,0
DA:129,0
DA:130,0
DA:133,0
DA:137,0
DA:139,0
DA:157,0
DA:190,0
DA:197,2
LF:58
LH:17
BRDA:13,0,0,2
BRDA:13,0,1,2
BRDA:19,1,0,2
BRDA:19,1,1,2
BRDA:20,2,0,2
BRDA:20,2,1,2
BRDA:27,3,0,2
BRDA:27,3,1,2
BRDA:41,4,0,2
BRDA:41,4,1,2
BRDA:46,5,0,2
BRDA:46,5,1,2
BRDA:53,6,0,2
BRDA:53,6,1,2
BRDA:65,7,0,0
BRDA:65,7,1,0
BRDA:75,8,0,0
BRDA:76,9,0,0
BRDA:76,9,1,0
BRDA:90,10,0,0
BRDA:90,11,0,0
BRDA:90,11,1,0
BRDA:90,11,2,0
BRDA:100,12,0,0
BRDA:103,13,0,0
BRDA:106,14,0,0
BRDA:120,15,0,0
BRDA:136,16,0,0
BRDA:136,16,1,0
BRDA:179,17,0,0
BRDA:179,17,1,0
BRF:31
BRH:14
end_of_record
TN:
SF:src/components/form/inputs/ImgInput.tsx
FN:50,(anonymous_23)
FN:66,ImageInput
FN:73,uploadBase64Pic
FN:103,dropzoneUpload
FN:105,(anonymous_31)
FN:106,(anonymous_32)
FN:122,(anonymous_33)
FN:122,(anonymous_34)
FN:140,(anonymous_36)
FN:216,(anonymous_37)
FNF:10
FNH:0
FNDA:0,(anonymous_23)
FNDA:0,ImageInput
FNDA:0,uploadBase64Pic
FNDA:0,dropzoneUpload
FNDA:0,(anonymous_31)
FNDA:0,(anonymous_32)
FNDA:0,(anonymous_33)
FNDA:0,(anonymous_34)
FNDA:0,(anonymous_36)
FNDA:0,(anonymous_37)
DA:1,2
DA:2,2
DA:3,2
DA:4,2
DA:5,2
DA:6,2
DA:7,2
DA:9,2
DA:10,2
DA:11,2
DA:12,2
DA:14,2
DA:16,2
DA:22,2
DA:31,2
DA:42,2
DA:51,0
DA:56,2
DA:66,0
DA:67,0
DA:68,0
DA:69,0
DA:70,0
DA:71,0
DA:75,0
DA:76,0
DA:77,0
DA:78,0
DA:80,0
DA:81,0
DA:92,0
DA:94,0
DA:95,0
DA:96,0
DA:99,0
DA:104,0
DA:105,0
DA:106,0
DA:107,0
DA:108,0
DA:110,0
DA:111,0
DA:115,0
DA:116,0
DA:119,0
DA:120,0
DA:121,0
DA:122,0
DA:123,0
DA:124,0
DA:126,0
DA:129,0
DA:135,0
DA:137,0
DA:140,0
DA:216,0
DA:225,2
LF:57
LH:18
BRDA:16,0,0,2
BRDA:16,0,1,2
BRDA:22,1,0,2
BRDA:22,1,1,2
BRDA:31,2,0,2
BRDA:31,2,1,2
BRDA:42,3,0,2
BRDA:42,3,1,2
BRDA:51,4,0,0
BRDA:51,4,1,0
BRDA:51,5,0,0
BRDA:51,5,1,0
BRDA:51,6,0,0
BRDA:51,6,1,0
BRDA:51,7,0,0
BRDA:51,7,1,0
BRDA:51,8,0,0
BRDA:51,8,1,0
BRDA:56,9,0,2
BRDA:56,9,1,2
BRDA:76,10,0,0
BRDA:80,11,0,0
BRDA:80,11,1,0
BRDA:94,12,0,0
BRDA:94,13,0,0
BRDA:94,13,1,0
BRDA:94,13,2,0
BRDA:104,14,0,0
BRDA:107,15,0,0
BRDA:110,16,0,0
BRDA:123,17,0,0
BRDA:129,18,0,0
BRDA:129,18,1,0
BRDA:135,19,0,0
BRDA:135,19,1,0
BRDA:142,20,0,0
BRDA:142,20,1,0
BRDA:146,21,0,0
BRDA:146,21,1,0
BRDA:150,22,0,0
BRDA:150,22,1,0
BRDA:150,23,0,0
BRDA:150,23,1,0
BRDA:150,24,0,0
BRDA:150,24,1,0
BRDA:186,25,0,0
BRDA:186,25,1,0
BRDA:190,26,0,0
BRDA:190,26,1,0
BRDA:190,27,0,0
BRDA:190,27,1,0
BRDA:190,28,0,0
BRDA:190,28,1,0
BRDA:205,29,0,0
BRDA:205,29,1,0
BRDA:220,30,0,0
BRDA:220,30,1,0
BRF:57
BRH:10
end_of_record
TN:
SF:src/components/form/inputs/LoomVideoInput.tsx
FN:5,LoomVideoInput
FN:10,(anonymous_2)
FNF:2
FNH:0
FNDA:0,LoomVideoInput
FNDA:0,(anonymous_2)
DA:1,2
DA:2,2
DA:5,2
DA:6,0
DA:11,0
LF:5
LH:3
BRF:0
BRH:0
end_of_record
TN:
SF:src/components/form/inputs/LoomVideoInputNew.tsx
FN:18,(anonymous_8)
FN:32,(anonymous_9)
FN:36,LoomVideoInputNew
FN:51,(anonymous_11)
FNF:4
FNH:0
FNDA:0,(anonymous_8)
FNDA:0,(anonymous_9)
FNDA:0,LoomVideoInputNew
FNDA:0,(anonymous_11)
DA:1,2
DA:2,2
DA:3,2
DA:4,2
DA:5,2
DA:13,2
DA:18,0
DA:32,0
DA:36,2
DA:37,0
DA:38,0
DA:39,0
DA:40,0
DA:41,0
DA:43,0
DA:45,0
DA:47,0
DA:52,0
LF:18
LH:7
BRDA:13,0,0,2
BRDA:13,0,1,2
BRDA:18,1,0,0
BRDA:18,1,1,0
BRDA:32,2,0,0
BRDA:32,2,1,0
BRDA:41,3,0,0
BRDA:41,3,1,0
BRDA:60,4,0,0
BRDA:60,4,1,0
BRF:10
BRH:2
end_of_record
TN:
SF:src/components/form/inputs/MultiSelectInput.tsx
FN:28,(anonymous_8)
FN:35,MultiSelectInput
FN:65,(anonymous_10)
FNF:3
FNH:0
FNDA:0,(anonymous_8)
FNDA:0,MultiSelectInput
FNDA:0,(anonymous_10)
DA:1,2
DA:2,2
DA:3,2
DA:4,2
DA:5,2
DA:7,2
DA:13,2
DA:20,2
DA:28,0
DA:32,2
DA:35,2
DA:36,0
DA:37,0
DA:38,0
DA:39,0
DA:40,0
DA:41,0
DA:42,0
DA:43,0
DA:45,0
DA:46,0
DA:47,0
DA:49,0
DA:51,0
DA:66,0
DA:67,0
LF:26
LH:10
BRDA:13,0,0,2
BRDA:13,0,1,2
BRDA:20,1,0,2
BRDA:20,1,1,2
BRDA:28,2,0,0
BRDA:28,2,1,0
BRDA:28,3,0,0
BRDA:28,3,1,0
BRDA:28,4,0,0
BRDA:28,4,1,0
BRDA:32,5,0,2
BRDA:32,5,1,2
BRDA:46,6,0,0
BRDA:56,7,0,0
BRDA:56,7,1,0
BRDA:56,8,0,0
BRDA:56,8,1,0
BRDA:56,9,0,0
BRDA:56,9,1,0
BRDA:57,10,0,0
BRDA:57,10,1,0
BRDA:57,11,0,0
BRDA:57,11,1,0
BRDA:71,12,0,0
BRDA:71,12,1,0
BRDA:78,13,0,0
BRDA:78,13,1,0
BRDA:80,14,0,0
BRDA:80,14,1,0
BRDA:80,15,0,0
BRDA:80,15,1,0
BRDA:81,16,0,0
BRDA:81,16,1,0
BRF:33
BRH:6
end_of_record
TN:
SF:src/components/form/inputs/NumberInput.tsx
FN:14,(anonymous_8)
FN:21,(anonymous_9)
FN:22,(anonymous_10)
FN:34,(anonymous_11)
FN:35,(anonymous_12)
FN:45,(anonymous_13)
FN:54,NumberInput
FN:75,(anonymous_15)
FN:88,(anonymous_16)
FN:93,(anonymous_17)
FN:100,(anonymous_18)
FNF:11
FNH:0
FNDA:0,(anonymous_8)
FNDA:0,(anonymous_9)
FNDA:0,(anonymous_10)
FNDA:0,(anonymous_11)
FNDA:0,(anonymous_12)
FNDA:0,(anonymous_13)
FNDA:0,NumberInput
FNDA:0,(anonymous_15)
FNDA:0,(anonymous_16)
FNDA:0,(anonymous_17)
FNDA:0,(anonymous_18)
DA:1,2
DA:2,2
DA:3,2
DA:4,2
DA:6,2
DA:12,2
DA:14,0
DA:21,0
DA:22,0
DA:34,0
DA:35,0
DA:42,2
DA:45,0
DA:51,2
DA:54,2
DA:55,0
DA:56,0
DA:57,0
DA:58,0
DA:59,0
DA:60,0
DA:61,0
DA:62,0
DA:63,0
DA:64,0
DA:66,0
DA:67,0
DA:68,0
DA:69,0
DA:71,0
DA:76,0
DA:90,0
DA:91,0
DA:95,0
DA:96,0
DA:97,0
DA:98,0
DA:102,0
DA:103,0
DA:104,0
LF:40
LH:9
BRDA:12,0,0,2
BRDA:12,0,1,2
BRDA:14,1,0,0
BRDA:14,1,1,0
BRDA:21,2,0,0
BRDA:21,2,1,0
BRDA:22,3,0,0
BRDA:22,3,1,0
BRDA:34,4,0,0
BRDA:34,4,1,0
BRDA:35,5,0,0
BRDA:35,5,1,0
BRDA:42,6,0,2
BRDA:42,6,1,2
BRDA:45,7,0,0
BRDA:45,7,1,0
BRDA:51,8,0,2
BRDA:51,8,1,2
BRDA:67,9,0,0
BRDA:78,10,0,0
BRDA:78,10,1,0
BRDA:78,11,0,0
BRDA:78,11,1,0
BRDA:78,12,0,0
BRDA:78,12,1,0
BRDA:78,13,0,0
BRDA:78,13,1,0
BRDA:90,14,0,0
BRDA:95,15,0,0
BRDA:96,16,0,0
BRDA:102,17,0,0
BRDA:109,18,0,0
BRDA:109,18,1,0
BRDA:110,19,0,0
BRDA:110,19,1,0
BRDA:113,20,0,0
BRDA:113,20,1,0
BRDA:113,21,0,0
BRDA:113,21,1,0
BRDA:114,22,0,0
BRDA:114,22,1,0
BRF:41
BRH:6
end_of_record
TN:
SF:src/components/form/inputs/NumberInputNew.tsx
FN:19,(anonymous_8)
FN:20,(anonymous_9)
FN:30,(anonymous_10)
FN:33,(anonymous_11)
FN:44,(anonymous_12)
FN:45,(anonymous_13)
FN:49,NumberInputNew
FN:66,(anonymous_15)
FN:76,(anonymous_16)
FN:90,(anonymous_17)
FN:96,(anonymous_18)
FNF:11
FNH:0
FNDA:0,(anonymous_8)
FNDA:0,(anonymous_9)
FNDA:0,(anonymous_10)
FNDA:0,(anonymous_11)
FNDA:0,(anonymous_12)
FNDA:0,(anonymous_13)
FNDA:0,NumberInputNew
FNDA:0,(anonymous_15)
FNDA:0,(anonymous_16)
FNDA:0,(anonymous_17)
FNDA:0,(anonymous_18)
DA:1,2
DA:2,2
DA:3,2
DA:5,2
DA:12,2
DA:19,0
DA:20,0
DA:30,0
DA:33,0
DA:44,0
DA:45,0
DA:49,2
DA:50,0
DA:51,0
DA:52,0
DA:53,0
DA:54,0
DA:55,0
DA:56,0
DA:58,0
DA:59,0
DA:61,0
DA:62,0
DA:63,0
DA:64,0
DA:66,0
DA:67,0
DA:68,0
DA:72,0
DA:77,0
DA:91,0
DA:92,0
DA:93,0
DA:97,0
DA:98,0
LF:35
LH:6
BRDA:12,0,0,2
BRDA:12,0,1,2
BRDA:19,1,0,0
BRDA:19,1,1,0
BRDA:20,2,0,0
BRDA:20,2,1,0
BRDA:30,3,0,0
BRDA:30,3,1,0
BRDA:33,4,0,0
BRDA:33,4,1,0
BRDA:44,5,0,0
BRDA:44,5,1,0
BRDA:45,6,0,0
BRDA:45,6,1,0
BRDA:59,7,0,0
BRDA:67,8,0,0
BRDA:73,9,0,0
BRDA:73,9,1,0
BRDA:79,10,0,0
BRDA:79,10,1,0
BRDA:79,11,0,0
BRDA:79,11,1,0
BRDA:79,12,0,0
BRDA:79,12,1,0
BRDA:79,13,0,0
BRDA:79,13,1,0
BRDA:92,14,0,0
BRF:27
BRH:2
end_of_record
TN:
SF:src/components/form/inputs/NumberSatsInput.tsx
FN:19,(anonymous_8)
FN:20,(anonymous_9)
FN:30,(anonymous_10)
FN:33,(anonymous_11)
FN:44,(anonymous_12)
FN:45,(anonymous_13)
FN:49,NumberInputNew
FN:72,(anonymous_15)
FN:87,(anonymous_16)
FN:93,(anonymous_17)
FNF:10
FNH:0
FNDA:0,(anonymous_8)
FNDA:0,(anonymous_9)
FNDA:0,(anonymous_10)
FNDA:0,(anonymous_11)
FNDA:0,(anonymous_12)
FNDA:0,(anonymous_13)
FNDA:0,NumberInputNew
FNDA:0,(anonymous_15)
FNDA:0,(anonymous_16)
FNDA:0,(anonymous_17)
DA:1,2
DA:2,2
DA:3,2
DA:4,2
DA:12,2
DA:19,0
DA:20,0
DA:30,0
DA:33,0
DA:44,0
DA:45,0
DA:49,2
DA:50,0
DA:51,0
DA:52,0
DA:53,0
DA:54,0
DA:55,0
DA:57,0
DA:59,0
DA:60,0
DA:65,0
DA:67,0
DA:68,0
DA:69,0
DA:70,0
DA:72,0
DA:73,0
DA:74,0
DA:78,0
DA:88,0
DA:89,0
DA:90,0
DA:94,0
DA:95,0
DA:96,0
DA:97,0
DA:98,0
LF:38
LH:6
BRDA:12,0,0,2
BRDA:12,0,1,2
BRDA:19,1,0,0
BRDA:19,1,1,0
BRDA:20,2,0,0
BRDA:20,2,1,0
BRDA:30,3,0,0
BRDA:30,3,1,0
BRDA:33,4,0,0
BRDA:33,4,1,0
BRDA:44,5,0,0
BRDA:44,5,1,0
BRDA:45,6,0,0
BRDA:45,6,1,0
BRDA:59,7,0,0
BRDA:59,7,1,0
BRDA:60,8,0,0
BRDA:60,8,1,0
BRDA:61,9,0,0
BRDA:61,9,1,0
BRDA:65,10,0,0
BRDA:73,11,0,0
BRDA:79,12,0,0
BRDA:79,12,1,0
BRDA:89,13,0,0
BRDA:94,14,0,0
BRDA:94,14,1,0
BRDA:94,15,0,0
BRDA:94,15,1,0
BRF:29
BRH:2
end_of_record
TN:
SF:src/components/form/inputs/SearchTextInput.tsx
FN:11,(anonymous_2)
FN:12,(anonymous_3)
FN:32,(anonymous_4)
FN:40,SearchTextInput
FN:59,(anonymous_6)
FNF:5
FNH:0
FNDA:0,(anonymous_2)
FNDA:0,(anonymous_3)
FNDA:0,(anonymous_4)
FNDA:0,SearchTextInput
FNDA:0,(anonymous_6)
DA:1,2
DA:2,2
DA:3,2
DA:4,2
DA:10,2
DA:11,0
DA:12,0
DA:24,2
DA:32,0
DA:36,2
DA:40,2
DA:41,0
DA:42,0
DA:43,0
DA:44,0
DA:45,0
DA:46,0
DA:47,0
DA:49,0
DA:51,0
DA:59,0
LF:21
LH:8
BRDA:10,0,0,2
BRDA:10,0,1,2
BRDA:11,1,0,0
BRDA:11,1,1,0
BRDA:12,2,0,0
BRDA:12,2,1,0
BRDA:24,3,0,2
BRDA:24,3,1,2
BRDA:32,4,0,0
BRDA:32,4,1,0
BRDA:36,5,0,2
BRDA:36,5,1,2
BRDA:57,6,0,0
BRDA:57,6,1,0
BRDA:58,7,0,0
BRDA:58,7,1,0
BRDA:62,8,0,0
BRDA:62,8,1,0
BRDA:64,9,0,0
BRDA:64,9,1,0
BRF:20
BRH:6
end_of_record
TN:
SF:src/components/form/inputs/SearchableSelectInput.tsx
FN:30,(anonymous_21)
FN:37,SearchableSelectInput
FN:57,(anonymous_23)
FN:58,(anonymous_24)
FN:65,(anonymous_27)
FN:78,(anonymous_28)
FN:114,(anonymous_29)
FN:118,(anonymous_30)
FNF:8
FNH:0
FNDA:0,(anonymous_21)
FNDA:0,SearchableSelectInput
FNDA:0,(anonymous_23)
FNDA:0,(anonymous_24)
FNDA:0,(anonymous_27)
FNDA:0,(anonymous_28)
FNDA:0,(anonymous_29)
FNDA:0,(anonymous_30)
DA:1,2
DA:2,2
DA:3,2
DA:4,2
DA:5,2
DA:6,2
DA:7,2
DA:9,2
DA:15,2
DA:22,2
DA:30,0
DA:34,2
DA:37,0
DA:38,0
DA:39,0
DA:40,0
DA:41,0
DA:42,0
DA:43,0
DA:44,0
DA:45,0
DA:47,0
DA:49,0
DA:50,0
DA:52,0
DA:53,0
DA:54,0
DA:55,0
DA:57,0
DA:58,0
DA:59,0
DA:60,0
DA:62,0
DA:63,0
DA:64,0
DA:65,0
DA:72,0
DA:74,0
DA:75,0
DA:77,0
DA:78,0
DA:87,0
DA:91,0
DA:93,0
DA:98,0
DA:115,0
DA:116,0
DA:119,0
DA:138,2
LF:49
LH:12
BRDA:15,0,0,2
BRDA:15,0,1,2
BRDA:22,1,0,2
BRDA:22,1,1,2
BRDA:30,2,0,0
BRDA:30,2,1,0
BRDA:30,3,0,0
BRDA:30,3,1,0
BRDA:30,4,0,0
BRDA:30,4,1,0
BRDA:30,5,0,0
BRDA:30,5,1,0
BRDA:30,6,0,0
BRDA:30,6,1,0
BRDA:34,7,0,2
BRDA:34,7,1,2
BRDA:59,8,0,0
BRDA:62,9,0,0
BRDA:62,10,0,0
BRDA:62,10,1,0
BRDA:64,11,0,0
BRDA:64,12,0,0
BRDA:64,12,1,0
BRDA:74,13,0,0
BRDA:77,14,0,0
BRDA:77,15,0,0
BRDA:77,15,1,0
BRDA:105,16,0,0
[...]
DA:893,0
DA:895,0
DA:896,0
DA:897,0
DA:898,0
DA:899,0
DA:900,0
DA:902,0
DA:903,0
DA:906,0
DA:907,0
DA:910,0
DA:918,0
DA:920,0
DA:921,0
DA:925,11
DA:926,18
DA:927,0
DA:930,9
DA:931,0
DA:933,0
DA:938,0
DA:939,0
DA:941,0
DA:942,0
DA:943,0
DA:944,0
DA:945,0
DA:946,0
DA:948,0
DA:949,0
DA:952,0
DA:953,0
DA:956,0
DA:964,0
DA:966,0
DA:968,0
DA:969,0
DA:973,9
DA:975,0
DA:976,0
DA:978,0
DA:979,0
DA:980,0
DA:981,0
DA:982,0
DA:983,0
DA:985,0
DA:986,0
DA:989,0
DA:990,0
DA:993,0
DA:1001,0
DA:1003,0
DA:1004,0
DA:1008,9
DA:1010,0
DA:1011,0
DA:1013,0
DA:1014,0
DA:1018,9
DA:1020,0
DA:1021,0
DA:1023,0
DA:1024,0
DA:1025,0
DA:1026,0
DA:1027,0
DA:1028,0
DA:1030,0
DA:1031,0
DA:1034,0
DA:1035,0
DA:1038,0
DA:1046,0
DA:1048,0
DA:1049,0
DA:1053,9
DA:1054,0
DA:1056,0
DA:1057,0
DA:1059,0
DA:1060,0
DA:1061,0
DA:1062,0
DA:1063,0
DA:1064,0
DA:1066,0
DA:1067,0
DA:1070,0
DA:1071,0
DA:1074,0
DA:1083,0
DA:1084,0
DA:1085,0
DA:1088,0
DA:1091,0
DA:1096,0
DA:1098,0
DA:1100,0
DA:1101,0
DA:1105,9
DA:1107,0
DA:1108,0
DA:1110,0
DA:1111,0
DA:1115,9
DA:1117,0
DA:1120,0
DA:1122,0
DA:1123,0
DA:1128,11
DA:1130,9
DA:1131,0
DA:1133,0
DA:1138,0
DA:1139,0
DA:1142,0
DA:1143,0
DA:1144,0
DA:1147,0
DA:1150,0
DA:1155,0
DA:1157,0
DA:1158,0
DA:1162,9
DA:1169,0
DA:1170,0
DA:1172,0
DA:1174,0
DA:1178,0
DA:1179,0
DA:1180,0
DA:1183,0
DA:1184,0
DA:1186,0
DA:1187,0
DA:1188,0
DA:1189,0
DA:1190,0
DA:1191,0
DA:1193,0
DA:1195,0
DA:1198,0
DA:1202,11
DA:1204,9
DA:1205,0
DA:1212,0
DA:1215,9
DA:1216,0
DA:1220,18
DA:1221,1
DA:1222,0
DA:1225,9
DA:1226,8
DA:1227,0
DA:1228,0
DA:1231,9
DA:1232,0
DA:1233,0
DA:1238,9
DA:1239,0
DA:1240,0
DA:1241,0
DA:1244,0
DA:1246,0
DA:1247,0
DA:1248,0
DA:1249,0
DA:1251,0
DA:1254,0
DA:1258,0
DA:1259,0
DA:1260,0
DA:1264,9
DA:1266,0
DA:1267,0
DA:1268,0
DA:1270,0
DA:1272,0
DA:1276,9
DA:1278,0
DA:1279,0
DA:1280,0
DA:1282,0
DA:1284,0
DA:1288,9
DA:1290,0
DA:1291,0
DA:1293,0
DA:1303,0
DA:1305,0
DA:1306,0
DA:1307,0
DA:1310,0
DA:1312,0
DA:1314,0
DA:1318,9
DA:1321,0
DA:1324,0
DA:1326,0
DA:1327,0
DA:1329,0
DA:1331,0
DA:1333,0
DA:1335,0
DA:1339,9
DA:1341,0
DA:1342,0
DA:1343,0
DA:1345,0
DA:1346,0
DA:1347,0
DA:1349,0
DA:1350,0
DA:1351,0
DA:1353,0
DA:1354,0
DA:1356,0
DA:1358,0
DA:1362,9
DA:1363,1
DA:1364,1
DA:1365,1
DA:1367,1
DA:1370,2
DA:1371,0
DA:1382,0
DA:1384,0
DA:1385,0
DA:1386,0
DA:1387,0
DA:1390,1
DA:1391,1
DA:1392,1
DA:1395,0
DA:1396,0
DA:1397,0
DA:1398,0
DA:1402,0
DA:1403,0
DA:1405,0
DA:1413,0
DA:1417,9
DA:1418,0
DA:1419,0
DA:1420,0
DA:1421,0
DA:1424,0
DA:1425,0
DA:1427,0
DA:1428,0
DA:1429,0
DA:1432,0
DA:1436,0
DA:1438,0
DA:1450,0
DA:1451,0
DA:1453,0
DA:1455,0
DA:1459,9
DA:1460,0
DA:1461,0
DA:1462,0
DA:1463,0
DA:1467,0
DA:1469,0
DA:1477,0
DA:1478,0
DA:1480,0
DA:1482,0
DA:1488,9
DA:1489,1
DA:1491,1
DA:1492,1
DA:1493,1
DA:1494,0
DA:1495,0
DA:1498,2
DA:1499,0
DA:1511,0
DA:1514,1
DA:1515,1
DA:1516,1
DA:1519,0
DA:1532,0
DA:1536,9
DA:1538,1
DA:1539,0
DA:1541,1
DA:1545,9
DA:1551,0
DA:1552,0
DA:1553,0
DA:1554,0
DA:1555,0
DA:1557,0
DA:1559,0
DA:1560,0
DA:1561,0
DA:1562,0
DA:1564,0
DA:1568,0
DA:1573,9
DA:1578,0
DA:1579,0
DA:1580,0
DA:1581,0
DA:1582,0
DA:1584,0
DA:1586,0
DA:1587,0
DA:1588,0
DA:1589,0
DA:1591,0
DA:1595,0
DA:1599,9
DA:1600,0
DA:1602,0
DA:1604,0
DA:1605,0
DA:1607,0
DA:1608,0
DA:1622,0
DA:1623,0
DA:1626,0
DA:1633,0
DA:1637,9
DA:1639,0
DA:1640,0
DA:1642,0
DA:1643,0
DA:1648,11
DA:1650,18
DA:1651,0
DA:1656,11
DA:1658,18
DA:1659,0
DA:1664,11
DA:1666,18
DA:1667,0
DA:1670,18
DA:1672,0
DA:1673,0
DA:1674,0
DA:1683,0
DA:1684,0
DA:1685,0
DA:1687,0
DA:1689,0
DA:1693,18
DA:1695,0
DA:1696,0
DA:1697,0
DA:1699,0
DA:1700,0
DA:1706,11
DA:1708,18
DA:1709,0
DA:1714,11
DA:1716,18
DA:1717,0
DA:1721,11
DA:1723,18
DA:1724,0
DA:1727,9
DA:1740,0
DA:1759,0
DA:1761,0
DA:1762,0
DA:1766,9
DA:1773,0
DA:1785,0
DA:1787,0
DA:1791,18
DA:1796,0
DA:1797,0
DA:1798,0
DA:1810,0
DA:1812,0
DA:1813,0
DA:1818,11
DA:1820,18
DA:1821,0
DA:1825,11
DA:1827,18
DA:1828,0
DA:1831,18
DA:1833,0
DA:1834,0
DA:1836,0
DA:1844,0
DA:1845,0
DA:1846,0
DA:1848,0
DA:1849,0
DA:1853,18
DA:1855,0
DA:1856,0
DA:1858,0
DA:1866,0
DA:1867,0
DA:1868,0
DA:1870,0
DA:1871,0
DA:1875,9
DA:1877,0
DA:1878,0
DA:1880,0
DA:1888,0
DA:1889,0
DA:1891,0
DA:1892,0
DA:1896,18
DA:1898,0
DA:1899,0
DA:1900,0
DA:1912,0
DA:1914,0
DA:1915,0
DA:1919,9
DA:1920,0
DA:1921,0
DA:1922,0
DA:1931,0
DA:1934,9
DA:1936,0
DA:1937,0
DA:1938,0
DA:1951,0
DA:1953,0
DA:1954,0
DA:1958,9
DA:1960,0
DA:1965,0
DA:1967,0
DA:1968,0
DA:1972,9
DA:1974,0
DA:1979,0
DA:1981,0
DA:1982,0
DA:1986,9
DA:1988,0
DA:1989,0
DA:1990,0
DA:1999,0
DA:2000,0
DA:2002,0
DA:2003,0
DA:2007,18
DA:2012,0
DA:2013,0
DA:2014,0
DA:2026,0
DA:2028,0
DA:2029,0
DA:2033,18
DA:2035,0
DA:2036,0
DA:2037,0
DA:2049,0
DA:2051,0
DA:2052,0
DA:2057,11
DA:2059,18
DA:2060,0
DA:2063,9
DA:2065,0
DA:2066,0
DA:2067,0
DA:2076,0
DA:2077,0
DA:2079,0
DA:2081,0
DA:2082,0
DA:2086,9
DA:2088,0
DA:2089,0
DA:2090,0
DA:2099,0
DA:2101,0
DA:2102,0
DA:2106,9
DA:2108,0
DA:2109,0
DA:2110,0
DA:2120,0
DA:2122,0
DA:2123,0
DA:2127,9
DA:2129,0
DA:2130,0
DA:2131,0
DA:2140,0
DA:2142,0
DA:2143,0
DA:2147,9
DA:2149,0
DA:2150,0
DA:2151,0
DA:2160,0
DA:2162,0
DA:2163,0
DA:2167,9
DA:2174,0
DA:2175,0
DA:2177,0
DA:2187,0
DA:2189,0
DA:2190,0
DA:2194,9
DA:2196,0
DA:2197,0
DA:2198,0
DA:2210,0
DA:2211,0
DA:2213,0
DA:2214,0
DA:2218,9
DA:2220,0
DA:2221,0
DA:2222,0
DA:2231,0
DA:2233,0
DA:2234,0
DA:2238,9
DA:2240,0
DA:2247,0
DA:2249,0
DA:2250,0
DA:2257,9
DA:2259,0
DA:2266,0
DA:2268,0
DA:2269,0
DA:2277,9
DA:2283,0
DA:2284,0
DA:2288,0
DA:2290,0
DA:2299,0
DA:2301,0
DA:2302,0
DA:2309,9
DA:2311,0
DA:2312,0
DA:2314,0
DA:2322,0
DA:2324,0
DA:2328,9
DA:2330,0
DA:2331,0
DA:2333,0
DA:2341,0
DA:2343,0
DA:2347,9
DA:2349,0
DA:2350,0
DA:2351,0
DA:2360,0
DA:2362,0
DA:2366,9
DA:2368,0
DA:2369,0
DA:2370,0
DA:2379,0
DA:2381,0
DA:2385,9
DA:2387,0
DA:2388,0
DA:2390,0
DA:2395,0
DA:2405,0
DA:2407,0
DA:2408,0
DA:2412,9
DA:2414,0
DA:2415,0
DA:2417,0
DA:2422,0
DA:2432,0
DA:2434,0
DA:2435,0
DA:2438,9
DA:2440,9
LF:858
LH:170
BRDA:295,0,0,0
BRDA:295,1,0,0
BRDA:295,1,1,0
BRDA:298,2,0,0
BRDA:331,3,0,0
BRDA:333,4,0,0
BRDA:343,5,0,0
BRDA:343,5,1,0
BRDA:345,6,0,0
BRDA:350,7,0,0
BRDA:355,8,0,0
BRDA:355,9,0,0
BRDA:355,9,1,0
BRDA:360,10,0,0
BRDA:361,11,0,0
BRDA:361,11,1,0
BRDA:361,11,2,0
BRDA:368,12,0,0
BRDA:368,13,0,0
BRDA:368,13,1,0
BRDA:368,14,0,0
BRDA:368,14,1,0
BRDA:379,15,0,0
BRDA:386,16,0,0
BRDA:386,16,1,0
BRDA:386,17,0,0
BRDA:386,17,1,0
BRDA:386,18,0,0
BRDA:386,18,1,0
BRDA:386,19,0,0
BRDA:386,19,1,0
BRDA:386,20,0,0
BRDA:386,20,1,0
BRDA:409,21,0,0
BRDA:412,22,0,0
BRDA:412,22,1,0
BRDA:428,23,0,0
BRDA:434,24,0,0
BRDA:439,25,0,0
BRDA:448,26,0,0
BRDA:453,27,0,0
BRDA:454,28,0,0
BRDA:454,28,1,0
BRDA:457,29,0,0
BRDA:457,30,0,0
BRDA:457,30,1,0
BRDA:457,30,2,0
BRDA:457,30,3,0
BRDA:464,31,0,0
BRDA:475,32,0,0
BRDA:475,33,0,0
BRDA:475,33,1,1
BRDA:475,34,0,1
BRDA:475,34,1,1
BRDA:475,35,0,0
BRDA:475,35,1,1
BRDA:475,36,0,1
BRDA:475,36,1,1
BRDA:475,37,0,0
BRDA:475,37,1,1
BRDA:475,38,0,1
BRDA:475,38,1,1
BRDA:480,39,0,0
BRDA:481,40,0,0
BRDA:482,41,0,0
BRDA:488,42,0,0
BRDA:488,42,1,0
BRDA:488,43,0,0
BRDA:488,43,1,0
BRDA:492,44,0,0
BRDA:493,45,0,0
BRDA:494,46,0,0
BRDA:501,47,0,0
BRDA:502,48,0,0
BRDA:520,49,0,0
BRDA:534,50,0,0
BRDA:548,51,0,0
BRDA:548,51,1,0
BRDA:548,51,2,0
BRDA:556,52,0,0
BRDA:556,52,1,0
BRDA:569,53,0,0
BRDA:569,53,1,0
BRDA:570,54,0,0
BRDA:570,54,1,0
BRDA:617,55,0,0
BRDA:649,56,0,0
BRDA:628,57,0,0
BRDA:656,58,0,0
BRDA:656,58,1,0
BRDA:656,59,0,0
BRDA:656,59,1,0
BRDA:656,60,0,0
BRDA:656,60,1,0
BRDA:657,61,0,0
BRDA:657,61,1,0
BRDA:657,62,0,0
BRDA:657,62,1,0
BRDA:657,63,0,0
BRDA:657,63,1,0
BRDA:685,64,0,0
BRDA:685,64,1,0
BRDA:701,65,0,0
BRDA:702,66,0,0
BRDA:702,66,1,0
BRDA:702,67,0,0
BRDA:702,67,1,0
BRDA:703,68,0,0
BRDA:710,69,0,0
BRDA:710,69,1,0
BRDA:710,70,0,0
BRDA:710,70,1,0
BRDA:741,71,0,0
BRDA:741,72,0,0
BRDA:741,72,1,0
BRDA:741,73,0,0
BRDA:741,73,1,0
BRDA:765,74,0,0
BRDA:765,74,1,0
BRDA:765,75,0,0
BRDA:765,75,1,0
BRDA:789,76,0,0
BRDA:789,76,1,0
BRDA:811,77,0,0
BRDA:811,77,1,0
BRDA:811,78,0,0
BRDA:811,78,1,0
BRDA:817,79,0,0
BRDA:826,80,0,0
BRDA:826,80,1,0
BRDA:833,81,0,0
BRDA:840,82,0,0
BRDA:844,83,0,0
BRDA:849,84,0,0
BRDA:849,84,1,0
BRDA:850,85,0,0
BRDA:850,85,1,0
BRDA:857,86,0,0
BRDA:857,86,1,0
BRDA:857,87,0,0
BRDA:857,87,1,0
BRDA:895,88,0,0
BRDA:895,89,0,0
BRDA:895,89,1,0
BRDA:902,90,0,0
BRDA:906,91,0,0
BRDA:911,92,0,0
BRDA:911,92,1,0
BRDA:912,93,0,0
BRDA:912,93,1,0
BRDA:941,94,0,0
BRDA:941,95,0,0
BRDA:941,95,1,0
BRDA:948,96,0,0
BRDA:952,97,0,0
BRDA:957,98,0,0
BRDA:957,98,1,0
BRDA:958,99,0,0
BRDA:958,99,1,0
BRDA:978,100,0,0
BRDA:978,101,0,0
BRDA:978,101,1,0
BRDA:985,102,0,0
BRDA:989,103,0,0
BRDA:994,104,0,0
BRDA:994,104,1,0
BRDA:995,105,0,0
BRDA:995,105,1,0
BRDA:1023,106,0,0
BRDA:1023,107,0,0
BRDA:1023,107,1,0
BRDA:1030,108,0,0
BRDA:1034,109,0,0
BRDA:1039,110,0,0
BRDA:1039,110,1,0
BRDA:1040,111,0,0
BRDA:1040,111,1,0
BRDA:1059,112,0,0
BRDA:1059,113,0,0
BRDA:1059,113,1,0
BRDA:1066,114,0,0
BRDA:1070,115,0,0
BRDA:1075,116,0,0
BRDA:1075,116,1,0
BRDA:1076,117,0,0
BRDA:1076,117,1,0
BRDA:1083,118,0,0
BRDA:1083,118,1,0
BRDA:1083,119,0,0
BRDA:1083,119,1,0
BRDA:1120,120,0,0
BRDA:1142,121,0,0
BRDA:1142,121,1,0
BRDA:1142,122,0,0
BRDA:1142,122,1,0
BRDA:1169,123,0,0
BRDA:1169,124,0,0
BRDA:1169,124,1,0
BRDA:1170,125,0,0
BRDA:1170,125,1,0
BRDA:1178,126,0,0
BRDA:1178,127,0,0
BRDA:1178,127,1,0
BRDA:1183,128,0,0
BRDA:1183,129,0,0
BRDA:1183,129,1,0
BRDA:1183,130,0,0
BRDA:1183,130,1,0
BRDA:1187,131,0,0
BRDA:1189,132,0,0
BRDA:1189,133,0,0
BRDA:1189,133,1,0
BRDA:1189,133,2,0
BRDA:1207,134,0,0
BRDA:1207,134,1,0
BRDA:1221,135,0,1
BRDA:1226,136,0,8
BRDA:1232,137,0,0
BRDA:1239,138,0,0
BRDA:1239,138,1,0
BRDA:1240,139,0,0
BRDA:1247,140,0,0
BRDA:1247,140,1,0
BRDA:1247,141,0,0
BRDA:1247,141,1,0
BRDA:1248,142,0,0
BRDA:1248,142,1,0
BRDA:1267,143,0,0
BRDA:1268,144,0,0
BRDA:1279,145,0,0
BRDA:1280,146,0,0
BRDA:1290,147,0,0
BRDA:1305,148,0,0
BRDA:1343,149,0,0
BRDA:1343,150,0,0
BRDA:1343,150,1,0
BRDA:1343,151,0,0
BRDA:1343,151,1,0
BRDA:1346,152,0,0
BRDA:1347,153,0,0
BRDA:1390,154,0,1
BRDA:1363,155,0,0
BRDA:1365,156,0,0
BRDA:1367,157,0,0
BRDA:1370,158,0,1
BRDA:1382,159,0,0
BRDA:1384,160,0,0
BRDA:1391,161,0,0
BRDA:1392,162,0,1
BRDA:1395,163,0,0
BRDA:1397,164,0,0
BRDA:1397,165,0,0
BRDA:1397,165,1,0
BRDA:1419,166,0,0
BRDA:1419,167,0,0
BRDA:1419,167,1,0
BRDA:1424,168,0,0
BRDA:1424,168,1,0
BRDA:1424,169,0,0
BRDA:1424,169,1,0
BRDA:1436,170,0,0
BRDA:1436,170,1,0
BRDA:1436,171,0,0
BRDA:1436,171,1,0
BRDA:1445,172,0,0
BRDA:1445,172,1,0
BRDA:1445,173,0,0
BRDA:1445,173,1,0
BRDA:1450,174,0,0
BRDA:1480,175,0,0
BRDA:1461,176,0,0
BRDA:1473,177,0,0
BRDA:1473,177,1,0
BRDA:1473,178,0,0
BRDA:1473,178,1,0
BRDA:1477,179,0,0
BRDA:1492,180,0,1
BRDA:1492,180,1,0
BRDA:1493,181,0,0
BRDA:1498,182,0,1
BRDA:1514,183,0,1
BRDA:1514,184,0,1
BRDA:1514,184,1,1
BRDA:1568,185,0,0
BRDA:1551,186,0,0
BRDA:1553,187,0,0
BRDA:1553,187,1,0
BRDA:1553,188,0,0
BRDA:1553,188,1,0
BRDA:1554,189,0,0
BRDA:1554,189,1,0
BRDA:1555,190,0,0
BRDA:1555,190,1,0
BRDA:1555,191,0,0
BRDA:1555,191,1,0
BRDA:1557,192,0,0
BRDA:1557,193,0,0
BRDA:1557,193,1,0
BRDA:1557,193,2,0
BRDA:1557,193,3,0
BRDA:1595,194,0,0
BRDA:1578,195,0,0
BRDA:1580,196,0,0
BRDA:1580,196,1,0
BRDA:1580,197,0,0
BRDA:1580,197,1,0
BRDA:1581,198,0,0
BRDA:1581,198,1,0
BRDA:1582,199,0,0
BRDA:1582,199,1,0
BRDA:1582,200,0,0
BRDA:1582,200,1,0
BRDA:1584,201,0,0
BRDA:1584,202,0,0
BRDA:1584,202,1,0
BRDA:1584,202,2,0
BRDA:1584,202,3,0
BRDA:1586,203,0,0
BRDA:1586,203,1,0
BRDA:1586,204,0,0
BRDA:1586,204,1,0
BRDA:1602,205,0,0
BRDA:1605,206,0,0
BRDA:1607,207,0,0
BRDA:1607,207,1,0
BRDA:1622,208,0,0
BRDA:1672,209,0,0
BRDA:1683,210,0,0
BRDA:1752,211,0,0
BRDA:1752,211,1,0
BRDA:1752,212,0,0
BRDA:1752,212,1,0
BRDA:1796,213,0,0
BRDA:1846,214,0,0
BRDA:1834,215,0,0
BRDA:1834,216,0,0
BRDA:1834,216,1,0
BRDA:1834,217,0,0
BRDA:1834,217,1,0
BRDA:1834,218,0,0
BRDA:1834,218,1,0
BRDA:1868,219,0,0
BRDA:1856,220,0,0
BRDA:1856,221,0,0
BRDA:1856,221,1,0
BRDA:1856,222,0,0
BRDA:1856,222,1,0
BRDA:1856,223,0,0
BRDA:1856,223,1,0
BRDA:1889,224,0,0
BRDA:1878,225,0,0
BRDA:1878,226,0,0
BRDA:1878,226,1,0
BRDA:1878,227,0,0
BRDA:1878,227,1,0
BRDA:1878,228,0,0
BRDA:1878,228,1,0
BRDA:1898,229,0,0
BRDA:1920,230,0,0
BRDA:1936,231,0,0
BRDA:1988,232,0,0
BRDA:2012,233,0,0
BRDA:2035,234,0,0
BRDA:2065,235,0,0
BRDA:2088,236,0,0
BRDA:2108,237,0,0
BRDA:2129,238,0,0
BRDA:2149,239,0,0
BRDA:2174,240,0,0
BRDA:2196,241,0,0
BRDA:2220,242,0,0
BRDA:2283,243,0,0
BRDA:2311,244,0,0
BRDA:2330,245,0,0
BRDA:2349,246,0,0
BRDA:2368,247,0,0
BRDA:2387,248,0,0
BRDA:2414,249,0,0
BRF:378
BRH:19
end_of_record
TN:
SF:src/store/modals.ts
FN:3,(anonymous_0)
FN:4,ModalsVisibilityStore
FN:9,(anonymous_2)
FN:14,(anonymous_3)
FNF:4
FNH:2
FNDA:2,(anonymous_0)
FNDA:2,ModalsVisibilityStore
FNDA:0,(anonymous_2)
FNDA:0,(anonymous_3)
DA:1,2
DA:3,2
DA:5,2
DA:8,2
DA:9,2
DA:10,0
DA:13,2
DA:14,2
DA:15,0
DA:17,2
DA:19,2
LF:11
LH:9
BRF:0
BRH:0
end_of_record
TN:
SF:src/store/ui.ts
FN:15,(anonymous_4)
FN:44,(anonymous_5)
FN:47,UiStore
FN:51,(anonymous_7)
FN:56,(anonymous_8)
FN:61,(anonymous_9)
FN:66,(anonymous_10)
FN:71,(anonymous_11)
FN:76,(anonymous_12)
FN:81,(anonymous_13)
FN:86,(anonymous_14)
FN:91,(anonymous_15)
FN:96,(anonymous_16)
FN:101,(anonymous_17)
FN:107,(anonymous_18)
FN:114,(anonymous_19)
FN:119,(anonymous_20)
FN:126,(anonymous_21)
FN:131,(anonymous_22)
FN:136,(anonymous_23)
FN:141,(anonymous_24)
FN:146,(anonymous_25)
FN:151,(anonymous_26)
FN:156,(anonymous_27)
FN:161,(anonymous_28)
FN:166,(anonymous_29)
FN:172,(anonymous_30)
FN:183,(anonymous_31)
FN:187,(anonymous_32)
FN:197,(anonymous_33)
FN:202,(anonymous_34)
FNF:31
FNH:7
FNDA:81,(anonymous_4)
FNDA:9,(anonymous_5)
FNDA:9,UiStore
FNDA:0,(anonymous_7)
FNDA:0,(anonymous_8)
FNDA:0,(anonymous_9)
FNDA:0,(anonymous_10)
FNDA:0,(anonymous_11)
FNDA:0,(anonymous_12)
FNDA:0,(anonymous_13)
FNDA:0,(anonymous_14)
FNDA:0,(anonymous_15)
FNDA:0,(anonymous_16)
FNDA:8,(anonymous_17)
FNDA:0,(anonymous_18)
FNDA:0,(anonymous_19)
FNDA:0,(anonymous_20)
FNDA:0,(anonymous_21)
FNDA:0,(anonymous_22)
FNDA:0,(anonymous_23)
FNDA:0,(anonymous_24)
FNDA:0,(anonymous_25)
FNDA:0,(anonymous_26)
FNDA:0,(anonymous_27)
FNDA:0,(anonymous_28)
FNDA:0,(anonymous_29)
FNDA:2,(anonymous_30)
FNDA:10,(anonymous_31)
FNDA:10,(anonymous_32)
FNDA:0,(anonymous_33)
FNDA:0,(anonymous_34)
DA:1,9
DA:2,9
DA:4,9
DA:5,9
DA:6,9
DA:14,9
DA:15,81
DA:44,9
DA:45,9
DA:48,9
DA:51,9
DA:52,0
DA:55,9
DA:56,9
DA:57,0
DA:60,9
DA:61,9
DA:62,0
DA:65,9
DA:66,9
DA:67,0
DA:70,9
DA:71,9
DA:72,0
DA:75,9
DA:76,9
DA:77,0
DA:80,9
DA:81,9
DA:82,0
DA:85,9
DA:86,9
DA:87,0
DA:90,9
DA:91,9
DA:92,0
DA:95,9
DA:96,9
DA:97,0
DA:100,9
DA:101,9
DA:102,8
DA:103,8
DA:106,9
DA:107,9
DA:108,0
DA:113,9
DA:114,9
DA:115,0
DA:118,9
DA:119,9
DA:120,0
DA:125,9
DA:126,9
DA:127,0
DA:130,9
DA:131,9
DA:132,0
DA:135,9
DA:136,9
DA:137,0
DA:140,9
DA:141,9
DA:142,0
DA:145,9
DA:146,9
DA:147,0
DA:150,9
DA:151,9
DA:152,0
DA:155,9
DA:156,9
DA:157,0
DA:160,9
DA:161,9
DA:162,0
DA:165,9
DA:166,9
DA:167,0
DA:170,9
DA:172,9
DA:174,2
DA:180,2
DA:184,10
DA:187,9
DA:188,10
DA:189,10
DA:190,10
DA:191,10
DA:193,10
DA:196,9
DA:197,9
DA:198,0
DA:201,9
DA:202,9
DA:203,0
DA:205,9
DA:207,9
DA:224,9
DA:241,9
LF:100
LH:76
BRDA:102,0,0,8
BRDA:103,1,0,8
BRDA:103,1,1,0
BRDA:108,2,0,0
BRDA:115,3,0,0
BRDA:174,4,0,2
BRDA:174,4,1,0
BRDA:174,5,0,2
BRDA:174,5,1,2
BRDA:177,6,0,2
BRDA:177,6,1,0
BRDA:188,7,0,10
BRDA:189,8,0,0
BRDA:189,9,0,10
BRDA:189,9,1,0
BRDA:190,10,0,0
BRDA:191,11,0,0
BRF:17
BRH:8
end_of_record
TN:
SF:src/tribes/Body.tsx
FN:42,BodyComponent
FN:54,(anonymous_24)
FN:57,selectTribe
FN:66,loadMore
FN:80,refreshList
FN:101,(anonymous_32)
FN:108,(anonymous_33)
FN:109,(anonymous_34)
FN:124,(anonymous_35)
FN:125,(anonymous_36)
FN:133,(anonymous_37)
FN:159,(anonymous_38)
FN:164,(anonymous_39)
FN:186,(anonymous_40)
FN:193,(anonymous_41)
FN:216,(anonymous_42)
FN:227,(anonymous_43)
FNF:17
FNH:0
FNDA:0,BodyComponent
FNDA:0,(anonymous_24)
FNDA:0,selectTribe
FNDA:0,loadMore
FNDA:0,refreshList
FNDA:0,(anonymous_32)
FNDA:0,(anonymous_33)
FNDA:0,(anonymous_34)
FNDA:0,(anonymous_35)
FNDA:0,(anonymous_36)
FNDA:0,(anonymous_37)
FNDA:0,(anonymous_38)
FNDA:0,(anonymous_39)
FNDA:0,(anonymous_40)
FNDA:0,(anonymous_41)
FNDA:0,(anonymous_42)
FNDA:0,(anonymous_43)
DA:1,0
DA:2,0
DA:3,0
DA:11,0
DA:12,0
DA:13,0
DA:14,0
DA:15,0
DA:16,0
DA:17,0
DA:18,0
DA:19,0
DA:20,0
DA:22,0
DA:33,0
DA:43,0
DA:44,0
DA:45,0
DA:46,0
DA:47,0
DA:48,0
DA:50,0
DA:52,0
DA:54,0
DA:55,0
DA:58,0
DA:59,0
DA:60,0
DA:61,0
DA:62,0
DA:67,0
DA:69,0
DA:70,0
DA:71,0
DA:74,0
DA:76,0
DA:81,0
DA:84,0
DA:87,0
DA:88,0
DA:89,0
DA:91,0
DA:92,0
DA:93,0
DA:94,0
DA:96,0
DA:97,0
DA:101,0
DA:102,0
DA:106,0
DA:108,0
DA:109,0
DA:110,0
DA:115,0
DA:116,0
DA:124,0
DA:125,0
DA:129,0
DA:134,0
DA:135,0
DA:142,0
DA:159,0
DA:164,0
DA:187,0
DA:188,0
DA:189,0
DA:193,0
DA:217,0
DA:227,0
DA:240,0
LF:70
LH:0
BRDA:22,0,0,0
BRDA:22,0,1,0
BRDA:33,1,0,0
BRDA:33,1,1,0
BRDA:55,2,0,0
BRDA:55,2,1,0
BRDA:59,3,0,0
BRDA:59,3,1,0
BRDA:61,4,0,0
BRDA:61,5,0,0
BRDA:61,5,1,0
BRDA:67,6,0,0
BRDA:71,7,0,0
BRDA:88,8,0,0
BRDA:91,9,0,0
BRDA:115,10,0,0
BRDA:124,11,0,0
BRDA:138,12,0,0
BRDA:138,12,1,0
BRDA:169,13,0,0
BRDA:169,13,1,0
BRDA:187,14,0,0
BRDA:226,15,0,0
BRDA:226,15,1,0
BRF:24
BRH:0
end_of_record
TN:
SF:src/tribes/Header.tsx
FN:7,Header
FN:10,(anonymous_9)
FN:13,(anonymous_10)
FNF:3
FNH:0
FNDA:0,Header
FNDA:0,(anonymous_9)
FNDA:0,(anonymous_10)
DA:1,0
DA:3,0
DA:4,0
DA:5,0
DA:8,0
DA:10,0
DA:11,0
DA:12,0
DA:14,0
DA:15,0
DA:21,0
DA:31,0
LF:12
LH:0
BRDA:11,0,0,0
BRDA:14,1,0,0
BRF:2
BRH:0
end_of_record
TN:
SF:src/tribes/Tag.tsx
FN:25,T
FNF:1
FNH:0
FNDA:0,T
DA:1,0
DA:2,0
DA:3,0
DA:5,0
DA:10,0
DA:14,0
DA:25,0
DA:26,0
DA:27,0
DA:28,0
DA:29,0
DA:30,0
LF:12
LH:0
BRDA:5,0,0,0
BRDA:5,0,1,0
BRDA:10,1,0,0
BRDA:10,1,1,0
BRDA:14,2,0,0
BRDA:14,2,1,0
BRDA:27,3,0,0
BRDA:35,4,0,0
BRDA:35,4,1,0
BRF:9
BRH:0
end_of_record
TN:
SF:src/tribes/Tribe.tsx
FN:29,(anonymous_8)
FN:75,(anonymous_9)
FN:85,(anonymous_10)
FN:98,makeQR
FN:102,Tribe
FN:125,copyString
FN:129,(anonymous_14)
FN:140,(anonymous_15)
FN:159,(anonymous_16)
FN:205,(anonymous_17)
FN:231,(anonymous_18)
FN:239,(anonymous_19)
FNF:12
FNH:0
FNDA:0,(anonymous_8)
FNDA:0,(anonymous_9)
FNDA:0,(anonymous_10)
FNDA:0,makeQR
FNDA:0,Tribe
FNDA:0,copyString
FNDA:0,(anonymous_14)
FNDA:0,(anonymous_15)
FNDA:0,(anonymous_16)
FNDA:0,(anonymous_17)
FNDA:0,(anonymous_18)
FNDA:0,(anonymous_19)
DA:1,0
DA:2,0
DA:3,0
DA:4,0
DA:5,0
DA:6,0
DA:7,0
DA:18,0
DA:30,0
DA:45,0
DA:49,0
DA:56,0
DA:60,0
DA:69,0
DA:76,0
DA:84,0
DA:85,0
DA:93,0
DA:99,0
DA:102,0
DA:103,0
DA:104,0
DA:105,0
DA:106,0
DA:107,0
DA:108,0
DA:109,0
DA:110,0
DA:111,0
DA:112,0
DA:113,0
DA:114,0
DA:115,0
DA:116,0
DA:118,0
DA:119,0
DA:120,0
DA:122,0
DA:123,0
DA:126,0
DA:127,0
DA:128,0
DA:129,0
DA:132,0
DA:140,0
DA:159,0
DA:205,0
DA:231,0
DA:239,0
LF:49
LH:0
BRDA:18,0,0,0
BRDA:18,0,1,0
BRDA:30,1,0,0
BRDA:30,1,1,0
BRDA:45,2,0,0
BRDA:45,2,1,0
BRDA:49,3,0,0
BRDA:49,3,1,0
BRDA:56,4,0,0
BRDA:56,4,1,0
BRDA:60,5,0,0
BRDA:60,5,1,0
BRDA:69,6,0,0
BRDA:69,6,1,0
BRDA:76,7,0,0
BRDA:76,7,1,0
BRDA:84,8,0,0
BRDA:84,8,1,0
BRDA:93,9,0,0
BRDA:93,9,1,0
BRDA:118,10,0,0
BRDA:118,10,1,0
BRDA:118,11,0,0
BRDA:118,11,1,0
BRDA:118,11,2,0
BRDA:122,12,0,0
BRDA:122,12,1,0
BRDA:140,13,0,0
BRDA:140,13,1,0
BRDA:142,14,0,0
BRDA:142,14,1,0
BRDA:148,15,0,0
BRDA:148,15,1,0
BRDA:150,16,0,0
BRDA:150,16,1,0
BRDA:157,17,0,0
BRDA:157,17,1,0
BRDA:162,18,0,0
BRDA:162,18,1,0
BRDA:167,19,0,0
BRDA:167,19,1,0
BRDA:175,20,0,0
BRDA:175,20,1,0
BRDA:175,21,0,0
BRDA:175,21,1,0
BRDA:196,22,0,0
BRDA:196,22,1,0
BRDA:201,23,0,0
BRDA:201,23,1,0
BRDA:218,24,0,0
BRDA:218,24,1,0
BRDA:221,25,0,0
BRDA:221,25,1,0
BRDA:234,26,0,0
BRDA:234,26,1,0
BRDA:240,27,0,0
BRDA:240,27,1,0
BRF:57
BRH:0
end_of_record
TN:
SF:src/tribes/rmmd.ts
FN:1,rmmd
FNF:1
FNH:0
FNDA:0,rmmd
DA:1,0
DA:2,0
DA:3,0
DA:6,0
DA:9,0
DA:10,0
DA:12,0
DA:15,0
DA:17,0
DA:18,0
DA:19,0
DA:20,0
DA:21,0
DA:23,0
DA:24,0
DA:34,0
DA:62,0
DA:63,0
DA:65,0
LF:19
LH:0
BRDA:3,0,0,0
BRDA:3,0,1,0
BRDA:6,1,0,0
BRDA:6,1,1,0
BRDA:9,2,0,0
BRDA:9,2,1,0
BRDA:12,3,0,0
BRDA:12,3,1,0
BRDA:18,4,0,0
BRDA:19,5,0,0
BRDA:19,5,1,0
BRDA:23,6,0,0
BRDA:43,7,0,0
BRDA:43,7,1,0
BRF:14
BRH:0
end_of_record
TN:
SF:src/tribes/tags/index.ts
FNF:0
FNH:0
DA:1,9
DA:2,9
DA:3,9
DA:4,9
DA:5,9
DA:6,9
DA:7,9
DA:8,9
DA:9,9
DA:13,9
DA:52,9
LF:11
LH:11
BRF:0
BRH:0
end_of_record
