mode: atomic
github.com/stakwork/sphinx-tribes/main.go:22.13,26.16 3 0
github.com/stakwork/sphinx-tribes/main.go:26.16,28.3 1 0
github.com/stakwork/sphinx-tribes/main.go:30.2,44.25 10 0
github.com/stakwork/sphinx-tribes/main.go:44.25,47.3 2 0
github.com/stakwork/sphinx-tribes/main.go:49.2,50.7 2 0
github.com/stakwork/sphinx-tribes/main.go:53.16,57.2 3 0
github.com/stakwork/sphinx-tribes/main.go:60.12,70.45 7 0
github.com/stakwork/sphinx-tribes/main.go:70.45,72.3 1 0
github.com/stakwork/sphinx-tribes/feeds/bitcointv.go:61.64,63.47 2 0
github.com/stakwork/sphinx-tribes/feeds/bitcointv.go:63.47,65.3 1 0
github.com/stakwork/sphinx-tribes/feeds/bitcointv.go:66.2,67.16 2 0
github.com/stakwork/sphinx-tribes/feeds/bitcointv.go:67.16,69.3 1 0
github.com/stakwork/sphinx-tribes/feeds/bitcointv.go:70.2,70.26 1 0
github.com/stakwork/sphinx-tribes/feeds/bitcointv.go:73.69,76.31 3 0
github.com/stakwork/sphinx-tribes/feeds/bitcointv.go:76.31,78.39 2 0
github.com/stakwork/sphinx-tribes/feeds/bitcointv.go:78.39,93.4 3 0
github.com/stakwork/sphinx-tribes/feeds/bitcointv.go:95.2,106.8 2 0
github.com/stakwork/sphinx-tribes/feeds/generator.go:20.53,27.16 3 0
github.com/stakwork/sphinx-tribes/feeds/generator.go:27.16,29.3 1 0
github.com/stakwork/sphinx-tribes/feeds/generator.go:30.2,31.47 2 0
github.com/stakwork/sphinx-tribes/feeds/generator.go:31.47,33.3 1 0
github.com/stakwork/sphinx-tribes/feeds/generator.go:35.2,36.39 2 0
github.com/stakwork/sphinx-tribes/feeds/generator.go:36.39,37.49 1 0
github.com/stakwork/sphinx-tribes/feeds/generator.go:37.49,39.4 1 0
github.com/stakwork/sphinx-tribes/feeds/generator.go:42.2,42.22 1 0
github.com/stakwork/sphinx-tribes/feeds/generic.go:16.58,19.16 2 0
github.com/stakwork/sphinx-tribes/feeds/generic.go:19.16,21.3 1 0
github.com/stakwork/sphinx-tribes/feeds/generic.go:23.2,23.79 1 0
github.com/stakwork/sphinx-tribes/feeds/generic.go:23.79,25.17 2 0
github.com/stakwork/sphinx-tribes/feeds/generic.go:25.17,27.4 1 0
github.com/stakwork/sphinx-tribes/feeds/generic.go:28.3,28.16 1 0
github.com/stakwork/sphinx-tribes/feeds/generic.go:29.8,29.56 1 0
github.com/stakwork/sphinx-tribes/feeds/generic.go:29.56,31.17 2 0
github.com/stakwork/sphinx-tribes/feeds/generic.go:31.17,33.4 1 0
github.com/stakwork/sphinx-tribes/feeds/generic.go:34.3,34.16 1 0
github.com/stakwork/sphinx-tribes/feeds/generic.go:35.8,35.66 1 0
github.com/stakwork/sphinx-tribes/feeds/generic.go:35.66,37.17 2 0
github.com/stakwork/sphinx-tribes/feeds/generic.go:37.17,39.4 1 0
github.com/stakwork/sphinx-tribes/feeds/generic.go:40.3,40.16 1 0
github.com/stakwork/sphinx-tribes/feeds/generic.go:41.8,41.68 1 0
github.com/stakwork/sphinx-tribes/feeds/generic.go:41.68,43.17 2 0
github.com/stakwork/sphinx-tribes/feeds/generic.go:43.17,45.4 1 0
github.com/stakwork/sphinx-tribes/feeds/generic.go:46.3,46.16 1 0
github.com/stakwork/sphinx-tribes/feeds/generic.go:47.8,50.17 2 0
github.com/stakwork/sphinx-tribes/feeds/generic.go:50.17,52.18 2 0
github.com/stakwork/sphinx-tribes/feeds/generic.go:52.18,54.5 1 0
github.com/stakwork/sphinx-tribes/feeds/generic.go:55.4,55.17 1 0
github.com/stakwork/sphinx-tribes/feeds/generic.go:59.3,59.51 1 0
github.com/stakwork/sphinx-tribes/feeds/generic.go:59.51,61.18 2 0
github.com/stakwork/sphinx-tribes/feeds/generic.go:61.18,63.5 1 0
github.com/stakwork/sphinx-tribes/feeds/generic.go:64.4,64.17 1 0
github.com/stakwork/sphinx-tribes/feeds/generic.go:66.3,66.16 1 0
github.com/stakwork/sphinx-tribes/feeds/generic.go:70.63,71.28 1 0
github.com/stakwork/sphinx-tribes/feeds/generic.go:71.28,73.3 1 0
github.com/stakwork/sphinx-tribes/feeds/generic.go:74.2,74.18 1 0
github.com/stakwork/sphinx-tribes/feeds/generic.go:74.18,75.32 1 0
github.com/stakwork/sphinx-tribes/feeds/generic.go:75.32,76.36 1 0
github.com/stakwork/sphinx-tribes/feeds/generic.go:76.36,79.24 3 0
github.com/stakwork/sphinx-tribes/feeds/generic.go:79.24,81.43 1 0
github.com/stakwork/sphinx-tribes/feeds/generic.go:81.43,87.7 1 0
github.com/stakwork/sphinx-tribes/feeds/generic.go:91.8,105.3 1 0
github.com/stakwork/sphinx-tribes/feeds/generic.go:106.2,106.14 1 0
github.com/stakwork/sphinx-tribes/feeds/generic.go:162.42,168.16 5 0
github.com/stakwork/sphinx-tribes/feeds/generic.go:168.16,170.3 1 0
github.com/stakwork/sphinx-tribes/feeds/generic.go:171.2,174.18 3 0
github.com/stakwork/sphinx-tribes/feeds/medium.go:42.61,44.47 2 0
github.com/stakwork/sphinx-tribes/feeds/medium.go:44.47,46.3 1 0
github.com/stakwork/sphinx-tribes/feeds/medium.go:47.2,48.16 2 0
github.com/stakwork/sphinx-tribes/feeds/medium.go:48.16,50.3 1 0
github.com/stakwork/sphinx-tribes/feeds/medium.go:51.2,51.26 1 0
github.com/stakwork/sphinx-tribes/feeds/medium.go:54.67,57.31 3 0
github.com/stakwork/sphinx-tribes/feeds/medium.go:57.31,70.3 3 0
github.com/stakwork/sphinx-tribes/feeds/medium.go:71.2,84.8 2 0
github.com/stakwork/sphinx-tribes/feeds/podcastindex.go:17.20,19.2 1 0
github.com/stakwork/sphinx-tribes/feeds/podcastindex.go:21.63,33.22 2 0
github.com/stakwork/sphinx-tribes/feeds/podcastindex.go:33.22,37.3 3 0
github.com/stakwork/sphinx-tribes/feeds/podcastindex.go:38.2,38.10 1 0
github.com/stakwork/sphinx-tribes/feeds/podcastindex.go:41.61,43.32 2 0
github.com/stakwork/sphinx-tribes/feeds/podcastindex.go:43.32,45.3 1 0
github.com/stakwork/sphinx-tribes/feeds/podcastindex.go:46.2,61.8 1 0
github.com/stakwork/sphinx-tribes/feeds/podcastindex.go:64.46,78.2 8 0
github.com/stakwork/sphinx-tribes/feeds/podcastindex.go:80.65,83.30 3 0
github.com/stakwork/sphinx-tribes/feeds/podcastindex.go:83.30,85.3 1 0
github.com/stakwork/sphinx-tribes/feeds/podcastindex.go:86.2,87.16 2 0
github.com/stakwork/sphinx-tribes/feeds/podcastindex.go:87.16,89.3 1 0
github.com/stakwork/sphinx-tribes/feeds/podcastindex.go:90.2,92.16 3 0
github.com/stakwork/sphinx-tribes/feeds/podcastindex.go:92.16,94.3 1 0
github.com/stakwork/sphinx-tribes/feeds/podcastindex.go:95.2,95.19 1 0
github.com/stakwork/sphinx-tribes/feeds/podcastindex.go:98.63,101.15 2 0
github.com/stakwork/sphinx-tribes/feeds/podcastindex.go:101.15,103.3 1 0
github.com/stakwork/sphinx-tribes/feeds/podcastindex.go:105.2,106.14 2 0
github.com/stakwork/sphinx-tribes/feeds/podcastindex.go:106.14,108.3 1 0
github.com/stakwork/sphinx-tribes/feeds/podcastindex.go:109.2,112.28 3 0
github.com/stakwork/sphinx-tribes/feeds/podcastindex.go:112.28,114.3 1 0
github.com/stakwork/sphinx-tribes/feeds/podcastindex.go:115.2,117.16 2 0
github.com/stakwork/sphinx-tribes/feeds/podcastindex.go:117.16,120.3 2 0
github.com/stakwork/sphinx-tribes/feeds/podcastindex.go:121.2,126.16 5 0
github.com/stakwork/sphinx-tribes/feeds/podcastindex.go:126.16,129.3 2 0
github.com/stakwork/sphinx-tribes/feeds/podcastindex.go:131.2,131.21 1 0
github.com/stakwork/sphinx-tribes/feeds/podcastindex.go:134.68,136.15 2 0
github.com/stakwork/sphinx-tribes/feeds/podcastindex.go:136.15,138.3 1 0
github.com/stakwork/sphinx-tribes/feeds/podcastindex.go:140.2,141.14 2 0
github.com/stakwork/sphinx-tribes/feeds/podcastindex.go:141.14,143.3 1 0
github.com/stakwork/sphinx-tribes/feeds/podcastindex.go:145.2,148.28 3 0
github.com/stakwork/sphinx-tribes/feeds/podcastindex.go:148.28,150.3 1 0
github.com/stakwork/sphinx-tribes/feeds/podcastindex.go:151.2,153.16 2 0
github.com/stakwork/sphinx-tribes/feeds/podcastindex.go:153.16,156.3 2 0
github.com/stakwork/sphinx-tribes/feeds/podcastindex.go:157.2,162.16 5 0
github.com/stakwork/sphinx-tribes/feeds/podcastindex.go:162.16,165.3 2 0
github.com/stakwork/sphinx-tribes/feeds/podcastindex.go:167.2,167.21 1 0
github.com/stakwork/sphinx-tribes/feeds/podcastindex.go:210.78,212.17 2 0
github.com/stakwork/sphinx-tribes/feeds/podcastindex.go:212.17,214.3 1 0
github.com/stakwork/sphinx-tribes/feeds/podcastindex.go:216.2,217.14 2 0
github.com/stakwork/sphinx-tribes/feeds/podcastindex.go:217.14,219.3 1 0
github.com/stakwork/sphinx-tribes/feeds/podcastindex.go:221.2,224.28 3 0
github.com/stakwork/sphinx-tribes/feeds/podcastindex.go:224.28,226.3 1 0
github.com/stakwork/sphinx-tribes/feeds/podcastindex.go:227.2,229.16 2 0
github.com/stakwork/sphinx-tribes/feeds/podcastindex.go:229.16,232.3 2 0
github.com/stakwork/sphinx-tribes/feeds/podcastindex.go:233.2,238.16 5 0
github.com/stakwork/sphinx-tribes/feeds/podcastindex.go:238.16,241.3 2 0
github.com/stakwork/sphinx-tribes/feeds/podcastindex.go:243.2,243.21 1 0
github.com/stakwork/sphinx-tribes/feeds/substack.go:48.63,50.47 2 0
github.com/stakwork/sphinx-tribes/feeds/substack.go:50.47,52.3 1 0
github.com/stakwork/sphinx-tribes/feeds/substack.go:53.2,54.16 2 0
github.com/stakwork/sphinx-tribes/feeds/substack.go:54.16,56.3 1 0
github.com/stakwork/sphinx-tribes/feeds/substack.go:57.2,57.26 1 0
github.com/stakwork/sphinx-tribes/feeds/substack.go:60.71,63.31 3 0
github.com/stakwork/sphinx-tribes/feeds/substack.go:63.31,77.3 3 0
github.com/stakwork/sphinx-tribes/feeds/substack.go:78.2,91.8 2 0
github.com/stakwork/sphinx-tribes/feeds/youtube.go:54.62,56.47 2 0
github.com/stakwork/sphinx-tribes/feeds/youtube.go:56.47,58.3 1 0
github.com/stakwork/sphinx-tribes/feeds/youtube.go:59.2,60.16 2 0
github.com/stakwork/sphinx-tribes/feeds/youtube.go:60.16,62.3 1 0
github.com/stakwork/sphinx-tribes/feeds/youtube.go:63.2,63.26 1 0
github.com/stakwork/sphinx-tribes/feeds/youtube.go:66.68,68.31 2 0
github.com/stakwork/sphinx-tribes/feeds/youtube.go:68.31,72.15 4 0
github.com/stakwork/sphinx-tribes/feeds/youtube.go:72.15,74.4 1 0
github.com/stakwork/sphinx-tribes/feeds/youtube.go:75.3,87.5 1 0
github.com/stakwork/sphinx-tribes/feeds/youtube.go:89.2,90.14 2 0
github.com/stakwork/sphinx-tribes/feeds/youtube.go:90.14,92.3 1 0
github.com/stakwork/sphinx-tribes/feeds/youtube.go:93.2,103.8 2 0
github.com/stakwork/sphinx-tribes/feeds/youtubesearch.go:13.49,17.16 4 0
github.com/stakwork/sphinx-tribes/feeds/youtubesearch.go:17.16,19.3 1 0
github.com/stakwork/sphinx-tribes/feeds/youtubesearch.go:20.2,26.16 6 0
github.com/stakwork/sphinx-tribes/feeds/youtubesearch.go:26.16,28.3 1 0
github.com/stakwork/sphinx-tribes/feeds/youtubesearch.go:30.2,31.35 2 0
github.com/stakwork/sphinx-tribes/feeds/youtubesearch.go:31.35,34.34 3 0
github.com/stakwork/sphinx-tribes/feeds/youtubesearch.go:34.34,36.4 1 0
github.com/stakwork/sphinx-tribes/feeds/youtubesearch.go:37.3,38.52 2 0
github.com/stakwork/sphinx-tribes/feeds/youtubesearch.go:38.52,40.4 1 0
github.com/stakwork/sphinx-tribes/feeds/youtubesearch.go:40.9,42.4 1 0
github.com/stakwork/sphinx-tribes/feeds/youtubesearch.go:43.3,52.21 2 0
github.com/stakwork/sphinx-tribes/feeds/youtubesearch.go:55.2,55.16 1 0
github.com/stakwork/sphinx-tribes/feeds/youtubesearch.go:58.64,62.16 4 0
github.com/stakwork/sphinx-tribes/feeds/youtubesearch.go:62.16,64.3 1 0
github.com/stakwork/sphinx-tribes/feeds/youtubesearch.go:66.2,70.16 5 0
github.com/stakwork/sphinx-tribes/feeds/youtubesearch.go:70.16,72.3 1 0
github.com/stakwork/sphinx-tribes/feeds/youtubesearch.go:74.2,75.35 2 0
github.com/stakwork/sphinx-tribes/feeds/youtubesearch.go:75.35,78.34 3 0
github.com/stakwork/sphinx-tribes/feeds/youtubesearch.go:78.34,80.4 1 0
github.com/stakwork/sphinx-tribes/feeds/youtubesearch.go:81.3,81.18 1 0
github.com/stakwork/sphinx-tribes/feeds/youtubesearch.go:81.18,82.12 1 0
github.com/stakwork/sphinx-tribes/feeds/youtubesearch.go:84.3,95.21 4 0
github.com/stakwork/sphinx-tribes/feeds/youtubesearch.go:98.2,100.16 2 0
github.com/stakwork/sphinx-tribes/feeds/youtubesearch.go:103.54,107.16 4 0
github.com/stakwork/sphinx-tribes/feeds/youtubesearch.go:107.16,109.3 1 0
github.com/stakwork/sphinx-tribes/feeds/youtubesearch.go:110.2,116.16 6 0
github.com/stakwork/sphinx-tribes/feeds/youtubesearch.go:116.16,118.3 1 0
github.com/stakwork/sphinx-tribes/feeds/youtubesearch.go:120.2,121.35 2 0
github.com/stakwork/sphinx-tribes/feeds/youtubesearch.go:121.35,124.34 3 0
github.com/stakwork/sphinx-tribes/feeds/youtubesearch.go:124.34,126.4 1 0
github.com/stakwork/sphinx-tribes/feeds/youtubesearch.go:127.3,128.52 2 0
github.com/stakwork/sphinx-tribes/feeds/youtubesearch.go:128.52,130.4 1 0
github.com/stakwork/sphinx-tribes/feeds/youtubesearch.go:130.9,132.4 1 0
github.com/stakwork/sphinx-tribes/feeds/youtubesearch.go:133.3,143.21 2 0
github.com/stakwork/sphinx-tribes/feeds/youtubesearch.go:146.2,146.16 1 0
github.com/stakwork/sphinx-tribes/auth/auth.go:36.52,37.71 1 0
github.com/stakwork/sphinx-tribes/auth/auth.go:37.71,39.18 2 0
github.com/stakwork/sphinx-tribes/auth/auth.go:39.18,41.4 1 0
github.com/stakwork/sphinx-tribes/auth/auth.go:43.3,43.18 1 0
github.com/stakwork/sphinx-tribes/auth/auth.go:43.18,47.4 3 0
github.com/stakwork/sphinx-tribes/auth/auth.go:49.3,51.12 2 0
github.com/stakwork/sphinx-tribes/auth/auth.go:51.12,54.18 2 0
github.com/stakwork/sphinx-tribes/auth/auth.go:54.18,58.5 3 0
github.com/stakwork/sphinx-tribes/auth/auth.go:60.4,60.59 1 0
github.com/stakwork/sphinx-tribes/auth/auth.go:60.59,64.5 3 0
github.com/stakwork/sphinx-tribes/auth/auth.go:66.4,67.41 2 0
github.com/stakwork/sphinx-tribes/auth/auth.go:68.9,71.34 2 0
github.com/stakwork/sphinx-tribes/auth/auth.go:71.34,73.19 2 0
github.com/stakwork/sphinx-tribes/auth/auth.go:73.19,75.6 1 0
github.com/stakwork/sphinx-tribes/auth/auth.go:76.5,77.11 2 0
github.com/stakwork/sphinx-tribes/auth/auth.go:80.4,81.41 2 0
github.com/stakwork/sphinx-tribes/auth/auth.go:87.62,88.71 1 0
github.com/stakwork/sphinx-tribes/auth/auth.go:88.71,90.18 2 0
github.com/stakwork/sphinx-tribes/auth/auth.go:90.18,92.4 1 0
github.com/stakwork/sphinx-tribes/auth/auth.go:94.3,94.18 1 0
github.com/stakwork/sphinx-tribes/auth/auth.go:94.18,98.4 3 0
github.com/stakwork/sphinx-tribes/auth/auth.go:100.3,101.12 2 0
github.com/stakwork/sphinx-tribes/auth/auth.go:101.12,104.18 2 0
github.com/stakwork/sphinx-tribes/auth/auth.go:104.18,108.5 3 0
github.com/stakwork/sphinx-tribes/auth/auth.go:110.4,110.59 1 0
github.com/stakwork/sphinx-tribes/auth/auth.go:110.59,114.5 3 0
github.com/stakwork/sphinx-tribes/auth/auth.go:116.4,117.44 2 0
github.com/stakwork/sphinx-tribes/auth/auth.go:117.44,121.5 3 0
github.com/stakwork/sphinx-tribes/auth/auth.go:123.4,124.41 2 0
github.com/stakwork/sphinx-tribes/auth/auth.go:125.9,128.34 2 0
github.com/stakwork/sphinx-tribes/auth/auth.go:128.34,130.19 2 0
github.com/stakwork/sphinx-tribes/auth/auth.go:130.19,132.6 1 0
github.com/stakwork/sphinx-tribes/auth/auth.go:133.5,134.11 2 0
github.com/stakwork/sphinx-tribes/auth/auth.go:137.4,137.44 1 0
github.com/stakwork/sphinx-tribes/auth/auth.go:137.44,141.5 3 0
github.com/stakwork/sphinx-tribes/auth/auth.go:143.4,144.41 2 0
github.com/stakwork/sphinx-tribes/auth/auth.go:150.60,151.71 1 0
github.com/stakwork/sphinx-tribes/auth/auth.go:151.71,154.18 2 0
github.com/stakwork/sphinx-tribes/auth/auth.go:154.18,158.4 3 0
github.com/stakwork/sphinx-tribes/auth/auth.go:160.3,160.38 1 0
github.com/stakwork/sphinx-tribes/auth/auth.go:160.38,164.4 3 0
github.com/stakwork/sphinx-tribes/auth/auth.go:165.3,166.40 2 0
github.com/stakwork/sphinx-tribes/auth/auth.go:171.53,172.71 1 0
github.com/stakwork/sphinx-tribes/auth/auth.go:172.71,173.19 1 0
github.com/stakwork/sphinx-tribes/auth/auth.go:173.19,176.4 2 0
github.com/stakwork/sphinx-tribes/auth/auth.go:176.9,180.4 3 0
github.com/stakwork/sphinx-tribes/auth/auth.go:184.37,185.41 1 0
github.com/stakwork/sphinx-tribes/auth/auth.go:185.41,186.20 1 0
github.com/stakwork/sphinx-tribes/auth/auth.go:186.20,188.4 1 0
github.com/stakwork/sphinx-tribes/auth/auth.go:190.2,190.14 1 0
github.com/stakwork/sphinx-tribes/auth/auth.go:193.24,194.115 1 0
github.com/stakwork/sphinx-tribes/auth/auth.go:194.115,196.3 1 0
github.com/stakwork/sphinx-tribes/auth/auth.go:197.2,197.14 1 0
github.com/stakwork/sphinx-tribes/auth/auth.go:201.72,204.16 2 0
github.com/stakwork/sphinx-tribes/auth/auth.go:204.16,206.3 1 0
github.com/stakwork/sphinx-tribes/auth/auth.go:208.2,209.42 2 0
github.com/stakwork/sphinx-tribes/auth/auth.go:209.42,211.3 1 0
github.com/stakwork/sphinx-tribes/auth/auth.go:213.2,213.20 1 0
github.com/stakwork/sphinx-tribes/auth/auth.go:213.20,216.26 2 0
github.com/stakwork/sphinx-tribes/auth/auth.go:216.26,219.4 2 0
github.com/stakwork/sphinx-tribes/auth/auth.go:222.2,222.20 1 0
github.com/stakwork/sphinx-tribes/auth/auth.go:226.62,228.16 2 0
github.com/stakwork/sphinx-tribes/auth/auth.go:228.16,230.3 1 0
github.com/stakwork/sphinx-tribes/auth/auth.go:231.2,232.42 2 0
github.com/stakwork/sphinx-tribes/auth/auth.go:232.42,234.3 1 0
github.com/stakwork/sphinx-tribes/auth/auth.go:235.2,235.20 1 0
github.com/stakwork/sphinx-tribes/auth/auth.go:239.62,240.30 1 0
github.com/stakwork/sphinx-tribes/auth/auth.go:240.30,242.3 1 0
github.com/stakwork/sphinx-tribes/auth/auth.go:243.2,248.16 4 0
github.com/stakwork/sphinx-tribes/auth/auth.go:248.16,251.3 2 0
github.com/stakwork/sphinx-tribes/auth/auth.go:252.2,254.30 2 0
github.com/stakwork/sphinx-tribes/auth/auth.go:258.73,260.16 2 0
github.com/stakwork/sphinx-tribes/auth/auth.go:260.16,262.3 1 0
github.com/stakwork/sphinx-tribes/auth/auth.go:263.2,264.16 2 0
github.com/stakwork/sphinx-tribes/auth/auth.go:264.16,266.3 1 0
github.com/stakwork/sphinx-tribes/auth/auth.go:267.2,268.16 2 0
github.com/stakwork/sphinx-tribes/auth/auth.go:268.16,270.3 1 0
github.com/stakwork/sphinx-tribes/auth/auth.go:271.2,272.16 2 0
github.com/stakwork/sphinx-tribes/auth/auth.go:272.16,274.3 1 0
github.com/stakwork/sphinx-tribes/auth/auth.go:275.2,276.16 2 0
github.com/stakwork/sphinx-tribes/auth/auth.go:276.16,278.3 1 0
github.com/stakwork/sphinx-tribes/auth/auth.go:279.2,279.46 1 0
github.com/stakwork/sphinx-tribes/auth/auth.go:282.53,284.91 2 0
github.com/stakwork/sphinx-tribes/auth/auth.go:284.91,287.3 2 0
github.com/stakwork/sphinx-tribes/auth/auth.go:289.2,289.20 1 0
github.com/stakwork/sphinx-tribes/auth/auth.go:292.47,302.16 4 0
github.com/stakwork/sphinx-tribes/auth/auth.go:302.16,304.3 1 0
github.com/stakwork/sphinx-tribes/auth/auth.go:306.2,306.25 1 0
github.com/stakwork/sphinx-tribes/auth/auth.go:318.65,322.31 3 0
github.com/stakwork/sphinx-tribes/auth/auth.go:322.31,325.3 2 0
github.com/stakwork/sphinx-tribes/auth/auth.go:326.2,327.16 2 0
github.com/stakwork/sphinx-tribes/auth/auth.go:327.16,329.3 1 0
github.com/stakwork/sphinx-tribes/auth/auth.go:330.2,330.21 1 0
github.com/stakwork/sphinx-tribes/auth/auth.go:330.21,332.3 1 0
github.com/stakwork/sphinx-tribes/auth/auth.go:333.2,336.15 4 0
github.com/stakwork/sphinx-tribes/auth/auth.go:336.15,339.3 2 0
github.com/stakwork/sphinx-tribes/auth/auth.go:339.8,342.3 2 0
github.com/stakwork/sphinx-tribes/auth/auth.go:345.66,346.16 1 0
github.com/stakwork/sphinx-tribes/auth/auth.go:346.16,349.3 1 0
github.com/stakwork/sphinx-tribes/auth/auth.go:351.2,356.16 4 0
github.com/stakwork/sphinx-tribes/auth/auth.go:356.16,358.3 1 0
github.com/stakwork/sphinx-tribes/auth/auth.go:360.2,360.22 1 0
github.com/stakwork/sphinx-tribes/auth/jwt.go:14.16,15.25 1 1
github.com/stakwork/sphinx-tribes/auth/jwt.go:15.25,17.3 1 0
github.com/stakwork/sphinx-tribes/auth/jwt.go:18.2,18.62 1 1
github.com/stakwork/sphinx-tribes/auth/jwt.go:22.37,24.2 1 0
github.com/stakwork/sphinx-tribes/auth/lnurl.go:17.53,19.42 2 0
github.com/stakwork/sphinx-tribes/auth/lnurl.go:19.42,21.3 1 0
github.com/stakwork/sphinx-tribes/auth/lnurl.go:22.2,27.16 4 0
github.com/stakwork/sphinx-tribes/auth/lnurl.go:27.16,29.3 1 0
github.com/stakwork/sphinx-tribes/auth/lnurl.go:31.2,31.50 1 0
github.com/stakwork/sphinx-tribes/auth/lnurl.go:34.31,38.16 3 0
github.com/stakwork/sphinx-tribes/auth/lnurl.go:38.16,40.3 1 0
github.com/stakwork/sphinx-tribes/auth/lnurl.go:42.2,44.13 2 0
github.com/stakwork/sphinx-tribes/config/config.go:47.19,71.40 20 2
github.com/stakwork/sphinx-tribes/config/config.go:71.40,76.3 1 0
github.com/stakwork/sphinx-tribes/config/config.go:76.8,80.3 1 2
github.com/stakwork/sphinx-tribes/config/config.go:82.2,82.16 1 2
github.com/stakwork/sphinx-tribes/config/config.go:82.16,84.3 1 0
github.com/stakwork/sphinx-tribes/config/config.go:87.2,91.24 3 2
github.com/stakwork/sphinx-tribes/config/config.go:91.24,93.3 1 2
github.com/stakwork/sphinx-tribes/config/config.go:95.2,95.40 1 2
github.com/stakwork/sphinx-tribes/config/config.go:95.40,99.3 2 2
github.com/stakwork/sphinx-tribes/config/config.go:101.2,101.16 1 2
github.com/stakwork/sphinx-tribes/config/config.go:101.16,103.3 1 0
github.com/stakwork/sphinx-tribes/config/config.go:105.2,105.19 1 2
github.com/stakwork/sphinx-tribes/config/config.go:105.19,107.3 1 0
github.com/stakwork/sphinx-tribes/config/config.go:109.2,109.18 1 2
github.com/stakwork/sphinx-tribes/config/config.go:109.18,111.3 1 0
github.com/stakwork/sphinx-tribes/config/config.go:113.2,113.24 1 2
github.com/stakwork/sphinx-tribes/config/config.go:113.24,115.3 1 0
github.com/stakwork/sphinx-tribes/config/config.go:117.2,117.24 1 2
github.com/stakwork/sphinx-tribes/config/config.go:117.24,119.3 1 0
github.com/stakwork/sphinx-tribes/config/config.go:121.2,121.17 1 2
github.com/stakwork/sphinx-tribes/config/config.go:121.17,123.3 1 0
github.com/stakwork/sphinx-tribes/config/config.go:126.53,128.24 2 6
github.com/stakwork/sphinx-tribes/config/config.go:128.24,129.42 1 5
github.com/stakwork/sphinx-tribes/config/config.go:129.42,133.37 3 2
github.com/stakwork/sphinx-tribes/config/config.go:133.37,135.29 1 6
github.com/stakwork/sphinx-tribes/config/config.go:135.29,136.14 1 0
github.com/stakwork/sphinx-tribes/config/config.go:137.11,139.6 1 6
github.com/stakwork/sphinx-tribes/config/config.go:141.9,143.4 1 3
github.com/stakwork/sphinx-tribes/config/config.go:145.2,145.20 1 6
github.com/stakwork/sphinx-tribes/config/config.go:148.36,157.19 4 1
github.com/stakwork/sphinx-tribes/config/config.go:157.19,159.3 1 24
github.com/stakwork/sphinx-tribes/config/config.go:161.2,161.18 1 1
github.com/stakwork/sphinx-tribes/config/config.go:289.31,295.16 4 0
github.com/stakwork/sphinx-tribes/config/config.go:295.16,297.3 1 0
github.com/stakwork/sphinx-tribes/config/config.go:299.2,303.16 4 0
github.com/stakwork/sphinx-tribes/config/config.go:303.16,306.3 2 0
github.com/stakwork/sphinx-tribes/config/config.go:308.2,311.16 3 0
github.com/stakwork/sphinx-tribes/config/config.go:311.16,313.3 1 0
github.com/stakwork/sphinx-tribes/config/config.go:315.2,319.16 3 0
github.com/stakwork/sphinx-tribes/config/config.go:319.16,321.3 1 0
github.com/stakwork/sphinx-tribes/config/config.go:323.2,324.20 2 0
github.com/stakwork/sphinx-tribes/config/config.go:327.29,332.41 4 3
github.com/stakwork/sphinx-tribes/config/config.go:332.41,335.3 2 0
github.com/stakwork/sphinx-tribes/config/config.go:335.8,337.3 1 3
github.com/stakwork/sphinx-tribes/config/config.go:339.2,342.16 3 3
github.com/stakwork/sphinx-tribes/config/config.go:342.16,344.3 1 0
github.com/stakwork/sphinx-tribes/config/config.go:346.2,350.16 4 3
github.com/stakwork/sphinx-tribes/config/config.go:350.16,353.3 2 0
github.com/stakwork/sphinx-tribes/config/config.go:355.2,358.16 3 3
github.com/stakwork/sphinx-tribes/config/config.go:358.16,360.3 1 0
github.com/stakwork/sphinx-tribes/config/config.go:362.2,362.13 1 3
github.com/stakwork/sphinx-tribes/config/config.go:362.13,365.17 3 0
github.com/stakwork/sphinx-tribes/config/config.go:365.17,367.4 1 0
github.com/stakwork/sphinx-tribes/config/config.go:368.3,369.24 2 0
github.com/stakwork/sphinx-tribes/config/config.go:369.24,371.4 1 0
github.com/stakwork/sphinx-tribes/config/config.go:372.8,376.17 3 3
github.com/stakwork/sphinx-tribes/config/config.go:376.17,378.4 1 1
github.com/stakwork/sphinx-tribes/config/config.go:379.3,379.44 1 3
github.com/stakwork/sphinx-tribes/config/config.go:381.2,381.15 1 3
github.com/stakwork/sphinx-tribes/db/alerts.go:23.44,38.80 5 0
github.com/stakwork/sphinx-tribes/db/alerts.go:38.80,41.3 2 0
github.com/stakwork/sphinx-tribes/db/alerts.go:43.2,52.26 8 0
github.com/stakwork/sphinx-tribes/db/alerts.go:52.26,55.3 2 0
github.com/stakwork/sphinx-tribes/db/alerts.go:57.2,59.9 3 0
github.com/stakwork/sphinx-tribes/db/alerts.go:59.9,61.3 1 0
github.com/stakwork/sphinx-tribes/db/alerts.go:62.2,62.33 1 0
github.com/stakwork/sphinx-tribes/db/alerts.go:62.33,64.11 2 0
github.com/stakwork/sphinx-tribes/db/alerts.go:64.11,65.12 1 0
github.com/stakwork/sphinx-tribes/db/alerts.go:67.3,68.11 2 0
github.com/stakwork/sphinx-tribes/db/alerts.go:68.11,69.12 1 0
github.com/stakwork/sphinx-tribes/db/alerts.go:71.3,72.30 2 0
github.com/stakwork/sphinx-tribes/db/alerts.go:72.30,74.9 2 0
github.com/stakwork/sphinx-tribes/db/alerts.go:78.2,78.18 1 0
github.com/stakwork/sphinx-tribes/db/alerts.go:78.18,80.3 1 0
github.com/stakwork/sphinx-tribes/db/alerts.go:82.2,83.10 2 0
github.com/stakwork/sphinx-tribes/db/alerts.go:83.10,86.3 2 0
github.com/stakwork/sphinx-tribes/db/alerts.go:88.2,90.16 3 0
github.com/stakwork/sphinx-tribes/db/alerts.go:90.16,93.3 2 0
github.com/stakwork/sphinx-tribes/db/alerts.go:95.2,97.29 2 0
github.com/stakwork/sphinx-tribes/db/alerts.go:97.29,100.17 3 0
github.com/stakwork/sphinx-tribes/db/alerts.go:100.17,103.4 2 0
github.com/stakwork/sphinx-tribes/db/alerts.go:104.3,105.17 2 0
github.com/stakwork/sphinx-tribes/db/alerts.go:105.17,108.4 2 0
github.com/stakwork/sphinx-tribes/db/alerts.go:110.3,117.17 8 0
github.com/stakwork/sphinx-tribes/db/alerts.go:117.17,119.4 1 0
github.com/stakwork/sphinx-tribes/db/alerts.go:122.2,122.8 1 0
github.com/stakwork/sphinx-tribes/db/config.go:17.57,21.2 1 0
github.com/stakwork/sphinx-tribes/db/config.go:29.47,35.2 1 2
github.com/stakwork/sphinx-tribes/db/config.go:40.15,44.17 3 0
github.com/stakwork/sphinx-tribes/db/config.go:44.17,51.3 6 0
github.com/stakwork/sphinx-tribes/db/config.go:53.2,53.17 1 0
github.com/stakwork/sphinx-tribes/db/config.go:53.17,54.33 1 0
github.com/stakwork/sphinx-tribes/db/config.go:57.2,64.16 3 0
github.com/stakwork/sphinx-tribes/db/config.go:64.16,65.13 1 0
github.com/stakwork/sphinx-tribes/db/config.go:68.2,90.27 18 0
github.com/stakwork/sphinx-tribes/db/config.go:90.27,91.19 1 0
github.com/stakwork/sphinx-tribes/db/config.go:91.19,93.4 1 0
github.com/stakwork/sphinx-tribes/db/config.go:183.42,189.2 4 0
github.com/stakwork/sphinx-tribes/db/config.go:191.47,192.41 1 0
github.com/stakwork/sphinx-tribes/db/config.go:192.41,193.62 1 0
github.com/stakwork/sphinx-tribes/db/config.go:193.62,195.4 1 0
github.com/stakwork/sphinx-tribes/db/config.go:195.9,197.4 1 0
github.com/stakwork/sphinx-tribes/db/config.go:198.8,200.3 1 0
github.com/stakwork/sphinx-tribes/db/config.go:201.2,201.52 1 0
github.com/stakwork/sphinx-tribes/db/config.go:201.52,202.69 1 0
github.com/stakwork/sphinx-tribes/db/config.go:202.69,204.4 1 0
github.com/stakwork/sphinx-tribes/db/config.go:206.2,206.53 1 0
github.com/stakwork/sphinx-tribes/db/config.go:206.53,207.70 1 0
github.com/stakwork/sphinx-tribes/db/config.go:207.70,209.4 1 0
github.com/stakwork/sphinx-tribes/db/config.go:209.9,211.4 1 0
github.com/stakwork/sphinx-tribes/db/config.go:212.8,214.3 1 0
github.com/stakwork/sphinx-tribes/db/config.go:215.2,215.48 1 0
github.com/stakwork/sphinx-tribes/db/config.go:215.48,216.67 1 0
github.com/stakwork/sphinx-tribes/db/config.go:216.67,218.4 1 0
github.com/stakwork/sphinx-tribes/db/config.go:218.9,220.4 1 0
github.com/stakwork/sphinx-tribes/db/config.go:222.2,222.50 1 0
github.com/stakwork/sphinx-tribes/db/config.go:222.50,223.68 1 0
github.com/stakwork/sphinx-tribes/db/config.go:223.68,225.4 1 0
github.com/stakwork/sphinx-tribes/db/config.go:225.9,227.4 1 0
github.com/stakwork/sphinx-tribes/db/config.go:229.2,229.56 1 0
github.com/stakwork/sphinx-tribes/db/config.go:229.56,230.65 1 0
github.com/stakwork/sphinx-tribes/db/config.go:230.65,232.4 1 0
github.com/stakwork/sphinx-tribes/db/config.go:233.8,235.3 1 0
github.com/stakwork/sphinx-tribes/db/config.go:236.2,236.46 1 0
github.com/stakwork/sphinx-tribes/db/config.go:236.46,238.3 1 0
github.com/stakwork/sphinx-tribes/db/config.go:238.8,240.3 1 0
github.com/stakwork/sphinx-tribes/db/config.go:241.2,241.51 1 0
github.com/stakwork/sphinx-tribes/db/config.go:241.51,243.3 1 0
github.com/stakwork/sphinx-tribes/db/config.go:243.8,245.3 1 0
github.com/stakwork/sphinx-tribes/db/config.go:248.53,249.94 1 0
github.com/stakwork/sphinx-tribes/db/config.go:249.94,251.3 1 0
github.com/stakwork/sphinx-tribes/db/config.go:253.2,253.104 1 0
github.com/stakwork/sphinx-tribes/db/config.go:253.104,254.67 1 0
github.com/stakwork/sphinx-tribes/db/config.go:254.67,256.4 1 0
github.com/stakwork/sphinx-tribes/db/config.go:257.3,257.72 1 0
github.com/stakwork/sphinx-tribes/db/config.go:260.2,260.101 1 0
github.com/stakwork/sphinx-tribes/db/config.go:260.101,261.59 1 0
github.com/stakwork/sphinx-tribes/db/config.go:261.59,263.4 1 0
github.com/stakwork/sphinx-tribes/db/config.go:265.3,265.69 1 0
github.com/stakwork/sphinx-tribes/db/config.go:268.2,268.44 1 0
github.com/stakwork/sphinx-tribes/db/config.go:268.44,269.56 1 0
github.com/stakwork/sphinx-tribes/db/config.go:269.56,271.4 1 0
github.com/stakwork/sphinx-tribes/db/config.go:274.2,274.50 1 0
github.com/stakwork/sphinx-tribes/db/config.go:274.50,275.62 1 0
github.com/stakwork/sphinx-tribes/db/config.go:275.62,277.4 1 0
github.com/stakwork/sphinx-tribes/db/config.go:280.2,280.51 1 0
github.com/stakwork/sphinx-tribes/db/config.go:280.51,281.63 1 0
github.com/stakwork/sphinx-tribes/db/config.go:281.63,283.4 1 0
github.com/stakwork/sphinx-tribes/db/config.go:286.2,286.52 1 0
github.com/stakwork/sphinx-tribes/db/config.go:286.52,287.64 1 0
github.com/stakwork/sphinx-tribes/db/config.go:287.64,289.4 1 0
github.com/stakwork/sphinx-tribes/db/config.go:292.2,292.49 1 0
github.com/stakwork/sphinx-tribes/db/config.go:292.49,293.61 1 0
github.com/stakwork/sphinx-tribes/db/config.go:293.61,295.4 1 0
github.com/stakwork/sphinx-tribes/db/config.go:299.34,301.2 1 0
github.com/stakwork/sphinx-tribes/db/config.go:303.34,305.2 1 0
github.com/stakwork/sphinx-tribes/db/config.go:307.18,309.44 2 0
github.com/stakwork/sphinx-tribes/db/config.go:309.44,311.17 1 0
github.com/stakwork/sphinx-tribes/db/config.go:311.17,313.4 1 0
github.com/stakwork/sphinx-tribes/db/config.go:314.3,314.19 1 0
github.com/stakwork/sphinx-tribes/db/config.go:318.38,320.38 2 12
github.com/stakwork/sphinx-tribes/db/config.go:320.38,322.3 1 144
github.com/stakwork/sphinx-tribes/db/config.go:323.2,323.14 1 12
github.com/stakwork/sphinx-tribes/db/config.go:326.72,328.30 2 12
github.com/stakwork/sphinx-tribes/db/config.go:328.30,330.3 1 24
github.com/stakwork/sphinx-tribes/db/config.go:331.2,331.14 1 12
github.com/stakwork/sphinx-tribes/db/config.go:334.104,336.31 2 0
github.com/stakwork/sphinx-tribes/db/config.go:336.31,351.3 12 0
github.com/stakwork/sphinx-tribes/db/config.go:353.2,353.19 1 0
github.com/stakwork/sphinx-tribes/db/config.go:356.68,366.9 5 12
github.com/stakwork/sphinx-tribes/db/config.go:366.9,368.3 1 0
github.com/stakwork/sphinx-tribes/db/config.go:368.8,368.17 1 12
github.com/stakwork/sphinx-tribes/db/config.go:368.17,370.3 1 5
github.com/stakwork/sphinx-tribes/db/config.go:371.2,371.13 1 7
github.com/stakwork/sphinx-tribes/db/config.go:374.68,375.33 1 2
github.com/stakwork/sphinx-tribes/db/config.go:375.33,376.33 1 2
github.com/stakwork/sphinx-tribes/db/config.go:376.33,378.4 1 1
github.com/stakwork/sphinx-tribes/db/config.go:380.2,380.14 1 1
github.com/stakwork/sphinx-tribes/db/config.go:383.74,386.39 3 0
github.com/stakwork/sphinx-tribes/db/config.go:386.39,390.3 3 0
github.com/stakwork/sphinx-tribes/db/config.go:391.2,391.13 1 0
github.com/stakwork/sphinx-tribes/db/config.go:394.88,397.39 3 3
github.com/stakwork/sphinx-tribes/db/config.go:397.39,401.3 3 2
github.com/stakwork/sphinx-tribes/db/config.go:402.2,402.13 1 1
github.com/stakwork/sphinx-tribes/db/config.go:405.93,408.39 3 0
github.com/stakwork/sphinx-tribes/db/config.go:408.39,412.3 3 0
github.com/stakwork/sphinx-tribes/db/config.go:413.2,413.13 1 0
github.com/stakwork/sphinx-tribes/db/config.go:416.91,419.39 3 0
github.com/stakwork/sphinx-tribes/db/config.go:419.39,422.44 2 0
github.com/stakwork/sphinx-tribes/db/config.go:422.44,425.15 2 0
github.com/stakwork/sphinx-tribes/db/config.go:425.15,427.5 1 0
github.com/stakwork/sphinx-tribes/db/config.go:430.3,430.28 1 0
github.com/stakwork/sphinx-tribes/db/config.go:430.28,432.4 1 0
github.com/stakwork/sphinx-tribes/db/config.go:434.2,434.13 1 0
github.com/stakwork/sphinx-tribes/db/config.go:437.86,440.39 3 3
github.com/stakwork/sphinx-tribes/db/config.go:440.39,443.44 2 2
github.com/stakwork/sphinx-tribes/db/config.go:443.44,446.15 2 8
github.com/stakwork/sphinx-tribes/db/config.go:446.15,448.5 1 5
github.com/stakwork/sphinx-tribes/db/config.go:451.3,451.28 1 2
github.com/stakwork/sphinx-tribes/db/config.go:451.28,453.4 1 1
github.com/stakwork/sphinx-tribes/db/config.go:455.2,455.13 1 2
github.com/stakwork/sphinx-tribes/db/db.go:26.62,27.25 1 0
github.com/stakwork/sphinx-tribes/db/db.go:27.25,29.3 1 0
github.com/stakwork/sphinx-tribes/db/db.go:30.2,31.31 2 0
github.com/stakwork/sphinx-tribes/db/db.go:31.31,33.28 2 0
github.com/stakwork/sphinx-tribes/db/db.go:33.28,35.4 1 0
github.com/stakwork/sphinx-tribes/db/db.go:37.2,37.18 1 0
github.com/stakwork/sphinx-tribes/db/db.go:37.18,39.3 1 0
github.com/stakwork/sphinx-tribes/db/db.go:40.2,40.25 1 0
github.com/stakwork/sphinx-tribes/db/db.go:40.25,42.3 1 0
github.com/stakwork/sphinx-tribes/db/db.go:43.2,43.19 1 0
github.com/stakwork/sphinx-tribes/db/db.go:43.19,45.3 1 0
github.com/stakwork/sphinx-tribes/db/db.go:46.2,46.21 1 0
github.com/stakwork/sphinx-tribes/db/db.go:46.21,48.3 1 0
github.com/stakwork/sphinx-tribes/db/db.go:50.2,50.77 1 0
github.com/stakwork/sphinx-tribes/db/db.go:50.77,52.3 1 0
github.com/stakwork/sphinx-tribes/db/db.go:54.2,59.15 2 0
github.com/stakwork/sphinx-tribes/db/db.go:62.62,64.22 1 0
github.com/stakwork/sphinx-tribes/db/db.go:64.22,68.3 2 0
github.com/stakwork/sphinx-tribes/db/db.go:69.2,70.15 2 0
github.com/stakwork/sphinx-tribes/db/db.go:75.56,76.25 1 0
github.com/stakwork/sphinx-tribes/db/db.go:76.25,78.3 1 0
github.com/stakwork/sphinx-tribes/db/db.go:79.2,79.24 1 0
github.com/stakwork/sphinx-tribes/db/db.go:79.24,81.3 1 0
github.com/stakwork/sphinx-tribes/db/db.go:82.2,83.34 2 0
github.com/stakwork/sphinx-tribes/db/db.go:83.34,85.31 2 0
github.com/stakwork/sphinx-tribes/db/db.go:85.31,87.4 1 0
github.com/stakwork/sphinx-tribes/db/db.go:89.2,89.18 1 0
github.com/stakwork/sphinx-tribes/db/db.go:89.18,91.3 1 0
github.com/stakwork/sphinx-tribes/db/db.go:92.2,92.25 1 0
github.com/stakwork/sphinx-tribes/db/db.go:92.25,94.3 1 0
github.com/stakwork/sphinx-tribes/db/db.go:95.2,95.19 1 0
github.com/stakwork/sphinx-tribes/db/db.go:95.19,97.3 1 0
github.com/stakwork/sphinx-tribes/db/db.go:99.2,99.77 1 0
github.com/stakwork/sphinx-tribes/db/db.go:99.77,101.3 1 0
github.com/stakwork/sphinx-tribes/db/db.go:103.2,108.15 2 0
github.com/stakwork/sphinx-tribes/db/db.go:111.46,113.25 2 0
github.com/stakwork/sphinx-tribes/db/db.go:113.25,115.3 1 0
github.com/stakwork/sphinx-tribes/db/db.go:116.2,116.18 1 0
github.com/stakwork/sphinx-tribes/db/db.go:120.65,121.25 1 0
github.com/stakwork/sphinx-tribes/db/db.go:121.25,123.3 1 0
github.com/stakwork/sphinx-tribes/db/db.go:124.2,125.37 2 0
github.com/stakwork/sphinx-tribes/db/db.go:125.37,127.34 2 0
github.com/stakwork/sphinx-tribes/db/db.go:127.34,129.4 1 0
github.com/stakwork/sphinx-tribes/db/db.go:131.2,131.24 1 0
github.com/stakwork/sphinx-tribes/db/db.go:131.24,133.3 1 0
github.com/stakwork/sphinx-tribes/db/db.go:134.2,134.25 1 0
github.com/stakwork/sphinx-tribes/db/db.go:134.25,136.3 1 0
github.com/stakwork/sphinx-tribes/db/db.go:137.2,137.19 1 0
github.com/stakwork/sphinx-tribes/db/db.go:137.19,139.3 1 0
github.com/stakwork/sphinx-tribes/db/db.go:140.2,140.21 1 0
github.com/stakwork/sphinx-tribes/db/db.go:140.21,142.3 1 0
github.com/stakwork/sphinx-tribes/db/db.go:143.2,143.27 1 0
github.com/stakwork/sphinx-tribes/db/db.go:143.27,145.3 1 0
github.com/stakwork/sphinx-tribes/db/db.go:146.2,146.24 1 0
github.com/stakwork/sphinx-tribes/db/db.go:146.24,151.3 3 0
github.com/stakwork/sphinx-tribes/db/db.go:153.2,153.93 1 0
github.com/stakwork/sphinx-tribes/db/db.go:153.93,155.3 1 0
github.com/stakwork/sphinx-tribes/db/db.go:157.2,157.15 1 0
github.com/stakwork/sphinx-tribes/db/db.go:160.53,164.2 3 0
github.com/stakwork/sphinx-tribes/db/db.go:166.68,167.13 1 0
github.com/stakwork/sphinx-tribes/db/db.go:167.13,169.3 1 0
github.com/stakwork/sphinx-tribes/db/db.go:170.2,172.4 1 0
github.com/stakwork/sphinx-tribes/db/db.go:175.58,176.13 1 0
github.com/stakwork/sphinx-tribes/db/db.go:176.13,178.3 1 0
github.com/stakwork/sphinx-tribes/db/db.go:179.2,181.4 1 0
github.com/stakwork/sphinx-tribes/db/db.go:184.52,188.2 3 0
github.com/stakwork/sphinx-tribes/db/db.go:190.67,191.13 1 0
github.com/stakwork/sphinx-tribes/db/db.go:191.13,193.3 1 0
github.com/stakwork/sphinx-tribes/db/db.go:194.2,196.4 1 0
github.com/stakwork/sphinx-tribes/db/db.go:199.79,203.2 1 0
github.com/stakwork/sphinx-tribes/db/db.go:205.76,206.16 1 0
github.com/stakwork/sphinx-tribes/db/db.go:206.16,208.3 1 0
github.com/stakwork/sphinx-tribes/db/db.go:209.2,210.13 2 0
github.com/stakwork/sphinx-tribes/db/db.go:213.74,214.13 1 0
github.com/stakwork/sphinx-tribes/db/db.go:214.13,216.3 1 0
github.com/stakwork/sphinx-tribes/db/db.go:217.2,218.13 2 0
github.com/stakwork/sphinx-tribes/db/db.go:221.73,222.13 1 0
github.com/stakwork/sphinx-tribes/db/db.go:222.13,224.3 1 0
github.com/stakwork/sphinx-tribes/db/db.go:226.2,228.13 2 0
github.com/stakwork/sphinx-tribes/db/db.go:231.65,232.16 1 0
github.com/stakwork/sphinx-tribes/db/db.go:232.16,234.3 1 0
github.com/stakwork/sphinx-tribes/db/db.go:235.2,235.72 1 0
github.com/stakwork/sphinx-tribes/db/db.go:247.72,263.2 3 0
github.com/stakwork/sphinx-tribes/db/db.go:265.61,273.16 6 0
github.com/stakwork/sphinx-tribes/db/db.go:273.16,276.23 2 0
github.com/stakwork/sphinx-tribes/db/db.go:276.23,278.4 1 0
github.com/stakwork/sphinx-tribes/db/db.go:281.2,282.11 2 0
github.com/stakwork/sphinx-tribes/db/db.go:285.60,289.2 3 0
github.com/stakwork/sphinx-tribes/db/db.go:291.63,295.2 3 0
github.com/stakwork/sphinx-tribes/db/db.go:297.59,301.2 3 0
github.com/stakwork/sphinx-tribes/db/db.go:303.68,307.2 3 0
github.com/stakwork/sphinx-tribes/db/db.go:309.48,313.2 3 0
github.com/stakwork/sphinx-tribes/db/db.go:315.57,323.2 4 0
github.com/stakwork/sphinx-tribes/db/db.go:325.62,331.14 4 0
github.com/stakwork/sphinx-tribes/db/db.go:331.14,333.3 1 0
github.com/stakwork/sphinx-tribes/db/db.go:335.2,345.37 8 0
github.com/stakwork/sphinx-tribes/db/db.go:345.37,347.3 1 0
github.com/stakwork/sphinx-tribes/db/db.go:347.8,349.3 1 0
github.com/stakwork/sphinx-tribes/db/db.go:350.2,350.16 1 0
github.com/stakwork/sphinx-tribes/db/db.go:350.16,352.3 1 0
github.com/stakwork/sphinx-tribes/db/db.go:353.2,353.18 1 0
github.com/stakwork/sphinx-tribes/db/db.go:353.18,355.3 1 0
github.com/stakwork/sphinx-tribes/db/db.go:357.2,357.24 1 0
github.com/stakwork/sphinx-tribes/db/db.go:357.24,358.37 1 0
github.com/stakwork/sphinx-tribes/db/db.go:358.37,359.17 1 0
github.com/stakwork/sphinx-tribes/db/db.go:359.17,360.15 1 0
github.com/stakwork/sphinx-tribes/db/db.go:360.15,362.6 1 0
github.com/stakwork/sphinx-tribes/db/db.go:362.11,364.6 1 0
github.com/stakwork/sphinx-tribes/db/db.go:370.2,375.11 4 0
github.com/stakwork/sphinx-tribes/db/db.go:378.60,387.24 6 0
github.com/stakwork/sphinx-tribes/db/db.go:387.24,389.37 2 0
github.com/stakwork/sphinx-tribes/db/db.go:389.37,390.17 1 0
github.com/stakwork/sphinx-tribes/db/db.go:390.17,391.15 1 0
github.com/stakwork/sphinx-tribes/db/db.go:391.15,393.6 1 0
github.com/stakwork/sphinx-tribes/db/db.go:393.11,395.6 1 0
github.com/stakwork/sphinx-tribes/db/db.go:396.5,396.67 1 0
github.com/stakwork/sphinx-tribes/db/db.go:401.2,406.11 5 0
github.com/stakwork/sphinx-tribes/db/db.go:409.44,414.2 3 0
github.com/stakwork/sphinx-tribes/db/db.go:416.64,425.2 4 0
github.com/stakwork/sphinx-tribes/db/db.go:432.52,448.2 1 0
github.com/stakwork/sphinx-tribes/db/db.go:450.69,452.2 1 0
github.com/stakwork/sphinx-tribes/db/db.go:454.75,465.26 6 0
github.com/stakwork/sphinx-tribes/db/db.go:465.26,467.3 1 0
github.com/stakwork/sphinx-tribes/db/db.go:470.2,473.25 2 0
github.com/stakwork/sphinx-tribes/db/db.go:476.81,480.27 3 0
github.com/stakwork/sphinx-tribes/db/db.go:480.27,482.3 1 0
github.com/stakwork/sphinx-tribes/db/db.go:482.8,482.34 1 0
github.com/stakwork/sphinx-tribes/db/db.go:482.34,484.3 1 0
github.com/stakwork/sphinx-tribes/db/db.go:486.2,487.14 2 0
github.com/stakwork/sphinx-tribes/db/db.go:490.60,501.20 9 0
github.com/stakwork/sphinx-tribes/db/db.go:501.20,503.3 1 0
github.com/stakwork/sphinx-tribes/db/db.go:504.2,504.25 1 0
github.com/stakwork/sphinx-tribes/db/db.go:504.25,506.3 1 0
github.com/stakwork/sphinx-tribes/db/db.go:507.2,507.25 1 0
github.com/stakwork/sphinx-tribes/db/db.go:507.25,509.3 1 0
github.com/stakwork/sphinx-tribes/db/db.go:510.2,510.20 1 0
github.com/stakwork/sphinx-tribes/db/db.go:510.20,512.3 1 0
github.com/stakwork/sphinx-tribes/db/db.go:513.2,513.23 1 0
github.com/stakwork/sphinx-tribes/db/db.go:513.23,515.3 1 0
github.com/stakwork/sphinx-tribes/db/db.go:516.2,516.22 1 0
github.com/stakwork/sphinx-tribes/db/db.go:516.22,518.3 1 0
github.com/stakwork/sphinx-tribes/db/db.go:520.2,521.31 2 0
github.com/stakwork/sphinx-tribes/db/db.go:521.31,523.3 1 0
github.com/stakwork/sphinx-tribes/db/db.go:523.8,525.3 1 0
github.com/stakwork/sphinx-tribes/db/db.go:527.2,532.14 5 0
github.com/stakwork/sphinx-tribes/db/db.go:535.61,560.2 14 0
github.com/stakwork/sphinx-tribes/db/db.go:562.93,583.37 18 0
github.com/stakwork/sphinx-tribes/db/db.go:583.37,585.3 1 0
github.com/stakwork/sphinx-tribes/db/db.go:585.8,587.3 1 0
github.com/stakwork/sphinx-tribes/db/db.go:588.2,588.15 1 0
github.com/stakwork/sphinx-tribes/db/db.go:588.15,590.3 1 0
github.com/stakwork/sphinx-tribes/db/db.go:591.2,591.16 1 0
github.com/stakwork/sphinx-tribes/db/db.go:591.16,593.3 1 0
github.com/stakwork/sphinx-tribes/db/db.go:594.2,594.18 1 0
github.com/stakwork/sphinx-tribes/db/db.go:594.18,596.3 1 0
github.com/stakwork/sphinx-tribes/db/db.go:598.2,600.20 2 0
github.com/stakwork/sphinx-tribes/db/db.go:600.20,602.3 1 0
github.com/stakwork/sphinx-tribes/db/db.go:603.2,603.25 1 0
github.com/stakwork/sphinx-tribes/db/db.go:603.25,605.3 1 0
github.com/stakwork/sphinx-tribes/db/db.go:606.2,606.25 1 0
github.com/stakwork/sphinx-tribes/db/db.go:606.25,608.3 1 0
github.com/stakwork/sphinx-tribes/db/db.go:609.2,609.20 1 0
github.com/stakwork/sphinx-tribes/db/db.go:609.20,611.3 1 0
github.com/stakwork/sphinx-tribes/db/db.go:612.2,612.23 1 0
github.com/stakwork/sphinx-tribes/db/db.go:612.23,614.3 1 0
github.com/stakwork/sphinx-tribes/db/db.go:615.2,615.22 1 0
github.com/stakwork/sphinx-tribes/db/db.go:615.22,617.3 1 0
github.com/stakwork/sphinx-tribes/db/db.go:619.2,620.31 2 0
github.com/stakwork/sphinx-tribes/db/db.go:620.31,622.3 1 0
github.com/stakwork/sphinx-tribes/db/db.go:622.8,624.3 1 0
github.com/stakwork/sphinx-tribes/db/db.go:626.2,626.24 1 0
github.com/stakwork/sphinx-tribes/db/db.go:626.24,628.37 2 0
github.com/stakwork/sphinx-tribes/db/db.go:628.37,629.17 1 0
github.com/stakwork/sphinx-tribes/db/db.go:629.17,630.15 1 0
github.com/stakwork/sphinx-tribes/db/db.go:630.15,632.6 1 0
github.com/stakwork/sphinx-tribes/db/db.go:632.11,634.6 1 0
github.com/stakwork/sphinx-tribes/db/db.go:635.5,635.67 1 0
github.com/stakwork/sphinx-tribes/db/db.go:640.2,644.16 4 0
github.com/stakwork/sphinx-tribes/db/db.go:644.16,647.23 2 0
github.com/stakwork/sphinx-tribes/db/db.go:647.23,649.4 1 0
github.com/stakwork/sphinx-tribes/db/db.go:652.2,654.11 2 0
github.com/stakwork/sphinx-tribes/db/db.go:657.92,674.18 15 0
github.com/stakwork/sphinx-tribes/db/db.go:674.18,676.3 1 0
github.com/stakwork/sphinx-tribes/db/db.go:678.2,680.20 2 0
github.com/stakwork/sphinx-tribes/db/db.go:680.20,682.3 1 0
github.com/stakwork/sphinx-tribes/db/db.go:683.2,683.25 1 0
github.com/stakwork/sphinx-tribes/db/db.go:683.25,685.3 1 0
github.com/stakwork/sphinx-tribes/db/db.go:686.2,686.25 1 0
github.com/stakwork/sphinx-tribes/db/db.go:686.25,688.3 1 0
github.com/stakwork/sphinx-tribes/db/db.go:689.2,689.20 1 0
github.com/stakwork/sphinx-tribes/db/db.go:689.20,691.3 1 0
github.com/stakwork/sphinx-tribes/db/db.go:692.2,692.23 1 0
github.com/stakwork/sphinx-tribes/db/db.go:692.23,694.3 1 0
github.com/stakwork/sphinx-tribes/db/db.go:695.2,695.22 1 0
github.com/stakwork/sphinx-tribes/db/db.go:695.22,697.3 1 0
github.com/stakwork/sphinx-tribes/db/db.go:699.2,700.31 2 0
github.com/stakwork/sphinx-tribes/db/db.go:700.31,702.3 1 0
github.com/stakwork/sphinx-tribes/db/db.go:702.8,704.3 1 0
github.com/stakwork/sphinx-tribes/db/db.go:706.2,706.24 1 0
github.com/stakwork/sphinx-tribes/db/db.go:706.24,708.37 2 0
github.com/stakwork/sphinx-tribes/db/db.go:708.37,709.17 1 0
github.com/stakwork/sphinx-tribes/db/db.go:709.17,710.15 1 0
github.com/stakwork/sphinx-tribes/db/db.go:710.15,712.6 1 0
github.com/stakwork/sphinx-tribes/db/db.go:712.11,714.6 1 0
github.com/stakwork/sphinx-tribes/db/db.go:715.5,715.67 1 0
github.com/stakwork/sphinx-tribes/db/db.go:720.2,726.16 5 0
github.com/stakwork/sphinx-tribes/db/db.go:726.16,729.23 2 0
github.com/stakwork/sphinx-tribes/db/db.go:729.23,731.4 1 0
github.com/stakwork/sphinx-tribes/db/db.go:734.2,736.14 2 0
github.com/stakwork/sphinx-tribes/db/db.go:739.78,741.16 2 0
github.com/stakwork/sphinx-tribes/db/db.go:741.16,743.3 1 0
github.com/stakwork/sphinx-tribes/db/db.go:745.2,761.20 14 0
github.com/stakwork/sphinx-tribes/db/db.go:761.20,763.3 1 0
github.com/stakwork/sphinx-tribes/db/db.go:764.2,764.25 1 0
github.com/stakwork/sphinx-tribes/db/db.go:764.25,766.3 1 0
github.com/stakwork/sphinx-tribes/db/db.go:767.2,767.20 1 0
github.com/stakwork/sphinx-tribes/db/db.go:767.20,769.3 1 0
github.com/stakwork/sphinx-tribes/db/db.go:770.2,770.23 1 0
github.com/stakwork/sphinx-tribes/db/db.go:770.23,772.3 1 0
github.com/stakwork/sphinx-tribes/db/db.go:773.2,773.22 1 0
github.com/stakwork/sphinx-tribes/db/db.go:773.22,775.3 1 0
github.com/stakwork/sphinx-tribes/db/db.go:777.2,777.31 1 0
github.com/stakwork/sphinx-tribes/db/db.go:777.31,779.3 1 0
github.com/stakwork/sphinx-tribes/db/db.go:779.8,781.3 1 0
github.com/stakwork/sphinx-tribes/db/db.go:783.2,783.37 1 0
github.com/stakwork/sphinx-tribes/db/db.go:783.37,785.3 1 0
github.com/stakwork/sphinx-tribes/db/db.go:785.8,787.3 1 0
github.com/stakwork/sphinx-tribes/db/db.go:788.2,788.30 1 0
github.com/stakwork/sphinx-tribes/db/db.go:788.30,790.3 1 0
github.com/stakwork/sphinx-tribes/db/db.go:792.2,797.16 5 0
github.com/stakwork/sphinx-tribes/db/db.go:800.77,802.16 2 0
github.com/stakwork/sphinx-tribes/db/db.go:802.16,804.3 1 0
github.com/stakwork/sphinx-tribes/db/db.go:806.2,822.20 14 0
github.com/stakwork/sphinx-tribes/db/db.go:822.20,824.3 1 0
github.com/stakwork/sphinx-tribes/db/db.go:825.2,825.25 1 0
github.com/stakwork/sphinx-tribes/db/db.go:825.25,827.3 1 0
github.com/stakwork/sphinx-tribes/db/db.go:828.2,828.20 1 0
github.com/stakwork/sphinx-tribes/db/db.go:828.20,830.3 1 0
github.com/stakwork/sphinx-tribes/db/db.go:831.2,831.23 1 0
github.com/stakwork/sphinx-tribes/db/db.go:831.23,833.3 1 0
github.com/stakwork/sphinx-tribes/db/db.go:834.2,834.22 1 0
github.com/stakwork/sphinx-tribes/db/db.go:834.22,836.3 1 0
github.com/stakwork/sphinx-tribes/db/db.go:838.2,838.31 1 0
github.com/stakwork/sphinx-tribes/db/db.go:838.31,840.3 1 0
github.com/stakwork/sphinx-tribes/db/db.go:840.8,842.3 1 0
github.com/stakwork/sphinx-tribes/db/db.go:844.2,844.37 1 0
github.com/stakwork/sphinx-tribes/db/db.go:844.37,846.3 1 0
github.com/stakwork/sphinx-tribes/db/db.go:846.8,848.3 1 0
github.com/stakwork/sphinx-tribes/db/db.go:850.2,850.30 1 0
github.com/stakwork/sphinx-tribes/db/db.go:850.30,852.3 1 0
github.com/stakwork/sphinx-tribes/db/db.go:854.2,860.16 5 0
github.com/stakwork/sphinx-tribes/db/db.go:863.66,867.2 3 0
github.com/stakwork/sphinx-tribes/db/db.go:869.74,889.18 17 0
github.com/stakwork/sphinx-tribes/db/db.go:889.18,891.3 1 0
github.com/stakwork/sphinx-tribes/db/db.go:893.2,893.20 1 0
github.com/stakwork/sphinx-tribes/db/db.go:893.20,895.3 1 0
github.com/stakwork/sphinx-tribes/db/db.go:896.2,896.25 1 0
github.com/stakwork/sphinx-tribes/db/db.go:896.25,898.3 1 0
github.com/stakwork/sphinx-tribes/db/db.go:899.2,899.20 1 0
github.com/stakwork/sphinx-tribes/db/db.go:899.20,901.3 1 0
github.com/stakwork/sphinx-tribes/db/db.go:902.2,902.23 1 0
github.com/stakwork/sphinx-tribes/db/db.go:902.23,904.3 1 0
github.com/stakwork/sphinx-tribes/db/db.go:905.2,905.22 1 0
github.com/stakwork/sphinx-tribes/db/db.go:905.22,907.3 1 0
github.com/stakwork/sphinx-tribes/db/db.go:909.2,909.31 1 0
github.com/stakwork/sphinx-tribes/db/db.go:909.31,911.3 1 0
github.com/stakwork/sphinx-tribes/db/db.go:911.8,913.3 1 0
github.com/stakwork/sphinx-tribes/db/db.go:915.2,915.24 1 0
github.com/stakwork/sphinx-tribes/db/db.go:915.24,917.37 2 0
github.com/stakwork/sphinx-tribes/db/db.go:917.37,918.17 1 0
github.com/stakwork/sphinx-tribes/db/db.go:918.17,919.15 1 0
github.com/stakwork/sphinx-tribes/db/db.go:919.15,921.6 1 0
github.com/stakwork/sphinx-tribes/db/db.go:921.11,923.6 1 0
github.com/stakwork/sphinx-tribes/db/db.go:924.5,924.67 1 0
github.com/stakwork/sphinx-tribes/db/db.go:929.2,935.22 5 0
github.com/stakwork/sphinx-tribes/db/db.go:938.78,959.18 18 0
github.com/stakwork/sphinx-tribes/db/db.go:959.18,961.3 1 0
github.com/stakwork/sphinx-tribes/db/db.go:963.2,963.20 1 0
github.com/stakwork/sphinx-tribes/db/db.go:963.20,965.3 1 0
github.com/stakwork/sphinx-tribes/db/db.go:966.2,966.25 1 0
github.com/stakwork/sphinx-tribes/db/db.go:966.25,968.3 1 0
github.com/stakwork/sphinx-tribes/db/db.go:969.2,969.25 1 0
github.com/stakwork/sphinx-tribes/db/db.go:969.25,971.3 1 0
github.com/stakwork/sphinx-tribes/db/db.go:972.2,972.20 1 0
github.com/stakwork/sphinx-tribes/db/db.go:972.20,974.3 1 0
github.com/stakwork/sphinx-tribes/db/db.go:975.2,975.23 1 0
github.com/stakwork/sphinx-tribes/db/db.go:975.23,977.3 1 0
github.com/stakwork/sphinx-tribes/db/db.go:978.2,978.22 1 0
github.com/stakwork/sphinx-tribes/db/db.go:978.22,980.3 1 0
github.com/stakwork/sphinx-tribes/db/db.go:982.2,982.31 1 0
github.com/stakwork/sphinx-tribes/db/db.go:982.31,984.3 1 0
github.com/stakwork/sphinx-tribes/db/db.go:984.8,986.3 1 0
github.com/stakwork/sphinx-tribes/db/db.go:988.2,988.24 1 0
github.com/stakwork/sphinx-tribes/db/db.go:988.24,990.37 2 0
github.com/stakwork/sphinx-tribes/db/db.go:990.37,991.17 1 0
github.com/stakwork/sphinx-tribes/db/db.go:991.17,992.15 1 0
github.com/stakwork/sphinx-tribes/db/db.go:992.15,994.6 1 0
github.com/stakwork/sphinx-tribes/db/db.go:994.11,996.6 1 0
github.com/stakwork/sphinx-tribes/db/db.go:997.5,997.67 1 0
github.com/stakwork/sphinx-tribes/db/db.go:1002.2,1008.22 5 0
github.com/stakwork/sphinx-tribes/db/db.go:1011.83,1033.18 19 0
github.com/stakwork/sphinx-tribes/db/db.go:1033.18,1035.3 1 0
github.com/stakwork/sphinx-tribes/db/db.go:1037.2,1037.20 1 0
github.com/stakwork/sphinx-tribes/db/db.go:1037.20,1039.3 1 0
github.com/stakwork/sphinx-tribes/db/db.go:1040.2,1040.25 1 0
github.com/stakwork/sphinx-tribes/db/db.go:1040.25,1042.3 1 0
github.com/stakwork/sphinx-tribes/db/db.go:1043.2,1043.25 1 0
github.com/stakwork/sphinx-tribes/db/db.go:1043.25,1045.3 1 0
github.com/stakwork/sphinx-tribes/db/db.go:1046.2,1046.20 1 0
github.com/stakwork/sphinx-tribes/db/db.go:1046.20,1048.3 1 0
github.com/stakwork/sphinx-tribes/db/db.go:1049.2,1049.23 1 0
github.com/stakwork/sphinx-tribes/db/db.go:1049.23,1051.3 1 0
github.com/stakwork/sphinx-tribes/db/db.go:1052.2,1052.22 1 0
github.com/stakwork/sphinx-tribes/db/db.go:1052.22,1054.3 1 0
github.com/stakwork/sphinx-tribes/db/db.go:1056.2,1056.31 1 0
github.com/stakwork/sphinx-tribes/db/db.go:1056.31,1058.3 1 0
github.com/stakwork/sphinx-tribes/db/db.go:1058.8,1060.3 1 0
github.com/stakwork/sphinx-tribes/db/db.go:1062.2,1062.24 1 0
github.com/stakwork/sphinx-tribes/db/db.go:1062.24,1064.37 2 0
github.com/stakwork/sphinx-tribes/db/db.go:1064.37,1065.17 1 0
github.com/stakwork/sphinx-tribes/db/db.go:1065.17,1066.15 1 0
github.com/stakwork/sphinx-tribes/db/db.go:1066.15,1068.6 1 0
github.com/stakwork/sphinx-tribes/db/db.go:1068.11,1070.6 1 0
github.com/stakwork/sphinx-tribes/db/db.go:1071.5,1071.67 1 0
github.com/stakwork/sphinx-tribes/db/db.go:1076.2,1082.22 5 0
github.com/stakwork/sphinx-tribes/db/db.go:1085.87,1107.18 19 0
github.com/stakwork/sphinx-tribes/db/db.go:1107.18,1109.3 1 0
github.com/stakwork/sphinx-tribes/db/db.go:1111.2,1111.20 1 0
github.com/stakwork/sphinx-tribes/db/db.go:1111.20,1113.3 1 0
github.com/stakwork/sphinx-tribes/db/db.go:1114.2,1114.25 1 0
github.com/stakwork/sphinx-tribes/db/db.go:1114.25,1116.3 1 0
github.com/stakwork/sphinx-tribes/db/db.go:1117.2,1117.25 1 0
github.com/stakwork/sphinx-tribes/db/db.go:1117.25,1119.3 1 0
github.com/stakwork/sphinx-tribes/db/db.go:1120.2,1120.20 1 0
github.com/stakwork/sphinx-tribes/db/db.go:1120.20,1122.3 1 0
github.com/stakwork/sphinx-tribes/db/db.go:1123.2,1123.23 1 0
github.com/stakwork/sphinx-tribes/db/db.go:1123.23,1125.3 1 0
github.com/stakwork/sphinx-tribes/db/db.go:1126.2,1126.22 1 0
github.com/stakwork/sphinx-tribes/db/db.go:1126.22,1128.3 1 0
github.com/stakwork/sphinx-tribes/db/db.go:1130.2,1130.31 1 0
github.com/stakwork/sphinx-tribes/db/db.go:1130.31,1132.3 1 0
github.com/stakwork/sphinx-tribes/db/db.go:1132.8,1134.3 1 0
github.com/stakwork/sphinx-tribes/db/db.go:1136.2,1136.24 1 0
github.com/stakwork/sphinx-tribes/db/db.go:1136.24,1138.37 2 0
github.com/stakwork/sphinx-tribes/db/db.go:1138.37,1139.17 1 0
github.com/stakwork/sphinx-tribes/db/db.go:1139.17,1140.15 1 0
github.com/stakwork/sphinx-tribes/db/db.go:1140.15,1142.6 1 0
github.com/stakwork/sphinx-tribes/db/db.go:1142.11,1144.6 1 0
github.com/stakwork/sphinx-tribes/db/db.go:1145.5,1145.67 1 0
github.com/stakwork/sphinx-tribes/db/db.go:1150.2,1156.22 5 0
github.com/stakwork/sphinx-tribes/db/db.go:1159.56,1163.2 3 0
github.com/stakwork/sphinx-tribes/db/db.go:1165.80,1169.2 3 0
github.com/stakwork/sphinx-tribes/db/db.go:1171.56,1174.2 2 0
github.com/stakwork/sphinx-tribes/db/db.go:1176.64,1194.42 17 0
github.com/stakwork/sphinx-tribes/db/db.go:1194.42,1196.3 1 0
github.com/stakwork/sphinx-tribes/db/db.go:1198.2,1208.37 9 0
github.com/stakwork/sphinx-tribes/db/db.go:1208.37,1210.3 1 0
github.com/stakwork/sphinx-tribes/db/db.go:1210.8,1212.3 1 0
github.com/stakwork/sphinx-tribes/db/db.go:1213.2,1213.16 1 0
github.com/stakwork/sphinx-tribes/db/db.go:1213.16,1215.3 1 0
github.com/stakwork/sphinx-tribes/db/db.go:1216.2,1216.18 1 0
github.com/stakwork/sphinx-tribes/db/db.go:1216.18,1218.3 1 0
github.com/stakwork/sphinx-tribes/db/db.go:1220.2,1220.21 1 0
github.com/stakwork/sphinx-tribes/db/db.go:1220.21,1222.3 1 0
github.com/stakwork/sphinx-tribes/db/db.go:1224.2,1224.25 1 0
github.com/stakwork/sphinx-tribes/db/db.go:1224.25,1226.3 1 0
github.com/stakwork/sphinx-tribes/db/db.go:1228.2,1230.20 2 0
github.com/stakwork/sphinx-tribes/db/db.go:1230.20,1232.3 1 0
github.com/stakwork/sphinx-tribes/db/db.go:1233.2,1233.25 1 0
github.com/stakwork/sphinx-tribes/db/db.go:1233.25,1235.3 1 0
github.com/stakwork/sphinx-tribes/db/db.go:1236.2,1236.25 1 0
github.com/stakwork/sphinx-tribes/db/db.go:1236.25,1238.3 1 0
github.com/stakwork/sphinx-tribes/db/db.go:1239.2,1239.20 1 0
github.com/stakwork/sphinx-tribes/db/db.go:1239.20,1241.3 1 0
github.com/stakwork/sphinx-tribes/db/db.go:1242.2,1242.23 1 0
github.com/stakwork/sphinx-tribes/db/db.go:1242.23,1244.3 1 0
github.com/stakwork/sphinx-tribes/db/db.go:1245.2,1245.22 1 0
github.com/stakwork/sphinx-tribes/db/db.go:1245.22,1247.3 1 0
github.com/stakwork/sphinx-tribes/db/db.go:1249.2,1250.31 2 0
github.com/stakwork/sphinx-tribes/db/db.go:1250.31,1252.3 1 0
github.com/stakwork/sphinx-tribes/db/db.go:1252.8,1254.3 1 0
github.com/stakwork/sphinx-tribes/db/db.go:1256.2,1256.25 1 0
github.com/stakwork/sphinx-tribes/db/db.go:1256.25,1258.3 1 0
github.com/stakwork/sphinx-tribes/db/db.go:1259.2,1259.24 1 0
github.com/stakwork/sphinx-tribes/db/db.go:1259.24,1261.37 2 0
github.com/stakwork/sphinx-tribes/db/db.go:1261.37,1262.17 1 0
github.com/stakwork/sphinx-tribes/db/db.go:1262.17,1263.15 1 0
github.com/stakwork/sphinx-tribes/db/db.go:1263.15,1265.6 1 0
github.com/stakwork/sphinx-tribes/db/db.go:1265.11,1267.6 1 0
github.com/stakwork/sphinx-tribes/db/db.go:1268.5,1268.67 1 0
github.com/stakwork/sphinx-tribes/db/db.go:1273.2,1279.16 4 0
github.com/stakwork/sphinx-tribes/db/db.go:1279.16,1282.23 2 0
github.com/stakwork/sphinx-tribes/db/db.go:1282.23,1284.4 1 0
github.com/stakwork/sphinx-tribes/db/db.go:1287.2,1289.11 2 0
github.com/stakwork/sphinx-tribes/db/db.go:1292.71,1293.21 1 0
github.com/stakwork/sphinx-tribes/db/db.go:1293.21,1295.3 1 0
github.com/stakwork/sphinx-tribes/db/db.go:1297.2,1297.127 1 0
github.com/stakwork/sphinx-tribes/db/db.go:1297.127,1299.3 1 0
github.com/stakwork/sphinx-tribes/db/db.go:1300.2,1300.15 1 0
github.com/stakwork/sphinx-tribes/db/db.go:1303.81,1308.2 4 0
github.com/stakwork/sphinx-tribes/db/db.go:1310.81,1315.2 4 0
github.com/stakwork/sphinx-tribes/db/db.go:1317.83,1321.2 3 0
github.com/stakwork/sphinx-tribes/db/db.go:1323.72,1327.2 3 0
github.com/stakwork/sphinx-tribes/db/db.go:1329.49,1333.2 3 0
github.com/stakwork/sphinx-tribes/db/db.go:1335.65,1338.2 2 0
github.com/stakwork/sphinx-tribes/db/db.go:1340.72,1346.2 3 0
github.com/stakwork/sphinx-tribes/db/db.go:1348.74,1354.2 3 0
github.com/stakwork/sphinx-tribes/db/db.go:1356.85,1363.33 3 0
github.com/stakwork/sphinx-tribes/db/db.go:1363.33,1365.10 2 0
github.com/stakwork/sphinx-tribes/db/db.go:1365.10,1367.4 1 0
github.com/stakwork/sphinx-tribes/db/db.go:1368.3,1369.11 2 0
github.com/stakwork/sphinx-tribes/db/db.go:1369.11,1371.4 1 0
github.com/stakwork/sphinx-tribes/db/db.go:1372.3,1372.82 1 0
github.com/stakwork/sphinx-tribes/db/db.go:1374.2,1377.16 4 0
github.com/stakwork/sphinx-tribes/db/db.go:1380.76,1390.26 6 0
github.com/stakwork/sphinx-tribes/db/db.go:1390.26,1392.3 1 0
github.com/stakwork/sphinx-tribes/db/db.go:1395.2,1398.25 2 0
github.com/stakwork/sphinx-tribes/db/db.go:1401.74,1402.16 1 0
github.com/stakwork/sphinx-tribes/db/db.go:1402.16,1404.3 1 0
github.com/stakwork/sphinx-tribes/db/db.go:1405.2,1406.13 2 0
github.com/stakwork/sphinx-tribes/db/db.go:1409.43,1413.2 3 0
github.com/stakwork/sphinx-tribes/db/db.go:1415.48,1417.25 2 0
github.com/stakwork/sphinx-tribes/db/db.go:1417.25,1419.3 1 0
github.com/stakwork/sphinx-tribes/db/db.go:1420.2,1420.18 1 0
github.com/stakwork/sphinx-tribes/db/db.go:1423.43,1427.2 3 0
github.com/stakwork/sphinx-tribes/db/db.go:1429.76,1434.2 3 0
github.com/stakwork/sphinx-tribes/db/db.go:1436.48,1440.2 3 0
github.com/stakwork/sphinx-tribes/db/db.go:1442.46,1446.2 3 0
github.com/stakwork/sphinx-tribes/db/db.go:1448.60,1453.2 3 0
github.com/stakwork/sphinx-tribes/db/db.go:1455.56,1460.2 3 0
github.com/stakwork/sphinx-tribes/db/db.go:1462.69,1478.2 3 0
github.com/stakwork/sphinx-tribes/db/db.go:1480.65,1484.2 3 0
github.com/stakwork/sphinx-tribes/db/db.go:1486.44,1490.2 3 0
github.com/stakwork/sphinx-tribes/db/db.go:1492.58,1496.2 3 0
github.com/stakwork/sphinx-tribes/db/db.go:1498.56,1502.2 3 0
github.com/stakwork/sphinx-tribes/db/db.go:1504.54,1508.2 3 0
github.com/stakwork/sphinx-tribes/db/db.go:1510.60,1514.2 3 0
github.com/stakwork/sphinx-tribes/db/db.go:1516.51,1518.13 2 0
github.com/stakwork/sphinx-tribes/db/db.go:1518.13,1520.3 1 0
github.com/stakwork/sphinx-tribes/db/db.go:1522.2,1528.11 2 0
github.com/stakwork/sphinx-tribes/db/db.go:1531.69,1533.13 2 0
github.com/stakwork/sphinx-tribes/db/db.go:1533.13,1535.3 1 0
github.com/stakwork/sphinx-tribes/db/db.go:1537.2,1547.11 5 0
github.com/stakwork/sphinx-tribes/db/db.go:1550.71,1552.13 2 0
github.com/stakwork/sphinx-tribes/db/db.go:1552.13,1554.3 1 0
github.com/stakwork/sphinx-tribes/db/db.go:1556.2,1565.11 4 0
github.com/stakwork/sphinx-tribes/db/db.go:1568.102,1571.43 3 0
github.com/stakwork/sphinx-tribes/db/db.go:1571.43,1574.3 2 0
github.com/stakwork/sphinx-tribes/db/db.go:1575.2,1575.26 1 0
github.com/stakwork/sphinx-tribes/db/db.go:1579.62,1583.2 3 0
github.com/stakwork/sphinx-tribes/db/db.go:1585.88,1589.2 3 0
github.com/stakwork/sphinx-tribes/db/db.go:1591.96,1592.16 1 0
github.com/stakwork/sphinx-tribes/db/db.go:1592.16,1594.3 1 0
github.com/stakwork/sphinx-tribes/db/db.go:1595.2,1596.13 2 0
github.com/stakwork/sphinx-tribes/db/db.go:1599.44,1603.2 3 0
github.com/stakwork/sphinx-tribes/db/db.go:1605.43,1609.2 3 0
github.com/stakwork/sphinx-tribes/db/db.go:1611.70,1621.2 3 0
github.com/stakwork/sphinx-tribes/db/db.go:1623.89,1624.17 1 0
github.com/stakwork/sphinx-tribes/db/db.go:1624.17,1626.3 1 0
github.com/stakwork/sphinx-tribes/db/db.go:1627.2,1628.25 2 0
github.com/stakwork/sphinx-tribes/db/db.go:1628.25,1629.59 1 0
github.com/stakwork/sphinx-tribes/db/db.go:1629.59,1631.4 1 0
github.com/stakwork/sphinx-tribes/db/db.go:1633.2,1634.15 2 0
github.com/stakwork/sphinx-tribes/db/db.go:1637.61,1647.2 4 0
github.com/stakwork/sphinx-tribes/db/db.go:1649.50,1655.2 3 0
github.com/stakwork/sphinx-tribes/db/db.go:1657.63,1661.30 3 0
github.com/stakwork/sphinx-tribes/db/db.go:1661.30,1672.3 9 0
github.com/stakwork/sphinx-tribes/db/db.go:1673.2,1673.15 1 0
github.com/stakwork/sphinx-tribes/db/db.go:1676.74,1679.16 3 0
github.com/stakwork/sphinx-tribes/db/db.go:1679.16,1681.3 1 0
github.com/stakwork/sphinx-tribes/db/db.go:1682.2,1684.6 3 0
github.com/stakwork/sphinx-tribes/db/db.go:1684.6,1686.12 2 0
github.com/stakwork/sphinx-tribes/db/db.go:1686.12,1688.4 1 0
github.com/stakwork/sphinx-tribes/db/db.go:1689.3,1690.23 2 0
github.com/stakwork/sphinx-tribes/db/db.go:1690.23,1692.4 1 0
github.com/stakwork/sphinx-tribes/db/db.go:1692.9,1694.9 2 0
github.com/stakwork/sphinx-tribes/db/db.go:1697.2,1697.18 1 0
github.com/stakwork/sphinx-tribes/db/db.go:1708.58,1727.25 4 0
github.com/stakwork/sphinx-tribes/db/db.go:1727.25,1731.18 3 0
github.com/stakwork/sphinx-tribes/db/db.go:1731.18,1737.4 4 0
github.com/stakwork/sphinx-tribes/db/db.go:1737.9,1743.4 4 0
github.com/stakwork/sphinx-tribes/db/db.go:1745.2,1745.14 1 0
github.com/stakwork/sphinx-tribes/db/db.go:1748.61,1752.24 3 0
github.com/stakwork/sphinx-tribes/db/db.go:1752.24,1753.31 1 0
github.com/stakwork/sphinx-tribes/db/db.go:1753.31,1756.4 2 0
github.com/stakwork/sphinx-tribes/db/db.go:1758.2,1758.21 1 0
github.com/stakwork/sphinx-tribes/db/db.go:1761.70,1765.2 3 0
github.com/stakwork/sphinx-tribes/db/db.go:1767.73,1772.2 4 0
github.com/stakwork/sphinx-tribes/db/db.go:1774.70,1777.2 2 0
github.com/stakwork/sphinx-tribes/db/db.go:1779.73,1783.2 3 0
github.com/stakwork/sphinx-tribes/db/db.go:1785.81,1788.2 2 0
github.com/stakwork/sphinx-tribes/db/db.go:1790.94,1794.15 3 0
github.com/stakwork/sphinx-tribes/db/db.go:1794.15,1795.31 1 0
github.com/stakwork/sphinx-tribes/db/db.go:1795.31,1797.4 1 0
github.com/stakwork/sphinx-tribes/db/db.go:1800.2,1800.32 1 0
github.com/stakwork/sphinx-tribes/db/db.go:1800.32,1802.3 1 0
github.com/stakwork/sphinx-tribes/db/db.go:1804.2,1804.33 1 0
github.com/stakwork/sphinx-tribes/db/db.go:1804.33,1807.3 2 0
github.com/stakwork/sphinx-tribes/db/db.go:1809.2,1809.49 1 0
github.com/stakwork/sphinx-tribes/db/db.go:1809.49,1811.3 1 0
github.com/stakwork/sphinx-tribes/db/db.go:1813.2,1813.50 1 0
github.com/stakwork/sphinx-tribes/db/db.go:1813.50,1815.3 1 0
github.com/stakwork/sphinx-tribes/db/db.go:1817.2,1817.26 1 0
github.com/stakwork/sphinx-tribes/db/db.go:1820.108,1824.15 3 0
github.com/stakwork/sphinx-tribes/db/db.go:1824.15,1825.31 1 0
github.com/stakwork/sphinx-tribes/db/db.go:1825.31,1827.4 1 0
github.com/stakwork/sphinx-tribes/db/db.go:1830.2,1830.32 1 0
github.com/stakwork/sphinx-tribes/db/db.go:1830.32,1832.3 1 0
github.com/stakwork/sphinx-tribes/db/db.go:1834.2,1834.40 1 0
github.com/stakwork/sphinx-tribes/db/db.go:1834.40,1837.3 2 0
github.com/stakwork/sphinx-tribes/db/db.go:1839.2,1839.56 1 0
github.com/stakwork/sphinx-tribes/db/db.go:1839.56,1841.3 1 0
github.com/stakwork/sphinx-tribes/db/db.go:1843.2,1843.52 1 0
github.com/stakwork/sphinx-tribes/db/db.go:1843.52,1845.3 1 0
github.com/stakwork/sphinx-tribes/db/db.go:1847.2,1847.26 1 0
github.com/stakwork/sphinx-tribes/db/db.go:1850.79,1854.2 3 0
github.com/stakwork/sphinx-tribes/db/db.go:1856.82,1860.2 3 0
github.com/stakwork/sphinx-tribes/db/db.go:1862.46,1863.63 1 0
github.com/stakwork/sphinx-tribes/db/db.go:1863.63,1865.3 1 0
github.com/stakwork/sphinx-tribes/db/db.go:1866.2,1866.12 1 0
github.com/stakwork/sphinx-tribes/db/features.go:13.97,21.37 5 0
github.com/stakwork/sphinx-tribes/db/features.go:21.37,23.3 1 0
github.com/stakwork/sphinx-tribes/db/features.go:23.8,25.3 1 0
github.com/stakwork/sphinx-tribes/db/features.go:27.2,27.15 1 0
github.com/stakwork/sphinx-tribes/db/features.go:27.15,29.3 1 0
github.com/stakwork/sphinx-tribes/db/features.go:31.2,39.11 5 0
github.com/stakwork/sphinx-tribes/db/features.go:42.65,46.2 3 0
github.com/stakwork/sphinx-tribes/db/features.go:48.68,54.2 3 0
github.com/stakwork/sphinx-tribes/db/features.go:56.88,66.30 9 0
github.com/stakwork/sphinx-tribes/db/features.go:66.30,69.3 2 0
github.com/stakwork/sphinx-tribes/db/features.go:69.8,71.3 1 0
github.com/stakwork/sphinx-tribes/db/features.go:73.2,74.15 2 0
github.com/stakwork/sphinx-tribes/db/features.go:77.59,80.30 2 0
github.com/stakwork/sphinx-tribes/db/features.go:80.30,82.3 1 0
github.com/stakwork/sphinx-tribes/db/features.go:83.2,83.12 1 0
github.com/stakwork/sphinx-tribes/db/features.go:87.87,96.30 6 0
github.com/stakwork/sphinx-tribes/db/features.go:96.30,100.3 2 0
github.com/stakwork/sphinx-tribes/db/features.go:100.8,103.3 1 0
github.com/stakwork/sphinx-tribes/db/features.go:105.2,107.19 2 0
github.com/stakwork/sphinx-tribes/db/features.go:110.78,114.2 3 0
github.com/stakwork/sphinx-tribes/db/features.go:116.95,119.30 3 0
github.com/stakwork/sphinx-tribes/db/features.go:119.30,121.3 1 0
github.com/stakwork/sphinx-tribes/db/features.go:122.2,122.19 1 0
github.com/stakwork/sphinx-tribes/db/features.go:125.76,127.30 2 0
github.com/stakwork/sphinx-tribes/db/features.go:127.30,129.3 1 0
github.com/stakwork/sphinx-tribes/db/features.go:130.2,130.12 1 0
github.com/stakwork/sphinx-tribes/db/features.go:133.87,142.30 6 0
github.com/stakwork/sphinx-tribes/db/features.go:142.30,145.3 2 0
github.com/stakwork/sphinx-tribes/db/features.go:145.8,147.3 1 0
github.com/stakwork/sphinx-tribes/db/features.go:149.2,151.19 2 0
github.com/stakwork/sphinx-tribes/db/features.go:154.95,157.25 3 0
github.com/stakwork/sphinx-tribes/db/features.go:157.25,159.3 1 0
github.com/stakwork/sphinx-tribes/db/features.go:161.2,161.25 1 0
github.com/stakwork/sphinx-tribes/db/features.go:161.25,163.3 1 0
github.com/stakwork/sphinx-tribes/db/features.go:164.2,164.21 1 0
github.com/stakwork/sphinx-tribes/db/features.go:167.95,170.30 3 0
github.com/stakwork/sphinx-tribes/db/features.go:170.30,172.3 1 0
github.com/stakwork/sphinx-tribes/db/features.go:173.2,173.19 1 0
github.com/stakwork/sphinx-tribes/db/features.go:176.82,178.30 2 0
github.com/stakwork/sphinx-tribes/db/features.go:178.30,180.3 1 0
github.com/stakwork/sphinx-tribes/db/features.go:181.2,181.12 1 0
github.com/stakwork/sphinx-tribes/db/features.go:184.129,204.15 12 0
github.com/stakwork/sphinx-tribes/db/features.go:204.15,206.3 1 0
github.com/stakwork/sphinx-tribes/db/features.go:209.2,209.37 1 0
github.com/stakwork/sphinx-tribes/db/features.go:209.37,211.3 1 0
github.com/stakwork/sphinx-tribes/db/features.go:211.8,213.3 1 0
github.com/stakwork/sphinx-tribes/db/features.go:216.2,216.18 1 0
github.com/stakwork/sphinx-tribes/db/features.go:216.18,219.3 2 0
github.com/stakwork/sphinx-tribes/db/features.go:222.2,222.28 1 0
github.com/stakwork/sphinx-tribes/db/features.go:222.28,224.37 2 0
github.com/stakwork/sphinx-tribes/db/features.go:224.37,225.17 1 0
github.com/stakwork/sphinx-tribes/db/features.go:225.17,226.15 1 0
github.com/stakwork/sphinx-tribes/db/features.go:226.15,228.6 1 0
github.com/stakwork/sphinx-tribes/db/features.go:228.11,230.6 1 0
github.com/stakwork/sphinx-tribes/db/features.go:231.5,231.68 1 0
github.com/stakwork/sphinx-tribes/db/features.go:237.2,239.20 2 0
github.com/stakwork/sphinx-tribes/db/features.go:239.20,241.3 1 0
github.com/stakwork/sphinx-tribes/db/features.go:242.2,242.24 1 0
github.com/stakwork/sphinx-tribes/db/features.go:242.24,244.3 1 0
github.com/stakwork/sphinx-tribes/db/features.go:245.2,245.25 1 0
github.com/stakwork/sphinx-tribes/db/features.go:245.25,247.3 1 0
github.com/stakwork/sphinx-tribes/db/features.go:248.2,248.20 1 0
github.com/stakwork/sphinx-tribes/db/features.go:248.20,250.3 1 0
github.com/stakwork/sphinx-tribes/db/features.go:252.2,252.31 1 0
github.com/stakwork/sphinx-tribes/db/features.go:252.31,254.3 1 0
github.com/stakwork/sphinx-tribes/db/features.go:257.2,259.30 2 0
github.com/stakwork/sphinx-tribes/db/features.go:259.30,261.3 1 0
github.com/stakwork/sphinx-tribes/db/features.go:264.2,264.16 1 0
github.com/stakwork/sphinx-tribes/db/features.go:264.16,267.23 2 0
github.com/stakwork/sphinx-tribes/db/features.go:267.23,269.4 1 0
github.com/stakwork/sphinx-tribes/db/features.go:270.3,270.24 1 0
github.com/stakwork/sphinx-tribes/db/features.go:273.2,273.22 1 0
github.com/stakwork/sphinx-tribes/db/features.go:276.119,292.20 8 0
github.com/stakwork/sphinx-tribes/db/features.go:292.20,294.3 1 0
github.com/stakwork/sphinx-tribes/db/features.go:295.2,295.24 1 0
github.com/stakwork/sphinx-tribes/db/features.go:295.24,297.3 1 0
github.com/stakwork/sphinx-tribes/db/features.go:298.2,298.25 1 0
github.com/stakwork/sphinx-tribes/db/features.go:298.25,300.3 1 0
github.com/stakwork/sphinx-tribes/db/features.go:301.2,301.20 1 0
github.com/stakwork/sphinx-tribes/db/features.go:301.20,303.3 1 0
github.com/stakwork/sphinx-tribes/db/features.go:305.2,305.31 1 0
github.com/stakwork/sphinx-tribes/db/features.go:305.31,307.3 1 0
github.com/stakwork/sphinx-tribes/db/features.go:309.2,313.14 3 0
github.com/stakwork/sphinx-tribes/db/features.go:316.75,319.30 3 0
github.com/stakwork/sphinx-tribes/db/features.go:319.30,321.3 1 0
github.com/stakwork/sphinx-tribes/db/features.go:322.2,322.19 1 0
github.com/stakwork/sphinx-tribes/db/features.go:325.70,329.2 3 0
github.com/stakwork/sphinx-tribes/db/metrics.go:14.69,18.2 3 0
github.com/stakwork/sphinx-tribes/db/metrics.go:20.73,24.2 3 0
github.com/stakwork/sphinx-tribes/db/metrics.go:26.88,30.21 3 0
github.com/stakwork/sphinx-tribes/db/metrics.go:30.21,32.3 1 0
github.com/stakwork/sphinx-tribes/db/metrics.go:34.2,35.12 2 0
github.com/stakwork/sphinx-tribes/db/metrics.go:38.79,42.21 3 0
github.com/stakwork/sphinx-tribes/db/metrics.go:42.21,44.3 1 0
github.com/stakwork/sphinx-tribes/db/metrics.go:46.2,47.12 2 0
github.com/stakwork/sphinx-tribes/db/metrics.go:50.77,54.21 3 0
github.com/stakwork/sphinx-tribes/db/metrics.go:54.21,56.3 1 0
github.com/stakwork/sphinx-tribes/db/metrics.go:58.2,59.12 2 0
github.com/stakwork/sphinx-tribes/db/metrics.go:62.82,65.38 3 0
github.com/stakwork/sphinx-tribes/db/metrics.go:65.38,69.3 3 0
github.com/stakwork/sphinx-tribes/db/metrics.go:70.2,70.10 1 0
github.com/stakwork/sphinx-tribes/db/metrics.go:73.82,77.21 3 0
github.com/stakwork/sphinx-tribes/db/metrics.go:77.21,79.3 1 0
github.com/stakwork/sphinx-tribes/db/metrics.go:81.2,82.14 2 0
github.com/stakwork/sphinx-tribes/db/metrics.go:85.86,89.21 3 0
github.com/stakwork/sphinx-tribes/db/metrics.go:89.21,91.3 1 0
github.com/stakwork/sphinx-tribes/db/metrics.go:93.2,94.14 2 0
github.com/stakwork/sphinx-tribes/db/metrics.go:97.81,102.21 4 0
github.com/stakwork/sphinx-tribes/db/metrics.go:102.21,104.3 1 0
github.com/stakwork/sphinx-tribes/db/metrics.go:106.2,108.14 3 0
github.com/stakwork/sphinx-tribes/db/metrics.go:111.79,119.21 3 0
github.com/stakwork/sphinx-tribes/db/metrics.go:119.21,121.3 1 0
github.com/stakwork/sphinx-tribes/db/metrics.go:123.2,130.14 3 0
github.com/stakwork/sphinx-tribes/db/metrics.go:133.84,137.21 3 0
github.com/stakwork/sphinx-tribes/db/metrics.go:137.21,139.3 1 0
github.com/stakwork/sphinx-tribes/db/metrics.go:141.2,142.14 2 0
github.com/stakwork/sphinx-tribes/db/metrics.go:145.86,148.46 3 0
github.com/stakwork/sphinx-tribes/db/metrics.go:148.46,152.3 3 0
github.com/stakwork/sphinx-tribes/db/metrics.go:153.2,153.10 1 0
github.com/stakwork/sphinx-tribes/db/metrics.go:156.90,162.21 4 0
github.com/stakwork/sphinx-tribes/db/metrics.go:162.21,164.3 1 0
github.com/stakwork/sphinx-tribes/db/metrics.go:166.2,168.11 3 0
github.com/stakwork/sphinx-tribes/db/metrics.go:171.84,176.2 4 0
github.com/stakwork/sphinx-tribes/db/metrics.go:178.79,182.32 4 0
github.com/stakwork/sphinx-tribes/db/metrics.go:182.32,184.3 1 0
github.com/stakwork/sphinx-tribes/db/metrics.go:185.2,185.49 1 0
github.com/stakwork/sphinx-tribes/db/metrics.go:188.95,194.21 4 0
github.com/stakwork/sphinx-tribes/db/metrics.go:194.21,196.3 1 0
github.com/stakwork/sphinx-tribes/db/metrics.go:198.2,200.11 3 0
github.com/stakwork/sphinx-tribes/db/metrics.go:203.89,208.2 4 0
github.com/stakwork/sphinx-tribes/db/metrics.go:210.84,214.32 4 0
github.com/stakwork/sphinx-tribes/db/metrics.go:214.32,216.3 1 0
github.com/stakwork/sphinx-tribes/db/metrics.go:217.2,217.49 1 0
github.com/stakwork/sphinx-tribes/db/metrics.go:220.63,221.36 1 0
github.com/stakwork/sphinx-tribes/db/metrics.go:221.36,226.3 4 0
github.com/stakwork/sphinx-tribes/db/metrics.go:227.2,227.10 1 0
github.com/stakwork/sphinx-tribes/db/metrics.go:230.93,245.20 12 0
github.com/stakwork/sphinx-tribes/db/metrics.go:245.20,247.3 1 0
github.com/stakwork/sphinx-tribes/db/metrics.go:248.2,248.24 1 0
github.com/stakwork/sphinx-tribes/db/metrics.go:248.24,250.3 1 0
github.com/stakwork/sphinx-tribes/db/metrics.go:251.2,251.20 1 0
github.com/stakwork/sphinx-tribes/db/metrics.go:251.20,253.3 1 0
github.com/stakwork/sphinx-tribes/db/metrics.go:255.2,256.31 2 0
github.com/stakwork/sphinx-tribes/db/metrics.go:256.31,258.3 1 0
github.com/stakwork/sphinx-tribes/db/metrics.go:258.8,260.3 1 0
github.com/stakwork/sphinx-tribes/db/metrics.go:262.2,262.37 1 0
github.com/stakwork/sphinx-tribes/db/metrics.go:262.37,264.3 1 0
github.com/stakwork/sphinx-tribes/db/metrics.go:264.8,266.3 1 0
github.com/stakwork/sphinx-tribes/db/metrics.go:267.2,267.15 1 0
github.com/stakwork/sphinx-tribes/db/metrics.go:267.15,269.3 1 0
github.com/stakwork/sphinx-tribes/db/metrics.go:270.2,270.21 1 0
github.com/stakwork/sphinx-tribes/db/metrics.go:270.21,272.3 1 0
github.com/stakwork/sphinx-tribes/db/metrics.go:274.2,275.24 2 0
github.com/stakwork/sphinx-tribes/db/metrics.go:275.24,278.3 2 0
github.com/stakwork/sphinx-tribes/db/metrics.go:280.2,286.10 5 0
github.com/stakwork/sphinx-tribes/db/metrics.go:289.92,299.20 8 0
github.com/stakwork/sphinx-tribes/db/metrics.go:299.20,301.3 1 0
github.com/stakwork/sphinx-tribes/db/metrics.go:302.2,302.24 1 0
github.com/stakwork/sphinx-tribes/db/metrics.go:302.24,304.3 1 0
github.com/stakwork/sphinx-tribes/db/metrics.go:305.2,305.20 1 0
github.com/stakwork/sphinx-tribes/db/metrics.go:305.20,307.3 1 0
github.com/stakwork/sphinx-tribes/db/metrics.go:309.2,310.31 2 0
github.com/stakwork/sphinx-tribes/db/metrics.go:310.31,312.3 1 0
github.com/stakwork/sphinx-tribes/db/metrics.go:312.8,314.3 1 0
github.com/stakwork/sphinx-tribes/db/metrics.go:316.2,317.24 2 0
github.com/stakwork/sphinx-tribes/db/metrics.go:317.24,320.3 2 0
github.com/stakwork/sphinx-tribes/db/metrics.go:321.2,322.21 2 0
github.com/stakwork/sphinx-tribes/db/metrics.go:322.21,324.3 1 0
github.com/stakwork/sphinx-tribes/db/metrics.go:326.2,331.14 5 0
github.com/stakwork/sphinx-tribes/db/metrics.go:334.88,346.20 9 0
github.com/stakwork/sphinx-tribes/db/metrics.go:346.20,348.3 1 0
github.com/stakwork/sphinx-tribes/db/metrics.go:349.2,349.24 1 0
github.com/stakwork/sphinx-tribes/db/metrics.go:349.24,351.3 1 0
github.com/stakwork/sphinx-tribes/db/metrics.go:352.2,352.20 1 0
github.com/stakwork/sphinx-tribes/db/metrics.go:352.20,354.3 1 0
github.com/stakwork/sphinx-tribes/db/metrics.go:356.2,357.31 2 0
github.com/stakwork/sphinx-tribes/db/metrics.go:357.31,359.3 1 0
github.com/stakwork/sphinx-tribes/db/metrics.go:359.8,361.3 1 0
github.com/stakwork/sphinx-tribes/db/metrics.go:363.2,364.24 2 0
github.com/stakwork/sphinx-tribes/db/metrics.go:364.24,367.3 2 0
github.com/stakwork/sphinx-tribes/db/metrics.go:369.2,369.15 1 0
github.com/stakwork/sphinx-tribes/db/metrics.go:369.15,371.3 1 0
github.com/stakwork/sphinx-tribes/db/metrics.go:373.2,380.37 6 0
github.com/stakwork/sphinx-tribes/db/metrics.go:380.37,383.3 2 0
github.com/stakwork/sphinx-tribes/db/metrics.go:384.2,384.24 1 0
github.com/stakwork/sphinx-tribes/db/redis.go:18.18,21.20 2 0
github.com/stakwork/sphinx-tribes/db/redis.go:21.20,29.3 2 0
github.com/stakwork/sphinx-tribes/db/redis.go:29.8,31.17 2 0
github.com/stakwork/sphinx-tribes/db/redis.go:31.17,34.4 2 0
github.com/stakwork/sphinx-tribes/db/redis.go:35.3,35.37 1 0
github.com/stakwork/sphinx-tribes/db/redis.go:37.2,37.52 1 0
github.com/stakwork/sphinx-tribes/db/redis.go:37.52,40.3 2 0
github.com/stakwork/sphinx-tribes/db/redis.go:43.46,45.16 2 0
github.com/stakwork/sphinx-tribes/db/redis.go:45.16,47.3 1 0
github.com/stakwork/sphinx-tribes/db/redis.go:50.34,52.16 2 0
github.com/stakwork/sphinx-tribes/db/redis.go:52.16,54.3 1 0
github.com/stakwork/sphinx-tribes/db/redis.go:56.2,56.12 1 0
github.com/stakwork/sphinx-tribes/db/redis.go:59.56,60.27 1 0
github.com/stakwork/sphinx-tribes/db/redis.go:60.27,62.17 2 0
github.com/stakwork/sphinx-tribes/db/redis.go:62.17,64.4 1 0
github.com/stakwork/sphinx-tribes/db/redis.go:66.2,66.42 1 0
github.com/stakwork/sphinx-tribes/db/redis.go:69.43,72.2 2 0
github.com/stakwork/sphinx-tribes/db/store.go:32.18,40.2 2 3
github.com/stakwork/sphinx-tribes/db/store.go:42.61,45.2 2 2
github.com/stakwork/sphinx-tribes/db/store.go:47.50,50.2 2 1
github.com/stakwork/sphinx-tribes/db/store.go:52.57,55.23 3 3
github.com/stakwork/sphinx-tribes/db/store.go:55.23,57.3 1 1
github.com/stakwork/sphinx-tribes/db/store.go:58.2,58.15 1 2
github.com/stakwork/sphinx-tribes/db/store.go:61.64,64.2 2 1
github.com/stakwork/sphinx-tribes/db/store.go:66.60,69.12 3 1
github.com/stakwork/sphinx-tribes/db/store.go:69.12,71.3 1 0
github.com/stakwork/sphinx-tribes/db/store.go:72.2,72.15 1 1
github.com/stakwork/sphinx-tribes/db/store.go:75.68,79.2 2 0
github.com/stakwork/sphinx-tribes/db/store.go:81.66,84.12 3 0
github.com/stakwork/sphinx-tribes/db/store.go:84.12,86.3 1 0
github.com/stakwork/sphinx-tribes/db/store.go:87.2,87.15 1 0
github.com/stakwork/sphinx-tribes/db/store.go:90.73,94.2 2 0
github.com/stakwork/sphinx-tribes/db/store.go:96.71,99.12 3 0
github.com/stakwork/sphinx-tribes/db/store.go:99.12,101.3 1 0
github.com/stakwork/sphinx-tribes/db/store.go:102.2,102.15 1 0
github.com/stakwork/sphinx-tribes/db/store.go:105.61,109.2 2 0
github.com/stakwork/sphinx-tribes/db/store.go:111.70,114.12 3 0
github.com/stakwork/sphinx-tribes/db/store.go:114.12,116.3 1 0
github.com/stakwork/sphinx-tribes/db/store.go:117.2,117.15 1 0
github.com/stakwork/sphinx-tribes/db/store.go:120.70,124.2 2 0
github.com/stakwork/sphinx-tribes/db/store.go:126.66,129.12 3 0
github.com/stakwork/sphinx-tribes/db/store.go:129.12,131.3 1 0
github.com/stakwork/sphinx-tribes/db/store.go:132.2,132.15 1 0
github.com/stakwork/sphinx-tribes/db/store.go:135.50,150.2 8 0
github.com/stakwork/sphinx-tribes/db/store.go:168.53,174.16 5 0
github.com/stakwork/sphinx-tribes/db/store.go:174.16,178.3 3 0
github.com/stakwork/sphinx-tribes/db/store.go:180.2,184.16 5 0
github.com/stakwork/sphinx-tribes/db/store.go:184.16,188.3 3 0
github.com/stakwork/sphinx-tribes/db/store.go:190.2,192.16 3 0
github.com/stakwork/sphinx-tribes/db/store.go:192.16,196.3 3 0
github.com/stakwork/sphinx-tribes/db/store.go:198.2,201.48 3 0
github.com/stakwork/sphinx-tribes/db/store.go:204.51,208.16 3 0
github.com/stakwork/sphinx-tribes/db/store.go:208.16,211.3 2 0
github.com/stakwork/sphinx-tribes/db/store.go:213.2,213.20 1 0
github.com/stakwork/sphinx-tribes/db/store.go:213.20,216.3 2 0
github.com/stakwork/sphinx-tribes/db/store.go:218.2,220.16 3 0
github.com/stakwork/sphinx-tribes/db/store.go:220.16,223.3 2 0
github.com/stakwork/sphinx-tribes/db/store.go:225.2,225.22 1 0
github.com/stakwork/sphinx-tribes/db/store.go:225.22,228.3 2 0
github.com/stakwork/sphinx-tribes/db/store.go:230.2,231.21 2 0
[...]
github.com/stakwork/sphinx-tribes/mocks/Database.go:7545.2,7547.73 3 0
github.com/stakwork/sphinx-tribes/mocks/Database.go:7547.73,7549.3 1 0
github.com/stakwork/sphinx-tribes/mocks/Database.go:7550.2,7550.64 1 0
github.com/stakwork/sphinx-tribes/mocks/Database.go:7550.64,7552.3 1 0
github.com/stakwork/sphinx-tribes/mocks/Database.go:7552.8,7554.3 1 0
github.com/stakwork/sphinx-tribes/mocks/Database.go:7556.2,7556.57 1 0
github.com/stakwork/sphinx-tribes/mocks/Database.go:7556.57,7558.3 1 0
github.com/stakwork/sphinx-tribes/mocks/Database.go:7558.8,7560.3 1 0
github.com/stakwork/sphinx-tribes/mocks/Database.go:7562.2,7562.15 1 0
github.com/stakwork/sphinx-tribes/mocks/Database.go:7572.86,7574.2 1 0
github.com/stakwork/sphinx-tribes/mocks/Database.go:7576.97,7577.40 1 0
github.com/stakwork/sphinx-tribes/mocks/Database.go:7577.40,7579.3 1 0
github.com/stakwork/sphinx-tribes/mocks/Database.go:7580.2,7580.11 1 0
github.com/stakwork/sphinx-tribes/mocks/Database.go:7583.103,7586.2 2 0
github.com/stakwork/sphinx-tribes/mocks/Database.go:7588.126,7591.2 2 0
github.com/stakwork/sphinx-tribes/mocks/Database.go:7594.88,7597.19 2 0
github.com/stakwork/sphinx-tribes/mocks/Database.go:7597.19,7598.64 1 0
github.com/stakwork/sphinx-tribes/mocks/Database.go:7601.2,7602.72 2 0
github.com/stakwork/sphinx-tribes/mocks/Database.go:7602.72,7604.3 1 0
github.com/stakwork/sphinx-tribes/mocks/Database.go:7604.8,7606.3 1 0
github.com/stakwork/sphinx-tribes/mocks/Database.go:7608.2,7608.11 1 0
github.com/stakwork/sphinx-tribes/mocks/Database.go:7619.126,7621.2 1 0
github.com/stakwork/sphinx-tribes/mocks/Database.go:7623.132,7624.40 1 0
github.com/stakwork/sphinx-tribes/mocks/Database.go:7624.40,7626.3 1 0
github.com/stakwork/sphinx-tribes/mocks/Database.go:7627.2,7627.11 1 0
github.com/stakwork/sphinx-tribes/mocks/Database.go:7630.112,7633.2 2 0
github.com/stakwork/sphinx-tribes/mocks/Database.go:7635.145,7638.2 2 0
github.com/stakwork/sphinx-tribes/mocks/Database.go:7641.88,7644.19 2 0
github.com/stakwork/sphinx-tribes/mocks/Database.go:7644.19,7645.64 1 0
github.com/stakwork/sphinx-tribes/mocks/Database.go:7648.2,7649.72 2 0
github.com/stakwork/sphinx-tribes/mocks/Database.go:7649.72,7651.3 1 0
github.com/stakwork/sphinx-tribes/mocks/Database.go:7651.8,7653.3 1 0
github.com/stakwork/sphinx-tribes/mocks/Database.go:7655.2,7655.11 1 0
github.com/stakwork/sphinx-tribes/mocks/Database.go:7666.126,7668.2 1 0
github.com/stakwork/sphinx-tribes/mocks/Database.go:7670.132,7671.40 1 0
github.com/stakwork/sphinx-tribes/mocks/Database.go:7671.40,7673.3 1 0
github.com/stakwork/sphinx-tribes/mocks/Database.go:7674.2,7674.11 1 0
github.com/stakwork/sphinx-tribes/mocks/Database.go:7677.112,7680.2 2 0
github.com/stakwork/sphinx-tribes/mocks/Database.go:7682.145,7685.2 2 0
github.com/stakwork/sphinx-tribes/mocks/Database.go:7688.79,7691.19 2 0
github.com/stakwork/sphinx-tribes/mocks/Database.go:7691.19,7692.61 1 0
github.com/stakwork/sphinx-tribes/mocks/Database.go:7695.2,7697.73 3 0
github.com/stakwork/sphinx-tribes/mocks/Database.go:7697.73,7699.3 1 0
github.com/stakwork/sphinx-tribes/mocks/Database.go:7700.2,7700.64 1 0
github.com/stakwork/sphinx-tribes/mocks/Database.go:7700.64,7702.3 1 0
github.com/stakwork/sphinx-tribes/mocks/Database.go:7702.8,7704.3 1 0
github.com/stakwork/sphinx-tribes/mocks/Database.go:7706.2,7706.57 1 0
github.com/stakwork/sphinx-tribes/mocks/Database.go:7706.57,7708.3 1 0
github.com/stakwork/sphinx-tribes/mocks/Database.go:7708.8,7710.3 1 0
github.com/stakwork/sphinx-tribes/mocks/Database.go:7712.2,7712.15 1 0
github.com/stakwork/sphinx-tribes/mocks/Database.go:7722.100,7724.2 1 0
github.com/stakwork/sphinx-tribes/mocks/Database.go:7726.111,7727.40 1 0
github.com/stakwork/sphinx-tribes/mocks/Database.go:7727.40,7729.3 1 0
github.com/stakwork/sphinx-tribes/mocks/Database.go:7730.2,7730.11 1 0
github.com/stakwork/sphinx-tribes/mocks/Database.go:7733.117,7736.2 2 0
github.com/stakwork/sphinx-tribes/mocks/Database.go:7738.140,7741.2 2 0
github.com/stakwork/sphinx-tribes/mocks/Database.go:7744.75,7747.19 2 0
github.com/stakwork/sphinx-tribes/mocks/Database.go:7747.19,7748.55 1 0
github.com/stakwork/sphinx-tribes/mocks/Database.go:7751.2,7752.72 2 0
github.com/stakwork/sphinx-tribes/mocks/Database.go:7752.72,7754.3 1 0
github.com/stakwork/sphinx-tribes/mocks/Database.go:7754.8,7756.3 1 0
github.com/stakwork/sphinx-tribes/mocks/Database.go:7758.2,7758.11 1 0
github.com/stakwork/sphinx-tribes/mocks/Database.go:7769.104,7771.2 1 0
github.com/stakwork/sphinx-tribes/mocks/Database.go:7773.118,7774.40 1 0
github.com/stakwork/sphinx-tribes/mocks/Database.go:7774.40,7776.3 1 0
github.com/stakwork/sphinx-tribes/mocks/Database.go:7777.2,7777.11 1 0
github.com/stakwork/sphinx-tribes/mocks/Database.go:7780.86,7783.2 2 0
github.com/stakwork/sphinx-tribes/mocks/Database.go:7785.127,7788.2 2 0
github.com/stakwork/sphinx-tribes/mocks/Database.go:7791.68,7793.2 1 0
github.com/stakwork/sphinx-tribes/mocks/Database.go:7803.128,7805.2 1 0
github.com/stakwork/sphinx-tribes/mocks/Database.go:7807.124,7808.40 1 0
github.com/stakwork/sphinx-tribes/mocks/Database.go:7808.40,7810.3 1 0
github.com/stakwork/sphinx-tribes/mocks/Database.go:7811.2,7811.11 1 0
github.com/stakwork/sphinx-tribes/mocks/Database.go:7814.94,7817.2 2 0
github.com/stakwork/sphinx-tribes/mocks/Database.go:7819.120,7822.2 2 0
github.com/stakwork/sphinx-tribes/mocks/Database.go:7825.80,7827.2 1 0
github.com/stakwork/sphinx-tribes/mocks/Database.go:7837.119,7839.2 1 0
github.com/stakwork/sphinx-tribes/mocks/Database.go:7841.133,7842.40 1 0
github.com/stakwork/sphinx-tribes/mocks/Database.go:7842.40,7844.3 1 0
github.com/stakwork/sphinx-tribes/mocks/Database.go:7845.2,7845.11 1 0
github.com/stakwork/sphinx-tribes/mocks/Database.go:7848.88,7851.2 2 0
github.com/stakwork/sphinx-tribes/mocks/Database.go:7853.132,7856.2 2 0
github.com/stakwork/sphinx-tribes/mocks/Database.go:7859.77,7862.19 2 0
github.com/stakwork/sphinx-tribes/mocks/Database.go:7862.19,7863.55 1 0
github.com/stakwork/sphinx-tribes/mocks/Database.go:7866.2,7867.63 2 0
github.com/stakwork/sphinx-tribes/mocks/Database.go:7867.63,7869.3 1 0
github.com/stakwork/sphinx-tribes/mocks/Database.go:7869.8,7871.3 1 0
github.com/stakwork/sphinx-tribes/mocks/Database.go:7873.2,7873.11 1 0
github.com/stakwork/sphinx-tribes/mocks/Database.go:7883.102,7885.2 1 0
github.com/stakwork/sphinx-tribes/mocks/Database.go:7887.107,7888.40 1 0
github.com/stakwork/sphinx-tribes/mocks/Database.go:7888.40,7890.3 1 0
github.com/stakwork/sphinx-tribes/mocks/Database.go:7891.2,7891.11 1 0
github.com/stakwork/sphinx-tribes/mocks/Database.go:7894.99,7897.2 2 0
github.com/stakwork/sphinx-tribes/mocks/Database.go:7899.118,7902.2 2 0
github.com/stakwork/sphinx-tribes/mocks/Database.go:7905.97,7908.19 2 0
github.com/stakwork/sphinx-tribes/mocks/Database.go:7908.19,7909.59 1 0
github.com/stakwork/sphinx-tribes/mocks/Database.go:7912.2,7913.82 2 0
github.com/stakwork/sphinx-tribes/mocks/Database.go:7913.82,7915.3 1 0
github.com/stakwork/sphinx-tribes/mocks/Database.go:7915.8,7917.3 1 0
github.com/stakwork/sphinx-tribes/mocks/Database.go:7919.2,7919.11 1 0
github.com/stakwork/sphinx-tribes/mocks/Database.go:7931.133,7933.2 1 0
github.com/stakwork/sphinx-tribes/mocks/Database.go:7935.144,7936.40 1 0
github.com/stakwork/sphinx-tribes/mocks/Database.go:7936.40,7938.3 1 0
github.com/stakwork/sphinx-tribes/mocks/Database.go:7939.2,7939.11 1 0
github.com/stakwork/sphinx-tribes/mocks/Database.go:7942.94,7945.2 2 0
github.com/stakwork/sphinx-tribes/mocks/Database.go:7947.145,7950.2 2 0
github.com/stakwork/sphinx-tribes/mocks/Database.go:7953.74,7956.19 2 0
github.com/stakwork/sphinx-tribes/mocks/Database.go:7956.19,7957.54 1 0
github.com/stakwork/sphinx-tribes/mocks/Database.go:7960.2,7961.72 2 0
github.com/stakwork/sphinx-tribes/mocks/Database.go:7961.72,7963.3 1 0
github.com/stakwork/sphinx-tribes/mocks/Database.go:7963.8,7965.3 1 0
github.com/stakwork/sphinx-tribes/mocks/Database.go:7967.2,7967.11 1 0
github.com/stakwork/sphinx-tribes/mocks/Database.go:7978.102,7980.2 1 0
github.com/stakwork/sphinx-tribes/mocks/Database.go:7982.116,7983.40 1 0
github.com/stakwork/sphinx-tribes/mocks/Database.go:7983.40,7985.3 1 0
github.com/stakwork/sphinx-tribes/mocks/Database.go:7986.2,7986.11 1 0
github.com/stakwork/sphinx-tribes/mocks/Database.go:7989.84,7992.2 2 0
github.com/stakwork/sphinx-tribes/mocks/Database.go:7994.125,7997.2 2 0
github.com/stakwork/sphinx-tribes/mocks/Database.go:8000.77,8003.19 2 0
github.com/stakwork/sphinx-tribes/mocks/Database.go:8003.19,8004.53 1 0
github.com/stakwork/sphinx-tribes/mocks/Database.go:8007.2,8008.74 2 0
github.com/stakwork/sphinx-tribes/mocks/Database.go:8008.74,8010.3 1 0
github.com/stakwork/sphinx-tribes/mocks/Database.go:8010.8,8012.3 1 0
github.com/stakwork/sphinx-tribes/mocks/Database.go:8014.2,8014.11 1 0
github.com/stakwork/sphinx-tribes/mocks/Database.go:8025.102,8027.2 1 0
github.com/stakwork/sphinx-tribes/mocks/Database.go:8029.118,8030.40 1 0
github.com/stakwork/sphinx-tribes/mocks/Database.go:8030.40,8032.3 1 0
github.com/stakwork/sphinx-tribes/mocks/Database.go:8033.2,8033.11 1 0
github.com/stakwork/sphinx-tribes/mocks/Database.go:8036.82,8039.2 2 0
github.com/stakwork/sphinx-tribes/mocks/Database.go:8041.125,8044.2 2 0
github.com/stakwork/sphinx-tribes/mocks/Database.go:8047.66,8049.2 1 0
github.com/stakwork/sphinx-tribes/mocks/Database.go:8059.122,8061.2 1 0
github.com/stakwork/sphinx-tribes/mocks/Database.go:8063.122,8064.40 1 0
github.com/stakwork/sphinx-tribes/mocks/Database.go:8064.40,8066.3 1 0
github.com/stakwork/sphinx-tribes/mocks/Database.go:8067.2,8067.11 1 0
github.com/stakwork/sphinx-tribes/mocks/Database.go:8070.94,8073.2 2 0
github.com/stakwork/sphinx-tribes/mocks/Database.go:8075.124,8078.2 2 0
github.com/stakwork/sphinx-tribes/mocks/Database.go:8081.69,8083.2 1 0
github.com/stakwork/sphinx-tribes/mocks/Database.go:8093.130,8095.2 1 0
github.com/stakwork/sphinx-tribes/mocks/Database.go:8097.126,8098.40 1 0
github.com/stakwork/sphinx-tribes/mocks/Database.go:8098.40,8100.3 1 0
github.com/stakwork/sphinx-tribes/mocks/Database.go:8101.2,8101.11 1 0
github.com/stakwork/sphinx-tribes/mocks/Database.go:8104.96,8107.2 2 0
github.com/stakwork/sphinx-tribes/mocks/Database.go:8109.122,8112.2 2 0
github.com/stakwork/sphinx-tribes/mocks/Database.go:8115.89,8118.19 2 0
github.com/stakwork/sphinx-tribes/mocks/Database.go:8118.19,8119.63 1 0
github.com/stakwork/sphinx-tribes/mocks/Database.go:8122.2,8123.76 2 0
github.com/stakwork/sphinx-tribes/mocks/Database.go:8123.76,8125.3 1 0
github.com/stakwork/sphinx-tribes/mocks/Database.go:8125.8,8127.3 1 0
github.com/stakwork/sphinx-tribes/mocks/Database.go:8129.2,8129.11 1 0
github.com/stakwork/sphinx-tribes/mocks/Database.go:8139.109,8141.2 1 0
github.com/stakwork/sphinx-tribes/mocks/Database.go:8143.126,8144.40 1 0
github.com/stakwork/sphinx-tribes/mocks/Database.go:8144.40,8146.3 1 0
github.com/stakwork/sphinx-tribes/mocks/Database.go:8147.2,8147.11 1 0
github.com/stakwork/sphinx-tribes/mocks/Database.go:8150.116,8153.2 2 0
github.com/stakwork/sphinx-tribes/mocks/Database.go:8155.147,8158.2 2 0
github.com/stakwork/sphinx-tribes/mocks/Database.go:8161.67,8164.19 2 0
github.com/stakwork/sphinx-tribes/mocks/Database.go:8164.19,8165.68 1 0
github.com/stakwork/sphinx-tribes/mocks/Database.go:8168.2,8169.51 2 0
github.com/stakwork/sphinx-tribes/mocks/Database.go:8169.51,8171.3 1 0
github.com/stakwork/sphinx-tribes/mocks/Database.go:8171.8,8173.3 1 0
github.com/stakwork/sphinx-tribes/mocks/Database.go:8175.2,8175.11 1 0
github.com/stakwork/sphinx-tribes/mocks/Database.go:8185.117,8187.2 1 0
github.com/stakwork/sphinx-tribes/mocks/Database.go:8189.122,8190.40 1 0
github.com/stakwork/sphinx-tribes/mocks/Database.go:8190.40,8192.3 1 0
github.com/stakwork/sphinx-tribes/mocks/Database.go:8193.2,8193.11 1 0
github.com/stakwork/sphinx-tribes/mocks/Database.go:8196.113,8199.2 2 0
github.com/stakwork/sphinx-tribes/mocks/Database.go:8201.132,8204.2 2 0
github.com/stakwork/sphinx-tribes/mocks/Database.go:8207.89,8210.19 2 0
github.com/stakwork/sphinx-tribes/mocks/Database.go:8210.19,8211.55 1 0
github.com/stakwork/sphinx-tribes/mocks/Database.go:8214.2,8215.66 2 0
github.com/stakwork/sphinx-tribes/mocks/Database.go:8215.66,8217.3 1 0
github.com/stakwork/sphinx-tribes/mocks/Database.go:8217.8,8219.3 1 0
github.com/stakwork/sphinx-tribes/mocks/Database.go:8221.2,8221.11 1 0
github.com/stakwork/sphinx-tribes/mocks/Database.go:8233.137,8235.2 1 0
github.com/stakwork/sphinx-tribes/mocks/Database.go:8237.132,8238.40 1 0
github.com/stakwork/sphinx-tribes/mocks/Database.go:8238.40,8240.3 1 0
github.com/stakwork/sphinx-tribes/mocks/Database.go:8241.2,8241.11 1 0
github.com/stakwork/sphinx-tribes/mocks/Database.go:8244.86,8247.2 2 0
github.com/stakwork/sphinx-tribes/mocks/Database.go:8249.121,8252.2 2 0
github.com/stakwork/sphinx-tribes/mocks/Database.go:8255.87,8258.19 2 0
github.com/stakwork/sphinx-tribes/mocks/Database.go:8258.19,8259.66 1 0
github.com/stakwork/sphinx-tribes/mocks/Database.go:8262.2,8263.58 2 0
github.com/stakwork/sphinx-tribes/mocks/Database.go:8263.58,8265.3 1 0
github.com/stakwork/sphinx-tribes/mocks/Database.go:8265.8,8267.3 1 0
github.com/stakwork/sphinx-tribes/mocks/Database.go:8269.2,8269.11 1 0
github.com/stakwork/sphinx-tribes/mocks/Database.go:8280.141,8282.2 1 0
github.com/stakwork/sphinx-tribes/mocks/Database.go:8284.141,8285.40 1 0
github.com/stakwork/sphinx-tribes/mocks/Database.go:8285.40,8287.3 1 0
github.com/stakwork/sphinx-tribes/mocks/Database.go:8288.2,8288.11 1 0
github.com/stakwork/sphinx-tribes/mocks/Database.go:8291.108,8294.2 2 0
github.com/stakwork/sphinx-tribes/mocks/Database.go:8296.135,8299.2 2 0
github.com/stakwork/sphinx-tribes/mocks/Database.go:8302.94,8304.2 1 0
github.com/stakwork/sphinx-tribes/mocks/Database.go:8315.150,8317.2 1 0
github.com/stakwork/sphinx-tribes/mocks/Database.go:8319.143,8320.40 1 0
github.com/stakwork/sphinx-tribes/mocks/Database.go:8320.40,8322.3 1 0
github.com/stakwork/sphinx-tribes/mocks/Database.go:8323.2,8323.11 1 0
github.com/stakwork/sphinx-tribes/mocks/Database.go:8326.80,8329.2 2 0
github.com/stakwork/sphinx-tribes/mocks/Database.go:8331.116,8334.2 2 0
github.com/stakwork/sphinx-tribes/mocks/Database.go:8341.14,8345.19 3 0
github.com/stakwork/sphinx-tribes/mocks/Database.go:8345.19,8345.49 1 0
github.com/stakwork/sphinx-tribes/mocks/Database.go:8347.2,8347.13 1 0
github.com/stakwork/sphinx-tribes/utils/helpers.go:14.40,17.16 3 2
github.com/stakwork/sphinx-tribes/utils/helpers.go:17.16,19.3 1 0
github.com/stakwork/sphinx-tribes/utils/helpers.go:20.2,20.64 1 2
github.com/stakwork/sphinx-tribes/utils/helpers.go:23.55,26.16 2 2
github.com/stakwork/sphinx-tribes/utils/helpers.go:26.16,29.3 2 1
github.com/stakwork/sphinx-tribes/utils/helpers.go:31.2,31.31 1 1
github.com/stakwork/sphinx-tribes/utils/helpers.go:34.53,37.16 2 2
github.com/stakwork/sphinx-tribes/utils/helpers.go:37.16,40.3 2 1
github.com/stakwork/sphinx-tribes/utils/helpers.go:42.2,42.30 1 1
github.com/stakwork/sphinx-tribes/utils/helpers.go:45.51,48.16 2 2
github.com/stakwork/sphinx-tribes/utils/helpers.go:48.16,51.3 2 1
github.com/stakwork/sphinx-tribes/utils/helpers.go:52.2,55.15 3 1
github.com/stakwork/sphinx-tribes/utils/helpers.go:58.52,60.16 2 1
github.com/stakwork/sphinx-tribes/utils/helpers.go:60.16,63.3 2 0
github.com/stakwork/sphinx-tribes/utils/helpers.go:65.2,68.36 3 1
github.com/stakwork/sphinx-tribes/utils/helpers.go:68.36,70.3 1 1
github.com/stakwork/sphinx-tribes/utils/helpers.go:70.8,72.3 1 0
github.com/stakwork/sphinx-tribes/utils/helpers.go:75.46,79.33 3 2
github.com/stakwork/sphinx-tribes/utils/helpers.go:79.33,82.3 2 1
github.com/stakwork/sphinx-tribes/utils/helpers.go:84.2,85.16 2 2
github.com/stakwork/sphinx-tribes/utils/helpers.go:85.16,87.3 1 0
github.com/stakwork/sphinx-tribes/utils/helpers.go:87.8,89.3 1 2
github.com/stakwork/sphinx-tribes/utils/helpers.go:90.2,90.10 1 0
github.com/stakwork/sphinx-tribes/utils/helpers.go:93.56,100.2 4 1
github.com/stakwork/sphinx-tribes/utils/helpers.go:102.74,107.2 4 4
github.com/stakwork/sphinx-tribes/utils/helpers.go:109.70,115.2 4 1
github.com/stakwork/sphinx-tribes/utils/twitter.go:14.60,16.16 2 0
github.com/stakwork/sphinx-tribes/utils/twitter.go:16.16,18.3 1 0
github.com/stakwork/sphinx-tribes/utils/twitter.go:19.2,20.16 2 0
github.com/stakwork/sphinx-tribes/utils/twitter.go:20.16,22.3 1 0
github.com/stakwork/sphinx-tribes/utils/twitter.go:24.2,25.20 2 0
github.com/stakwork/sphinx-tribes/utils/twitter.go:38.52,41.24 2 0
github.com/stakwork/sphinx-tribes/utils/twitter.go:41.24,43.3 1 0
github.com/stakwork/sphinx-tribes/utils/twitter.go:45.2,54.16 5 0
github.com/stakwork/sphinx-tribes/utils/twitter.go:54.16,56.3 1 0
github.com/stakwork/sphinx-tribes/utils/twitter.go:57.2,59.21 3 0
github.com/stakwork/sphinx-tribes/utils/twitter.go:59.21,61.3 1 0
github.com/stakwork/sphinx-tribes/utils/twitter.go:62.2,62.24 1 0
github.com/stakwork/sphinx-tribes/utils/twitter.go:62.24,64.3 1 0
github.com/stakwork/sphinx-tribes/utils/twitter.go:65.2,65.26 1 0
github.com/stakwork/sphinx-tribes/utils/twitter.go:65.26,67.3 1 0
github.com/stakwork/sphinx-tribes/utils/twitter.go:68.2,68.28 1 0
github.com/stakwork/sphinx-tribes/utils/twitter.go:79.53,82.24 2 0
github.com/stakwork/sphinx-tribes/utils/twitter.go:82.24,84.3 1 0
github.com/stakwork/sphinx-tribes/utils/twitter.go:86.2,96.16 6 0
github.com/stakwork/sphinx-tribes/utils/twitter.go:96.16,98.3 1 0
github.com/stakwork/sphinx-tribes/utils/twitter.go:99.2,101.21 3 0
github.com/stakwork/sphinx-tribes/utils/twitter.go:101.21,103.3 1 0
github.com/stakwork/sphinx-tribes/utils/twitter.go:104.2,104.24 1 0
github.com/stakwork/sphinx-tribes/utils/twitter.go:104.24,106.3 1 0
github.com/stakwork/sphinx-tribes/utils/twitter.go:108.2,124.33 3 0
github.com/stakwork/sphinx-tribes/utils/twitter.go:124.33,125.35 1 0
github.com/stakwork/sphinx-tribes/utils/twitter.go:125.35,126.44 1 0
github.com/stakwork/sphinx-tribes/utils/twitter.go:126.44,128.46 1 0
github.com/stakwork/sphinx-tribes/utils/twitter.go:128.46,131.6 1 0
github.com/stakwork/sphinx-tribes/utils/twitter.go:131.11,135.39 2 0
github.com/stakwork/sphinx-tribes/utils/twitter.go:135.39,136.47 1 0
github.com/stakwork/sphinx-tribes/utils/twitter.go:136.47,137.28 1 0
github.com/stakwork/sphinx-tribes/utils/twitter.go:137.28,140.39 1 0
github.com/stakwork/sphinx-tribes/utils/twitter.go:140.39,144.10 2 0
github.com/stakwork/sphinx-tribes/utils/twitter.go:156.2,156.49 1 0
github.com/stakwork/sphinx-tribes/utils/utils.go:9.78,11.14 1 0
github.com/stakwork/sphinx-tribes/utils/utils.go:11.14,13.3 1 0
github.com/stakwork/sphinx-tribes/utils/utils.go:15.2,26.18 9 0
github.com/stakwork/sphinx-tribes/utils/utils.go:26.18,28.3 1 0
github.com/stakwork/sphinx-tribes/utils/utils.go:29.2,29.19 1 0
github.com/stakwork/sphinx-tribes/utils/utils.go:29.19,31.3 1 0
github.com/stakwork/sphinx-tribes/utils/utils.go:32.2,32.18 1 0
github.com/stakwork/sphinx-tribes/utils/utils.go:32.18,34.3 1 0
github.com/stakwork/sphinx-tribes/utils/utils.go:35.2,35.21 1 0
github.com/stakwork/sphinx-tribes/utils/utils.go:35.21,37.3 1 0
github.com/stakwork/sphinx-tribes/utils/utils.go:40.2,41.33 2 0
github.com/stakwork/sphinx-tribes/utils/utils.go:41.33,45.3 1 0
github.com/stakwork/sphinx-tribes/utils/utils.go:47.2,47.52 1 0
github.com/stakwork/sphinx-tribes/utils/utils.go:50.65,54.2 3 0
github.com/stakwork/sphinx-tribes/utils/utils.go:56.103,58.22 2 0
github.com/stakwork/sphinx-tribes/utils/utils.go:58.22,60.3 1 0
github.com/stakwork/sphinx-tribes/utils/utils.go:60.8,62.3 1 0
github.com/stakwork/sphinx-tribes/utils/utils.go:64.2,64.17 1 0
github.com/stakwork/sphinx-tribes/utils/utils.go:67.105,70.22 3 0
github.com/stakwork/sphinx-tribes/utils/utils.go:70.22,72.3 1 0
github.com/stakwork/sphinx-tribes/utils/utils.go:72.8,74.3 1 0
github.com/stakwork/sphinx-tribes/utils/utils.go:76.2,76.17 1 0
github.com/stakwork/sphinx-tribes/utils/utils.go:79.65,82.2 2 0
